<?xml version="1.0" encoding="UTF-8"?>
<testsuite xmlns:xsi="http://www.w3.org/2001/XMLSchema-instance" xsi:noNamespaceSchemaLocation="https://maven.apache.org/surefire/maven-surefire-plugin/xsd/surefire-test-report-3.0.xsd" version="3.0" name="tests.transactions.TransactionsRunnerTest" time="0.584" tests="1" errors="1" skipped="0" failures="0">
  <properties>
    <property name="java.specification.version" value="23"/>
    <property name="sun.jnu.encoding" value="UTF-8"/>
    <property name="java.class.path" value="/Users/edls/NetBeansProjects/transaction-api/target/test-classes:/Users/edls/NetBeansProjects/transaction-api/target/classes:/Users/edls/.m2/repository/io/karatelabs/karate-junit5/1.5.1/karate-junit5-1.5.1.jar:/Users/edls/.m2/repository/io/karatelabs/karate-core/1.5.1/karate-core-1.5.1.jar:/Users/edls/.m2/repository/org/graalvm/js/js-scriptengine/24.0.0/js-scriptengine-24.0.0.jar:/Users/edls/.m2/repository/org/graalvm/polyglot/polyglot/24.0.0/polyglot-24.0.0.jar:/Users/edls/.m2/repository/org/graalvm/sdk/collections/24.0.0/collections-24.0.0.jar:/Users/edls/.m2/repository/org/graalvm/sdk/nativeimage/24.0.0/nativeimage-24.0.0.jar:/Users/edls/.m2/repository/org/graalvm/sdk/word/24.0.0/word-24.0.0.jar:/Users/edls/.m2/repository/org/graalvm/js/js-language/24.0.0/js-language-24.0.0.jar:/Users/edls/.m2/repository/org/graalvm/regex/regex/24.0.0/regex-24.0.0.jar:/Users/edls/.m2/repository/org/graalvm/truffle/truffle-api/24.0.0/truffle-api-24.0.0.jar:/Users/edls/.m2/repository/org/graalvm/shadowed/icu4j/24.0.0/icu4j-24.0.0.jar:/Users/edls/.m2/repository/org/thymeleaf/thymeleaf/3.1.2.RELEASE/thymeleaf-3.1.2.RELEASE.jar:/Users/edls/.m2/repository/ognl/ognl/3.3.4/ognl-3.3.4.jar:/Users/edls/.m2/repository/org/javassist/javassist/3.29.0-GA/javassist-3.29.0-GA.jar:/Users/edls/.m2/repository/org/attoparser/attoparser/2.0.7.RELEASE/attoparser-2.0.7.RELEASE.jar:/Users/edls/.m2/repository/org/unbescape/unbescape/1.1.6.RELEASE/unbescape-1.1.6.RELEASE.jar:/Users/edls/.m2/repository/com/linecorp/armeria/armeria/1.31.3/armeria-1.31.3.jar:/Users/edls/.m2/repository/com/fasterxml/jackson/datatype/jackson-datatype-jdk8/2.18.1/jackson-datatype-jdk8-2.18.1.jar:/Users/edls/.m2/repository/io/micrometer/micrometer-core/1.13.6/micrometer-core-1.13.6.jar:/Users/edls/.m2/repository/io/micrometer/micrometer-commons/1.13.6/micrometer-commons-1.13.6.jar:/Users/edls/.m2/repository/io/micrometer/micrometer-observation/1.13.6/micrometer-observation-1.13.6.jar:/Users/edls/.m2/repository/org/hdrhistogram/HdrHistogram/2.2.2/HdrHistogram-2.2.2.jar:/Users/edls/.m2/repository/org/latencyutils/LatencyUtils/2.0.3/LatencyUtils-2.0.3.jar:/Users/edls/.m2/repository/io/netty/netty-transport/4.1.115.Final/netty-transport-4.1.115.Final.jar:/Users/edls/.m2/repository/io/netty/netty-common/4.1.115.Final/netty-common-4.1.115.Final.jar:/Users/edls/.m2/repository/io/netty/netty-buffer/4.1.115.Final/netty-buffer-4.1.115.Final.jar:/Users/edls/.m2/repository/io/netty/netty-resolver/4.1.115.Final/netty-resolver-4.1.115.Final.jar:/Users/edls/.m2/repository/io/netty/netty-codec-haproxy/4.1.115.Final/netty-codec-haproxy-4.1.115.Final.jar:/Users/edls/.m2/repository/io/netty/netty-codec/4.1.115.Final/netty-codec-4.1.115.Final.jar:/Users/edls/.m2/repository/io/netty/netty-codec-http2/4.1.115.Final/netty-codec-http2-4.1.115.Final.jar:/Users/edls/.m2/repository/io/netty/netty-handler/4.1.115.Final/netty-handler-4.1.115.Final.jar:/Users/edls/.m2/repository/io/netty/netty-codec-http/4.1.115.Final/netty-codec-http-4.1.115.Final.jar:/Users/edls/.m2/repository/io/netty/netty-resolver-dns/4.1.115.Final/netty-resolver-dns-4.1.115.Final.jar:/Users/edls/.m2/repository/io/netty/netty-codec-dns/4.1.115.Final/netty-codec-dns-4.1.115.Final.jar:/Users/edls/.m2/repository/io/netty/netty-transport-native-unix-common/4.1.115.Final/netty-transport-native-unix-common-4.1.115.Final-linux-x86_64.jar:/Users/edls/.m2/repository/io/netty/netty-transport-native-unix-common/4.1.115.Final/netty-transport-native-unix-common-4.1.115.Final-linux-aarch_64.jar:/Users/edls/.m2/repository/io/netty/netty-transport-native-unix-common/4.1.115.Final/netty-transport-native-unix-common-4.1.115.Final-osx-x86_64.jar:/Users/edls/.m2/repository/io/netty/netty-transport-native-unix-common/4.1.115.Final/netty-transport-native-unix-common-4.1.115.Final-osx-aarch_64.jar:/Users/edls/.m2/repository/org/reactivestreams/reactive-streams/1.0.4/reactive-streams-1.0.4.jar:/Users/edls/.m2/repository/io/netty/netty-handler-proxy/4.1.115.Final/netty-handler-proxy-4.1.115.Final.jar:/Users/edls/.m2/repository/io/netty/netty-codec-socks/4.1.115.Final/netty-codec-socks-4.1.115.Final.jar:/Users/edls/.m2/repository/io/netty/netty-transport-native-epoll/4.1.115.Final/netty-transport-native-epoll-4.1.115.Final-linux-x86_64.jar:/Users/edls/.m2/repository/io/netty/netty-transport-native-unix-common/4.1.115.Final/netty-transport-native-unix-common-4.1.115.Final.jar:/Users/edls/.m2/repository/io/netty/netty-transport-classes-epoll/4.1.115.Final/netty-transport-classes-epoll-4.1.115.Final.jar:/Users/edls/.m2/repository/io/netty/netty-transport-native-epoll/4.1.115.Final/netty-transport-native-epoll-4.1.115.Final-linux-aarch_64.jar:/Users/edls/.m2/repository/io/netty/netty-transport-native-kqueue/4.1.115.Final/netty-transport-native-kqueue-4.1.115.Final-osx-x86_64.jar:/Users/edls/.m2/repository/io/netty/netty-transport-classes-kqueue/4.1.115.Final/netty-transport-classes-kqueue-4.1.115.Final.jar:/Users/edls/.m2/repository/io/netty/netty-resolver-dns-native-macos/4.1.115.Final/netty-resolver-dns-native-macos-4.1.115.Final-osx-x86_64.jar:/Users/edls/.m2/repository/io/netty/netty-resolver-dns-classes-macos/4.1.115.Final/netty-resolver-dns-classes-macos-4.1.115.Final.jar:/Users/edls/.m2/repository/io/netty/netty-transport-native-kqueue/4.1.115.Final/netty-transport-native-kqueue-4.1.115.Final-osx-aarch_64.jar:/Users/edls/.m2/repository/io/netty/netty-resolver-dns-native-macos/4.1.115.Final/netty-resolver-dns-native-macos-4.1.115.Final-osx-aarch_64.jar:/Users/edls/.m2/repository/io/netty/netty-tcnative-boringssl-static/2.0.69.Final/netty-tcnative-boringssl-static-2.0.69.Final-linux-x86_64.jar:/Users/edls/.m2/repository/io/netty/netty-tcnative-classes/2.0.69.Final/netty-tcnative-classes-2.0.69.Final.jar:/Users/edls/.m2/repository/io/netty/netty-tcnative-boringssl-static/2.0.69.Final/netty-tcnative-boringssl-static-2.0.69.Final-linux-aarch_64.jar:/Users/edls/.m2/repository/io/netty/netty-tcnative-boringssl-static/2.0.69.Final/netty-tcnative-boringssl-static-2.0.69.Final-osx-x86_64.jar:/Users/edls/.m2/repository/io/netty/netty-tcnative-boringssl-static/2.0.69.Final/netty-tcnative-boringssl-static-2.0.69.Final-osx-aarch_64.jar:/Users/edls/.m2/repository/io/netty/netty-tcnative-boringssl-static/2.0.69.Final/netty-tcnative-boringssl-static-2.0.69.Final-windows-x86_64.jar:/Users/edls/.m2/repository/com/aayushatharva/brotli4j/brotli4j/1.17.0/brotli4j-1.17.0.jar:/Users/edls/.m2/repository/com/aayushatharva/brotli4j/service/1.17.0/service-1.17.0.jar:/Users/edls/.m2/repository/com/aayushatharva/brotli4j/native-osx-x86_64/1.17.0/native-osx-x86_64-1.17.0.jar:/Users/edls/.m2/repository/org/apache/httpcomponents/httpclient/4.5.14/httpclient-4.5.14.jar:/Users/edls/.m2/repository/org/apache/httpcomponents/httpcore/4.4.16/httpcore-4.4.16.jar:/Users/edls/.m2/repository/commons-codec/commons-codec/1.16.1/commons-codec-1.16.1.jar:/Users/edls/.m2/repository/ch/qos/logback/logback-classic/1.5.4/logback-classic-1.5.4.jar:/Users/edls/.m2/repository/ch/qos/logback/logback-core/1.5.4/logback-core-1.5.4.jar:/Users/edls/.m2/repository/org/slf4j/jcl-over-slf4j/2.0.12/jcl-over-slf4j-2.0.12.jar:/Users/edls/.m2/repository/org/slf4j/slf4j-api/2.0.12/slf4j-api-2.0.12.jar:/Users/edls/.m2/repository/org/antlr/antlr4-runtime/4.13.1/antlr4-runtime-4.13.1.jar:/Users/edls/.m2/repository/com/jayway/jsonpath/json-path/2.9.0/json-path-2.9.0.jar:/Users/edls/.m2/repository/net/minidev/json-smart/2.5.1/json-smart-2.5.1.jar:/Users/edls/.m2/repository/net/minidev/accessors-smart/2.5.1/accessors-smart-2.5.1.jar:/Users/edls/.m2/repository/org/ow2/asm/asm/9.6/asm-9.6.jar:/Users/edls/.m2/repository/org/yaml/snakeyaml/2.3/snakeyaml-2.3.jar:/Users/edls/.m2/repository/de/siegmar/fastcsv/3.4.0/fastcsv-3.4.0.jar:/Users/edls/.m2/repository/info/picocli/picocli/4.7.6/picocli-4.7.6.jar:/Users/edls/.m2/repository/io/github/classgraph/classgraph/4.8.179/classgraph-4.8.179.jar:/Users/edls/.m2/repository/io/github/t12y/resemble/1.1.0/resemble-1.1.0.jar:/Users/edls/.m2/repository/io/github/t12y/ssim/1.0.0/ssim-1.0.0.jar:/Users/edls/.m2/repository/org/junit/jupiter/junit-jupiter-api/5.10.2/junit-jupiter-api-5.10.2.jar:/Users/edls/.m2/repository/org/opentest4j/opentest4j/1.3.0/opentest4j-1.3.0.jar:/Users/edls/.m2/repository/org/junit/platform/junit-platform-commons/1.10.2/junit-platform-commons-1.10.2.jar:/Users/edls/.m2/repository/org/apiguardian/apiguardian-api/1.1.2/apiguardian-api-1.1.2.jar:/Users/edls/.m2/repository/org/junit/jupiter/junit-jupiter-engine/5.10.2/junit-jupiter-engine-5.10.2.jar:/Users/edls/.m2/repository/org/junit/platform/junit-platform-engine/1.10.2/junit-platform-engine-1.10.2.jar:/Users/edls/.m2/repository/net/masterthought/cucumber-reporting/5.7.0/cucumber-reporting-5.7.0.jar:/Users/edls/.m2/repository/com/fasterxml/jackson/core/jackson-databind/2.13.0/jackson-databind-2.13.0.jar:/Users/edls/.m2/repository/com/fasterxml/jackson/core/jackson-annotations/2.13.0/jackson-annotations-2.13.0.jar:/Users/edls/.m2/repository/com/fasterxml/jackson/core/jackson-core/2.13.0/jackson-core-2.13.0.jar:/Users/edls/.m2/repository/com/fasterxml/jackson/datatype/jackson-datatype-jsr310/2.13.0/jackson-datatype-jsr310-2.13.0.jar:/Users/edls/.m2/repository/org/apache/velocity/velocity-engine-core/2.3/velocity-engine-core-2.3.jar:/Users/edls/.m2/repository/commons-collections/commons-collections/3.2.2/commons-collections-3.2.2.jar:/Users/edls/.m2/repository/joda-time/joda-time/2.10.10/joda-time-2.10.10.jar:/Users/edls/.m2/repository/org/apache/commons/commons-lang3/3.12.0/commons-lang3-3.12.0.jar:/Users/edls/.m2/repository/commons-io/commons-io/2.7/commons-io-2.7.jar:/Users/edls/.m2/repository/org/codehaus/plexus/plexus-utils/3.3.0/plexus-utils-3.3.0.jar:/Users/edls/.m2/repository/org/jsoup/jsoup/1.14.2/jsoup-1.14.2.jar:/Users/edls/.m2/repository/com/google/guava/guava/30.1.1-jre/guava-30.1.1-jre.jar:/Users/edls/.m2/repository/com/google/guava/failureaccess/1.0.1/failureaccess-1.0.1.jar:/Users/edls/.m2/repository/com/google/guava/listenablefuture/9999.0-empty-to-avoid-conflict-with-guava/listenablefuture-9999.0-empty-to-avoid-conflict-with-guava.jar:/Users/edls/.m2/repository/com/google/code/findbugs/jsr305/3.0.2/jsr305-3.0.2.jar:/Users/edls/.m2/repository/org/checkerframework/checker-qual/3.8.0/checker-qual-3.8.0.jar:/Users/edls/.m2/repository/com/google/errorprone/error_prone_annotations/2.5.1/error_prone_annotations-2.5.1.jar:/Users/edls/.m2/repository/com/google/j2objc/j2objc-annotations/1.3/j2objc-annotations-1.3.jar:/Users/edls/.m2/repository/com/googlecode/owasp-java-html-sanitizer/owasp-java-html-sanitizer/20211018.2/owasp-java-html-sanitizer-20211018.2.jar:/Users/edls/.m2/repository/commons-configuration/commons-configuration/1.10/commons-configuration-1.10.jar:/Users/edls/.m2/repository/commons-lang/commons-lang/2.6/commons-lang-2.6.jar:/Users/edls/.m2/repository/commons-logging/commons-logging/1.1.1/commons-logging-1.1.1.jar:"/>
    <property name="java.vm.vendor" value="Oracle Corporation"/>
    <property name="sun.arch.data.model" value="64"/>
    <property name="java.vendor.url" value="https://java.oracle.com/"/>
    <property name="user.timezone" value="America/New_York"/>
    <property name="os.name" value="Mac OS X"/>
    <property name="java.vm.specification.version" value="23"/>
    <property name="user.country" value="US"/>
    <property name="sun.java.launcher" value="SUN_STANDARD"/>
    <property name="sun.boot.library.path" value="/Library/Java/JavaVirtualMachines/jdk-23.jdk/Contents/Home/lib"/>
    <property name="sun.java.command" value="/Users/edls/NetBeansProjects/transaction-api/target/surefire/surefirebooter-20250520162555538_3.jar /Users/edls/NetBeansProjects/transaction-api/target/surefire 2025-05-20T16-25-55_463-jvmRun1 surefire-20250520162555538_1tmp surefire_0-20250520162555538_2tmp"/>
    <property name="http.nonProxyHosts" value="local|*.local|169.254/16|*.169.254/16"/>
    <property name="jdk.debug" value="release"/>
    <property name="surefire.test.class.path" value="/Users/edls/NetBeansProjects/transaction-api/target/test-classes:/Users/edls/NetBeansProjects/transaction-api/target/classes:/Users/edls/.m2/repository/io/karatelabs/karate-junit5/1.5.1/karate-junit5-1.5.1.jar:/Users/edls/.m2/repository/io/karatelabs/karate-core/1.5.1/karate-core-1.5.1.jar:/Users/edls/.m2/repository/org/graalvm/js/js-scriptengine/24.0.0/js-scriptengine-24.0.0.jar:/Users/edls/.m2/repository/org/graalvm/polyglot/polyglot/24.0.0/polyglot-24.0.0.jar:/Users/edls/.m2/repository/org/graalvm/sdk/collections/24.0.0/collections-24.0.0.jar:/Users/edls/.m2/repository/org/graalvm/sdk/nativeimage/24.0.0/nativeimage-24.0.0.jar:/Users/edls/.m2/repository/org/graalvm/sdk/word/24.0.0/word-24.0.0.jar:/Users/edls/.m2/repository/org/graalvm/js/js-language/24.0.0/js-language-24.0.0.jar:/Users/edls/.m2/repository/org/graalvm/regex/regex/24.0.0/regex-24.0.0.jar:/Users/edls/.m2/repository/org/graalvm/truffle/truffle-api/24.0.0/truffle-api-24.0.0.jar:/Users/edls/.m2/repository/org/graalvm/shadowed/icu4j/24.0.0/icu4j-24.0.0.jar:/Users/edls/.m2/repository/org/thymeleaf/thymeleaf/3.1.2.RELEASE/thymeleaf-3.1.2.RELEASE.jar:/Users/edls/.m2/repository/ognl/ognl/3.3.4/ognl-3.3.4.jar:/Users/edls/.m2/repository/org/javassist/javassist/3.29.0-GA/javassist-3.29.0-GA.jar:/Users/edls/.m2/repository/org/attoparser/attoparser/2.0.7.RELEASE/attoparser-2.0.7.RELEASE.jar:/Users/edls/.m2/repository/org/unbescape/unbescape/1.1.6.RELEASE/unbescape-1.1.6.RELEASE.jar:/Users/edls/.m2/repository/com/linecorp/armeria/armeria/1.31.3/armeria-1.31.3.jar:/Users/edls/.m2/repository/com/fasterxml/jackson/datatype/jackson-datatype-jdk8/2.18.1/jackson-datatype-jdk8-2.18.1.jar:/Users/edls/.m2/repository/io/micrometer/micrometer-core/1.13.6/micrometer-core-1.13.6.jar:/Users/edls/.m2/repository/io/micrometer/micrometer-commons/1.13.6/micrometer-commons-1.13.6.jar:/Users/edls/.m2/repository/io/micrometer/micrometer-observation/1.13.6/micrometer-observation-1.13.6.jar:/Users/edls/.m2/repository/org/hdrhistogram/HdrHistogram/2.2.2/HdrHistogram-2.2.2.jar:/Users/edls/.m2/repository/org/latencyutils/LatencyUtils/2.0.3/LatencyUtils-2.0.3.jar:/Users/edls/.m2/repository/io/netty/netty-transport/4.1.115.Final/netty-transport-4.1.115.Final.jar:/Users/edls/.m2/repository/io/netty/netty-common/4.1.115.Final/netty-common-4.1.115.Final.jar:/Users/edls/.m2/repository/io/netty/netty-buffer/4.1.115.Final/netty-buffer-4.1.115.Final.jar:/Users/edls/.m2/repository/io/netty/netty-resolver/4.1.115.Final/netty-resolver-4.1.115.Final.jar:/Users/edls/.m2/repository/io/netty/netty-codec-haproxy/4.1.115.Final/netty-codec-haproxy-4.1.115.Final.jar:/Users/edls/.m2/repository/io/netty/netty-codec/4.1.115.Final/netty-codec-4.1.115.Final.jar:/Users/edls/.m2/repository/io/netty/netty-codec-http2/4.1.115.Final/netty-codec-http2-4.1.115.Final.jar:/Users/edls/.m2/repository/io/netty/netty-handler/4.1.115.Final/netty-handler-4.1.115.Final.jar:/Users/edls/.m2/repository/io/netty/netty-codec-http/4.1.115.Final/netty-codec-http-4.1.115.Final.jar:/Users/edls/.m2/repository/io/netty/netty-resolver-dns/4.1.115.Final/netty-resolver-dns-4.1.115.Final.jar:/Users/edls/.m2/repository/io/netty/netty-codec-dns/4.1.115.Final/netty-codec-dns-4.1.115.Final.jar:/Users/edls/.m2/repository/io/netty/netty-transport-native-unix-common/4.1.115.Final/netty-transport-native-unix-common-4.1.115.Final-linux-x86_64.jar:/Users/edls/.m2/repository/io/netty/netty-transport-native-unix-common/4.1.115.Final/netty-transport-native-unix-common-4.1.115.Final-linux-aarch_64.jar:/Users/edls/.m2/repository/io/netty/netty-transport-native-unix-common/4.1.115.Final/netty-transport-native-unix-common-4.1.115.Final-osx-x86_64.jar:/Users/edls/.m2/repository/io/netty/netty-transport-native-unix-common/4.1.115.Final/netty-transport-native-unix-common-4.1.115.Final-osx-aarch_64.jar:/Users/edls/.m2/repository/org/reactivestreams/reactive-streams/1.0.4/reactive-streams-1.0.4.jar:/Users/edls/.m2/repository/io/netty/netty-handler-proxy/4.1.115.Final/netty-handler-proxy-4.1.115.Final.jar:/Users/edls/.m2/repository/io/netty/netty-codec-socks/4.1.115.Final/netty-codec-socks-4.1.115.Final.jar:/Users/edls/.m2/repository/io/netty/netty-transport-native-epoll/4.1.115.Final/netty-transport-native-epoll-4.1.115.Final-linux-x86_64.jar:/Users/edls/.m2/repository/io/netty/netty-transport-native-unix-common/4.1.115.Final/netty-transport-native-unix-common-4.1.115.Final.jar:/Users/edls/.m2/repository/io/netty/netty-transport-classes-epoll/4.1.115.Final/netty-transport-classes-epoll-4.1.115.Final.jar:/Users/edls/.m2/repository/io/netty/netty-transport-native-epoll/4.1.115.Final/netty-transport-native-epoll-4.1.115.Final-linux-aarch_64.jar:/Users/edls/.m2/repository/io/netty/netty-transport-native-kqueue/4.1.115.Final/netty-transport-native-kqueue-4.1.115.Final-osx-x86_64.jar:/Users/edls/.m2/repository/io/netty/netty-transport-classes-kqueue/4.1.115.Final/netty-transport-classes-kqueue-4.1.115.Final.jar:/Users/edls/.m2/repository/io/netty/netty-resolver-dns-native-macos/4.1.115.Final/netty-resolver-dns-native-macos-4.1.115.Final-osx-x86_64.jar:/Users/edls/.m2/repository/io/netty/netty-resolver-dns-classes-macos/4.1.115.Final/netty-resolver-dns-classes-macos-4.1.115.Final.jar:/Users/edls/.m2/repository/io/netty/netty-transport-native-kqueue/4.1.115.Final/netty-transport-native-kqueue-4.1.115.Final-osx-aarch_64.jar:/Users/edls/.m2/repository/io/netty/netty-resolver-dns-native-macos/4.1.115.Final/netty-resolver-dns-native-macos-4.1.115.Final-osx-aarch_64.jar:/Users/edls/.m2/repository/io/netty/netty-tcnative-boringssl-static/2.0.69.Final/netty-tcnative-boringssl-static-2.0.69.Final-linux-x86_64.jar:/Users/edls/.m2/repository/io/netty/netty-tcnative-classes/2.0.69.Final/netty-tcnative-classes-2.0.69.Final.jar:/Users/edls/.m2/repository/io/netty/netty-tcnative-boringssl-static/2.0.69.Final/netty-tcnative-boringssl-static-2.0.69.Final-linux-aarch_64.jar:/Users/edls/.m2/repository/io/netty/netty-tcnative-boringssl-static/2.0.69.Final/netty-tcnative-boringssl-static-2.0.69.Final-osx-x86_64.jar:/Users/edls/.m2/repository/io/netty/netty-tcnative-boringssl-static/2.0.69.Final/netty-tcnative-boringssl-static-2.0.69.Final-osx-aarch_64.jar:/Users/edls/.m2/repository/io/netty/netty-tcnative-boringssl-static/2.0.69.Final/netty-tcnative-boringssl-static-2.0.69.Final-windows-x86_64.jar:/Users/edls/.m2/repository/com/aayushatharva/brotli4j/brotli4j/1.17.0/brotli4j-1.17.0.jar:/Users/edls/.m2/repository/com/aayushatharva/brotli4j/service/1.17.0/service-1.17.0.jar:/Users/edls/.m2/repository/com/aayushatharva/brotli4j/native-osx-x86_64/1.17.0/native-osx-x86_64-1.17.0.jar:/Users/edls/.m2/repository/org/apache/httpcomponents/httpclient/4.5.14/httpclient-4.5.14.jar:/Users/edls/.m2/repository/org/apache/httpcomponents/httpcore/4.4.16/httpcore-4.4.16.jar:/Users/edls/.m2/repository/commons-codec/commons-codec/1.16.1/commons-codec-1.16.1.jar:/Users/edls/.m2/repository/ch/qos/logback/logback-classic/1.5.4/logback-classic-1.5.4.jar:/Users/edls/.m2/repository/ch/qos/logback/logback-core/1.5.4/logback-core-1.5.4.jar:/Users/edls/.m2/repository/org/slf4j/jcl-over-slf4j/2.0.12/jcl-over-slf4j-2.0.12.jar:/Users/edls/.m2/repository/org/slf4j/slf4j-api/2.0.12/slf4j-api-2.0.12.jar:/Users/edls/.m2/repository/org/antlr/antlr4-runtime/4.13.1/antlr4-runtime-4.13.1.jar:/Users/edls/.m2/repository/com/jayway/jsonpath/json-path/2.9.0/json-path-2.9.0.jar:/Users/edls/.m2/repository/net/minidev/json-smart/2.5.1/json-smart-2.5.1.jar:/Users/edls/.m2/repository/net/minidev/accessors-smart/2.5.1/accessors-smart-2.5.1.jar:/Users/edls/.m2/repository/org/ow2/asm/asm/9.6/asm-9.6.jar:/Users/edls/.m2/repository/org/yaml/snakeyaml/2.3/snakeyaml-2.3.jar:/Users/edls/.m2/repository/de/siegmar/fastcsv/3.4.0/fastcsv-3.4.0.jar:/Users/edls/.m2/repository/info/picocli/picocli/4.7.6/picocli-4.7.6.jar:/Users/edls/.m2/repository/io/github/classgraph/classgraph/4.8.179/classgraph-4.8.179.jar:/Users/edls/.m2/repository/io/github/t12y/resemble/1.1.0/resemble-1.1.0.jar:/Users/edls/.m2/repository/io/github/t12y/ssim/1.0.0/ssim-1.0.0.jar:/Users/edls/.m2/repository/org/junit/jupiter/junit-jupiter-api/5.10.2/junit-jupiter-api-5.10.2.jar:/Users/edls/.m2/repository/org/opentest4j/opentest4j/1.3.0/opentest4j-1.3.0.jar:/Users/edls/.m2/repository/org/junit/platform/junit-platform-commons/1.10.2/junit-platform-commons-1.10.2.jar:/Users/edls/.m2/repository/org/apiguardian/apiguardian-api/1.1.2/apiguardian-api-1.1.2.jar:/Users/edls/.m2/repository/org/junit/jupiter/junit-jupiter-engine/5.10.2/junit-jupiter-engine-5.10.2.jar:/Users/edls/.m2/repository/org/junit/platform/junit-platform-engine/1.10.2/junit-platform-engine-1.10.2.jar:/Users/edls/.m2/repository/net/masterthought/cucumber-reporting/5.7.0/cucumber-reporting-5.7.0.jar:/Users/edls/.m2/repository/com/fasterxml/jackson/core/jackson-databind/2.13.0/jackson-databind-2.13.0.jar:/Users/edls/.m2/repository/com/fasterxml/jackson/core/jackson-annotations/2.13.0/jackson-annotations-2.13.0.jar:/Users/edls/.m2/repository/com/fasterxml/jackson/core/jackson-core/2.13.0/jackson-core-2.13.0.jar:/Users/edls/.m2/repository/com/fasterxml/jackson/datatype/jackson-datatype-jsr310/2.13.0/jackson-datatype-jsr310-2.13.0.jar:/Users/edls/.m2/repository/org/apache/velocity/velocity-engine-core/2.3/velocity-engine-core-2.3.jar:/Users/edls/.m2/repository/commons-collections/commons-collections/3.2.2/commons-collections-3.2.2.jar:/Users/edls/.m2/repository/joda-time/joda-time/2.10.10/joda-time-2.10.10.jar:/Users/edls/.m2/repository/org/apache/commons/commons-lang3/3.12.0/commons-lang3-3.12.0.jar:/Users/edls/.m2/repository/commons-io/commons-io/2.7/commons-io-2.7.jar:/Users/edls/.m2/repository/org/codehaus/plexus/plexus-utils/3.3.0/plexus-utils-3.3.0.jar:/Users/edls/.m2/repository/org/jsoup/jsoup/1.14.2/jsoup-1.14.2.jar:/Users/edls/.m2/repository/com/google/guava/guava/30.1.1-jre/guava-30.1.1-jre.jar:/Users/edls/.m2/repository/com/google/guava/failureaccess/1.0.1/failureaccess-1.0.1.jar:/Users/edls/.m2/repository/com/google/guava/listenablefuture/9999.0-empty-to-avoid-conflict-with-guava/listenablefuture-9999.0-empty-to-avoid-conflict-with-guava.jar:/Users/edls/.m2/repository/com/google/code/findbugs/jsr305/3.0.2/jsr305-3.0.2.jar:/Users/edls/.m2/repository/org/checkerframework/checker-qual/3.8.0/checker-qual-3.8.0.jar:/Users/edls/.m2/repository/com/google/errorprone/error_prone_annotations/2.5.1/error_prone_annotations-2.5.1.jar:/Users/edls/.m2/repository/com/google/j2objc/j2objc-annotations/1.3/j2objc-annotations-1.3.jar:/Users/edls/.m2/repository/com/googlecode/owasp-java-html-sanitizer/owasp-java-html-sanitizer/20211018.2/owasp-java-html-sanitizer-20211018.2.jar:/Users/edls/.m2/repository/commons-configuration/commons-configuration/1.10/commons-configuration-1.10.jar:/Users/edls/.m2/repository/commons-lang/commons-lang/2.6/commons-lang-2.6.jar:/Users/edls/.m2/repository/commons-logging/commons-logging/1.1.1/commons-logging-1.1.1.jar:"/>
    <property name="sun.cpu.endian" value="little"/>
    <property name="user.home" value="/Users/edls"/>
    <property name="user.language" value="en"/>
    <property name="java.specification.vendor" value="Oracle Corporation"/>
    <property name="java.version.date" value="2024-10-15"/>
    <property name="java.home" value="/Library/Java/JavaVirtualMachines/jdk-23.jdk/Contents/Home"/>
    <property name="file.separator" value="/"/>
    <property name="basedir" value="/Users/edls/NetBeansProjects/transaction-api"/>
    <property name="java.vm.compressedOopsMode" value="Zero based"/>
    <property name="line.separator" value="&#10;"/>
    <property name="java.vm.specification.vendor" value="Oracle Corporation"/>
    <property name="java.specification.name" value="Java Platform API Specification"/>
    <property name="apple.awt.application.name" value="ForkedBooter"/>
    <property name="surefire.real.class.path" value="/Users/edls/NetBeansProjects/transaction-api/target/surefire/surefirebooter-20250520162555538_3.jar"/>
    <property name="sun.management.compiler" value="HotSpot 64-Bit Tiered Compilers"/>
    <property name="ftp.nonProxyHosts" value="local|*.local|169.254/16|*.169.254/16"/>
    <property name="java.runtime.version" value="23.0.1+11-39"/>
    <property name="user.name" value="edls"/>
    <property name="stdout.encoding" value="UTF-8"/>
    <property name="path.separator" value=":"/>
    <property name="os.version" value="15.4.1"/>
    <property name="java.runtime.name" value="Java(TM) SE Runtime Environment"/>
    <property name="file.encoding" value="UTF-8"/>
    <property name="java.vm.name" value="Java HotSpot(TM) 64-Bit Server VM"/>
    <property name="maven.ext.class.path" value="/Applications/Apache NetBeans.app/Contents/Resources/netbeans/java/maven-nblib/netbeans-eventspy.jar"/>
    <property name="localRepository" value="/Users/edls/.m2/repository"/>
    <property name="java.vendor.url.bug" value="https://bugreport.java.com/bugreport/"/>
    <property name="java.io.tmpdir" value="/var/folders/rr/_prb47r13t51kb9g1yb_jvm40000gn/T/"/>
    <property name="java.version" value="23.0.1"/>
    <property name="user.dir" value="/Users/edls/NetBeansProjects/transaction-api"/>
    <property name="os.arch" value="x86_64"/>
    <property name="java.vm.specification.name" value="Java Virtual Machine Specification"/>
    <property name="native.encoding" value="UTF-8"/>
    <property name="java.library.path" value="/Users/edls/Library/Java/Extensions:/Library/Java/Extensions:/Network/Library/Java/Extensions:/System/Library/Java/Extensions:/usr/lib/java:."/>
    <property name="java.vm.info" value="mixed mode, sharing"/>
    <property name="stderr.encoding" value="UTF-8"/>
    <property name="java.vendor" value="Oracle Corporation"/>
    <property name="java.vm.version" value="23.0.1+11-39"/>
    <property name="sun.io.unicode.encoding" value="UnicodeBig"/>
    <property name="socksNonProxyHosts" value="local|*.local|169.254/16|*.169.254/16"/>
    <property name="java.class.version" value="67.0"/>
  </properties>
  <testcase name="testTransactions" classname="tests.transactions.TransactionsRunnerTest" time="0.58">
    <error message="not found: tests/transactions/create-transactions.feature" type="java.lang.RuntimeException"><![CDATA[java.lang.RuntimeException: not found: tests/transactions/create-transactions.feature
	at com.intuit.karate.resource.ResourceUtils.getResource(ResourceUtils.java:126)
	at com.intuit.karate.resource.ResourceUtils.findFeatureFiles(ResourceUtils.java:87)
	at com.intuit.karate.Runner$Builder.resolveAll(Runner.java:261)
	at com.intuit.karate.Suite.<init>(Suite.java:171)
	at com.intuit.karate.junit5.Karate.iterator(Karate.java:59)
	at java.base/java.lang.Iterable.spliterator(Iterable.java:101)
	at java.base/java.util.ArrayList.forEach(ArrayList.java:1597)
	at java.base/java.util.ArrayList.forEach(ArrayList.java:1597)
]]></error>
  </testcase>
</testsuite>