<?xml version="1.0" encoding="UTF-8"?>
<testsuite xmlns:xsi="http://www.w3.org/2001/XMLSchema-instance" xsi:noNamespaceSchemaLocation="https://maven.apache.org/surefire/maven-surefire-plugin/xsd/surefire-test-report-3.0.xsd" version="3.0" name="tests.ParallelRunnerTest" time="25.929" tests="9" errors="0" skipped="0" failures="0">
  <properties>
    <property name="java.specification.version" value="23"/>
    <property name="sun.jnu.encoding" value="UTF-8"/>
    <property name="java.class.path" value="/Users/edls/NetBeansProjects/transaction-api/target/test-classes:/Users/edls/NetBeansProjects/transaction-api/target/classes:/Users/edls/.m2/repository/io/karatelabs/karate-junit5/1.5.1/karate-junit5-1.5.1.jar:/Users/edls/.m2/repository/io/karatelabs/karate-core/1.5.1/karate-core-1.5.1.jar:/Users/edls/.m2/repository/org/graalvm/js/js-scriptengine/24.0.0/js-scriptengine-24.0.0.jar:/Users/edls/.m2/repository/org/graalvm/polyglot/polyglot/24.0.0/polyglot-24.0.0.jar:/Users/edls/.m2/repository/org/graalvm/sdk/collections/24.0.0/collections-24.0.0.jar:/Users/edls/.m2/repository/org/graalvm/sdk/nativeimage/24.0.0/nativeimage-24.0.0.jar:/Users/edls/.m2/repository/org/graalvm/sdk/word/24.0.0/word-24.0.0.jar:/Users/edls/.m2/repository/org/graalvm/js/js-language/24.0.0/js-language-24.0.0.jar:/Users/edls/.m2/repository/org/graalvm/regex/regex/24.0.0/regex-24.0.0.jar:/Users/edls/.m2/repository/org/graalvm/truffle/truffle-api/24.0.0/truffle-api-24.0.0.jar:/Users/edls/.m2/repository/org/graalvm/shadowed/icu4j/24.0.0/icu4j-24.0.0.jar:/Users/edls/.m2/repository/org/thymeleaf/thymeleaf/3.1.2.RELEASE/thymeleaf-3.1.2.RELEASE.jar:/Users/edls/.m2/repository/ognl/ognl/3.3.4/ognl-3.3.4.jar:/Users/edls/.m2/repository/org/javassist/javassist/3.29.0-GA/javassist-3.29.0-GA.jar:/Users/edls/.m2/repository/org/attoparser/attoparser/2.0.7.RELEASE/attoparser-2.0.7.RELEASE.jar:/Users/edls/.m2/repository/org/unbescape/unbescape/1.1.6.RELEASE/unbescape-1.1.6.RELEASE.jar:/Users/edls/.m2/repository/com/linecorp/armeria/armeria/1.31.3/armeria-1.31.3.jar:/Users/edls/.m2/repository/com/fasterxml/jackson/datatype/jackson-datatype-jdk8/2.18.1/jackson-datatype-jdk8-2.18.1.jar:/Users/edls/.m2/repository/io/micrometer/micrometer-core/1.13.6/micrometer-core-1.13.6.jar:/Users/edls/.m2/repository/io/micrometer/micrometer-commons/1.13.6/micrometer-commons-1.13.6.jar:/Users/edls/.m2/repository/io/micrometer/micrometer-observation/1.13.6/micrometer-observation-1.13.6.jar:/Users/edls/.m2/repository/org/hdrhistogram/HdrHistogram/2.2.2/HdrHistogram-2.2.2.jar:/Users/edls/.m2/repository/org/latencyutils/LatencyUtils/2.0.3/LatencyUtils-2.0.3.jar:/Users/edls/.m2/repository/io/netty/netty-transport/4.1.115.Final/netty-transport-4.1.115.Final.jar:/Users/edls/.m2/repository/io/netty/netty-common/4.1.115.Final/netty-common-4.1.115.Final.jar:/Users/edls/.m2/repository/io/netty/netty-buffer/4.1.115.Final/netty-buffer-4.1.115.Final.jar:/Users/edls/.m2/repository/io/netty/netty-resolver/4.1.115.Final/netty-resolver-4.1.115.Final.jar:/Users/edls/.m2/repository/io/netty/netty-codec-haproxy/4.1.115.Final/netty-codec-haproxy-4.1.115.Final.jar:/Users/edls/.m2/repository/io/netty/netty-codec/4.1.115.Final/netty-codec-4.1.115.Final.jar:/Users/edls/.m2/repository/io/netty/netty-codec-http2/4.1.115.Final/netty-codec-http2-4.1.115.Final.jar:/Users/edls/.m2/repository/io/netty/netty-handler/4.1.115.Final/netty-handler-4.1.115.Final.jar:/Users/edls/.m2/repository/io/netty/netty-codec-http/4.1.115.Final/netty-codec-http-4.1.115.Final.jar:/Users/edls/.m2/repository/io/netty/netty-resolver-dns/4.1.115.Final/netty-resolver-dns-4.1.115.Final.jar:/Users/edls/.m2/repository/io/netty/netty-codec-dns/4.1.115.Final/netty-codec-dns-4.1.115.Final.jar:/Users/edls/.m2/repository/io/netty/netty-transport-native-unix-common/4.1.115.Final/netty-transport-native-unix-common-4.1.115.Final-linux-x86_64.jar:/Users/edls/.m2/repository/io/netty/netty-transport-native-unix-common/4.1.115.Final/netty-transport-native-unix-common-4.1.115.Final-linux-aarch_64.jar:/Users/edls/.m2/repository/io/netty/netty-transport-native-unix-common/4.1.115.Final/netty-transport-native-unix-common-4.1.115.Final-osx-x86_64.jar:/Users/edls/.m2/repository/io/netty/netty-transport-native-unix-common/4.1.115.Final/netty-transport-native-unix-common-4.1.115.Final-osx-aarch_64.jar:/Users/edls/.m2/repository/org/reactivestreams/reactive-streams/1.0.4/reactive-streams-1.0.4.jar:/Users/edls/.m2/repository/io/netty/netty-handler-proxy/4.1.115.Final/netty-handler-proxy-4.1.115.Final.jar:/Users/edls/.m2/repository/io/netty/netty-codec-socks/4.1.115.Final/netty-codec-socks-4.1.115.Final.jar:/Users/edls/.m2/repository/io/netty/netty-transport-native-epoll/4.1.115.Final/netty-transport-native-epoll-4.1.115.Final-linux-x86_64.jar:/Users/edls/.m2/repository/io/netty/netty-transport-native-unix-common/4.1.115.Final/netty-transport-native-unix-common-4.1.115.Final.jar:/Users/edls/.m2/repository/io/netty/netty-transport-classes-epoll/4.1.115.Final/netty-transport-classes-epoll-4.1.115.Final.jar:/Users/edls/.m2/repository/io/netty/netty-transport-native-epoll/4.1.115.Final/netty-transport-native-epoll-4.1.115.Final-linux-aarch_64.jar:/Users/edls/.m2/repository/io/netty/netty-transport-native-kqueue/4.1.115.Final/netty-transport-native-kqueue-4.1.115.Final-osx-x86_64.jar:/Users/edls/.m2/repository/io/netty/netty-transport-classes-kqueue/4.1.115.Final/netty-transport-classes-kqueue-4.1.115.Final.jar:/Users/edls/.m2/repository/io/netty/netty-resolver-dns-native-macos/4.1.115.Final/netty-resolver-dns-native-macos-4.1.115.Final-osx-x86_64.jar:/Users/edls/.m2/repository/io/netty/netty-resolver-dns-classes-macos/4.1.115.Final/netty-resolver-dns-classes-macos-4.1.115.Final.jar:/Users/edls/.m2/repository/io/netty/netty-transport-native-kqueue/4.1.115.Final/netty-transport-native-kqueue-4.1.115.Final-osx-aarch_64.jar:/Users/edls/.m2/repository/io/netty/netty-resolver-dns-native-macos/4.1.115.Final/netty-resolver-dns-native-macos-4.1.115.Final-osx-aarch_64.jar:/Users/edls/.m2/repository/io/netty/netty-tcnative-boringssl-static/2.0.69.Final/netty-tcnative-boringssl-static-2.0.69.Final-linux-x86_64.jar:/Users/edls/.m2/repository/io/netty/netty-tcnative-classes/2.0.69.Final/netty-tcnative-classes-2.0.69.Final.jar:/Users/edls/.m2/repository/io/netty/netty-tcnative-boringssl-static/2.0.69.Final/netty-tcnative-boringssl-static-2.0.69.Final-linux-aarch_64.jar:/Users/edls/.m2/repository/io/netty/netty-tcnative-boringssl-static/2.0.69.Final/netty-tcnative-boringssl-static-2.0.69.Final-osx-x86_64.jar:/Users/edls/.m2/repository/io/netty/netty-tcnative-boringssl-static/2.0.69.Final/netty-tcnative-boringssl-static-2.0.69.Final-osx-aarch_64.jar:/Users/edls/.m2/repository/io/netty/netty-tcnative-boringssl-static/2.0.69.Final/netty-tcnative-boringssl-static-2.0.69.Final-windows-x86_64.jar:/Users/edls/.m2/repository/com/aayushatharva/brotli4j/brotli4j/1.17.0/brotli4j-1.17.0.jar:/Users/edls/.m2/repository/com/aayushatharva/brotli4j/service/1.17.0/service-1.17.0.jar:/Users/edls/.m2/repository/com/aayushatharva/brotli4j/native-osx-x86_64/1.17.0/native-osx-x86_64-1.17.0.jar:/Users/edls/.m2/repository/org/apache/httpcomponents/httpclient/4.5.14/httpclient-4.5.14.jar:/Users/edls/.m2/repository/org/apache/httpcomponents/httpcore/4.4.16/httpcore-4.4.16.jar:/Users/edls/.m2/repository/commons-codec/commons-codec/1.16.1/commons-codec-1.16.1.jar:/Users/edls/.m2/repository/ch/qos/logback/logback-classic/1.5.4/logback-classic-1.5.4.jar:/Users/edls/.m2/repository/ch/qos/logback/logback-core/1.5.4/logback-core-1.5.4.jar:/Users/edls/.m2/repository/org/slf4j/jcl-over-slf4j/2.0.12/jcl-over-slf4j-2.0.12.jar:/Users/edls/.m2/repository/org/slf4j/slf4j-api/2.0.12/slf4j-api-2.0.12.jar:/Users/edls/.m2/repository/org/antlr/antlr4-runtime/4.13.1/antlr4-runtime-4.13.1.jar:/Users/edls/.m2/repository/com/jayway/jsonpath/json-path/2.9.0/json-path-2.9.0.jar:/Users/edls/.m2/repository/net/minidev/json-smart/2.5.1/json-smart-2.5.1.jar:/Users/edls/.m2/repository/net/minidev/accessors-smart/2.5.1/accessors-smart-2.5.1.jar:/Users/edls/.m2/repository/org/ow2/asm/asm/9.6/asm-9.6.jar:/Users/edls/.m2/repository/org/yaml/snakeyaml/2.3/snakeyaml-2.3.jar:/Users/edls/.m2/repository/de/siegmar/fastcsv/3.4.0/fastcsv-3.4.0.jar:/Users/edls/.m2/repository/info/picocli/picocli/4.7.6/picocli-4.7.6.jar:/Users/edls/.m2/repository/io/github/classgraph/classgraph/4.8.179/classgraph-4.8.179.jar:/Users/edls/.m2/repository/io/github/t12y/resemble/1.1.0/resemble-1.1.0.jar:/Users/edls/.m2/repository/io/github/t12y/ssim/1.0.0/ssim-1.0.0.jar:/Users/edls/.m2/repository/org/junit/jupiter/junit-jupiter-api/5.10.2/junit-jupiter-api-5.10.2.jar:/Users/edls/.m2/repository/org/opentest4j/opentest4j/1.3.0/opentest4j-1.3.0.jar:/Users/edls/.m2/repository/org/junit/platform/junit-platform-commons/1.10.2/junit-platform-commons-1.10.2.jar:/Users/edls/.m2/repository/org/apiguardian/apiguardian-api/1.1.2/apiguardian-api-1.1.2.jar:/Users/edls/.m2/repository/org/junit/jupiter/junit-jupiter-engine/5.10.2/junit-jupiter-engine-5.10.2.jar:/Users/edls/.m2/repository/org/junit/platform/junit-platform-engine/1.10.2/junit-platform-engine-1.10.2.jar:/Users/edls/.m2/repository/net/masterthought/cucumber-reporting/5.7.0/cucumber-reporting-5.7.0.jar:/Users/edls/.m2/repository/com/fasterxml/jackson/core/jackson-databind/2.13.0/jackson-databind-2.13.0.jar:/Users/edls/.m2/repository/com/fasterxml/jackson/core/jackson-annotations/2.13.0/jackson-annotations-2.13.0.jar:/Users/edls/.m2/repository/com/fasterxml/jackson/core/jackson-core/2.13.0/jackson-core-2.13.0.jar:/Users/edls/.m2/repository/com/fasterxml/jackson/datatype/jackson-datatype-jsr310/2.13.0/jackson-datatype-jsr310-2.13.0.jar:/Users/edls/.m2/repository/org/apache/velocity/velocity-engine-core/2.3/velocity-engine-core-2.3.jar:/Users/edls/.m2/repository/commons-collections/commons-collections/3.2.2/commons-collections-3.2.2.jar:/Users/edls/.m2/repository/joda-time/joda-time/2.10.10/joda-time-2.10.10.jar:/Users/edls/.m2/repository/org/apache/commons/commons-lang3/3.12.0/commons-lang3-3.12.0.jar:/Users/edls/.m2/repository/commons-io/commons-io/2.7/commons-io-2.7.jar:/Users/edls/.m2/repository/org/codehaus/plexus/plexus-utils/3.3.0/plexus-utils-3.3.0.jar:/Users/edls/.m2/repository/org/jsoup/jsoup/1.14.2/jsoup-1.14.2.jar:/Users/edls/.m2/repository/com/google/guava/guava/30.1.1-jre/guava-30.1.1-jre.jar:/Users/edls/.m2/repository/com/google/guava/failureaccess/1.0.1/failureaccess-1.0.1.jar:/Users/edls/.m2/repository/com/google/guava/listenablefuture/9999.0-empty-to-avoid-conflict-with-guava/listenablefuture-9999.0-empty-to-avoid-conflict-with-guava.jar:/Users/edls/.m2/repository/com/google/code/findbugs/jsr305/3.0.2/jsr305-3.0.2.jar:/Users/edls/.m2/repository/org/checkerframework/checker-qual/3.8.0/checker-qual-3.8.0.jar:/Users/edls/.m2/repository/com/google/errorprone/error_prone_annotations/2.5.1/error_prone_annotations-2.5.1.jar:/Users/edls/.m2/repository/com/google/j2objc/j2objc-annotations/1.3/j2objc-annotations-1.3.jar:/Users/edls/.m2/repository/com/googlecode/owasp-java-html-sanitizer/owasp-java-html-sanitizer/20211018.2/owasp-java-html-sanitizer-20211018.2.jar:/Users/edls/.m2/repository/commons-configuration/commons-configuration/1.10/commons-configuration-1.10.jar:/Users/edls/.m2/repository/commons-lang/commons-lang/2.6/commons-lang-2.6.jar:/Users/edls/.m2/repository/commons-logging/commons-logging/1.1.1/commons-logging-1.1.1.jar:"/>
    <property name="java.vm.vendor" value="Oracle Corporation"/>
    <property name="sun.arch.data.model" value="64"/>
    <property name="java.vendor.url" value="https://java.oracle.com/"/>
    <property name="user.timezone" value="America/New_York"/>
    <property name="os.name" value="Mac OS X"/>
    <property name="java.vm.specification.version" value="23"/>
    <property name="user.country" value="US"/>
    <property name="sun.java.launcher" value="SUN_STANDARD"/>
    <property name="sun.boot.library.path" value="/Library/Java/JavaVirtualMachines/jdk-23.jdk/Contents/Home/lib"/>
    <property name="sun.java.command" value="/Users/edls/NetBeansProjects/transaction-api/target/surefire/surefirebooter-20250520232509279_3.jar /Users/edls/NetBeansProjects/transaction-api/target/surefire 2025-05-20T23-25-09_215-jvmRun1 surefire-20250520232509279_1tmp surefire_0-20250520232509279_2tmp"/>
    <property name="http.nonProxyHosts" value="local|*.local|169.254/16|*.169.254/16"/>
    <property name="jdk.debug" value="release"/>
    <property name="test" value="tests.ParallelRunnerTest"/>
    <property name="surefire.test.class.path" value="/Users/edls/NetBeansProjects/transaction-api/target/test-classes:/Users/edls/NetBeansProjects/transaction-api/target/classes:/Users/edls/.m2/repository/io/karatelabs/karate-junit5/1.5.1/karate-junit5-1.5.1.jar:/Users/edls/.m2/repository/io/karatelabs/karate-core/1.5.1/karate-core-1.5.1.jar:/Users/edls/.m2/repository/org/graalvm/js/js-scriptengine/24.0.0/js-scriptengine-24.0.0.jar:/Users/edls/.m2/repository/org/graalvm/polyglot/polyglot/24.0.0/polyglot-24.0.0.jar:/Users/edls/.m2/repository/org/graalvm/sdk/collections/24.0.0/collections-24.0.0.jar:/Users/edls/.m2/repository/org/graalvm/sdk/nativeimage/24.0.0/nativeimage-24.0.0.jar:/Users/edls/.m2/repository/org/graalvm/sdk/word/24.0.0/word-24.0.0.jar:/Users/edls/.m2/repository/org/graalvm/js/js-language/24.0.0/js-language-24.0.0.jar:/Users/edls/.m2/repository/org/graalvm/regex/regex/24.0.0/regex-24.0.0.jar:/Users/edls/.m2/repository/org/graalvm/truffle/truffle-api/24.0.0/truffle-api-24.0.0.jar:/Users/edls/.m2/repository/org/graalvm/shadowed/icu4j/24.0.0/icu4j-24.0.0.jar:/Users/edls/.m2/repository/org/thymeleaf/thymeleaf/3.1.2.RELEASE/thymeleaf-3.1.2.RELEASE.jar:/Users/edls/.m2/repository/ognl/ognl/3.3.4/ognl-3.3.4.jar:/Users/edls/.m2/repository/org/javassist/javassist/3.29.0-GA/javassist-3.29.0-GA.jar:/Users/edls/.m2/repository/org/attoparser/attoparser/2.0.7.RELEASE/attoparser-2.0.7.RELEASE.jar:/Users/edls/.m2/repository/org/unbescape/unbescape/1.1.6.RELEASE/unbescape-1.1.6.RELEASE.jar:/Users/edls/.m2/repository/com/linecorp/armeria/armeria/1.31.3/armeria-1.31.3.jar:/Users/edls/.m2/repository/com/fasterxml/jackson/datatype/jackson-datatype-jdk8/2.18.1/jackson-datatype-jdk8-2.18.1.jar:/Users/edls/.m2/repository/io/micrometer/micrometer-core/1.13.6/micrometer-core-1.13.6.jar:/Users/edls/.m2/repository/io/micrometer/micrometer-commons/1.13.6/micrometer-commons-1.13.6.jar:/Users/edls/.m2/repository/io/micrometer/micrometer-observation/1.13.6/micrometer-observation-1.13.6.jar:/Users/edls/.m2/repository/org/hdrhistogram/HdrHistogram/2.2.2/HdrHistogram-2.2.2.jar:/Users/edls/.m2/repository/org/latencyutils/LatencyUtils/2.0.3/LatencyUtils-2.0.3.jar:/Users/edls/.m2/repository/io/netty/netty-transport/4.1.115.Final/netty-transport-4.1.115.Final.jar:/Users/edls/.m2/repository/io/netty/netty-common/4.1.115.Final/netty-common-4.1.115.Final.jar:/Users/edls/.m2/repository/io/netty/netty-buffer/4.1.115.Final/netty-buffer-4.1.115.Final.jar:/Users/edls/.m2/repository/io/netty/netty-resolver/4.1.115.Final/netty-resolver-4.1.115.Final.jar:/Users/edls/.m2/repository/io/netty/netty-codec-haproxy/4.1.115.Final/netty-codec-haproxy-4.1.115.Final.jar:/Users/edls/.m2/repository/io/netty/netty-codec/4.1.115.Final/netty-codec-4.1.115.Final.jar:/Users/edls/.m2/repository/io/netty/netty-codec-http2/4.1.115.Final/netty-codec-http2-4.1.115.Final.jar:/Users/edls/.m2/repository/io/netty/netty-handler/4.1.115.Final/netty-handler-4.1.115.Final.jar:/Users/edls/.m2/repository/io/netty/netty-codec-http/4.1.115.Final/netty-codec-http-4.1.115.Final.jar:/Users/edls/.m2/repository/io/netty/netty-resolver-dns/4.1.115.Final/netty-resolver-dns-4.1.115.Final.jar:/Users/edls/.m2/repository/io/netty/netty-codec-dns/4.1.115.Final/netty-codec-dns-4.1.115.Final.jar:/Users/edls/.m2/repository/io/netty/netty-transport-native-unix-common/4.1.115.Final/netty-transport-native-unix-common-4.1.115.Final-linux-x86_64.jar:/Users/edls/.m2/repository/io/netty/netty-transport-native-unix-common/4.1.115.Final/netty-transport-native-unix-common-4.1.115.Final-linux-aarch_64.jar:/Users/edls/.m2/repository/io/netty/netty-transport-native-unix-common/4.1.115.Final/netty-transport-native-unix-common-4.1.115.Final-osx-x86_64.jar:/Users/edls/.m2/repository/io/netty/netty-transport-native-unix-common/4.1.115.Final/netty-transport-native-unix-common-4.1.115.Final-osx-aarch_64.jar:/Users/edls/.m2/repository/org/reactivestreams/reactive-streams/1.0.4/reactive-streams-1.0.4.jar:/Users/edls/.m2/repository/io/netty/netty-handler-proxy/4.1.115.Final/netty-handler-proxy-4.1.115.Final.jar:/Users/edls/.m2/repository/io/netty/netty-codec-socks/4.1.115.Final/netty-codec-socks-4.1.115.Final.jar:/Users/edls/.m2/repository/io/netty/netty-transport-native-epoll/4.1.115.Final/netty-transport-native-epoll-4.1.115.Final-linux-x86_64.jar:/Users/edls/.m2/repository/io/netty/netty-transport-native-unix-common/4.1.115.Final/netty-transport-native-unix-common-4.1.115.Final.jar:/Users/edls/.m2/repository/io/netty/netty-transport-classes-epoll/4.1.115.Final/netty-transport-classes-epoll-4.1.115.Final.jar:/Users/edls/.m2/repository/io/netty/netty-transport-native-epoll/4.1.115.Final/netty-transport-native-epoll-4.1.115.Final-linux-aarch_64.jar:/Users/edls/.m2/repository/io/netty/netty-transport-native-kqueue/4.1.115.Final/netty-transport-native-kqueue-4.1.115.Final-osx-x86_64.jar:/Users/edls/.m2/repository/io/netty/netty-transport-classes-kqueue/4.1.115.Final/netty-transport-classes-kqueue-4.1.115.Final.jar:/Users/edls/.m2/repository/io/netty/netty-resolver-dns-native-macos/4.1.115.Final/netty-resolver-dns-native-macos-4.1.115.Final-osx-x86_64.jar:/Users/edls/.m2/repository/io/netty/netty-resolver-dns-classes-macos/4.1.115.Final/netty-resolver-dns-classes-macos-4.1.115.Final.jar:/Users/edls/.m2/repository/io/netty/netty-transport-native-kqueue/4.1.115.Final/netty-transport-native-kqueue-4.1.115.Final-osx-aarch_64.jar:/Users/edls/.m2/repository/io/netty/netty-resolver-dns-native-macos/4.1.115.Final/netty-resolver-dns-native-macos-4.1.115.Final-osx-aarch_64.jar:/Users/edls/.m2/repository/io/netty/netty-tcnative-boringssl-static/2.0.69.Final/netty-tcnative-boringssl-static-2.0.69.Final-linux-x86_64.jar:/Users/edls/.m2/repository/io/netty/netty-tcnative-classes/2.0.69.Final/netty-tcnative-classes-2.0.69.Final.jar:/Users/edls/.m2/repository/io/netty/netty-tcnative-boringssl-static/2.0.69.Final/netty-tcnative-boringssl-static-2.0.69.Final-linux-aarch_64.jar:/Users/edls/.m2/repository/io/netty/netty-tcnative-boringssl-static/2.0.69.Final/netty-tcnative-boringssl-static-2.0.69.Final-osx-x86_64.jar:/Users/edls/.m2/repository/io/netty/netty-tcnative-boringssl-static/2.0.69.Final/netty-tcnative-boringssl-static-2.0.69.Final-osx-aarch_64.jar:/Users/edls/.m2/repository/io/netty/netty-tcnative-boringssl-static/2.0.69.Final/netty-tcnative-boringssl-static-2.0.69.Final-windows-x86_64.jar:/Users/edls/.m2/repository/com/aayushatharva/brotli4j/brotli4j/1.17.0/brotli4j-1.17.0.jar:/Users/edls/.m2/repository/com/aayushatharva/brotli4j/service/1.17.0/service-1.17.0.jar:/Users/edls/.m2/repository/com/aayushatharva/brotli4j/native-osx-x86_64/1.17.0/native-osx-x86_64-1.17.0.jar:/Users/edls/.m2/repository/org/apache/httpcomponents/httpclient/4.5.14/httpclient-4.5.14.jar:/Users/edls/.m2/repository/org/apache/httpcomponents/httpcore/4.4.16/httpcore-4.4.16.jar:/Users/edls/.m2/repository/commons-codec/commons-codec/1.16.1/commons-codec-1.16.1.jar:/Users/edls/.m2/repository/ch/qos/logback/logback-classic/1.5.4/logback-classic-1.5.4.jar:/Users/edls/.m2/repository/ch/qos/logback/logback-core/1.5.4/logback-core-1.5.4.jar:/Users/edls/.m2/repository/org/slf4j/jcl-over-slf4j/2.0.12/jcl-over-slf4j-2.0.12.jar:/Users/edls/.m2/repository/org/slf4j/slf4j-api/2.0.12/slf4j-api-2.0.12.jar:/Users/edls/.m2/repository/org/antlr/antlr4-runtime/4.13.1/antlr4-runtime-4.13.1.jar:/Users/edls/.m2/repository/com/jayway/jsonpath/json-path/2.9.0/json-path-2.9.0.jar:/Users/edls/.m2/repository/net/minidev/json-smart/2.5.1/json-smart-2.5.1.jar:/Users/edls/.m2/repository/net/minidev/accessors-smart/2.5.1/accessors-smart-2.5.1.jar:/Users/edls/.m2/repository/org/ow2/asm/asm/9.6/asm-9.6.jar:/Users/edls/.m2/repository/org/yaml/snakeyaml/2.3/snakeyaml-2.3.jar:/Users/edls/.m2/repository/de/siegmar/fastcsv/3.4.0/fastcsv-3.4.0.jar:/Users/edls/.m2/repository/info/picocli/picocli/4.7.6/picocli-4.7.6.jar:/Users/edls/.m2/repository/io/github/classgraph/classgraph/4.8.179/classgraph-4.8.179.jar:/Users/edls/.m2/repository/io/github/t12y/resemble/1.1.0/resemble-1.1.0.jar:/Users/edls/.m2/repository/io/github/t12y/ssim/1.0.0/ssim-1.0.0.jar:/Users/edls/.m2/repository/org/junit/jupiter/junit-jupiter-api/5.10.2/junit-jupiter-api-5.10.2.jar:/Users/edls/.m2/repository/org/opentest4j/opentest4j/1.3.0/opentest4j-1.3.0.jar:/Users/edls/.m2/repository/org/junit/platform/junit-platform-commons/1.10.2/junit-platform-commons-1.10.2.jar:/Users/edls/.m2/repository/org/apiguardian/apiguardian-api/1.1.2/apiguardian-api-1.1.2.jar:/Users/edls/.m2/repository/org/junit/jupiter/junit-jupiter-engine/5.10.2/junit-jupiter-engine-5.10.2.jar:/Users/edls/.m2/repository/org/junit/platform/junit-platform-engine/1.10.2/junit-platform-engine-1.10.2.jar:/Users/edls/.m2/repository/net/masterthought/cucumber-reporting/5.7.0/cucumber-reporting-5.7.0.jar:/Users/edls/.m2/repository/com/fasterxml/jackson/core/jackson-databind/2.13.0/jackson-databind-2.13.0.jar:/Users/edls/.m2/repository/com/fasterxml/jackson/core/jackson-annotations/2.13.0/jackson-annotations-2.13.0.jar:/Users/edls/.m2/repository/com/fasterxml/jackson/core/jackson-core/2.13.0/jackson-core-2.13.0.jar:/Users/edls/.m2/repository/com/fasterxml/jackson/datatype/jackson-datatype-jsr310/2.13.0/jackson-datatype-jsr310-2.13.0.jar:/Users/edls/.m2/repository/org/apache/velocity/velocity-engine-core/2.3/velocity-engine-core-2.3.jar:/Users/edls/.m2/repository/commons-collections/commons-collections/3.2.2/commons-collections-3.2.2.jar:/Users/edls/.m2/repository/joda-time/joda-time/2.10.10/joda-time-2.10.10.jar:/Users/edls/.m2/repository/org/apache/commons/commons-lang3/3.12.0/commons-lang3-3.12.0.jar:/Users/edls/.m2/repository/commons-io/commons-io/2.7/commons-io-2.7.jar:/Users/edls/.m2/repository/org/codehaus/plexus/plexus-utils/3.3.0/plexus-utils-3.3.0.jar:/Users/edls/.m2/repository/org/jsoup/jsoup/1.14.2/jsoup-1.14.2.jar:/Users/edls/.m2/repository/com/google/guava/guava/30.1.1-jre/guava-30.1.1-jre.jar:/Users/edls/.m2/repository/com/google/guava/failureaccess/1.0.1/failureaccess-1.0.1.jar:/Users/edls/.m2/repository/com/google/guava/listenablefuture/9999.0-empty-to-avoid-conflict-with-guava/listenablefuture-9999.0-empty-to-avoid-conflict-with-guava.jar:/Users/edls/.m2/repository/com/google/code/findbugs/jsr305/3.0.2/jsr305-3.0.2.jar:/Users/edls/.m2/repository/org/checkerframework/checker-qual/3.8.0/checker-qual-3.8.0.jar:/Users/edls/.m2/repository/com/google/errorprone/error_prone_annotations/2.5.1/error_prone_annotations-2.5.1.jar:/Users/edls/.m2/repository/com/google/j2objc/j2objc-annotations/1.3/j2objc-annotations-1.3.jar:/Users/edls/.m2/repository/com/googlecode/owasp-java-html-sanitizer/owasp-java-html-sanitizer/20211018.2/owasp-java-html-sanitizer-20211018.2.jar:/Users/edls/.m2/repository/commons-configuration/commons-configuration/1.10/commons-configuration-1.10.jar:/Users/edls/.m2/repository/commons-lang/commons-lang/2.6/commons-lang-2.6.jar:/Users/edls/.m2/repository/commons-logging/commons-logging/1.1.1/commons-logging-1.1.1.jar:"/>
    <property name="sun.cpu.endian" value="little"/>
    <property name="user.home" value="/Users/edls"/>
    <property name="user.language" value="en"/>
    <property name="java.specification.vendor" value="Oracle Corporation"/>
    <property name="java.version.date" value="2024-10-15"/>
    <property name="java.home" value="/Library/Java/JavaVirtualMachines/jdk-23.jdk/Contents/Home"/>
    <property name="file.separator" value="/"/>
    <property name="basedir" value="/Users/edls/NetBeansProjects/transaction-api"/>
    <property name="java.vm.compressedOopsMode" value="Zero based"/>
    <property name="line.separator" value="&#10;"/>
    <property name="java.vm.specification.vendor" value="Oracle Corporation"/>
    <property name="java.specification.name" value="Java Platform API Specification"/>
    <property name="apple.awt.application.name" value="ForkedBooter"/>
    <property name="surefire.real.class.path" value="/Users/edls/NetBeansProjects/transaction-api/target/surefire/surefirebooter-20250520232509279_3.jar"/>
    <property name="sun.management.compiler" value="HotSpot 64-Bit Tiered Compilers"/>
    <property name="ftp.nonProxyHosts" value="local|*.local|169.254/16|*.169.254/16"/>
    <property name="java.runtime.version" value="23.0.1+11-39"/>
    <property name="user.name" value="edls"/>
    <property name="stdout.encoding" value="UTF-8"/>
    <property name="path.separator" value=":"/>
    <property name="os.version" value="15.4.1"/>
    <property name="java.runtime.name" value="Java(TM) SE Runtime Environment"/>
    <property name="file.encoding" value="UTF-8"/>
    <property name="java.vm.name" value="Java HotSpot(TM) 64-Bit Server VM"/>
    <property name="maven.ext.class.path" value="/Applications/Apache NetBeans.app/Contents/Resources/netbeans/java/maven-nblib/netbeans-eventspy.jar"/>
    <property name="localRepository" value="/Users/edls/.m2/repository"/>
    <property name="java.vendor.url.bug" value="https://bugreport.java.com/bugreport/"/>
    <property name="java.io.tmpdir" value="/var/folders/rr/_prb47r13t51kb9g1yb_jvm40000gn/T/"/>
    <property name="java.version" value="23.0.1"/>
    <property name="user.dir" value="/Users/edls/NetBeansProjects/transaction-api"/>
    <property name="os.arch" value="x86_64"/>
    <property name="java.vm.specification.name" value="Java Virtual Machine Specification"/>
    <property name="native.encoding" value="UTF-8"/>
    <property name="java.library.path" value="/Users/edls/Library/Java/Extensions:/Library/Java/Extensions:/Network/Library/Java/Extensions:/System/Library/Java/Extensions:/usr/lib/java:."/>
    <property name="java.vm.info" value="mixed mode, sharing"/>
    <property name="stderr.encoding" value="UTF-8"/>
    <property name="java.vendor" value="Oracle Corporation"/>
    <property name="java.vm.version" value="23.0.1+11-39"/>
    <property name="sun.io.unicode.encoding" value="UnicodeBig"/>
    <property name="socksNonProxyHosts" value="local|*.local|169.254/16|*.169.254/16"/>
    <property name="java.class.version" value="67.0"/>
  </properties>
  <testcase name="createTransactions" classname="tests.ParallelRunnerTest" time="8.629">
    <system-out><![CDATA[23:25:10.041 [main] INFO  com.intuit.karate.Runner - karate.env is: 'dev'
23:25:10.369 [main] DEBUG com.intuit.karate.Suite - [config] classpath:karate-config.js
23:25:11.137 [main] INFO  com.intuit.karate - karate.env system property was: dev 
23:25:11.416 [main] DEBUG com.intuit.karate - request:
1 > POST https://vx5846dgdj.execute-api.us-east-1.amazonaws.com/dev/transactions
1 > Content-Type: application/json; charset=UTF-8
1 > Accept: application/json
1 > Content-Length: 124
1 > Host: vx5846dgdj.execute-api.us-east-1.amazonaws.com
1 > Connection: Keep-Alive
1 > User-Agent: Apache-HttpClient/4.5.14 (Java/23.0.1)
1 > Accept-Encoding: gzip,deflate
{"transactionId":"txn201","name":"Alice","title":"Payment","amount":100,"currency":"USD","timestamp":"2024-05-01T10:00:00Z"}

23:25:12.250 [main] DEBUG com.intuit.karate - response time in milliseconds: 831
1 < 201
1 < Date: Wed, 21 May 2025 03:25:12 GMT
1 < Content-Type: application/json
1 < Content-Length: 148
1 < Connection: keep-alive
1 < Apigw-Requestid: K5gfyjRDIAMEP3A=
{"name": "Alice", "title": "Payment", "amount": 100.0, "currency": "USD", "timestamp": "2024-05-01T10:00:00Z", "id": "txn201", "message": "SUCCESS"}

23:25:12.343 [main] DEBUG com.intuit.karate - request:
1 > POST https://vx5846dgdj.execute-api.us-east-1.amazonaws.com/dev/transactions
1 > Content-Type: application/json; charset=UTF-8
1 > Accept: application/json
1 > Content-Length: 122
1 > Host: vx5846dgdj.execute-api.us-east-1.amazonaws.com
1 > Connection: Keep-Alive
1 > User-Agent: Apache-HttpClient/4.5.14 (Java/23.0.1)
1 > Accept-Encoding: gzip,deflate
{"transactionId":"txn202","name":"Bob","title":"Invoice","amount":200,"currency":"USD","timestamp":"2024-05-02T15:30:00Z"}

23:25:12.535 [main] DEBUG com.intuit.karate - response time in milliseconds: 191
1 < 201
1 < Date: Wed, 21 May 2025 03:25:12 GMT
1 < Content-Type: application/json
1 < Content-Length: 146
1 < Connection: keep-alive
1 < Apigw-Requestid: K5gf5h_tIAMEZOg=
{"name": "Bob", "title": "Invoice", "amount": 200.0, "currency": "USD", "timestamp": "2024-05-02T15:30:00Z", "id": "txn202", "message": "SUCCESS"}

23:25:12.547 [main] DEBUG com.intuit.karate - request:
1 > POST https://vx5846dgdj.execute-api.us-east-1.amazonaws.com/dev/transactions
1 > Content-Type: application/json; charset=UTF-8
1 > Accept: application/json
1 > Content-Length: 125
1 > Host: vx5846dgdj.execute-api.us-east-1.amazonaws.com
1 > Connection: Keep-Alive
1 > User-Agent: Apache-HttpClient/4.5.14 (Java/23.0.1)
1 > Accept-Encoding: gzip,deflate
{"transactionId":"txn203","name":"Charlie","title":"Refund","amount":150,"currency":"USD","timestamp":"2024-05-03T09:45:00Z"}

23:25:12.757 [main] DEBUG com.intuit.karate - response time in milliseconds: 210
1 < 201
1 < Date: Wed, 21 May 2025 03:25:12 GMT
1 < Content-Type: application/json
1 < Content-Length: 149
1 < Connection: keep-alive
1 < Apigw-Requestid: K5gf7iKiIAMEZnQ=
{"name": "Charlie", "title": "Refund", "amount": 150.0, "currency": "USD", "timestamp": "2024-05-03T09:45:00Z", "id": "txn203", "message": "SUCCESS"}

23:25:12.774 [main] DEBUG com.intuit.karate - request:
1 > POST https://vx5846dgdj.execute-api.us-east-1.amazonaws.com/dev/transactions
1 > Content-Type: application/json; charset=UTF-8
1 > Accept: application/json
1 > Content-Length: 124
1 > Host: vx5846dgdj.execute-api.us-east-1.amazonaws.com
1 > Connection: Keep-Alive
1 > User-Agent: Apache-HttpClient/4.5.14 (Java/23.0.1)
1 > Accept-Encoding: gzip,deflate
{"transactionId":"txn204","name":"Diana","title":"Payment","amount":250,"currency":"USD","timestamp":"2024-05-04T11:20:00Z"}

23:25:12.957 [main] DEBUG com.intuit.karate - response time in milliseconds: 182
1 < 201
1 < Date: Wed, 21 May 2025 03:25:13 GMT
1 < Content-Type: application/json
1 < Content-Length: 148
1 < Connection: keep-alive
1 < Apigw-Requestid: K5gf9iEuIAMEZPQ=
{"name": "Diana", "title": "Payment", "amount": 250.0, "currency": "USD", "timestamp": "2024-05-04T11:20:00Z", "id": "txn204", "message": "SUCCESS"}

23:25:12.968 [main] DEBUG com.intuit.karate - request:
1 > POST https://vx5846dgdj.execute-api.us-east-1.amazonaws.com/dev/transactions
1 > Content-Type: application/json; charset=UTF-8
1 > Accept: application/json
1 > Content-Length: 124
1 > Host: vx5846dgdj.execute-api.us-east-1.amazonaws.com
1 > Connection: Keep-Alive
1 > User-Agent: Apache-HttpClient/4.5.14 (Java/23.0.1)
1 > Accept-Encoding: gzip,deflate
{"transactionId":"txn205","name":"Ethan","title":"Invoice","amount":300,"currency":"USD","timestamp":"2024-05-05T13:10:00Z"}

23:25:13.154 [main] DEBUG com.intuit.karate - response time in milliseconds: 186
1 < 201
1 < Date: Wed, 21 May 2025 03:25:13 GMT
1 < Content-Type: application/json
1 < Content-Length: 148
1 < Connection: keep-alive
1 < Apigw-Requestid: K5gf_jjKoAMEPhQ=
{"name": "Ethan", "title": "Invoice", "amount": 300.0, "currency": "USD", "timestamp": "2024-05-05T13:10:00Z", "id": "txn205", "message": "SUCCESS"}

23:25:13.164 [main] DEBUG com.intuit.karate - request:
1 > POST https://vx5846dgdj.execute-api.us-east-1.amazonaws.com/dev/transactions
1 > Content-Type: application/json; charset=UTF-8
1 > Accept: application/json
1 > Content-Length: 124
1 > Host: vx5846dgdj.execute-api.us-east-1.amazonaws.com
1 > Connection: Keep-Alive
1 > User-Agent: Apache-HttpClient/4.5.14 (Java/23.0.1)
1 > Accept-Encoding: gzip,deflate
{"transactionId":"txn206","name":"Fiona","title":"Payment","amount":120,"currency":"USD","timestamp":"2024-05-06T14:00:00Z"}

23:25:13.355 [main] DEBUG com.intuit.karate - response time in milliseconds: 190
1 < 201
1 < Date: Wed, 21 May 2025 03:25:13 GMT
1 < Content-Type: application/json
1 < Content-Length: 148
1 < Connection: keep-alive
1 < Apigw-Requestid: K5ggBhyNIAMEPvg=
{"name": "Fiona", "title": "Payment", "amount": 120.0, "currency": "USD", "timestamp": "2024-05-06T14:00:00Z", "id": "txn206", "message": "SUCCESS"}

23:25:13.365 [main] DEBUG com.intuit.karate - request:
1 > POST https://vx5846dgdj.execute-api.us-east-1.amazonaws.com/dev/transactions
1 > Content-Type: application/json; charset=UTF-8
1 > Accept: application/json
1 > Content-Length: 124
1 > Host: vx5846dgdj.execute-api.us-east-1.amazonaws.com
1 > Connection: Keep-Alive
1 > User-Agent: Apache-HttpClient/4.5.14 (Java/23.0.1)
1 > Accept-Encoding: gzip,deflate
{"transactionId":"txn207","name":"George","title":"Refund","amount":180,"currency":"USD","timestamp":"2024-05-07T16:00:00Z"}

23:25:13.537 [main] DEBUG com.intuit.karate - response time in milliseconds: 171
1 < 201
1 < Date: Wed, 21 May 2025 03:25:13 GMT
1 < Content-Type: application/json
1 < Content-Length: 148
1 < Connection: keep-alive
1 < Apigw-Requestid: K5ggDjZ2IAMEZtg=
{"name": "George", "title": "Refund", "amount": 180.0, "currency": "USD", "timestamp": "2024-05-07T16:00:00Z", "id": "txn207", "message": "SUCCESS"}

23:25:13.545 [main] DEBUG com.intuit.karate - request:
1 > POST https://vx5846dgdj.execute-api.us-east-1.amazonaws.com/dev/transactions
1 > Content-Type: application/json; charset=UTF-8
1 > Accept: application/json
1 > Content-Length: 125
1 > Host: vx5846dgdj.execute-api.us-east-1.amazonaws.com
1 > Connection: Keep-Alive
1 > User-Agent: Apache-HttpClient/4.5.14 (Java/23.0.1)
1 > Accept-Encoding: gzip,deflate
{"transactionId":"txn208","name":"Hannah","title":"Invoice","amount":220,"currency":"USD","timestamp":"2024-05-08T10:15:00Z"}

23:25:13.716 [main] DEBUG com.intuit.karate - response time in milliseconds: 170
1 < 201
1 < Date: Wed, 21 May 2025 03:25:13 GMT
1 < Content-Type: application/json
1 < Content-Length: 149
1 < Connection: keep-alive
1 < Apigw-Requestid: K5ggFjkYIAMEPhQ=
{"name": "Hannah", "title": "Invoice", "amount": 220.0, "currency": "USD", "timestamp": "2024-05-08T10:15:00Z", "id": "txn208", "message": "SUCCESS"}

23:25:13.724 [main] DEBUG com.intuit.karate - request:
1 > POST https://vx5846dgdj.execute-api.us-east-1.amazonaws.com/dev/transactions
1 > Content-Type: application/json; charset=UTF-8
1 > Accept: application/json
1 > Content-Length: 122
1 > Host: vx5846dgdj.execute-api.us-east-1.amazonaws.com
1 > Connection: Keep-Alive
1 > User-Agent: Apache-HttpClient/4.5.14 (Java/23.0.1)
1 > Accept-Encoding: gzip,deflate
{"transactionId":"txn209","name":"Ian","title":"Payment","amount":140,"currency":"USD","timestamp":"2024-05-09T09:00:00Z"}

23:25:13.936 [main] DEBUG com.intuit.karate - response time in milliseconds: 211
1 < 201
1 < Date: Wed, 21 May 2025 03:25:14 GMT
1 < Content-Type: application/json
1 < Content-Length: 146
1 < Connection: keep-alive
1 < Apigw-Requestid: K5ggHjEZIAMEPCA=
{"name": "Ian", "title": "Payment", "amount": 140.0, "currency": "USD", "timestamp": "2024-05-09T09:00:00Z", "id": "txn209", "message": "SUCCESS"}

23:25:13.942 [main] DEBUG com.intuit.karate - request:
1 > POST https://vx5846dgdj.execute-api.us-east-1.amazonaws.com/dev/transactions
1 > Content-Type: application/json; charset=UTF-8
1 > Accept: application/json
1 > Content-Length: 122
1 > Host: vx5846dgdj.execute-api.us-east-1.amazonaws.com
1 > Connection: Keep-Alive
1 > User-Agent: Apache-HttpClient/4.5.14 (Java/23.0.1)
1 > Accept-Encoding: gzip,deflate
{"transactionId":"txn210","name":"Jill","title":"Refund","amount":160,"currency":"USD","timestamp":"2024-05-10T12:00:00Z"}

23:25:14.115 [main] DEBUG com.intuit.karate - response time in milliseconds: 172
1 < 201
1 < Date: Wed, 21 May 2025 03:25:14 GMT
1 < Content-Type: application/json
1 < Content-Length: 146
1 < Connection: keep-alive
1 < Apigw-Requestid: K5ggJhKBoAMEZbg=
{"name": "Jill", "title": "Refund", "amount": 160.0, "currency": "USD", "timestamp": "2024-05-10T12:00:00Z", "id": "txn210", "message": "SUCCESS"}

23:25:14.123 [main] DEBUG com.intuit.karate - request:
1 > POST https://vx5846dgdj.execute-api.us-east-1.amazonaws.com/dev/transactions
1 > Content-Type: application/json; charset=UTF-8
1 > Accept: application/json
1 > Content-Length: 124
1 > Host: vx5846dgdj.execute-api.us-east-1.amazonaws.com
1 > Connection: Keep-Alive
1 > User-Agent: Apache-HttpClient/4.5.14 (Java/23.0.1)
1 > Accept-Encoding: gzip,deflate
{"transactionId":"txn211","name":"Kevin","title":"Invoice","amount":240,"currency":"USD","timestamp":"2024-05-11T11:30:00Z"}

23:25:14.275 [main] DEBUG com.intuit.karate - response time in milliseconds: 152
1 < 201
1 < Date: Wed, 21 May 2025 03:25:14 GMT
1 < Content-Type: application/json
1 < Content-Length: 148
1 < Connection: keep-alive
1 < Apigw-Requestid: K5ggLhpooAMEZrw=
{"name": "Kevin", "title": "Invoice", "amount": 240.0, "currency": "USD", "timestamp": "2024-05-11T11:30:00Z", "id": "txn211", "message": "SUCCESS"}

23:25:14.295 [main] DEBUG com.intuit.karate - request:
1 > POST https://vx5846dgdj.execute-api.us-east-1.amazonaws.com/dev/transactions
1 > Content-Type: application/json; charset=UTF-8
1 > Accept: application/json
1 > Content-Length: 123
1 > Host: vx5846dgdj.execute-api.us-east-1.amazonaws.com
1 > Connection: Keep-Alive
1 > User-Agent: Apache-HttpClient/4.5.14 (Java/23.0.1)
1 > Accept-Encoding: gzip,deflate
{"transactionId":"txn212","name":"Lena","title":"Payment","amount":260,"currency":"USD","timestamp":"2024-05-12T08:00:00Z"}

23:25:14.476 [main] DEBUG com.intuit.karate - response time in milliseconds: 180
1 < 201
1 < Date: Wed, 21 May 2025 03:25:14 GMT
1 < Content-Type: application/json
1 < Content-Length: 147
1 < Connection: keep-alive
1 < Apigw-Requestid: K5ggMi96oAMEPqQ=
{"name": "Lena", "title": "Payment", "amount": 260.0, "currency": "USD", "timestamp": "2024-05-12T08:00:00Z", "id": "txn212", "message": "SUCCESS"}

23:25:14.483 [main] DEBUG com.intuit.karate - request:
1 > POST https://vx5846dgdj.execute-api.us-east-1.amazonaws.com/dev/transactions
1 > Content-Type: application/json; charset=UTF-8
1 > Accept: application/json
1 > Content-Length: 123
1 > Host: vx5846dgdj.execute-api.us-east-1.amazonaws.com
1 > Connection: Keep-Alive
1 > User-Agent: Apache-HttpClient/4.5.14 (Java/23.0.1)
1 > Accept-Encoding: gzip,deflate
{"transactionId":"txn213","name":"Mike","title":"Invoice","amount":300,"currency":"USD","timestamp":"2024-05-13T17:00:00Z"}

23:25:14.634 [main] DEBUG com.intuit.karate - response time in milliseconds: 150
1 < 201
1 < Date: Wed, 21 May 2025 03:25:14 GMT
1 < Content-Type: application/json
1 < Content-Length: 147
1 < Connection: keep-alive
1 < Apigw-Requestid: K5ggOijGIAMEPrA=
{"name": "Mike", "title": "Invoice", "amount": 300.0, "currency": "USD", "timestamp": "2024-05-13T17:00:00Z", "id": "txn213", "message": "SUCCESS"}

23:25:14.640 [main] DEBUG com.intuit.karate - request:
1 > POST https://vx5846dgdj.execute-api.us-east-1.amazonaws.com/dev/transactions
1 > Content-Type: application/json; charset=UTF-8
1 > Accept: application/json
1 > Content-Length: 122
1 > Host: vx5846dgdj.execute-api.us-east-1.amazonaws.com
1 > Connection: Keep-Alive
1 > User-Agent: Apache-HttpClient/4.5.14 (Java/23.0.1)
1 > Accept-Encoding: gzip,deflate
{"transactionId":"txn214","name":"Nina","title":"Refund","amount":130,"currency":"USD","timestamp":"2024-05-14T14:30:00Z"}

23:25:14.839 [main] DEBUG com.intuit.karate - response time in milliseconds: 197
1 < 201
1 < Date: Wed, 21 May 2025 03:25:14 GMT
1 < Content-Type: application/json
1 < Content-Length: 146
1 < Connection: keep-alive
1 < Apigw-Requestid: K5ggQhyWoAMEZMA=
{"name": "Nina", "title": "Refund", "amount": 130.0, "currency": "USD", "timestamp": "2024-05-14T14:30:00Z", "id": "txn214", "message": "SUCCESS"}

23:25:14.846 [main] DEBUG com.intuit.karate - request:
1 > POST https://vx5846dgdj.execute-api.us-east-1.amazonaws.com/dev/transactions
1 > Content-Type: application/json; charset=UTF-8
1 > Accept: application/json
1 > Content-Length: 123
1 > Host: vx5846dgdj.execute-api.us-east-1.amazonaws.com
1 > Connection: Keep-Alive
1 > User-Agent: Apache-HttpClient/4.5.14 (Java/23.0.1)
1 > Accept-Encoding: gzip,deflate
{"transactionId":"txn215","name":"Owen","title":"Payment","amount":280,"currency":"USD","timestamp":"2024-05-15T10:20:00Z"}

23:25:15.035 [main] DEBUG com.intuit.karate - response time in milliseconds: 188
1 < 201
1 < Date: Wed, 21 May 2025 03:25:15 GMT
1 < Content-Type: application/json
1 < Content-Length: 147
1 < Connection: keep-alive
1 < Apigw-Requestid: K5ggShJ7IAMEZlg=
{"name": "Owen", "title": "Payment", "amount": 280.0, "currency": "USD", "timestamp": "2024-05-15T10:20:00Z", "id": "txn215", "message": "SUCCESS"}

23:25:15.040 [main] DEBUG com.intuit.karate - request:
1 > POST https://vx5846dgdj.execute-api.us-east-1.amazonaws.com/dev/transactions
1 > Content-Type: application/json; charset=UTF-8
1 > Accept: application/json
1 > Content-Length: 124
1 > Host: vx5846dgdj.execute-api.us-east-1.amazonaws.com
1 > Connection: Keep-Alive
1 > User-Agent: Apache-HttpClient/4.5.14 (Java/23.0.1)
1 > Accept-Encoding: gzip,deflate
{"transactionId":"txn216","name":"Paula","title":"Invoice","amount":190,"currency":"USD","timestamp":"2024-05-16T09:50:00Z"}

23:25:15.174 [main] DEBUG com.intuit.karate - response time in milliseconds: 134
1 < 201
1 < Date: Wed, 21 May 2025 03:25:15 GMT
1 < Content-Type: application/json
1 < Content-Length: 148
1 < Connection: keep-alive
1 < Apigw-Requestid: K5ggUh20oAMEZgw=
{"name": "Paula", "title": "Invoice", "amount": 190.0, "currency": "USD", "timestamp": "2024-05-16T09:50:00Z", "id": "txn216", "message": "SUCCESS"}

23:25:15.181 [main] DEBUG com.intuit.karate - request:
1 > POST https://vx5846dgdj.execute-api.us-east-1.amazonaws.com/dev/transactions
1 > Content-Type: application/json; charset=UTF-8
1 > Accept: application/json
1 > Content-Length: 123
1 > Host: vx5846dgdj.execute-api.us-east-1.amazonaws.com
1 > Connection: Keep-Alive
1 > User-Agent: Apache-HttpClient/4.5.14 (Java/23.0.1)
1 > Accept-Encoding: gzip,deflate
{"transactionId":"txn217","name":"Quinn","title":"Refund","amount":110,"currency":"USD","timestamp":"2024-05-17T13:40:00Z"}

23:25:15.373 [main] DEBUG com.intuit.karate - response time in milliseconds: 191
1 < 201
1 < Date: Wed, 21 May 2025 03:25:15 GMT
1 < Content-Type: application/json
1 < Content-Length: 147
1 < Connection: keep-alive
1 < Apigw-Requestid: K5ggVjhtoAMEZsw=
{"name": "Quinn", "title": "Refund", "amount": 110.0, "currency": "USD", "timestamp": "2024-05-17T13:40:00Z", "id": "txn217", "message": "SUCCESS"}

23:25:15.379 [main] DEBUG com.intuit.karate - request:
1 > POST https://vx5846dgdj.execute-api.us-east-1.amazonaws.com/dev/transactions
1 > Content-Type: application/json; charset=UTF-8
1 > Accept: application/json
1 > Content-Length: 125
1 > Host: vx5846dgdj.execute-api.us-east-1.amazonaws.com
1 > Connection: Keep-Alive
1 > User-Agent: Apache-HttpClient/4.5.14 (Java/23.0.1)
1 > Accept-Encoding: gzip,deflate
{"transactionId":"txn218","name":"Rachel","title":"Payment","amount":210,"currency":"USD","timestamp":"2024-05-18T15:15:00Z"}

23:25:15.535 [main] DEBUG com.intuit.karate - response time in milliseconds: 155
1 < 201
1 < Date: Wed, 21 May 2025 03:25:15 GMT
1 < Content-Type: application/json
1 < Content-Length: 149
1 < Connection: keep-alive
1 < Apigw-Requestid: K5ggXh8foAMEZPw=
{"name": "Rachel", "title": "Payment", "amount": 210.0, "currency": "USD", "timestamp": "2024-05-18T15:15:00Z", "id": "txn218", "message": "SUCCESS"}

23:25:15.540 [main] DEBUG com.intuit.karate - request:
1 > POST https://vx5846dgdj.execute-api.us-east-1.amazonaws.com/dev/transactions
1 > Content-Type: application/json; charset=UTF-8
1 > Accept: application/json
1 > Content-Length: 124
1 > Host: vx5846dgdj.execute-api.us-east-1.amazonaws.com
1 > Connection: Keep-Alive
1 > User-Agent: Apache-HttpClient/4.5.14 (Java/23.0.1)
1 > Accept-Encoding: gzip,deflate
{"transactionId":"txn219","name":"Steve","title":"Invoice","amount":270,"currency":"USD","timestamp":"2024-05-19T16:25:00Z"}

23:25:15.715 [main] DEBUG com.intuit.karate - response time in milliseconds: 174
1 < 201
1 < Date: Wed, 21 May 2025 03:25:15 GMT
1 < Content-Type: application/json
1 < Content-Length: 148
1 < Connection: keep-alive
1 < Apigw-Requestid: K5ggZizUoAMEPNw=
{"name": "Steve", "title": "Invoice", "amount": 270.0, "currency": "USD", "timestamp": "2024-05-19T16:25:00Z", "id": "txn219", "message": "SUCCESS"}

23:25:15.721 [main] DEBUG com.intuit.karate - request:
1 > POST https://vx5846dgdj.execute-api.us-east-1.amazonaws.com/dev/transactions
1 > Content-Type: application/json; charset=UTF-8
1 > Accept: application/json
1 > Content-Length: 122
1 > Host: vx5846dgdj.execute-api.us-east-1.amazonaws.com
1 > Connection: Keep-Alive
1 > User-Agent: Apache-HttpClient/4.5.14 (Java/23.0.1)
1 > Accept-Encoding: gzip,deflate
{"transactionId":"txn220","name":"Tina","title":"Refund","amount":170,"currency":"USD","timestamp":"2024-05-20T12:05:00Z"}

23:25:15.896 [main] DEBUG com.intuit.karate - response time in milliseconds: 174
1 < 201
1 < Date: Wed, 21 May 2025 03:25:15 GMT
1 < Content-Type: application/json
1 < Content-Length: 146
1 < Connection: keep-alive
1 < Apigw-Requestid: K5ggbgGdIAMEPJw=
{"name": "Tina", "title": "Refund", "amount": 170.0, "currency": "USD", "timestamp": "2024-05-20T12:05:00Z", "id": "txn220", "message": "SUCCESS"}

23:25:15.902 [main] DEBUG com.intuit.karate - request:
1 > POST https://vx5846dgdj.execute-api.us-east-1.amazonaws.com/dev/transactions
1 > Content-Type: application/json; charset=UTF-8
1 > Accept: application/json
1 > Content-Length: 122
1 > Host: vx5846dgdj.execute-api.us-east-1.amazonaws.com
1 > Connection: Keep-Alive
1 > User-Agent: Apache-HttpClient/4.5.14 (Java/23.0.1)
1 > Accept-Encoding: gzip,deflate
{"transactionId":"txn221","name":"Uma","title":"Payment","amount":310,"currency":"USD","timestamp":"2024-05-21T08:10:00Z"}

23:25:16.076 [main] DEBUG com.intuit.karate - response time in milliseconds: 173
1 < 201
1 < Date: Wed, 21 May 2025 03:25:16 GMT
1 < Content-Type: application/json
1 < Content-Length: 146
1 < Connection: keep-alive
1 < Apigw-Requestid: K5ggch8BoAMEPOA=
{"name": "Uma", "title": "Payment", "amount": 310.0, "currency": "USD", "timestamp": "2024-05-21T08:10:00Z", "id": "txn221", "message": "SUCCESS"}

23:25:16.082 [main] DEBUG com.intuit.karate - request:
1 > POST https://vx5846dgdj.execute-api.us-east-1.amazonaws.com/dev/transactions
1 > Content-Type: application/json; charset=UTF-8
1 > Accept: application/json
1 > Content-Length: 125
1 > Host: vx5846dgdj.execute-api.us-east-1.amazonaws.com
1 > Connection: Keep-Alive
1 > User-Agent: Apache-HttpClient/4.5.14 (Java/23.0.1)
1 > Accept-Encoding: gzip,deflate
{"transactionId":"txn222","name":"Victor","title":"Invoice","amount":135,"currency":"USD","timestamp":"2024-05-22T11:45:00Z"}

23:25:16.274 [main] DEBUG com.intuit.karate - response time in milliseconds: 192
1 < 201
1 < Date: Wed, 21 May 2025 03:25:16 GMT
1 < Content-Type: application/json
1 < Content-Length: 149
1 < Connection: keep-alive
1 < Apigw-Requestid: K5ggeg_9IAMEPvA=
{"name": "Victor", "title": "Invoice", "amount": 135.0, "currency": "USD", "timestamp": "2024-05-22T11:45:00Z", "id": "txn222", "message": "SUCCESS"}

23:25:16.281 [main] DEBUG com.intuit.karate - request:
1 > POST https://vx5846dgdj.execute-api.us-east-1.amazonaws.com/dev/transactions
1 > Content-Type: application/json; charset=UTF-8
1 > Accept: application/json
1 > Content-Length: 123
1 > Host: vx5846dgdj.execute-api.us-east-1.amazonaws.com
1 > Connection: Keep-Alive
1 > User-Agent: Apache-HttpClient/4.5.14 (Java/23.0.1)
1 > Accept-Encoding: gzip,deflate
{"transactionId":"txn223","name":"Wendy","title":"Refund","amount":145,"currency":"USD","timestamp":"2024-05-23T13:30:00Z"}

23:25:16.494 [main] DEBUG com.intuit.karate - response time in milliseconds: 213
1 < 201
1 < Date: Wed, 21 May 2025 03:25:16 GMT
1 < Content-Type: application/json
1 < Content-Length: 147
1 < Connection: keep-alive
1 < Apigw-Requestid: K5gggjz4IAMEPog=
{"name": "Wendy", "title": "Refund", "amount": 145.0, "currency": "USD", "timestamp": "2024-05-23T13:30:00Z", "id": "txn223", "message": "SUCCESS"}

23:25:16.501 [main] DEBUG com.intuit.karate - request:
1 > POST https://vx5846dgdj.execute-api.us-east-1.amazonaws.com/dev/transactions
1 > Content-Type: application/json; charset=UTF-8
1 > Accept: application/json
1 > Content-Length: 125
1 > Host: vx5846dgdj.execute-api.us-east-1.amazonaws.com
1 > Connection: Keep-Alive
1 > User-Agent: Apache-HttpClient/4.5.14 (Java/23.0.1)
1 > Accept-Encoding: gzip,deflate
{"transactionId":"txn224","name":"Xander","title":"Payment","amount":295,"currency":"USD","timestamp":"2024-05-24T10:50:00Z"}

23:25:16.654 [main] DEBUG com.intuit.karate - response time in milliseconds: 153
1 < 201
1 < Date: Wed, 21 May 2025 03:25:16 GMT
1 < Content-Type: application/json
1 < Content-Length: 149
1 < Connection: keep-alive
1 < Apigw-Requestid: K5ggig3foAMEPTQ=
{"name": "Xander", "title": "Payment", "amount": 295.0, "currency": "USD", "timestamp": "2024-05-24T10:50:00Z", "id": "txn224", "message": "SUCCESS"}

23:25:16.660 [main] DEBUG com.intuit.karate - request:
1 > POST https://vx5846dgdj.execute-api.us-east-1.amazonaws.com/dev/transactions
1 > Content-Type: application/json; charset=UTF-8
1 > Accept: application/json
1 > Content-Length: 123
1 > Host: vx5846dgdj.execute-api.us-east-1.amazonaws.com
1 > Connection: Keep-Alive
1 > User-Agent: Apache-HttpClient/4.5.14 (Java/23.0.1)
1 > Accept-Encoding: gzip,deflate
{"transactionId":"txn225","name":"Yara","title":"Invoice","amount":275,"currency":"USD","timestamp":"2024-05-25T09:15:00Z"}

23:25:16.836 [main] DEBUG com.intuit.karate - response time in milliseconds: 175
1 < 201
1 < Date: Wed, 21 May 2025 03:25:16 GMT
1 < Content-Type: application/json
1 < Content-Length: 147
1 < Connection: keep-alive
1 < Apigw-Requestid: K5ggkgZvoAMEZlA=
{"name": "Yara", "title": "Invoice", "amount": 275.0, "currency": "USD", "timestamp": "2024-05-25T09:15:00Z", "id": "txn225", "message": "SUCCESS"}

---------------------------------------------------------
feature: classpath:tests/transactions/01-create-transactions.feature
scenarios:  1 | passed:  1 | failed:  0 | time: 5.6800
---------------------------------------------------------

23:25:17.783 [main] INFO  com.intuit.karate.Suite - <<pass>> feature 1 of 1 (0 remaining) classpath:tests/transactions/01-create-transactions.feature
Karate version: 1.5.1 | env: dev
======================================================
elapsed:   7.75 | threads:    1 | thread time: 5.68 
features:     1 | skipped:    0 | efficiency: 0.73
scenarios:    1 | passed:     1 | failed: 0
======================================================

HTML report: (paste into browser to view) | Karate version: 1.5.1 | env: dev
file:///Users/edls/NetBeansProjects/transaction-api/target/karate-reports/karate-summary.html
===================================================================

]]></system-out>
    <system-err><![CDATA[May 20, 2025 11:25:18 PM net.masterthought.cucumber.ReportParser parseJsonFiles
INFO: File '/Users/edls/NetBeansProjects/transaction-api/target/karate-reports/tests.transactions.01-create-transactions.json' contains 1 features
]]></system-err>
  </testcase>
  <testcase name="createTransactionsBad" classname="tests.ParallelRunnerTest" time="0.368">
    <system-out><![CDATA[23:25:18.388 [main] DEBUG com.intuit.karate.Suite - [config] classpath:karate-config.js
23:25:18.390 [main] INFO  com.intuit.karate.Suite - backed up existing 'target/karate-reports' dir to: target/karate-reports_1747797918388
23:25:18.394 [main] INFO  com.intuit.karate - karate.env system property was: null 
23:25:18.403 [main] DEBUG com.intuit.karate - request:
1 > POST https://vx5846dgdj.execute-api.us-east-1.amazonaws.com/dev/transactions
1 > Content-Type: application/json; charset=UTF-8
1 > Accept: application/json
1 > Content-Length: 112
1 > Host: vx5846dgdj.execute-api.us-east-1.amazonaws.com
1 > Connection: Keep-Alive
1 > User-Agent: Apache-HttpClient/4.5.14 (Java/23.0.1)
1 > Accept-Encoding: gzip,deflate
{"transactionId":"txn2001","name":"Alice","title":"Payment","currency":"USD","timestamp":"2024-05-01T10:00:00Z"}

23:25:18.515 [main] DEBUG com.intuit.karate - response time in milliseconds: 110
1 < 400
1 < Date: Wed, 21 May 2025 03:25:18 GMT
1 < Content-Type: application/json
1 < Content-Length: 38
1 < Connection: keep-alive
1 < Apigw-Requestid: K5gg1jaSoAMEZLg=
{"message": "Missing required fields"}

23:25:18.523 [main] DEBUG com.intuit.karate - request:
1 > POST https://vx5846dgdj.execute-api.us-east-1.amazonaws.com/dev/transactions
1 > Content-Type: application/json; charset=UTF-8
1 > Accept: application/json
1 > Content-Length: 110
1 > Host: vx5846dgdj.execute-api.us-east-1.amazonaws.com
1 > Connection: Keep-Alive
1 > User-Agent: Apache-HttpClient/4.5.14 (Java/23.0.1)
1 > Accept-Encoding: gzip,deflate
{"transactionId":"txn2002","name":"Bob","title":"Invoice","currency":"USD","timestamp":"2024-05-02T15:30:00Z"}

23:25:18.640 [main] DEBUG com.intuit.karate - response time in milliseconds: 117
1 < 400
1 < Date: Wed, 21 May 2025 03:25:18 GMT
1 < Content-Type: application/json
1 < Content-Length: 38
1 < Connection: keep-alive
1 < Apigw-Requestid: K5gg3jDboAMEPmg=
{"message": "Missing required fields"}

---------------------------------------------------------
feature: classpath:tests/transactions/02-create-transactions-bad.feature
scenarios:  1 | passed:  1 | failed:  0 | time: 0.2464
---------------------------------------------------------

23:25:18.715 [main] INFO  com.intuit.karate.Suite - <<pass>> feature 1 of 1 (0 remaining) classpath:tests/transactions/02-create-transactions-bad.feature
Karate version: 1.5.1
======================================================
elapsed:   0.33 | threads:    1 | thread time: 0.25 
features:     1 | skipped:    0 | efficiency: 0.75
scenarios:    1 | passed:     1 | failed: 0
======================================================

HTML report: (paste into browser to view) | Karate version: 1.5.1
file:///Users/edls/NetBeansProjects/transaction-api/target/karate-reports/karate-summary.html
===================================================================

]]></system-out>
  </testcase>
  <testcase name="getAllTransactions" classname="tests.ParallelRunnerTest" time="0.298">
    <system-out><![CDATA[23:25:18.757 [main] DEBUG com.intuit.karate.Suite - [config] classpath:karate-config.js
23:25:18.757 [main] INFO  com.intuit.karate.Suite - backed up existing 'target/karate-reports' dir to: target/karate-reports_1747797918757
23:25:18.760 [main] INFO  com.intuit.karate - karate.env system property was: null 
23:25:18.761 [main] DEBUG com.intuit.karate - request:
1 > GET https://vx5846dgdj.execute-api.us-east-1.amazonaws.com/dev/transactions
1 > Content-Type: application/json
1 > Accept: application/json
1 > Host: vx5846dgdj.execute-api.us-east-1.amazonaws.com
1 > Connection: Keep-Alive
1 > User-Agent: Apache-HttpClient/4.5.14 (Java/23.0.1)
1 > Accept-Encoding: gzip,deflate


23:25:18.937 [main] DEBUG com.intuit.karate - response time in milliseconds: 175
1 < 200
1 < Date: Wed, 21 May 2025 03:25:19 GMT
1 < Content-Type: application/json
1 < Content-Length: 3187
1 < Connection: keep-alive
1 < Apigw-Requestid: K5gg5iX1oAMEZKg=
[{"amount": 100.0, "currency": "USD", "id": "txn201", "name": "Alice", "title": "Payment", "timestamp": "2024-05-01T10:00:00Z"}, {"amount": 190.0, "currency": "USD", "id": "txn216", "name": "Paula", "title": "Invoice", "timestamp": "2024-05-16T09:50:00Z"}, {"amount": 170.0, "currency": "USD", "id": "txn220", "name": "Tina", "title": "Refund", "timestamp": "2024-05-20T12:05:00Z"}, {"amount": 250.0, "currency": "USD", "id": "txn204", "name": "Diana", "title": "Payment", "timestamp": "2024-05-04T11:20:00Z"}, {"amount": 260.0, "currency": "USD", "id": "txn212", "name": "Lena", "title": "Payment", "timestamp": "2024-05-12T08:00:00Z"}, {"amount": 120.0, "currency": "USD", "id": "txn206", "name": "Fiona", "title": "Payment", "timestamp": "2024-05-06T14:00:00Z"}, {"amount": 160.0, "currency": "USD", "id": "txn210", "name": "Jill", "title": "Refund", "timestamp": "2024-05-10T12:00:00Z"}, {"amount": 300.0, "currency": "USD", "id": "txn213", "name": "Mike", "title": "Invoice", "timestamp": "2024-05-13T17:00:00Z"}, {"amount": 280.0, "currency": "USD", "id": "txn215", "name": "Owen", "title": "Payment", "timestamp": "2024-05-15T10:20:00Z"}, {"amount": 310.0, "currency": "USD", "id": "txn221", "name": "Uma", "title": "Payment", "timestamp": "2024-05-21T08:10:00Z"}, {"amount": 270.0, "currency": "USD", "id": "txn219", "name": "Steve", "title": "Invoice", "timestamp": "2024-05-19T16:25:00Z"}, {"amount": 110.0, "currency": "USD", "id": "txn217", "name": "Quinn", "title": "Refund", "timestamp": "2024-05-17T13:40:00Z"}, {"amount": 220.0, "currency": "USD", "id": "txn208", "name": "Hannah", "title": "Invoice", "timestamp": "2024-05-08T10:15:00Z"}, {"amount": 300.0, "currency": "USD", "id": "txn205", "name": "Ethan", "title": "Invoice", "timestamp": "2024-05-05T13:10:00Z"}, {"amount": 135.0, "currency": "USD", "id": "txn222", "name": "Victor", "title": "Invoice", "timestamp": "2024-05-22T11:45:00Z"}, {"amount": 295.0, "currency": "USD", "id": "txn224", "name": "Xander", "title": "Payment", "timestamp": "2024-05-24T10:50:00Z"}, {"amount": 145.0, "currency": "USD", "id": "txn223", "name": "Wendy", "title": "Refund", "timestamp": "2024-05-23T13:30:00Z"}, {"amount": 275.0, "currency": "USD", "id": "txn225", "name": "Yara", "title": "Invoice", "timestamp": "2024-05-25T09:15:00Z"}, {"amount": 240.0, "currency": "USD", "id": "txn211", "name": "Kevin", "title": "Invoice", "timestamp": "2024-05-11T11:30:00Z"}, {"amount": 210.0, "currency": "USD", "id": "txn218", "name": "Rachel", "title": "Payment", "timestamp": "2024-05-18T15:15:00Z"}, {"amount": 140.0, "currency": "USD", "id": "txn209", "name": "Ian", "title": "Payment", "timestamp": "2024-05-09T09:00:00Z"}, {"amount": 150.0, "currency": "USD", "id": "txn203", "name": "Charlie", "title": "Refund", "timestamp": "2024-05-03T09:45:00Z"}, {"amount": 130.0, "currency": "USD", "id": "txn214", "name": "Nina", "title": "Refund", "timestamp": "2024-05-14T14:30:00Z"}, {"amount": 200.0, "currency": "USD", "id": "txn202", "name": "Bob", "title": "Invoice", "timestamp": "2024-05-02T15:30:00Z"}, {"amount": 180.0, "currency": "USD", "id": "txn207", "name": "George", "title": "Refund", "timestamp": "2024-05-07T16:00:00Z"}]

23:25:18.938 [main] DEBUG c.intuit.karate.core.ScenarioEngine - over-writing existing variable 'response' with new value: response
---------------------------------------------------------
feature: classpath:tests/transactions/03-get-all-transactions.feature
scenarios:  1 | passed:  1 | failed:  0 | time: 0.2135
---------------------------------------------------------

23:25:19.013 [main] INFO  com.intuit.karate.Suite - <<pass>> feature 1 of 1 (0 remaining) classpath:tests/transactions/03-get-all-transactions.feature
Karate version: 1.5.1
======================================================
elapsed:   0.26 | threads:    1 | thread time: 0.21 
features:     1 | skipped:    0 | efficiency: 0.83
scenarios:    1 | passed:     1 | failed: 0
======================================================

HTML report: (paste into browser to view) | Karate version: 1.5.1
file:///Users/edls/NetBeansProjects/transaction-api/target/karate-reports/karate-summary.html
===================================================================

]]></system-out>
  </testcase>
  <testcase name="getTransactionsById" classname="tests.ParallelRunnerTest" time="4.195">
    <system-out><![CDATA[23:25:19.056 [main] DEBUG com.intuit.karate.Suite - [config] classpath:karate-config.js
23:25:19.056 [main] INFO  com.intuit.karate.Suite - backed up existing 'target/karate-reports' dir to: target/karate-reports_1747797919056
23:25:19.058 [main] INFO  com.intuit.karate - karate.env system property was: null 
23:25:19.064 [main] DEBUG c.intuit.karate.core.ScenarioEngine - over-writing existing variable 'transaction' with new value: __arg.transaction
23:25:19.066 [main] DEBUG com.intuit.karate - request:
1 > GET https://vx5846dgdj.execute-api.us-east-1.amazonaws.com/dev/transactions/txn201
1 > Host: vx5846dgdj.execute-api.us-east-1.amazonaws.com
1 > Connection: Keep-Alive
1 > User-Agent: Apache-HttpClient/4.5.14 (Java/23.0.1)
1 > Accept-Encoding: gzip,deflate


23:25:19.197 [main] DEBUG com.intuit.karate - response time in milliseconds: 130
1 < 200
1 < Date: Wed, 21 May 2025 03:25:19 GMT
1 < Content-Type: application/json
1 < Content-Length: 126
1 < Connection: keep-alive
1 < Apigw-Requestid: K5gg8hLuIAMEZCQ=
{"amount": 100.0, "currency": "USD", "id": "txn201", "name": "Alice", "title": "Payment", "timestamp": "2024-05-01T10:00:00Z"}

23:25:19.198 [main] DEBUG c.intuit.karate.core.ScenarioEngine - over-writing existing variable 'response' with new value: response
23:25:19.199 [main] INFO  com.intuit.karate - [print] 

 {
  "amount": 100.0,
  "currency": "USD",
  "id": "txn201",
  "name": "Alice",
  "title": "Payment",
  "timestamp": "2024-05-01T10:00:00Z"
}
 

 
23:25:19.199 [main] INFO  com.intuit.karate - [print] transaction.transactionId =  txn201 
23:25:19.204 [main] DEBUG c.intuit.karate.core.ScenarioEngine - over-writing existing variable 'transaction' with new value: __arg.transaction
23:25:19.205 [main] DEBUG com.intuit.karate - request:
1 > GET https://vx5846dgdj.execute-api.us-east-1.amazonaws.com/dev/transactions/txn202
1 > Host: vx5846dgdj.execute-api.us-east-1.amazonaws.com
1 > Connection: Keep-Alive
1 > User-Agent: Apache-HttpClient/4.5.14 (Java/23.0.1)
1 > Accept-Encoding: gzip,deflate


23:25:19.353 [main] DEBUG com.intuit.karate - response time in milliseconds: 148
1 < 200
1 < Date: Wed, 21 May 2025 03:25:19 GMT
1 < Content-Type: application/json
1 < Content-Length: 124
1 < Connection: keep-alive
1 < Apigw-Requestid: K5gg9ji9IAMEPbQ=
{"amount": 200.0, "currency": "USD", "id": "txn202", "name": "Bob", "title": "Invoice", "timestamp": "2024-05-02T15:30:00Z"}

23:25:19.354 [main] DEBUG c.intuit.karate.core.ScenarioEngine - over-writing existing variable 'response' with new value: response
23:25:19.355 [main] INFO  com.intuit.karate - [print] 

 {
  "amount": 200.0,
  "currency": "USD",
  "id": "txn202",
  "name": "Bob",
  "title": "Invoice",
  "timestamp": "2024-05-02T15:30:00Z"
}
 

 
23:25:19.355 [main] INFO  com.intuit.karate - [print] transaction.transactionId =  txn202 
23:25:19.358 [main] DEBUG c.intuit.karate.core.ScenarioEngine - over-writing existing variable 'transaction' with new value: __arg.transaction
23:25:19.360 [main] DEBUG com.intuit.karate - request:
1 > GET https://vx5846dgdj.execute-api.us-east-1.amazonaws.com/dev/transactions/txn203
1 > Host: vx5846dgdj.execute-api.us-east-1.amazonaws.com
1 > Connection: Keep-Alive
1 > User-Agent: Apache-HttpClient/4.5.14 (Java/23.0.1)
1 > Accept-Encoding: gzip,deflate


23:25:19.517 [main] DEBUG com.intuit.karate - response time in milliseconds: 157
1 < 200
1 < Date: Wed, 21 May 2025 03:25:19 GMT
1 < Content-Type: application/json
1 < Content-Length: 127
1 < Connection: keep-alive
1 < Apigw-Requestid: K5gg_iAQoAMEZgw=
{"amount": 150.0, "currency": "USD", "id": "txn203", "name": "Charlie", "title": "Refund", "timestamp": "2024-05-03T09:45:00Z"}

23:25:19.518 [main] DEBUG c.intuit.karate.core.ScenarioEngine - over-writing existing variable 'response' with new value: response
23:25:19.519 [main] INFO  com.intuit.karate - [print] 

 {
  "amount": 150.0,
  "currency": "USD",
  "id": "txn203",
  "name": "Charlie",
  "title": "Refund",
  "timestamp": "2024-05-03T09:45:00Z"
}
 

 
23:25:19.519 [main] INFO  com.intuit.karate - [print] transaction.transactionId =  txn203 
23:25:19.522 [main] DEBUG c.intuit.karate.core.ScenarioEngine - over-writing existing variable 'transaction' with new value: __arg.transaction
23:25:19.524 [main] DEBUG com.intuit.karate - request:
1 > GET https://vx5846dgdj.execute-api.us-east-1.amazonaws.com/dev/transactions/txn204
1 > Host: vx5846dgdj.execute-api.us-east-1.amazonaws.com
1 > Connection: Keep-Alive
1 > User-Agent: Apache-HttpClient/4.5.14 (Java/23.0.1)
1 > Accept-Encoding: gzip,deflate


23:25:19.695 [main] DEBUG com.intuit.karate - response time in milliseconds: 171
1 < 200
1 < Date: Wed, 21 May 2025 03:25:19 GMT
1 < Content-Type: application/json
1 < Content-Length: 126
1 < Connection: keep-alive
1 < Apigw-Requestid: K5ghBhdBIAMEZ8A=
{"amount": 250.0, "currency": "USD", "id": "txn204", "name": "Diana", "title": "Payment", "timestamp": "2024-05-04T11:20:00Z"}

23:25:19.696 [main] DEBUG c.intuit.karate.core.ScenarioEngine - over-writing existing variable 'response' with new value: response
23:25:19.696 [main] INFO  com.intuit.karate - [print] 

 {
  "amount": 250.0,
  "currency": "USD",
  "id": "txn204",
  "name": "Diana",
  "title": "Payment",
  "timestamp": "2024-05-04T11:20:00Z"
}
 

 
23:25:19.697 [main] INFO  com.intuit.karate - [print] transaction.transactionId =  txn204 
23:25:19.700 [main] DEBUG c.intuit.karate.core.ScenarioEngine - over-writing existing variable 'transaction' with new value: __arg.transaction
23:25:19.701 [main] DEBUG com.intuit.karate - request:
1 > GET https://vx5846dgdj.execute-api.us-east-1.amazonaws.com/dev/transactions/txn205
1 > Host: vx5846dgdj.execute-api.us-east-1.amazonaws.com
1 > Connection: Keep-Alive
1 > User-Agent: Apache-HttpClient/4.5.14 (Java/23.0.1)
1 > Accept-Encoding: gzip,deflate


23:25:19.836 [main] DEBUG com.intuit.karate - response time in milliseconds: 134
1 < 200
1 < Date: Wed, 21 May 2025 03:25:19 GMT
1 < Content-Type: application/json
1 < Content-Length: 126
1 < Connection: keep-alive
1 < Apigw-Requestid: K5ghDiG-oAMEPFw=
{"amount": 300.0, "currency": "USD", "id": "txn205", "name": "Ethan", "title": "Invoice", "timestamp": "2024-05-05T13:10:00Z"}

23:25:19.836 [main] DEBUG c.intuit.karate.core.ScenarioEngine - over-writing existing variable 'response' with new value: response
23:25:19.837 [main] INFO  com.intuit.karate - [print] 

 {
  "amount": 300.0,
  "currency": "USD",
  "id": "txn205",
  "name": "Ethan",
  "title": "Invoice",
  "timestamp": "2024-05-05T13:10:00Z"
}
 

 
23:25:19.837 [main] INFO  com.intuit.karate - [print] transaction.transactionId =  txn205 
23:25:19.841 [main] DEBUG c.intuit.karate.core.ScenarioEngine - over-writing existing variable 'transaction' with new value: __arg.transaction
23:25:19.842 [main] DEBUG com.intuit.karate - request:
1 > GET https://vx5846dgdj.execute-api.us-east-1.amazonaws.com/dev/transactions/txn206
1 > Host: vx5846dgdj.execute-api.us-east-1.amazonaws.com
1 > Connection: Keep-Alive
1 > User-Agent: Apache-HttpClient/4.5.14 (Java/23.0.1)
1 > Accept-Encoding: gzip,deflate


23:25:19.994 [main] DEBUG com.intuit.karate - response time in milliseconds: 151
1 < 200
1 < Date: Wed, 21 May 2025 03:25:20 GMT
1 < Content-Type: application/json
1 < Content-Length: 126
1 < Connection: keep-alive
1 < Apigw-Requestid: K5ghEgH6oAMEP1Q=
{"amount": 120.0, "currency": "USD", "id": "txn206", "name": "Fiona", "title": "Payment", "timestamp": "2024-05-06T14:00:00Z"}

23:25:19.995 [main] DEBUG c.intuit.karate.core.ScenarioEngine - over-writing existing variable 'response' with new value: response
23:25:19.995 [main] INFO  com.intuit.karate - [print] 

 {
  "amount": 120.0,
  "currency": "USD",
  "id": "txn206",
  "name": "Fiona",
  "title": "Payment",
  "timestamp": "2024-05-06T14:00:00Z"
}
 

 
23:25:19.995 [main] INFO  com.intuit.karate - [print] transaction.transactionId =  txn206 
23:25:20.000 [main] DEBUG c.intuit.karate.core.ScenarioEngine - over-writing existing variable 'transaction' with new value: __arg.transaction
23:25:20.002 [main] DEBUG com.intuit.karate - request:
1 > GET https://vx5846dgdj.execute-api.us-east-1.amazonaws.com/dev/transactions/txn207
1 > Host: vx5846dgdj.execute-api.us-east-1.amazonaws.com
1 > Connection: Keep-Alive
1 > User-Agent: Apache-HttpClient/4.5.14 (Java/23.0.1)
1 > Accept-Encoding: gzip,deflate


23:25:20.137 [main] DEBUG com.intuit.karate - response time in milliseconds: 135
1 < 200
1 < Date: Wed, 21 May 2025 03:25:20 GMT
1 < Content-Type: application/json
1 < Content-Length: 126
1 < Connection: keep-alive
1 < Apigw-Requestid: K5ghFgORIAMEZ9Q=
{"amount": 180.0, "currency": "USD", "id": "txn207", "name": "George", "title": "Refund", "timestamp": "2024-05-07T16:00:00Z"}

23:25:20.138 [main] DEBUG c.intuit.karate.core.ScenarioEngine - over-writing existing variable 'response' with new value: response
23:25:20.138 [main] INFO  com.intuit.karate - [print] 

 {
  "amount": 180.0,
  "currency": "USD",
  "id": "txn207",
  "name": "George",
  "title": "Refund",
  "timestamp": "2024-05-07T16:00:00Z"
}
 

 
23:25:20.139 [main] INFO  com.intuit.karate - [print] transaction.transactionId =  txn207 
23:25:20.142 [main] DEBUG c.intuit.karate.core.ScenarioEngine - over-writing existing variable 'transaction' with new value: __arg.transaction
23:25:20.143 [main] DEBUG com.intuit.karate - request:
1 > GET https://vx5846dgdj.execute-api.us-east-1.amazonaws.com/dev/transactions/txn208
1 > Host: vx5846dgdj.execute-api.us-east-1.amazonaws.com
1 > Connection: Keep-Alive
1 > User-Agent: Apache-HttpClient/4.5.14 (Java/23.0.1)
1 > Accept-Encoding: gzip,deflate


23:25:20.295 [main] DEBUG com.intuit.karate - response time in milliseconds: 151
1 < 200
1 < Date: Wed, 21 May 2025 03:25:20 GMT
1 < Content-Type: application/json
1 < Content-Length: 127
1 < Connection: keep-alive
1 < Apigw-Requestid: K5ghHgsroAMEZgQ=
{"amount": 220.0, "currency": "USD", "id": "txn208", "name": "Hannah", "title": "Invoice", "timestamp": "2024-05-08T10:15:00Z"}

23:25:20.295 [main] DEBUG c.intuit.karate.core.ScenarioEngine - over-writing existing variable 'response' with new value: response
23:25:20.296 [main] INFO  com.intuit.karate - [print] 

 {
  "amount": 220.0,
  "currency": "USD",
  "id": "txn208",
  "name": "Hannah",
  "title": "Invoice",
  "timestamp": "2024-05-08T10:15:00Z"
}
 

 
23:25:20.296 [main] INFO  com.intuit.karate - [print] transaction.transactionId =  txn208 
23:25:20.300 [main] DEBUG c.intuit.karate.core.ScenarioEngine - over-writing existing variable 'transaction' with new value: __arg.transaction
23:25:20.301 [main] DEBUG com.intuit.karate - request:
1 > GET https://vx5846dgdj.execute-api.us-east-1.amazonaws.com/dev/transactions/txn209
1 > Host: vx5846dgdj.execute-api.us-east-1.amazonaws.com
1 > Connection: Keep-Alive
1 > User-Agent: Apache-HttpClient/4.5.14 (Java/23.0.1)
1 > Accept-Encoding: gzip,deflate


23:25:20.455 [main] DEBUG com.intuit.karate - response time in milliseconds: 153
1 < 200
1 < Date: Wed, 21 May 2025 03:25:20 GMT
1 < Content-Type: application/json
1 < Content-Length: 124
1 < Connection: keep-alive
1 < Apigw-Requestid: K5ghIhOCoAMEZCQ=
{"amount": 140.0, "currency": "USD", "id": "txn209", "name": "Ian", "title": "Payment", "timestamp": "2024-05-09T09:00:00Z"}

23:25:20.455 [main] DEBUG c.intuit.karate.core.ScenarioEngine - over-writing existing variable 'response' with new value: response
23:25:20.455 [main] INFO  com.intuit.karate - [print] 

 {
  "amount": 140.0,
  "currency": "USD",
  "id": "txn209",
  "name": "Ian",
  "title": "Payment",
  "timestamp": "2024-05-09T09:00:00Z"
}
 

 
23:25:20.456 [main] INFO  com.intuit.karate - [print] transaction.transactionId =  txn209 
23:25:20.459 [main] DEBUG c.intuit.karate.core.ScenarioEngine - over-writing existing variable 'transaction' with new value: __arg.transaction
23:25:20.460 [main] DEBUG com.intuit.karate - request:
1 > GET https://vx5846dgdj.execute-api.us-east-1.amazonaws.com/dev/transactions/txn210
1 > Host: vx5846dgdj.execute-api.us-east-1.amazonaws.com
1 > Connection: Keep-Alive
1 > User-Agent: Apache-HttpClient/4.5.14 (Java/23.0.1)
1 > Accept-Encoding: gzip,deflate


23:25:20.594 [main] DEBUG com.intuit.karate - response time in milliseconds: 134
1 < 200
1 < Date: Wed, 21 May 2025 03:25:20 GMT
1 < Content-Type: application/json
1 < Content-Length: 124
1 < Connection: keep-alive
1 < Apigw-Requestid: K5ghKj15oAMEZCw=
{"amount": 160.0, "currency": "USD", "id": "txn210", "name": "Jill", "title": "Refund", "timestamp": "2024-05-10T12:00:00Z"}

23:25:20.595 [main] DEBUG c.intuit.karate.core.ScenarioEngine - over-writing existing variable 'response' with new value: response
23:25:20.595 [main] INFO  com.intuit.karate - [print] 

 {
  "amount": 160.0,
  "currency": "USD",
  "id": "txn210",
  "name": "Jill",
  "title": "Refund",
  "timestamp": "2024-05-10T12:00:00Z"
}
 

 
23:25:20.596 [main] INFO  com.intuit.karate - [print] transaction.transactionId =  txn210 
23:25:20.599 [main] DEBUG c.intuit.karate.core.ScenarioEngine - over-writing existing variable 'transaction' with new value: __arg.transaction
23:25:20.600 [main] DEBUG com.intuit.karate - request:
1 > GET https://vx5846dgdj.execute-api.us-east-1.amazonaws.com/dev/transactions/txn211
1 > Host: vx5846dgdj.execute-api.us-east-1.amazonaws.com
1 > Connection: Keep-Alive
1 > User-Agent: Apache-HttpClient/4.5.14 (Java/23.0.1)
1 > Accept-Encoding: gzip,deflate


23:25:20.735 [main] DEBUG com.intuit.karate - response time in milliseconds: 135
1 < 200
1 < Date: Wed, 21 May 2025 03:25:20 GMT
1 < Content-Type: application/json
1 < Content-Length: 126
1 < Connection: keep-alive
1 < Apigw-Requestid: K5ghLhF8oAMEZwQ=
{"amount": 240.0, "currency": "USD", "id": "txn211", "name": "Kevin", "title": "Invoice", "timestamp": "2024-05-11T11:30:00Z"}

23:25:20.736 [main] DEBUG c.intuit.karate.core.ScenarioEngine - over-writing existing variable 'response' with new value: response
23:25:20.736 [main] INFO  com.intuit.karate - [print] 

 {
  "amount": 240.0,
  "currency": "USD",
  "id": "txn211",
  "name": "Kevin",
  "title": "Invoice",
  "timestamp": "2024-05-11T11:30:00Z"
}
 

 
23:25:20.737 [main] INFO  com.intuit.karate - [print] transaction.transactionId =  txn211 
23:25:20.740 [main] DEBUG c.intuit.karate.core.ScenarioEngine - over-writing existing variable 'transaction' with new value: __arg.transaction
23:25:20.740 [main] DEBUG com.intuit.karate - request:
1 > GET https://vx5846dgdj.execute-api.us-east-1.amazonaws.com/dev/transactions/txn212
1 > Host: vx5846dgdj.execute-api.us-east-1.amazonaws.com
1 > Connection: Keep-Alive
1 > User-Agent: Apache-HttpClient/4.5.14 (Java/23.0.1)
1 > Accept-Encoding: gzip,deflate


23:25:20.895 [main] DEBUG com.intuit.karate - response time in milliseconds: 154
1 < 200
1 < Date: Wed, 21 May 2025 03:25:20 GMT
1 < Content-Type: application/json
1 < Content-Length: 125
1 < Connection: keep-alive
1 < Apigw-Requestid: K5ghNhA8oAMEPTQ=
{"amount": 260.0, "currency": "USD", "id": "txn212", "name": "Lena", "title": "Payment", "timestamp": "2024-05-12T08:00:00Z"}

23:25:20.896 [main] DEBUG c.intuit.karate.core.ScenarioEngine - over-writing existing variable 'response' with new value: response
23:25:20.896 [main] INFO  com.intuit.karate - [print] 

 {
  "amount": 260.0,
  "currency": "USD",
  "id": "txn212",
  "name": "Lena",
  "title": "Payment",
  "timestamp": "2024-05-12T08:00:00Z"
}
 

 
23:25:20.897 [main] INFO  com.intuit.karate - [print] transaction.transactionId =  txn212 
23:25:20.900 [main] DEBUG c.intuit.karate.core.ScenarioEngine - over-writing existing variable 'transaction' with new value: __arg.transaction
23:25:20.901 [main] DEBUG com.intuit.karate - request:
1 > GET https://vx5846dgdj.execute-api.us-east-1.amazonaws.com/dev/transactions/txn213
1 > Host: vx5846dgdj.execute-api.us-east-1.amazonaws.com
1 > Connection: Keep-Alive
1 > User-Agent: Apache-HttpClient/4.5.14 (Java/23.0.1)
1 > Accept-Encoding: gzip,deflate


23:25:21.034 [main] DEBUG com.intuit.karate - response time in milliseconds: 132
1 < 200
1 < Date: Wed, 21 May 2025 03:25:21 GMT
1 < Content-Type: application/json
1 < Content-Length: 125
1 < Connection: keep-alive
1 < Apigw-Requestid: K5ghOifhIAMEZqg=
{"amount": 300.0, "currency": "USD", "id": "txn213", "name": "Mike", "title": "Invoice", "timestamp": "2024-05-13T17:00:00Z"}

23:25:21.035 [main] DEBUG c.intuit.karate.core.ScenarioEngine - over-writing existing variable 'response' with new value: response
23:25:21.035 [main] INFO  com.intuit.karate - [print] 

 {
  "amount": 300.0,
  "currency": "USD",
  "id": "txn213",
  "name": "Mike",
  "title": "Invoice",
  "timestamp": "2024-05-13T17:00:00Z"
}
 

 
23:25:21.036 [main] INFO  com.intuit.karate - [print] transaction.transactionId =  txn213 
23:25:21.039 [main] DEBUG c.intuit.karate.core.ScenarioEngine - over-writing existing variable 'transaction' with new value: __arg.transaction
23:25:21.039 [main] DEBUG com.intuit.karate - request:
1 > GET https://vx5846dgdj.execute-api.us-east-1.amazonaws.com/dev/transactions/txn214
1 > Host: vx5846dgdj.execute-api.us-east-1.amazonaws.com
1 > Connection: Keep-Alive
1 > User-Agent: Apache-HttpClient/4.5.14 (Java/23.0.1)
1 > Accept-Encoding: gzip,deflate


23:25:21.214 [main] DEBUG com.intuit.karate - response time in milliseconds: 173
1 < 200
1 < Date: Wed, 21 May 2025 03:25:21 GMT
1 < Content-Type: application/json
1 < Content-Length: 124
1 < Connection: keep-alive
1 < Apigw-Requestid: K5ghQjquIAMEZtg=
{"amount": 130.0, "currency": "USD", "id": "txn214", "name": "Nina", "title": "Refund", "timestamp": "2024-05-14T14:30:00Z"}

23:25:21.215 [main] DEBUG c.intuit.karate.core.ScenarioEngine - over-writing existing variable 'response' with new value: response
23:25:21.215 [main] INFO  com.intuit.karate - [print] 

 {
  "amount": 130.0,
  "currency": "USD",
  "id": "txn214",
  "name": "Nina",
  "title": "Refund",
  "timestamp": "2024-05-14T14:30:00Z"
}
 

 
23:25:21.215 [main] INFO  com.intuit.karate - [print] transaction.transactionId =  txn214 
23:25:21.219 [main] DEBUG c.intuit.karate.core.ScenarioEngine - over-writing existing variable 'transaction' with new value: __arg.transaction
23:25:21.220 [main] DEBUG com.intuit.karate - request:
1 > GET https://vx5846dgdj.execute-api.us-east-1.amazonaws.com/dev/transactions/txn215
1 > Host: vx5846dgdj.execute-api.us-east-1.amazonaws.com
1 > Connection: Keep-Alive
1 > User-Agent: Apache-HttpClient/4.5.14 (Java/23.0.1)
1 > Accept-Encoding: gzip,deflate


23:25:21.373 [main] DEBUG com.intuit.karate - response time in milliseconds: 153
1 < 200
1 < Date: Wed, 21 May 2025 03:25:21 GMT
1 < Content-Type: application/json
1 < Content-Length: 125
1 < Connection: keep-alive
1 < Apigw-Requestid: K5ghSjWKoAMEZhw=
{"amount": 280.0, "currency": "USD", "id": "txn215", "name": "Owen", "title": "Payment", "timestamp": "2024-05-15T10:20:00Z"}

23:25:21.374 [main] DEBUG c.intuit.karate.core.ScenarioEngine - over-writing existing variable 'response' with new value: response
23:25:21.374 [main] INFO  com.intuit.karate - [print] 

 {
  "amount": 280.0,
  "currency": "USD",
  "id": "txn215",
  "name": "Owen",
  "title": "Payment",
  "timestamp": "2024-05-15T10:20:00Z"
}
 

 
23:25:21.375 [main] INFO  com.intuit.karate - [print] transaction.transactionId =  txn215 
23:25:21.378 [main] DEBUG c.intuit.karate.core.ScenarioEngine - over-writing existing variable 'transaction' with new value: __arg.transaction
23:25:21.379 [main] DEBUG com.intuit.karate - request:
1 > GET https://vx5846dgdj.execute-api.us-east-1.amazonaws.com/dev/transactions/txn216
1 > Host: vx5846dgdj.execute-api.us-east-1.amazonaws.com
1 > Connection: Keep-Alive
1 > User-Agent: Apache-HttpClient/4.5.14 (Java/23.0.1)
1 > Accept-Encoding: gzip,deflate


23:25:21.495 [main] DEBUG com.intuit.karate - response time in milliseconds: 116
1 < 200
1 < Date: Wed, 21 May 2025 03:25:21 GMT
1 < Content-Type: application/json
1 < Content-Length: 126
1 < Connection: keep-alive
1 < Apigw-Requestid: K5ghTjC8oAMEZYw=
{"amount": 190.0, "currency": "USD", "id": "txn216", "name": "Paula", "title": "Invoice", "timestamp": "2024-05-16T09:50:00Z"}

23:25:21.496 [main] DEBUG c.intuit.karate.core.ScenarioEngine - over-writing existing variable 'response' with new value: response
23:25:21.496 [main] INFO  com.intuit.karate - [print] 

 {
  "amount": 190.0,
  "currency": "USD",
  "id": "txn216",
  "name": "Paula",
  "title": "Invoice",
  "timestamp": "2024-05-16T09:50:00Z"
}
 

 
23:25:21.497 [main] INFO  com.intuit.karate - [print] transaction.transactionId =  txn216 
23:25:21.500 [main] DEBUG c.intuit.karate.core.ScenarioEngine - over-writing existing variable 'transaction' with new value: __arg.transaction
23:25:21.501 [main] DEBUG com.intuit.karate - request:
1 > GET https://vx5846dgdj.execute-api.us-east-1.amazonaws.com/dev/transactions/txn217
1 > Host: vx5846dgdj.execute-api.us-east-1.amazonaws.com
1 > Connection: Keep-Alive
1 > User-Agent: Apache-HttpClient/4.5.14 (Java/23.0.1)
1 > Accept-Encoding: gzip,deflate


23:25:21.636 [main] DEBUG com.intuit.karate - response time in milliseconds: 135
1 < 200
1 < Date: Wed, 21 May 2025 03:25:21 GMT
1 < Content-Type: application/json
1 < Content-Length: 125
1 < Connection: keep-alive
1 < Apigw-Requestid: K5ghUjDYIAMEZYw=
{"amount": 110.0, "currency": "USD", "id": "txn217", "name": "Quinn", "title": "Refund", "timestamp": "2024-05-17T13:40:00Z"}

23:25:21.637 [main] DEBUG c.intuit.karate.core.ScenarioEngine - over-writing existing variable 'response' with new value: response
23:25:21.637 [main] INFO  com.intuit.karate - [print] 

 {
  "amount": 110.0,
  "currency": "USD",
  "id": "txn217",
  "name": "Quinn",
  "title": "Refund",
  "timestamp": "2024-05-17T13:40:00Z"
}
 

 
23:25:21.638 [main] INFO  com.intuit.karate - [print] transaction.transactionId =  txn217 
23:25:21.640 [main] DEBUG c.intuit.karate.core.ScenarioEngine - over-writing existing variable 'transaction' with new value: __arg.transaction
23:25:21.641 [main] DEBUG com.intuit.karate - request:
1 > GET https://vx5846dgdj.execute-api.us-east-1.amazonaws.com/dev/transactions/txn218
1 > Host: vx5846dgdj.execute-api.us-east-1.amazonaws.com
1 > Connection: Keep-Alive
1 > User-Agent: Apache-HttpClient/4.5.14 (Java/23.0.1)
1 > Accept-Encoding: gzip,deflate


23:25:21.798 [main] DEBUG com.intuit.karate - response time in milliseconds: 156
1 < 200
1 < Date: Wed, 21 May 2025 03:25:21 GMT
1 < Content-Type: application/json
1 < Content-Length: 127
1 < Connection: keep-alive
1 < Apigw-Requestid: K5ghWjAZoAMEPNw=
{"amount": 210.0, "currency": "USD", "id": "txn218", "name": "Rachel", "title": "Payment", "timestamp": "2024-05-18T15:15:00Z"}

23:25:21.798 [main] DEBUG c.intuit.karate.core.ScenarioEngine - over-writing existing variable 'response' with new value: response
23:25:21.799 [main] INFO  com.intuit.karate - [print] 

 {
  "amount": 210.0,
  "currency": "USD",
  "id": "txn218",
  "name": "Rachel",
  "title": "Payment",
  "timestamp": "2024-05-18T15:15:00Z"
}
 

 
23:25:21.799 [main] INFO  com.intuit.karate - [print] transaction.transactionId =  txn218 
23:25:21.802 [main] DEBUG c.intuit.karate.core.ScenarioEngine - over-writing existing variable 'transaction' with new value: __arg.transaction
23:25:21.803 [main] DEBUG com.intuit.karate - request:
1 > GET https://vx5846dgdj.execute-api.us-east-1.amazonaws.com/dev/transactions/txn219
1 > Host: vx5846dgdj.execute-api.us-east-1.amazonaws.com
1 > Connection: Keep-Alive
1 > User-Agent: Apache-HttpClient/4.5.14 (Java/23.0.1)
1 > Accept-Encoding: gzip,deflate


23:25:21.976 [main] DEBUG com.intuit.karate - response time in milliseconds: 171
1 < 200
1 < Date: Wed, 21 May 2025 03:25:22 GMT
1 < Content-Type: application/json
1 < Content-Length: 126
1 < Connection: keep-alive
1 < Apigw-Requestid: K5ghYhJBIAMEPHw=
{"amount": 270.0, "currency": "USD", "id": "txn219", "name": "Steve", "title": "Invoice", "timestamp": "2024-05-19T16:25:00Z"}

23:25:21.977 [main] DEBUG c.intuit.karate.core.ScenarioEngine - over-writing existing variable 'response' with new value: response
23:25:21.977 [main] INFO  com.intuit.karate - [print] 

 {
  "amount": 270.0,
  "currency": "USD",
  "id": "txn219",
  "name": "Steve",
  "title": "Invoice",
  "timestamp": "2024-05-19T16:25:00Z"
}
 

 
23:25:21.977 [main] INFO  com.intuit.karate - [print] transaction.transactionId =  txn219 
23:25:21.981 [main] DEBUG c.intuit.karate.core.ScenarioEngine - over-writing existing variable 'transaction' with new value: __arg.transaction
23:25:21.982 [main] DEBUG com.intuit.karate - request:
1 > GET https://vx5846dgdj.execute-api.us-east-1.amazonaws.com/dev/transactions/txn220
1 > Host: vx5846dgdj.execute-api.us-east-1.amazonaws.com
1 > Connection: Keep-Alive
1 > User-Agent: Apache-HttpClient/4.5.14 (Java/23.0.1)
1 > Accept-Encoding: gzip,deflate


23:25:22.098 [main] DEBUG com.intuit.karate - response time in milliseconds: 115
1 < 200
1 < Date: Wed, 21 May 2025 03:25:22 GMT
1 < Content-Type: application/json
1 < Content-Length: 124
1 < Connection: keep-alive
1 < Apigw-Requestid: K5ghZjxOIAMEZsw=
{"amount": 170.0, "currency": "USD", "id": "txn220", "name": "Tina", "title": "Refund", "timestamp": "2024-05-20T12:05:00Z"}

23:25:22.098 [main] DEBUG c.intuit.karate.core.ScenarioEngine - over-writing existing variable 'response' with new value: response
23:25:22.099 [main] INFO  com.intuit.karate - [print] 

 {
  "amount": 170.0,
  "currency": "USD",
  "id": "txn220",
  "name": "Tina",
  "title": "Refund",
  "timestamp": "2024-05-20T12:05:00Z"
}
 

 
23:25:22.099 [main] INFO  com.intuit.karate - [print] transaction.transactionId =  txn220 
23:25:22.102 [main] DEBUG c.intuit.karate.core.ScenarioEngine - over-writing existing variable 'transaction' with new value: __arg.transaction
23:25:22.103 [main] DEBUG com.intuit.karate - request:
1 > GET https://vx5846dgdj.execute-api.us-east-1.amazonaws.com/dev/transactions/txn221
1 > Host: vx5846dgdj.execute-api.us-east-1.amazonaws.com
1 > Connection: Keep-Alive
1 > User-Agent: Apache-HttpClient/4.5.14 (Java/23.0.1)
1 > Accept-Encoding: gzip,deflate


23:25:22.253 [main] DEBUG com.intuit.karate - response time in milliseconds: 149
1 < 200
1 < Date: Wed, 21 May 2025 03:25:22 GMT
1 < Content-Type: application/json
1 < Content-Length: 124
1 < Connection: keep-alive
1 < Apigw-Requestid: K5ghaj3PoAMEZoA=
{"amount": 310.0, "currency": "USD", "id": "txn221", "name": "Uma", "title": "Payment", "timestamp": "2024-05-21T08:10:00Z"}

23:25:22.254 [main] DEBUG c.intuit.karate.core.ScenarioEngine - over-writing existing variable 'response' with new value: response
23:25:22.254 [main] INFO  com.intuit.karate - [print] 

 {
  "amount": 310.0,
  "currency": "USD",
  "id": "txn221",
  "name": "Uma",
  "title": "Payment",
  "timestamp": "2024-05-21T08:10:00Z"
}
 

 
23:25:22.254 [main] INFO  com.intuit.karate - [print] transaction.transactionId =  txn221 
23:25:22.257 [main] DEBUG c.intuit.karate.core.ScenarioEngine - over-writing existing variable 'transaction' with new value: __arg.transaction
23:25:22.258 [main] DEBUG com.intuit.karate - request:
1 > GET https://vx5846dgdj.execute-api.us-east-1.amazonaws.com/dev/transactions/txn222
1 > Host: vx5846dgdj.execute-api.us-east-1.amazonaws.com
1 > Connection: Keep-Alive
1 > User-Agent: Apache-HttpClient/4.5.14 (Java/23.0.1)
1 > Accept-Encoding: gzip,deflate


23:25:22.394 [main] DEBUG com.intuit.karate - response time in milliseconds: 135
1 < 200
1 < Date: Wed, 21 May 2025 03:25:22 GMT
1 < Content-Type: application/json
1 < Content-Length: 127
1 < Connection: keep-alive
1 < Apigw-Requestid: K5ghcjr_IAMEZQg=
{"amount": 135.0, "currency": "USD", "id": "txn222", "name": "Victor", "title": "Invoice", "timestamp": "2024-05-22T11:45:00Z"}

23:25:22.395 [main] DEBUG c.intuit.karate.core.ScenarioEngine - over-writing existing variable 'response' with new value: response
23:25:22.395 [main] INFO  com.intuit.karate - [print] 

 {
  "amount": 135.0,
  "currency": "USD",
  "id": "txn222",
  "name": "Victor",
  "title": "Invoice",
  "timestamp": "2024-05-22T11:45:00Z"
}
 

 
23:25:22.395 [main] INFO  com.intuit.karate - [print] transaction.transactionId =  txn222 
23:25:22.398 [main] DEBUG c.intuit.karate.core.ScenarioEngine - over-writing existing variable 'transaction' with new value: __arg.transaction
23:25:22.399 [main] DEBUG com.intuit.karate - request:
1 > GET https://vx5846dgdj.execute-api.us-east-1.amazonaws.com/dev/transactions/txn223
1 > Host: vx5846dgdj.execute-api.us-east-1.amazonaws.com
1 > Connection: Keep-Alive
1 > User-Agent: Apache-HttpClient/4.5.14 (Java/23.0.1)
1 > Accept-Encoding: gzip,deflate


23:25:22.535 [main] DEBUG com.intuit.karate - response time in milliseconds: 135
1 < 200
1 < Date: Wed, 21 May 2025 03:25:22 GMT
1 < Content-Type: application/json
1 < Content-Length: 125
1 < Connection: keep-alive
1 < Apigw-Requestid: K5ghdil-IAMEPLw=
{"amount": 145.0, "currency": "USD", "id": "txn223", "name": "Wendy", "title": "Refund", "timestamp": "2024-05-23T13:30:00Z"}

23:25:22.535 [main] DEBUG c.intuit.karate.core.ScenarioEngine - over-writing existing variable 'response' with new value: response
23:25:22.536 [main] INFO  com.intuit.karate - [print] 

 {
  "amount": 145.0,
  "currency": "USD",
  "id": "txn223",
  "name": "Wendy",
  "title": "Refund",
  "timestamp": "2024-05-23T13:30:00Z"
}
 

 
23:25:22.536 [main] INFO  com.intuit.karate - [print] transaction.transactionId =  txn223 
23:25:22.539 [main] DEBUG c.intuit.karate.core.ScenarioEngine - over-writing existing variable 'transaction' with new value: __arg.transaction
23:25:22.540 [main] DEBUG com.intuit.karate - request:
1 > GET https://vx5846dgdj.execute-api.us-east-1.amazonaws.com/dev/transactions/txn224
1 > Host: vx5846dgdj.execute-api.us-east-1.amazonaws.com
1 > Connection: Keep-Alive
1 > User-Agent: Apache-HttpClient/4.5.14 (Java/23.0.1)
1 > Accept-Encoding: gzip,deflate


23:25:22.676 [main] DEBUG com.intuit.karate - response time in milliseconds: 135
1 < 200
1 < Date: Wed, 21 May 2025 03:25:22 GMT
1 < Content-Type: application/json
1 < Content-Length: 127
1 < Connection: keep-alive
1 < Apigw-Requestid: K5ghfhNvIAMEPUA=
{"amount": 295.0, "currency": "USD", "id": "txn224", "name": "Xander", "title": "Payment", "timestamp": "2024-05-24T10:50:00Z"}

23:25:22.676 [main] DEBUG c.intuit.karate.core.ScenarioEngine - over-writing existing variable 'response' with new value: response
23:25:22.676 [main] INFO  com.intuit.karate - [print] 

 {
  "amount": 295.0,
  "currency": "USD",
  "id": "txn224",
  "name": "Xander",
  "title": "Payment",
  "timestamp": "2024-05-24T10:50:00Z"
}
 

 
23:25:22.677 [main] INFO  com.intuit.karate - [print] transaction.transactionId =  txn224 
23:25:22.680 [main] DEBUG c.intuit.karate.core.ScenarioEngine - over-writing existing variable 'transaction' with new value: __arg.transaction
23:25:22.680 [main] DEBUG com.intuit.karate - request:
1 > GET https://vx5846dgdj.execute-api.us-east-1.amazonaws.com/dev/transactions/txn225
1 > Host: vx5846dgdj.execute-api.us-east-1.amazonaws.com
1 > Connection: Keep-Alive
1 > User-Agent: Apache-HttpClient/4.5.14 (Java/23.0.1)
1 > Accept-Encoding: gzip,deflate


23:25:22.815 [main] DEBUG com.intuit.karate - response time in milliseconds: 134
1 < 200
1 < Date: Wed, 21 May 2025 03:25:22 GMT
1 < Content-Type: application/json
1 < Content-Length: 125
1 < Connection: keep-alive
1 < Apigw-Requestid: K5ghgiQjIAMEPeg=
{"amount": 275.0, "currency": "USD", "id": "txn225", "name": "Yara", "title": "Invoice", "timestamp": "2024-05-25T09:15:00Z"}

23:25:22.816 [main] DEBUG c.intuit.karate.core.ScenarioEngine - over-writing existing variable 'response' with new value: response
23:25:22.816 [main] INFO  com.intuit.karate - [print] 

 {
  "amount": 275.0,
  "currency": "USD",
  "id": "txn225",
  "name": "Yara",
  "title": "Invoice",
  "timestamp": "2024-05-25T09:15:00Z"
}
 

 
23:25:22.817 [main] INFO  com.intuit.karate - [print] transaction.transactionId =  txn225 
---------------------------------------------------------
feature: classpath:tests/transactions/04-get-transactions-by-id.feature
scenarios:  1 | passed:  1 | failed:  0 | time: 3.7587
---------------------------------------------------------

23:25:23.211 [main] INFO  com.intuit.karate.Suite - <<pass>> feature 1 of 1 (0 remaining) classpath:tests/transactions/04-get-transactions-by-id.feature
Karate version: 1.5.1
======================================================
elapsed:   4.16 | threads:    1 | thread time: 3.76 
features:     1 | skipped:    0 | efficiency: 0.90
scenarios:    1 | passed:     1 | failed: 0
======================================================

HTML report: (paste into browser to view) | Karate version: 1.5.1
file:///Users/edls/NetBeansProjects/transaction-api/target/karate-reports/karate-summary.html
===================================================================

]]></system-out>
  </testcase>
  <testcase name="getTransactionsByIdBad" classname="tests.ParallelRunnerTest" time="0.427">
    <system-out><![CDATA[23:25:23.252 [main] DEBUG com.intuit.karate.Suite - [config] classpath:karate-config.js
23:25:23.253 [main] INFO  com.intuit.karate.Suite - backed up existing 'target/karate-reports' dir to: target/karate-reports_1747797923252
23:25:23.255 [main] INFO  com.intuit.karate - karate.env system property was: null 
23:25:23.259 [main] DEBUG c.intuit.karate.core.ScenarioEngine - over-writing existing variable 'transaction' with new value: __arg.transaction
23:25:23.260 [main] DEBUG com.intuit.karate - request:
1 > GET https://vx5846dgdj.execute-api.us-east-1.amazonaws.com/dev/transactions/txn2001xxx
1 > Content-Type: application/json; charset=UTF-8
1 > Content-Length: 128
1 > Host: vx5846dgdj.execute-api.us-east-1.amazonaws.com
1 > Connection: Keep-Alive
1 > User-Agent: Apache-HttpClient/4.5.14 (Java/23.0.1)
1 > Accept-Encoding: gzip,deflate
{"transactionId":"txn2001xxx","name":"Alice","title":"Payment","amount":555,"currency":"USD","timestamp":"2024-05-01T10:00:00Z"}

23:25:23.415 [main] DEBUG com.intuit.karate - response time in milliseconds: 154
1 < 404
1 < Date: Wed, 21 May 2025 03:25:23 GMT
1 < Content-Type: application/json
1 < Content-Length: 56
1 < Connection: close
1 < Apigw-Requestid: K5ghmhGLIAMEZ4Q=
{"message": "Transaction not found", "id": "txn2001xxx"}

23:25:23.418 [main] DEBUG c.intuit.karate.core.ScenarioEngine - over-writing existing variable 'transaction' with new value: __arg.transaction
23:25:23.419 [main] DEBUG com.intuit.karate - request:
1 > GET https://vx5846dgdj.execute-api.us-east-1.amazonaws.com/dev/transactions/txn2002xxx
1 > Content-Type: application/json; charset=UTF-8
1 > Content-Length: 126
1 > Host: vx5846dgdj.execute-api.us-east-1.amazonaws.com
1 > Connection: Keep-Alive
1 > User-Agent: Apache-HttpClient/4.5.14 (Java/23.0.1)
1 > Accept-Encoding: gzip,deflate
{"transactionId":"txn2002xxx","name":"Bob","title":"Invoice","amount":666,"currency":"USD","timestamp":"2024-05-02T15:30:00Z"}

23:25:23.594 [main] DEBUG com.intuit.karate - response time in milliseconds: 175
1 < 404
1 < Date: Wed, 21 May 2025 03:25:23 GMT
1 < Content-Type: application/json
1 < Content-Length: 56
1 < Connection: close
1 < Apigw-Requestid: K5ghohMOoAMEPKw=
{"message": "Transaction not found", "id": "txn2002xxx"}

---------------------------------------------------------
feature: classpath:tests/transactions/05-get-transactions-by-id-bad.feature
scenarios:  1 | passed:  1 | failed:  0 | time: 0.3394
---------------------------------------------------------

23:25:23.652 [main] INFO  com.intuit.karate.Suite - <<pass>> feature 1 of 1 (0 remaining) classpath:tests/transactions/05-get-transactions-by-id-bad.feature
Karate version: 1.5.1
======================================================
elapsed:   0.40 | threads:    1 | thread time: 0.34 
features:     1 | skipped:    0 | efficiency: 0.85
scenarios:    1 | passed:     1 | failed: 0
======================================================

HTML report: (paste into browser to view) | Karate version: 1.5.1
file:///Users/edls/NetBeansProjects/transaction-api/target/karate-reports/karate-summary.html
===================================================================

]]></system-out>
  </testcase>
  <testcase name="updateTransactions" classname="tests.ParallelRunnerTest" time="6.391">
    <system-out><![CDATA[23:25:23.680 [main] DEBUG com.intuit.karate.Suite - [config] classpath:karate-config.js
23:25:23.680 [main] INFO  com.intuit.karate.Suite - backed up existing 'target/karate-reports' dir to: target/karate-reports_1747797923680
23:25:23.682 [main] INFO  com.intuit.karate - karate.env system property was: null 
23:25:23.688 [main] DEBUG c.intuit.karate.core.ScenarioEngine - over-writing existing variable 'transaction' with new value: __arg.transaction
23:25:23.691 [main] DEBUG c.intuit.karate.core.ScenarioEngine - over-writing existing variable 'transactionId' with new value: transaction.transactionId
23:25:23.695 [main] DEBUG com.intuit.karate - request:
1 > PUT https://vx5846dgdj.execute-api.us-east-1.amazonaws.com/dev/transactions/txn201
1 > Content-Type: application/json; charset=UTF-8
1 > Content-Length: 100
1 > Host: vx5846dgdj.execute-api.us-east-1.amazonaws.com
1 > Connection: Keep-Alive
1 > User-Agent: Apache-HttpClient/4.5.14 (Java/23.0.1)
1 > Accept-Encoding: gzip,deflate
{"name":"Alice","title":"Payment","amount":1100,"currency":"USD","timestamp":"2024-05-01T10:00:00Z"}

23:25:23.916 [main] DEBUG com.intuit.karate - response time in milliseconds: 220
1 < 200
1 < Date: Wed, 21 May 2025 03:25:24 GMT
1 < Content-Type: application/json
1 < Content-Length: 127
1 < Connection: keep-alive
1 < Apigw-Requestid: K5ghqj6PIAMEPPg=
{"amount": 1100.0, "currency": "USD", "id": "txn201", "name": "Alice", "timestamp": "2024-05-01T10:00:00Z", "title": "Payment"}

23:25:23.917 [main] DEBUG c.intuit.karate.core.ScenarioEngine - over-writing existing variable 'response' with new value: response
23:25:23.917 [main] INFO  com.intuit.karate - [print] 

 {
  "amount": 1100.0,
  "currency": "USD",
  "id": "txn201",
  "name": "Alice",
  "timestamp": "2024-05-01T10:00:00Z",
  "title": "Payment"
}
 

 
23:25:23.918 [main] INFO  com.intuit.karate - [print] transaction.transactionId =  txn201 
23:25:23.925 [main] DEBUG c.intuit.karate.core.ScenarioEngine - over-writing existing variable 'transaction' with new value: __arg.transaction
23:25:23.926 [main] DEBUG c.intuit.karate.core.ScenarioEngine - over-writing existing variable 'transactionId' with new value: transaction.transactionId
23:25:23.927 [main] DEBUG com.intuit.karate - request:
1 > PUT https://vx5846dgdj.execute-api.us-east-1.amazonaws.com/dev/transactions/txn202
1 > Content-Type: application/json; charset=UTF-8
1 > Content-Length: 98
1 > Host: vx5846dgdj.execute-api.us-east-1.amazonaws.com
1 > Connection: Keep-Alive
1 > User-Agent: Apache-HttpClient/4.5.14 (Java/23.0.1)
1 > Accept-Encoding: gzip,deflate
{"name":"Bob","title":"Invoice","amount":1200,"currency":"USD","timestamp":"2024-05-02T15:30:00Z"}

23:25:24.172 [main] DEBUG com.intuit.karate - response time in milliseconds: 245
1 < 200
1 < Date: Wed, 21 May 2025 03:25:24 GMT
1 < Content-Type: application/json
1 < Content-Length: 125
1 < Connection: keep-alive
1 < Apigw-Requestid: K5ghthRKIAMEPvA=
{"amount": 1200.0, "currency": "USD", "id": "txn202", "name": "Bob", "timestamp": "2024-05-02T15:30:00Z", "title": "Invoice"}

23:25:24.173 [main] DEBUG c.intuit.karate.core.ScenarioEngine - over-writing existing variable 'response' with new value: response
23:25:24.173 [main] INFO  com.intuit.karate - [print] 

 {
  "amount": 1200.0,
  "currency": "USD",
  "id": "txn202",
  "name": "Bob",
  "timestamp": "2024-05-02T15:30:00Z",
  "title": "Invoice"
}
 

 
23:25:24.173 [main] INFO  com.intuit.karate - [print] transaction.transactionId =  txn202 
23:25:24.177 [main] DEBUG c.intuit.karate.core.ScenarioEngine - over-writing existing variable 'transaction' with new value: __arg.transaction
23:25:24.177 [main] DEBUG c.intuit.karate.core.ScenarioEngine - over-writing existing variable 'transactionId' with new value: transaction.transactionId
23:25:24.178 [main] DEBUG com.intuit.karate - request:
1 > PUT https://vx5846dgdj.execute-api.us-east-1.amazonaws.com/dev/transactions/txn203
1 > Content-Type: application/json; charset=UTF-8
1 > Content-Length: 101
1 > Host: vx5846dgdj.execute-api.us-east-1.amazonaws.com
1 > Connection: Keep-Alive
1 > User-Agent: Apache-HttpClient/4.5.14 (Java/23.0.1)
1 > Accept-Encoding: gzip,deflate
{"name":"Charlie","title":"Refund","amount":1150,"currency":"USD","timestamp":"2024-05-03T09:45:00Z"}

23:25:24.453 [main] DEBUG com.intuit.karate - response time in milliseconds: 274
1 < 200
1 < Date: Wed, 21 May 2025 03:25:24 GMT
1 < Content-Type: application/json
1 < Content-Length: 128
1 < Connection: keep-alive
1 < Apigw-Requestid: K5ghvjwKoAMEZQg=
{"amount": 1150.0, "currency": "USD", "id": "txn203", "name": "Charlie", "timestamp": "2024-05-03T09:45:00Z", "title": "Refund"}

23:25:24.453 [main] DEBUG c.intuit.karate.core.ScenarioEngine - over-writing existing variable 'response' with new value: response
23:25:24.453 [main] INFO  com.intuit.karate - [print] 

 {
  "amount": 1150.0,
  "currency": "USD",
  "id": "txn203",
  "name": "Charlie",
  "timestamp": "2024-05-03T09:45:00Z",
  "title": "Refund"
}
 

 
23:25:24.454 [main] INFO  com.intuit.karate - [print] transaction.transactionId =  txn203 
23:25:24.457 [main] DEBUG c.intuit.karate.core.ScenarioEngine - over-writing existing variable 'transaction' with new value: __arg.transaction
23:25:24.458 [main] DEBUG c.intuit.karate.core.ScenarioEngine - over-writing existing variable 'transactionId' with new value: transaction.transactionId
23:25:24.458 [main] DEBUG com.intuit.karate - request:
1 > PUT https://vx5846dgdj.execute-api.us-east-1.amazonaws.com/dev/transactions/txn204
1 > Content-Type: application/json; charset=UTF-8
1 > Content-Length: 100
1 > Host: vx5846dgdj.execute-api.us-east-1.amazonaws.com
1 > Connection: Keep-Alive
1 > User-Agent: Apache-HttpClient/4.5.14 (Java/23.0.1)
1 > Accept-Encoding: gzip,deflate
{"name":"Diana","title":"Payment","amount":1250,"currency":"USD","timestamp":"2024-05-04T11:20:00Z"}

23:25:24.694 [main] DEBUG com.intuit.karate - response time in milliseconds: 235
1 < 200
1 < Date: Wed, 21 May 2025 03:25:24 GMT
1 < Content-Type: application/json
1 < Content-Length: 127
1 < Connection: keep-alive
1 < Apigw-Requestid: K5ghyhKEoAMEPGQ=
{"amount": 1250.0, "currency": "USD", "id": "txn204", "name": "Diana", "timestamp": "2024-05-04T11:20:00Z", "title": "Payment"}

23:25:24.694 [main] DEBUG c.intuit.karate.core.ScenarioEngine - over-writing existing variable 'response' with new value: response
23:25:24.694 [main] INFO  com.intuit.karate - [print] 

 {
  "amount": 1250.0,
  "currency": "USD",
  "id": "txn204",
  "name": "Diana",
  "timestamp": "2024-05-04T11:20:00Z",
  "title": "Payment"
}
 

 
23:25:24.695 [main] INFO  com.intuit.karate - [print] transaction.transactionId =  txn204 
23:25:24.698 [main] DEBUG c.intuit.karate.core.ScenarioEngine - over-writing existing variable 'transaction' with new value: __arg.transaction
23:25:24.699 [main] DEBUG c.intuit.karate.core.ScenarioEngine - over-writing existing variable 'transactionId' with new value: transaction.transactionId
23:25:24.700 [main] DEBUG com.intuit.karate - request:
1 > PUT https://vx5846dgdj.execute-api.us-east-1.amazonaws.com/dev/transactions/txn205
1 > Content-Type: application/json; charset=UTF-8
1 > Content-Length: 100
1 > Host: vx5846dgdj.execute-api.us-east-1.amazonaws.com
1 > Connection: Keep-Alive
1 > User-Agent: Apache-HttpClient/4.5.14 (Java/23.0.1)
1 > Accept-Encoding: gzip,deflate
{"name":"Ethan","title":"Invoice","amount":1300,"currency":"USD","timestamp":"2024-05-05T13:10:00Z"}

23:25:24.934 [main] DEBUG com.intuit.karate - response time in milliseconds: 233
1 < 200
1 < Date: Wed, 21 May 2025 03:25:25 GMT
1 < Content-Type: application/json
1 < Content-Length: 127
1 < Connection: keep-alive
1 < Apigw-Requestid: K5gh0i3tIAMEZiA=
{"amount": 1300.0, "currency": "USD", "id": "txn205", "name": "Ethan", "timestamp": "2024-05-05T13:10:00Z", "title": "Invoice"}

23:25:24.934 [main] DEBUG c.intuit.karate.core.ScenarioEngine - over-writing existing variable 'response' with new value: response
23:25:24.935 [main] INFO  com.intuit.karate - [print] 

 {
  "amount": 1300.0,
  "currency": "USD",
  "id": "txn205",
  "name": "Ethan",
  "timestamp": "2024-05-05T13:10:00Z",
  "title": "Invoice"
}
 

 
23:25:24.935 [main] INFO  com.intuit.karate - [print] transaction.transactionId =  txn205 
23:25:24.938 [main] DEBUG c.intuit.karate.core.ScenarioEngine - over-writing existing variable 'transaction' with new value: __arg.transaction
23:25:24.939 [main] DEBUG c.intuit.karate.core.ScenarioEngine - over-writing existing variable 'transactionId' with new value: transaction.transactionId
23:25:24.940 [main] DEBUG com.intuit.karate - request:
1 > PUT https://vx5846dgdj.execute-api.us-east-1.amazonaws.com/dev/transactions/txn206
1 > Content-Type: application/json; charset=UTF-8
1 > Content-Length: 100
1 > Host: vx5846dgdj.execute-api.us-east-1.amazonaws.com
1 > Connection: Keep-Alive
1 > User-Agent: Apache-HttpClient/4.5.14 (Java/23.0.1)
1 > Accept-Encoding: gzip,deflate
{"name":"Fiona","title":"Payment","amount":1120,"currency":"USD","timestamp":"2024-05-06T14:00:00Z"}

23:25:25.155 [main] DEBUG com.intuit.karate - response time in milliseconds: 214
1 < 200
1 < Date: Wed, 21 May 2025 03:25:25 GMT
1 < Content-Type: application/json
1 < Content-Length: 127
1 < Connection: keep-alive
1 < Apigw-Requestid: K5gh3j9AIAMEPPg=
{"amount": 1120.0, "currency": "USD", "id": "txn206", "name": "Fiona", "timestamp": "2024-05-06T14:00:00Z", "title": "Payment"}

23:25:25.155 [main] DEBUG c.intuit.karate.core.ScenarioEngine - over-writing existing variable 'response' with new value: response
23:25:25.155 [main] INFO  com.intuit.karate - [print] 

 {
  "amount": 1120.0,
  "currency": "USD",
  "id": "txn206",
  "name": "Fiona",
  "timestamp": "2024-05-06T14:00:00Z",
  "title": "Payment"
}
 

 
23:25:25.155 [main] INFO  com.intuit.karate - [print] transaction.transactionId =  txn206 
23:25:25.159 [main] DEBUG c.intuit.karate.core.ScenarioEngine - over-writing existing variable 'transaction' with new value: __arg.transaction
23:25:25.159 [main] DEBUG c.intuit.karate.core.ScenarioEngine - over-writing existing variable 'transactionId' with new value: transaction.transactionId
23:25:25.160 [main] DEBUG com.intuit.karate - request:
1 > PUT https://vx5846dgdj.execute-api.us-east-1.amazonaws.com/dev/transactions/txn207
1 > Content-Type: application/json; charset=UTF-8
1 > Content-Length: 100
1 > Host: vx5846dgdj.execute-api.us-east-1.amazonaws.com
1 > Connection: Keep-Alive
1 > User-Agent: Apache-HttpClient/4.5.14 (Java/23.0.1)
1 > Accept-Encoding: gzip,deflate
{"name":"George","title":"Refund","amount":1180,"currency":"USD","timestamp":"2024-05-07T16:00:00Z"}

23:25:25.377 [main] DEBUG com.intuit.karate - response time in milliseconds: 216
1 < 200
1 < Date: Wed, 21 May 2025 03:25:25 GMT
1 < Content-Type: application/json
1 < Content-Length: 127
1 < Connection: keep-alive
1 < Apigw-Requestid: K5gh5hguIAMEZlg=
{"amount": 1180.0, "currency": "USD", "id": "txn207", "name": "George", "timestamp": "2024-05-07T16:00:00Z", "title": "Refund"}

23:25:25.377 [main] DEBUG c.intuit.karate.core.ScenarioEngine - over-writing existing variable 'response' with new value: response
23:25:25.378 [main] INFO  com.intuit.karate - [print] 

 {
  "amount": 1180.0,
  "currency": "USD",
  "id": "txn207",
  "name": "George",
  "timestamp": "2024-05-07T16:00:00Z",
  "title": "Refund"
}
 

 
23:25:25.378 [main] INFO  com.intuit.karate - [print] transaction.transactionId =  txn207 
23:25:25.381 [main] DEBUG c.intuit.karate.core.ScenarioEngine - over-writing existing variable 'transaction' with new value: __arg.transaction
23:25:25.382 [main] DEBUG c.intuit.karate.core.ScenarioEngine - over-writing existing variable 'transactionId' with new value: transaction.transactionId
23:25:25.382 [main] DEBUG com.intuit.karate - request:
1 > PUT https://vx5846dgdj.execute-api.us-east-1.amazonaws.com/dev/transactions/txn208
1 > Content-Type: application/json; charset=UTF-8
1 > Content-Length: 101
1 > Host: vx5846dgdj.execute-api.us-east-1.amazonaws.com
1 > Connection: Keep-Alive
1 > User-Agent: Apache-HttpClient/4.5.14 (Java/23.0.1)
1 > Accept-Encoding: gzip,deflate
{"name":"Hannah","title":"Invoice","amount":1220,"currency":"USD","timestamp":"2024-05-08T10:15:00Z"}

23:25:25.614 [main] DEBUG com.intuit.karate - response time in milliseconds: 232
1 < 200
1 < Date: Wed, 21 May 2025 03:25:25 GMT
1 < Content-Type: application/json
1 < Content-Length: 128
1 < Connection: keep-alive
1 < Apigw-Requestid: K5gh7j-HIAMEPhQ=
{"amount": 1220.0, "currency": "USD", "id": "txn208", "name": "Hannah", "timestamp": "2024-05-08T10:15:00Z", "title": "Invoice"}

23:25:25.615 [main] DEBUG c.intuit.karate.core.ScenarioEngine - over-writing existing variable 'response' with new value: response
23:25:25.615 [main] INFO  com.intuit.karate - [print] 

 {
  "amount": 1220.0,
  "currency": "USD",
  "id": "txn208",
  "name": "Hannah",
  "timestamp": "2024-05-08T10:15:00Z",
  "title": "Invoice"
}
 

 
23:25:25.615 [main] INFO  com.intuit.karate - [print] transaction.transactionId =  txn208 
23:25:25.619 [main] DEBUG c.intuit.karate.core.ScenarioEngine - over-writing existing variable 'transaction' with new value: __arg.transaction
23:25:25.620 [main] DEBUG c.intuit.karate.core.ScenarioEngine - over-writing existing variable 'transactionId' with new value: transaction.transactionId
23:25:25.620 [main] DEBUG com.intuit.karate - request:
1 > PUT https://vx5846dgdj.execute-api.us-east-1.amazonaws.com/dev/transactions/txn209
1 > Content-Type: application/json; charset=UTF-8
1 > Content-Length: 98
1 > Host: vx5846dgdj.execute-api.us-east-1.amazonaws.com
1 > Connection: Keep-Alive
1 > User-Agent: Apache-HttpClient/4.5.14 (Java/23.0.1)
1 > Accept-Encoding: gzip,deflate
{"name":"Ian","title":"Payment","amount":1140,"currency":"USD","timestamp":"2024-05-09T09:00:00Z"}

23:25:25.855 [main] DEBUG com.intuit.karate - response time in milliseconds: 235
1 < 200
1 < Date: Wed, 21 May 2025 03:25:25 GMT
1 < Content-Type: application/json
1 < Content-Length: 125
1 < Connection: keep-alive
1 < Apigw-Requestid: K5gh-hKroAMEP9w=
{"amount": 1140.0, "currency": "USD", "id": "txn209", "name": "Ian", "timestamp": "2024-05-09T09:00:00Z", "title": "Payment"}

23:25:25.856 [main] DEBUG c.intuit.karate.core.ScenarioEngine - over-writing existing variable 'response' with new value: response
23:25:25.856 [main] INFO  com.intuit.karate - [print] 

 {
  "amount": 1140.0,
  "currency": "USD",
  "id": "txn209",
  "name": "Ian",
  "timestamp": "2024-05-09T09:00:00Z",
  "title": "Payment"
}
 

 
23:25:25.857 [main] INFO  com.intuit.karate - [print] transaction.transactionId =  txn209 
23:25:25.860 [main] DEBUG c.intuit.karate.core.ScenarioEngine - over-writing existing variable 'transaction' with new value: __arg.transaction
23:25:25.861 [main] DEBUG c.intuit.karate.core.ScenarioEngine - over-writing existing variable 'transactionId' with new value: transaction.transactionId
23:25:25.861 [main] DEBUG com.intuit.karate - request:
1 > PUT https://vx5846dgdj.execute-api.us-east-1.amazonaws.com/dev/transactions/txn210
1 > Content-Type: application/json; charset=UTF-8
1 > Content-Length: 98
1 > Host: vx5846dgdj.execute-api.us-east-1.amazonaws.com
1 > Connection: Keep-Alive
1 > User-Agent: Apache-HttpClient/4.5.14 (Java/23.0.1)
1 > Accept-Encoding: gzip,deflate
{"name":"Jill","title":"Refund","amount":1160,"currency":"USD","timestamp":"2024-05-10T12:00:00Z"}

23:25:26.075 [main] DEBUG com.intuit.karate - response time in milliseconds: 213
1 < 200
1 < Date: Wed, 21 May 2025 03:25:26 GMT
1 < Content-Type: application/json
1 < Content-Length: 125
1 < Connection: keep-alive
1 < Apigw-Requestid: K5giAiSDIAMEPOA=
{"amount": 1160.0, "currency": "USD", "id": "txn210", "name": "Jill", "timestamp": "2024-05-10T12:00:00Z", "title": "Refund"}

23:25:26.075 [main] DEBUG c.intuit.karate.core.ScenarioEngine - over-writing existing variable 'response' with new value: response
23:25:26.075 [main] INFO  com.intuit.karate - [print] 

 {
  "amount": 1160.0,
  "currency": "USD",
  "id": "txn210",
  "name": "Jill",
  "timestamp": "2024-05-10T12:00:00Z",
  "title": "Refund"
}
 

 
23:25:26.075 [main] INFO  com.intuit.karate - [print] transaction.transactionId =  txn210 
23:25:26.079 [main] DEBUG c.intuit.karate.core.ScenarioEngine - over-writing existing variable 'transaction' with new value: __arg.transaction
23:25:26.080 [main] DEBUG c.intuit.karate.core.ScenarioEngine - over-writing existing variable 'transactionId' with new value: transaction.transactionId
23:25:26.080 [main] DEBUG com.intuit.karate - request:
1 > PUT https://vx5846dgdj.execute-api.us-east-1.amazonaws.com/dev/transactions/txn211
1 > Content-Type: application/json; charset=UTF-8
1 > Content-Length: 100
1 > Host: vx5846dgdj.execute-api.us-east-1.amazonaws.com
1 > Connection: Keep-Alive
1 > User-Agent: Apache-HttpClient/4.5.14 (Java/23.0.1)
1 > Accept-Encoding: gzip,deflate
{"name":"Kevin","title":"Invoice","amount":1240,"currency":"USD","timestamp":"2024-05-11T11:30:00Z"}

23:25:26.295 [main] DEBUG com.intuit.karate - response time in milliseconds: 214
1 < 200
1 < Date: Wed, 21 May 2025 03:25:26 GMT
1 < Content-Type: application/json
1 < Content-Length: 127
1 < Connection: keep-alive
1 < Apigw-Requestid: K5giCiZoIAMEZdg=
{"amount": 1240.0, "currency": "USD", "id": "txn211", "name": "Kevin", "timestamp": "2024-05-11T11:30:00Z", "title": "Invoice"}

23:25:26.295 [main] DEBUG c.intuit.karate.core.ScenarioEngine - over-writing existing variable 'response' with new value: response
23:25:26.296 [main] INFO  com.intuit.karate - [print] 

 {
  "amount": 1240.0,
  "currency": "USD",
  "id": "txn211",
  "name": "Kevin",
  "timestamp": "2024-05-11T11:30:00Z",
  "title": "Invoice"
}
 

 
23:25:26.296 [main] INFO  com.intuit.karate - [print] transaction.transactionId =  txn211 
23:25:26.299 [main] DEBUG c.intuit.karate.core.ScenarioEngine - over-writing existing variable 'transaction' with new value: __arg.transaction
23:25:26.299 [main] DEBUG c.intuit.karate.core.ScenarioEngine - over-writing existing variable 'transactionId' with new value: transaction.transactionId
23:25:26.300 [main] DEBUG com.intuit.karate - request:
1 > PUT https://vx5846dgdj.execute-api.us-east-1.amazonaws.com/dev/transactions/txn212
1 > Content-Type: application/json; charset=UTF-8
1 > Content-Length: 99
1 > Host: vx5846dgdj.execute-api.us-east-1.amazonaws.com
1 > Connection: Keep-Alive
1 > User-Agent: Apache-HttpClient/4.5.14 (Java/23.0.1)
1 > Accept-Encoding: gzip,deflate
{"name":"Lena","title":"Payment","amount":1260,"currency":"USD","timestamp":"2024-05-12T08:00:00Z"}

23:25:26.534 [main] DEBUG com.intuit.karate - response time in milliseconds: 234
1 < 200
1 < Date: Wed, 21 May 2025 03:25:26 GMT
1 < Content-Type: application/json
1 < Content-Length: 126
1 < Connection: keep-alive
1 < Apigw-Requestid: K5giEhMjIAMEZTg=
{"amount": 1260.0, "currency": "USD", "id": "txn212", "name": "Lena", "timestamp": "2024-05-12T08:00:00Z", "title": "Payment"}

23:25:26.535 [main] DEBUG c.intuit.karate.core.ScenarioEngine - over-writing existing variable 'response' with new value: response
23:25:26.535 [main] INFO  com.intuit.karate - [print] 

 {
  "amount": 1260.0,
  "currency": "USD",
  "id": "txn212",
  "name": "Lena",
  "timestamp": "2024-05-12T08:00:00Z",
  "title": "Payment"
}
 

 
23:25:26.536 [main] INFO  com.intuit.karate - [print] transaction.transactionId =  txn212 
23:25:26.539 [main] DEBUG c.intuit.karate.core.ScenarioEngine - over-writing existing variable 'transaction' with new value: __arg.transaction
23:25:26.539 [main] DEBUG c.intuit.karate.core.ScenarioEngine - over-writing existing variable 'transactionId' with new value: transaction.transactionId
23:25:26.540 [main] DEBUG com.intuit.karate - request:
1 > PUT https://vx5846dgdj.execute-api.us-east-1.amazonaws.com/dev/transactions/txn213
1 > Content-Type: application/json; charset=UTF-8
1 > Content-Length: 99
1 > Host: vx5846dgdj.execute-api.us-east-1.amazonaws.com
1 > Connection: Keep-Alive
1 > User-Agent: Apache-HttpClient/4.5.14 (Java/23.0.1)
1 > Accept-Encoding: gzip,deflate
{"name":"Mike","title":"Invoice","amount":1300,"currency":"USD","timestamp":"2024-05-13T17:00:00Z"}

23:25:26.793 [main] DEBUG com.intuit.karate - response time in milliseconds: 253
1 < 200
1 < Date: Wed, 21 May 2025 03:25:26 GMT
1 < Content-Type: application/json
1 < Content-Length: 126
1 < Connection: keep-alive
1 < Apigw-Requestid: K5giHgGZIAMEZxA=
{"amount": 1300.0, "currency": "USD", "id": "txn213", "name": "Mike", "timestamp": "2024-05-13T17:00:00Z", "title": "Invoice"}

23:25:26.794 [main] DEBUG c.intuit.karate.core.ScenarioEngine - over-writing existing variable 'response' with new value: response
23:25:26.794 [main] INFO  com.intuit.karate - [print] 

 {
  "amount": 1300.0,
  "currency": "USD",
  "id": "txn213",
  "name": "Mike",
  "timestamp": "2024-05-13T17:00:00Z",
  "title": "Invoice"
}
 

 
23:25:26.794 [main] INFO  com.intuit.karate - [print] transaction.transactionId =  txn213 
23:25:26.797 [main] DEBUG c.intuit.karate.core.ScenarioEngine - over-writing existing variable 'transaction' with new value: __arg.transaction
23:25:26.798 [main] DEBUG c.intuit.karate.core.ScenarioEngine - over-writing existing variable 'transactionId' with new value: transaction.transactionId
23:25:26.798 [main] DEBUG com.intuit.karate - request:
1 > PUT https://vx5846dgdj.execute-api.us-east-1.amazonaws.com/dev/transactions/txn214
1 > Content-Type: application/json; charset=UTF-8
1 > Content-Length: 98
1 > Host: vx5846dgdj.execute-api.us-east-1.amazonaws.com
1 > Connection: Keep-Alive
1 > User-Agent: Apache-HttpClient/4.5.14 (Java/23.0.1)
1 > Accept-Encoding: gzip,deflate
{"name":"Nina","title":"Refund","amount":1130,"currency":"USD","timestamp":"2024-05-14T14:30:00Z"}

23:25:27.034 [main] DEBUG com.intuit.karate - response time in milliseconds: 235
1 < 200
1 < Date: Wed, 21 May 2025 03:25:27 GMT
1 < Content-Type: application/json
1 < Content-Length: 125
1 < Connection: keep-alive
1 < Apigw-Requestid: K5giJir6oAMEZqA=
{"amount": 1130.0, "currency": "USD", "id": "txn214", "name": "Nina", "timestamp": "2024-05-14T14:30:00Z", "title": "Refund"}

23:25:27.034 [main] DEBUG c.intuit.karate.core.ScenarioEngine - over-writing existing variable 'response' with new value: response
23:25:27.035 [main] INFO  com.intuit.karate - [print] 

 {
  "amount": 1130.0,
  "currency": "USD",
  "id": "txn214",
  "name": "Nina",
  "timestamp": "2024-05-14T14:30:00Z",
  "title": "Refund"
}
 

 
23:25:27.035 [main] INFO  com.intuit.karate - [print] transaction.transactionId =  txn214 
23:25:27.038 [main] DEBUG c.intuit.karate.core.ScenarioEngine - over-writing existing variable 'transaction' with new value: __arg.transaction
23:25:27.038 [main] DEBUG c.intuit.karate.core.ScenarioEngine - over-writing existing variable 'transactionId' with new value: transaction.transactionId
23:25:27.039 [main] DEBUG com.intuit.karate - request:
1 > PUT https://vx5846dgdj.execute-api.us-east-1.amazonaws.com/dev/transactions/txn215
1 > Content-Type: application/json; charset=UTF-8
1 > Content-Length: 99
1 > Host: vx5846dgdj.execute-api.us-east-1.amazonaws.com
1 > Connection: Keep-Alive
1 > User-Agent: Apache-HttpClient/4.5.14 (Java/23.0.1)
1 > Accept-Encoding: gzip,deflate
{"name":"Owen","title":"Payment","amount":1280,"currency":"USD","timestamp":"2024-05-15T10:20:00Z"}

23:25:27.273 [main] DEBUG com.intuit.karate - response time in milliseconds: 234
1 < 200
1 < Date: Wed, 21 May 2025 03:25:27 GMT
1 < Content-Type: application/json
1 < Content-Length: 126
1 < Connection: keep-alive
1 < Apigw-Requestid: K5giMg7MIAMEPKA=
{"amount": 1280.0, "currency": "USD", "id": "txn215", "name": "Owen", "timestamp": "2024-05-15T10:20:00Z", "title": "Payment"}

23:25:27.274 [main] DEBUG c.intuit.karate.core.ScenarioEngine - over-writing existing variable 'response' with new value: response
23:25:27.274 [main] INFO  com.intuit.karate - [print] 

 {
  "amount": 1280.0,
  "currency": "USD",
  "id": "txn215",
  "name": "Owen",
  "timestamp": "2024-05-15T10:20:00Z",
  "title": "Payment"
}
 

 
23:25:27.274 [main] INFO  com.intuit.karate - [print] transaction.transactionId =  txn215 
23:25:27.278 [main] DEBUG c.intuit.karate.core.ScenarioEngine - over-writing existing variable 'transaction' with new value: __arg.transaction
23:25:27.278 [main] DEBUG c.intuit.karate.core.ScenarioEngine - over-writing existing variable 'transactionId' with new value: transaction.transactionId
23:25:27.279 [main] DEBUG com.intuit.karate - request:
1 > PUT https://vx5846dgdj.execute-api.us-east-1.amazonaws.com/dev/transactions/txn216
1 > Content-Type: application/json; charset=UTF-8
1 > Content-Length: 100
1 > Host: vx5846dgdj.execute-api.us-east-1.amazonaws.com
1 > Connection: Keep-Alive
1 > User-Agent: Apache-HttpClient/4.5.14 (Java/23.0.1)
1 > Accept-Encoding: gzip,deflate
{"name":"Paula","title":"Invoice","amount":1190,"currency":"USD","timestamp":"2024-05-16T09:50:00Z"}

23:25:27.533 [main] DEBUG com.intuit.karate - response time in milliseconds: 254
1 < 200
1 < Date: Wed, 21 May 2025 03:25:27 GMT
1 < Content-Type: application/json
1 < Content-Length: 127
1 < Connection: keep-alive
1 < Apigw-Requestid: K5giOiQdIAMEZgw=
{"amount": 1190.0, "currency": "USD", "id": "txn216", "name": "Paula", "timestamp": "2024-05-16T09:50:00Z", "title": "Invoice"}

23:25:27.534 [main] DEBUG c.intuit.karate.core.ScenarioEngine - over-writing existing variable 'response' with new value: response
23:25:27.534 [main] INFO  com.intuit.karate - [print] 

 {
  "amount": 1190.0,
  "currency": "USD",
  "id": "txn216",
  "name": "Paula",
  "timestamp": "2024-05-16T09:50:00Z",
  "title": "Invoice"
}
 

 
23:25:27.534 [main] INFO  com.intuit.karate - [print] transaction.transactionId =  txn216 
23:25:27.537 [main] DEBUG c.intuit.karate.core.ScenarioEngine - over-writing existing variable 'transaction' with new value: __arg.transaction
23:25:27.537 [main] DEBUG c.intuit.karate.core.ScenarioEngine - over-writing existing variable 'transactionId' with new value: transaction.transactionId
23:25:27.538 [main] DEBUG com.intuit.karate - request:
1 > PUT https://vx5846dgdj.execute-api.us-east-1.amazonaws.com/dev/transactions/txn217
1 > Content-Type: application/json; charset=UTF-8
1 > Content-Length: 99
1 > Host: vx5846dgdj.execute-api.us-east-1.amazonaws.com
1 > Connection: Keep-Alive
1 > User-Agent: Apache-HttpClient/4.5.14 (Java/23.0.1)
1 > Accept-Encoding: gzip,deflate
{"name":"Quinn","title":"Refund","amount":1110,"currency":"USD","timestamp":"2024-05-17T13:40:00Z"}

23:25:27.775 [main] DEBUG com.intuit.karate - response time in milliseconds: 237
1 < 200
1 < Date: Wed, 21 May 2025 03:25:27 GMT
1 < Content-Type: application/json
1 < Content-Length: 126
1 < Connection: keep-alive
1 < Apigw-Requestid: K5giRguFIAMEP2g=
{"amount": 1110.0, "currency": "USD", "id": "txn217", "name": "Quinn", "timestamp": "2024-05-17T13:40:00Z", "title": "Refund"}

23:25:27.776 [main] DEBUG c.intuit.karate.core.ScenarioEngine - over-writing existing variable 'response' with new value: response
23:25:27.776 [main] INFO  com.intuit.karate - [print] 

 {
  "amount": 1110.0,
  "currency": "USD",
  "id": "txn217",
  "name": "Quinn",
  "timestamp": "2024-05-17T13:40:00Z",
  "title": "Refund"
}
 

 
23:25:27.776 [main] INFO  com.intuit.karate - [print] transaction.transactionId =  txn217 
23:25:27.780 [main] DEBUG c.intuit.karate.core.ScenarioEngine - over-writing existing variable 'transaction' with new value: __arg.transaction
23:25:27.780 [main] DEBUG c.intuit.karate.core.ScenarioEngine - over-writing existing variable 'transactionId' with new value: transaction.transactionId
23:25:27.781 [main] DEBUG com.intuit.karate - request:
1 > PUT https://vx5846dgdj.execute-api.us-east-1.amazonaws.com/dev/transactions/txn218
1 > Content-Type: application/json; charset=UTF-8
1 > Content-Length: 101
1 > Host: vx5846dgdj.execute-api.us-east-1.amazonaws.com
1 > Connection: Keep-Alive
1 > User-Agent: Apache-HttpClient/4.5.14 (Java/23.0.1)
1 > Accept-Encoding: gzip,deflate
{"name":"Rachel","title":"Payment","amount":1210,"currency":"USD","timestamp":"2024-05-18T15:15:00Z"}

23:25:27.995 [main] DEBUG com.intuit.karate - response time in milliseconds: 214
1 < 200
1 < Date: Wed, 21 May 2025 03:25:28 GMT
1 < Content-Type: application/json
1 < Content-Length: 128
1 < Connection: keep-alive
1 < Apigw-Requestid: K5giTj9jIAMEZsw=
{"amount": 1210.0, "currency": "USD", "id": "txn218", "name": "Rachel", "timestamp": "2024-05-18T15:15:00Z", "title": "Payment"}

23:25:27.996 [main] DEBUG c.intuit.karate.core.ScenarioEngine - over-writing existing variable 'response' with new value: response
23:25:27.996 [main] INFO  com.intuit.karate - [print] 

 {
  "amount": 1210.0,
  "currency": "USD",
  "id": "txn218",
  "name": "Rachel",
  "timestamp": "2024-05-18T15:15:00Z",
  "title": "Payment"
}
 

 
23:25:27.996 [main] INFO  com.intuit.karate - [print] transaction.transactionId =  txn218 
23:25:27.999 [main] DEBUG c.intuit.karate.core.ScenarioEngine - over-writing existing variable 'transaction' with new value: __arg.transaction
23:25:28.000 [main] DEBUG c.intuit.karate.core.ScenarioEngine - over-writing existing variable 'transactionId' with new value: transaction.transactionId
23:25:28.001 [main] DEBUG com.intuit.karate - request:
1 > PUT https://vx5846dgdj.execute-api.us-east-1.amazonaws.com/dev/transactions/txn219
1 > Content-Type: application/json; charset=UTF-8
1 > Content-Length: 100
1 > Host: vx5846dgdj.execute-api.us-east-1.amazonaws.com
1 > Connection: Keep-Alive
1 > User-Agent: Apache-HttpClient/4.5.14 (Java/23.0.1)
1 > Accept-Encoding: gzip,deflate
{"name":"Steve","title":"Invoice","amount":1270,"currency":"USD","timestamp":"2024-05-19T16:25:00Z"}

23:25:28.232 [main] DEBUG com.intuit.karate - response time in milliseconds: 230
1 < 200
1 < Date: Wed, 21 May 2025 03:25:28 GMT
1 < Content-Type: application/json
1 < Content-Length: 127
1 < Connection: keep-alive
1 < Apigw-Requestid: K5giVgyNIAMEZlA=
{"amount": 1270.0, "currency": "USD", "id": "txn219", "name": "Steve", "timestamp": "2024-05-19T16:25:00Z", "title": "Invoice"}

23:25:28.233 [main] DEBUG c.intuit.karate.core.ScenarioEngine - over-writing existing variable 'response' with new value: response
23:25:28.233 [main] INFO  com.intuit.karate - [print] 

 {
  "amount": 1270.0,
  "currency": "USD",
  "id": "txn219",
  "name": "Steve",
  "timestamp": "2024-05-19T16:25:00Z",
  "title": "Invoice"
}
 

 
23:25:28.233 [main] INFO  com.intuit.karate - [print] transaction.transactionId =  txn219 
23:25:28.236 [main] DEBUG c.intuit.karate.core.ScenarioEngine - over-writing existing variable 'transaction' with new value: __arg.transaction
23:25:28.237 [main] DEBUG c.intuit.karate.core.ScenarioEngine - over-writing existing variable 'transactionId' with new value: transaction.transactionId
23:25:28.237 [main] DEBUG com.intuit.karate - request:
1 > PUT https://vx5846dgdj.execute-api.us-east-1.amazonaws.com/dev/transactions/txn220
1 > Content-Type: application/json; charset=UTF-8
1 > Content-Length: 98
1 > Host: vx5846dgdj.execute-api.us-east-1.amazonaws.com
1 > Connection: Keep-Alive
1 > User-Agent: Apache-HttpClient/4.5.14 (Java/23.0.1)
1 > Accept-Encoding: gzip,deflate
{"name":"Tina","title":"Refund","amount":1170,"currency":"USD","timestamp":"2024-05-20T12:05:00Z"}

23:25:28.475 [main] DEBUG com.intuit.karate - response time in milliseconds: 238
1 < 200
1 < Date: Wed, 21 May 2025 03:25:28 GMT
1 < Content-Type: application/json
1 < Content-Length: 125
1 < Connection: keep-alive
1 < Apigw-Requestid: K5giYixyoAMEPJg=
{"amount": 1170.0, "currency": "USD", "id": "txn220", "name": "Tina", "timestamp": "2024-05-20T12:05:00Z", "title": "Refund"}

23:25:28.476 [main] DEBUG c.intuit.karate.core.ScenarioEngine - over-writing existing variable 'response' with new value: response
23:25:28.476 [main] INFO  com.intuit.karate - [print] 

 {
  "amount": 1170.0,
  "currency": "USD",
  "id": "txn220",
  "name": "Tina",
  "timestamp": "2024-05-20T12:05:00Z",
  "title": "Refund"
}
 

 
23:25:28.476 [main] INFO  com.intuit.karate - [print] transaction.transactionId =  txn220 
23:25:28.480 [main] DEBUG c.intuit.karate.core.ScenarioEngine - over-writing existing variable 'transaction' with new value: __arg.transaction
23:25:28.480 [main] DEBUG c.intuit.karate.core.ScenarioEngine - over-writing existing variable 'transactionId' with new value: transaction.transactionId
23:25:28.481 [main] DEBUG com.intuit.karate - request:
1 > PUT https://vx5846dgdj.execute-api.us-east-1.amazonaws.com/dev/transactions/txn221
1 > Content-Type: application/json; charset=UTF-8
1 > Content-Length: 98
1 > Host: vx5846dgdj.execute-api.us-east-1.amazonaws.com
1 > Connection: Keep-Alive
1 > User-Agent: Apache-HttpClient/4.5.14 (Java/23.0.1)
1 > Accept-Encoding: gzip,deflate
{"name":"Uma","title":"Payment","amount":1310,"currency":"USD","timestamp":"2024-05-21T08:10:00Z"}

23:25:28.695 [main] DEBUG com.intuit.karate - response time in milliseconds: 214
1 < 200
1 < Date: Wed, 21 May 2025 03:25:28 GMT
1 < Content-Type: application/json
1 < Content-Length: 125
1 < Connection: keep-alive
1 < Apigw-Requestid: K5giaiY5oAMEZPw=
{"amount": 1310.0, "currency": "USD", "id": "txn221", "name": "Uma", "timestamp": "2024-05-21T08:10:00Z", "title": "Payment"}

23:25:28.695 [main] DEBUG c.intuit.karate.core.ScenarioEngine - over-writing existing variable 'response' with new value: response
23:25:28.696 [main] INFO  com.intuit.karate - [print] 

 {
  "amount": 1310.0,
  "currency": "USD",
  "id": "txn221",
  "name": "Uma",
  "timestamp": "2024-05-21T08:10:00Z",
  "title": "Payment"
}
 

 
23:25:28.696 [main] INFO  com.intuit.karate - [print] transaction.transactionId =  txn221 
23:25:28.699 [main] DEBUG c.intuit.karate.core.ScenarioEngine - over-writing existing variable 'transaction' with new value: __arg.transaction
23:25:28.700 [main] DEBUG c.intuit.karate.core.ScenarioEngine - over-writing existing variable 'transactionId' with new value: transaction.transactionId
23:25:28.701 [main] DEBUG com.intuit.karate - request:
1 > PUT https://vx5846dgdj.execute-api.us-east-1.amazonaws.com/dev/transactions/txn222
1 > Content-Type: application/json; charset=UTF-8
1 > Content-Length: 101
1 > Host: vx5846dgdj.execute-api.us-east-1.amazonaws.com
1 > Connection: Keep-Alive
1 > User-Agent: Apache-HttpClient/4.5.14 (Java/23.0.1)
1 > Accept-Encoding: gzip,deflate
{"name":"Victor","title":"Invoice","amount":1135,"currency":"USD","timestamp":"2024-05-22T11:45:00Z"}

23:25:28.935 [main] DEBUG com.intuit.karate - response time in milliseconds: 234
1 < 200
1 < Date: Wed, 21 May 2025 03:25:29 GMT
1 < Content-Type: application/json
1 < Content-Length: 128
1 < Connection: keep-alive
1 < Apigw-Requestid: K5gichsOoAMEPHA=
{"amount": 1135.0, "currency": "USD", "id": "txn222", "name": "Victor", "timestamp": "2024-05-22T11:45:00Z", "title": "Invoice"}

23:25:28.936 [main] DEBUG c.intuit.karate.core.ScenarioEngine - over-writing existing variable 'response' with new value: response
23:25:28.936 [main] INFO  com.intuit.karate - [print] 

 {
  "amount": 1135.0,
  "currency": "USD",
  "id": "txn222",
  "name": "Victor",
  "timestamp": "2024-05-22T11:45:00Z",
  "title": "Invoice"
}
 

 
23:25:28.936 [main] INFO  com.intuit.karate - [print] transaction.transactionId =  txn222 
23:25:28.939 [main] DEBUG c.intuit.karate.core.ScenarioEngine - over-writing existing variable 'transaction' with new value: __arg.transaction
23:25:28.939 [main] DEBUG c.intuit.karate.core.ScenarioEngine - over-writing existing variable 'transactionId' with new value: transaction.transactionId
23:25:28.940 [main] DEBUG com.intuit.karate - request:
1 > PUT https://vx5846dgdj.execute-api.us-east-1.amazonaws.com/dev/transactions/txn223
1 > Content-Type: application/json; charset=UTF-8
1 > Content-Length: 99
1 > Host: vx5846dgdj.execute-api.us-east-1.amazonaws.com
1 > Connection: Keep-Alive
1 > User-Agent: Apache-HttpClient/4.5.14 (Java/23.0.1)
1 > Accept-Encoding: gzip,deflate
{"name":"Wendy","title":"Refund","amount":1145,"currency":"USD","timestamp":"2024-05-23T13:30:00Z"}

23:25:29.173 [main] DEBUG com.intuit.karate - response time in milliseconds: 233
1 < 200
1 < Date: Wed, 21 May 2025 03:25:29 GMT
1 < Content-Type: application/json
1 < Content-Length: 126
1 < Connection: keep-alive
1 < Apigw-Requestid: K5gifjupoAMEZ_g=
{"amount": 1145.0, "currency": "USD", "id": "txn223", "name": "Wendy", "timestamp": "2024-05-23T13:30:00Z", "title": "Refund"}

23:25:29.173 [main] DEBUG c.intuit.karate.core.ScenarioEngine - over-writing existing variable 'response' with new value: response
23:25:29.173 [main] INFO  com.intuit.karate - [print] 

 {
  "amount": 1145.0,
  "currency": "USD",
  "id": "txn223",
  "name": "Wendy",
  "timestamp": "2024-05-23T13:30:00Z",
  "title": "Refund"
}
 

 
23:25:29.174 [main] INFO  com.intuit.karate - [print] transaction.transactionId =  txn223 
23:25:29.177 [main] DEBUG c.intuit.karate.core.ScenarioEngine - over-writing existing variable 'transaction' with new value: __arg.transaction
23:25:29.177 [main] DEBUG c.intuit.karate.core.ScenarioEngine - over-writing existing variable 'transactionId' with new value: transaction.transactionId
23:25:29.178 [main] DEBUG com.intuit.karate - request:
1 > PUT https://vx5846dgdj.execute-api.us-east-1.amazonaws.com/dev/transactions/txn224
1 > Content-Type: application/json; charset=UTF-8
1 > Content-Length: 101
1 > Host: vx5846dgdj.execute-api.us-east-1.amazonaws.com
1 > Connection: Keep-Alive
1 > User-Agent: Apache-HttpClient/4.5.14 (Java/23.0.1)
1 > Accept-Encoding: gzip,deflate
{"name":"Xander","title":"Payment","amount":1295,"currency":"USD","timestamp":"2024-05-24T10:50:00Z"}

23:25:29.413 [main] DEBUG com.intuit.karate - response time in milliseconds: 234
1 < 200
1 < Date: Wed, 21 May 2025 03:25:29 GMT
1 < Content-Type: application/json
1 < Content-Length: 128
1 < Connection: keep-alive
1 < Apigw-Requestid: K5gihhTHIAMEPTQ=
{"amount": 1295.0, "currency": "USD", "id": "txn224", "name": "Xander", "timestamp": "2024-05-24T10:50:00Z", "title": "Payment"}

23:25:29.413 [main] DEBUG c.intuit.karate.core.ScenarioEngine - over-writing existing variable 'response' with new value: response
23:25:29.413 [main] INFO  com.intuit.karate - [print] 

 {
  "amount": 1295.0,
  "currency": "USD",
  "id": "txn224",
  "name": "Xander",
  "timestamp": "2024-05-24T10:50:00Z",
  "title": "Payment"
}
 

 
23:25:29.414 [main] INFO  com.intuit.karate - [print] transaction.transactionId =  txn224 
23:25:29.418 [main] DEBUG c.intuit.karate.core.ScenarioEngine - over-writing existing variable 'transaction' with new value: __arg.transaction
23:25:29.418 [main] DEBUG c.intuit.karate.core.ScenarioEngine - over-writing existing variable 'transactionId' with new value: transaction.transactionId
23:25:29.418 [main] DEBUG com.intuit.karate - request:
1 > PUT https://vx5846dgdj.execute-api.us-east-1.amazonaws.com/dev/transactions/txn225
1 > Content-Type: application/json; charset=UTF-8
1 > Content-Length: 99
1 > Host: vx5846dgdj.execute-api.us-east-1.amazonaws.com
1 > Connection: Keep-Alive
1 > User-Agent: Apache-HttpClient/4.5.14 (Java/23.0.1)
1 > Accept-Encoding: gzip,deflate
{"name":"Yara","title":"Invoice","amount":1275,"currency":"USD","timestamp":"2024-05-25T09:15:00Z"}

23:25:29.635 [main] DEBUG com.intuit.karate - response time in milliseconds: 215
1 < 200
1 < Date: Wed, 21 May 2025 03:25:29 GMT
1 < Content-Type: application/json
1 < Content-Length: 126
1 < Connection: keep-alive
1 < Apigw-Requestid: K5gijhDRoAMEZLw=
{"amount": 1275.0, "currency": "USD", "id": "txn225", "name": "Yara", "timestamp": "2024-05-25T09:15:00Z", "title": "Invoice"}

23:25:29.635 [main] DEBUG c.intuit.karate.core.ScenarioEngine - over-writing existing variable 'response' with new value: response
23:25:29.636 [main] INFO  com.intuit.karate - [print] 

 {
  "amount": 1275.0,
  "currency": "USD",
  "id": "txn225",
  "name": "Yara",
  "timestamp": "2024-05-25T09:15:00Z",
  "title": "Invoice"
}
 

 
23:25:29.636 [main] INFO  com.intuit.karate - [print] transaction.transactionId =  txn225 
---------------------------------------------------------
feature: classpath:tests/transactions/06-update-transactions.feature
scenarios:  1 | passed:  1 | failed:  0 | time: 5.9543
---------------------------------------------------------

23:25:30.025 [main] INFO  com.intuit.karate.Suite - <<pass>> feature 1 of 1 (0 remaining) classpath:tests/transactions/06-update-transactions.feature
Karate version: 1.5.1
======================================================
elapsed:   6.35 | threads:    1 | thread time: 5.95 
features:     1 | skipped:    0 | efficiency: 0.94
scenarios:    1 | passed:     1 | failed: 0
======================================================

HTML report: (paste into browser to view) | Karate version: 1.5.1
file:///Users/edls/NetBeansProjects/transaction-api/target/karate-reports/karate-summary.html
===================================================================

]]></system-out>
  </testcase>
  <testcase name="updateTransactionsBad" classname="tests.ParallelRunnerTest" time="0.334">
    <system-out><![CDATA[23:25:30.071 [main] DEBUG com.intuit.karate.Suite - [config] classpath:karate-config.js
23:25:30.071 [main] INFO  com.intuit.karate.Suite - backed up existing 'target/karate-reports' dir to: target/karate-reports_1747797930071
23:25:30.073 [main] INFO  com.intuit.karate - karate.env system property was: null 
23:25:30.078 [main] DEBUG c.intuit.karate.core.ScenarioEngine - over-writing existing variable 'transaction' with new value: __arg.transaction
23:25:30.080 [main] DEBUG c.intuit.karate.core.ScenarioEngine - over-writing existing variable 'transactionId' with new value: transaction.transactionId
23:25:30.081 [main] DEBUG com.intuit.karate - request:
1 > PUT https://vx5846dgdj.execute-api.us-east-1.amazonaws.com/dev/transactions/txn2001xxx
1 > Content-Type: application/json; charset=UTF-8
1 > Content-Length: 100
1 > Host: vx5846dgdj.execute-api.us-east-1.amazonaws.com
1 > Connection: Keep-Alive
1 > User-Agent: Apache-HttpClient/4.5.14 (Java/23.0.1)
1 > Accept-Encoding: gzip,deflate
{"name":"Alice","title":"Payment","amount":1555,"currency":"USD","timestamp":"2024-05-01T10:00:00Z"}

23:25:30.199 [main] DEBUG com.intuit.karate - response time in milliseconds: 117
1 < 404
1 < Date: Wed, 21 May 2025 03:25:30 GMT
1 < Content-Type: application/json
1 < Content-Length: 36
1 < Connection: keep-alive
1 < Apigw-Requestid: K5giqjviIAMEZvg=
{"message": "Transaction not found"}

23:25:30.202 [main] DEBUG c.intuit.karate.core.ScenarioEngine - over-writing existing variable 'transaction' with new value: __arg.transaction
23:25:30.203 [main] DEBUG c.intuit.karate.core.ScenarioEngine - over-writing existing variable 'transactionId' with new value: transaction.transactionId
23:25:30.203 [main] DEBUG com.intuit.karate - request:
1 > PUT https://vx5846dgdj.execute-api.us-east-1.amazonaws.com/dev/transactions/txn2002xxx
1 > Content-Type: application/json; charset=UTF-8
1 > Content-Length: 98
1 > Host: vx5846dgdj.execute-api.us-east-1.amazonaws.com
1 > Connection: Keep-Alive
1 > User-Agent: Apache-HttpClient/4.5.14 (Java/23.0.1)
1 > Accept-Encoding: gzip,deflate
{"name":"Bob","title":"Invoice","amount":1666,"currency":"USD","timestamp":"2024-05-02T15:30:00Z"}

23:25:30.332 [main] DEBUG com.intuit.karate - response time in milliseconds: 129
1 < 404
1 < Date: Wed, 21 May 2025 03:25:30 GMT
1 < Content-Type: application/json
1 < Content-Length: 36
1 < Connection: keep-alive
1 < Apigw-Requestid: K5girik0oAMEPRg=
{"message": "Transaction not found"}

---------------------------------------------------------
feature: classpath:tests/transactions/07-update-transactions-bad.feature
scenarios:  1 | passed:  1 | failed:  0 | time: 0.2599
---------------------------------------------------------

23:25:30.380 [main] INFO  com.intuit.karate.Suite - <<pass>> feature 1 of 1 (0 remaining) classpath:tests/transactions/07-update-transactions-bad.feature
Karate version: 1.5.1
======================================================
elapsed:   0.31 | threads:    1 | thread time: 0.26 
features:     1 | skipped:    0 | efficiency: 0.84
scenarios:    1 | passed:     1 | failed: 0
======================================================

HTML report: (paste into browser to view) | Karate version: 1.5.1
file:///Users/edls/NetBeansProjects/transaction-api/target/karate-reports/karate-summary.html
===================================================================

]]></system-out>
  </testcase>
  <testcase name="deleteTransactionsFail" classname="tests.ParallelRunnerTest" time="0.346">
    <system-out><![CDATA[23:25:30.405 [main] DEBUG com.intuit.karate.Suite - [config] classpath:karate-config.js
23:25:30.406 [main] INFO  com.intuit.karate.Suite - backed up existing 'target/karate-reports' dir to: target/karate-reports_1747797930406
23:25:30.407 [main] INFO  com.intuit.karate - karate.env system property was: null 
23:25:30.412 [main] DEBUG c.intuit.karate.core.ScenarioEngine - over-writing existing variable 'transaction' with new value: __arg.transaction
23:25:30.413 [main] DEBUG com.intuit.karate - request:
1 > DELETE https://vx5846dgdj.execute-api.us-east-1.amazonaws.com/dev/transactions/txn2001xxx
1 > Host: vx5846dgdj.execute-api.us-east-1.amazonaws.com
1 > Connection: Keep-Alive
1 > User-Agent: Apache-HttpClient/4.5.14 (Java/23.0.1)
1 > Accept-Encoding: gzip,deflate


23:25:30.553 [main] DEBUG com.intuit.karate - response time in milliseconds: 139
1 < 404
1 < Date: Wed, 21 May 2025 03:25:30 GMT
1 < Content-Type: application/json
1 < Content-Length: 36
1 < Connection: keep-alive
1 < Apigw-Requestid: K5giugSjIAMEPog=
{"message": "Transaction not found"}

23:25:30.556 [main] DEBUG c.intuit.karate.core.ScenarioEngine - over-writing existing variable 'transaction' with new value: __arg.transaction
23:25:30.556 [main] DEBUG com.intuit.karate - request:
1 > DELETE https://vx5846dgdj.execute-api.us-east-1.amazonaws.com/dev/transactions/txn2002xxx
1 > Host: vx5846dgdj.execute-api.us-east-1.amazonaws.com
1 > Connection: Keep-Alive
1 > User-Agent: Apache-HttpClient/4.5.14 (Java/23.0.1)
1 > Accept-Encoding: gzip,deflate


23:25:30.691 [main] DEBUG com.intuit.karate - response time in milliseconds: 135
1 < 404
1 < Date: Wed, 21 May 2025 03:25:30 GMT
1 < Content-Type: application/json
1 < Content-Length: 36
1 < Connection: keep-alive
1 < Apigw-Requestid: K5giviVNoAMEZJQ=
{"message": "Transaction not found"}

---------------------------------------------------------
feature: classpath:tests/transactions/08-delete-transactions-bad.feature
scenarios:  1 | passed:  1 | failed:  0 | time: 0.2843
---------------------------------------------------------

23:25:30.719 [main] INFO  com.intuit.karate.Suite - <<pass>> feature 1 of 1 (0 remaining) classpath:tests/transactions/08-delete-transactions-bad.feature
Karate version: 1.5.1
======================================================
elapsed:   0.32 | threads:    1 | thread time: 0.28 
features:     1 | skipped:    0 | efficiency: 0.90
scenarios:    1 | passed:     1 | failed: 0
======================================================

HTML report: (paste into browser to view) | Karate version: 1.5.1
file:///Users/edls/NetBeansProjects/transaction-api/target/karate-reports/karate-summary.html
===================================================================

]]></system-out>
  </testcase>
  <testcase name="deleteTransactions" classname="tests.ParallelRunnerTest" time="4.917">
    <system-out><![CDATA[23:25:30.753 [main] DEBUG com.intuit.karate.Suite - [config] classpath:karate-config.js
23:25:30.753 [main] INFO  com.intuit.karate.Suite - backed up existing 'target/karate-reports' dir to: target/karate-reports_1747797930753
23:25:30.755 [main] INFO  com.intuit.karate - karate.env system property was: null 
23:25:30.759 [main] DEBUG c.intuit.karate.core.ScenarioEngine - over-writing existing variable 'transaction' with new value: __arg.transaction
23:25:30.760 [main] DEBUG com.intuit.karate - request:
1 > DELETE https://vx5846dgdj.execute-api.us-east-1.amazonaws.com/dev/transactions/txn201
1 > Host: vx5846dgdj.execute-api.us-east-1.amazonaws.com
1 > Connection: Keep-Alive
1 > User-Agent: Apache-HttpClient/4.5.14 (Java/23.0.1)
1 > Accept-Encoding: gzip,deflate


23:25:30.936 [main] DEBUG com.intuit.karate - response time in milliseconds: 175
1 < 200
1 < Date: Wed, 21 May 2025 03:25:31 GMT
1 < Content-Type: application/json
1 < Content-Length: 34
1 < Connection: keep-alive
1 < Apigw-Requestid: K5gixjduoAMEZVg=
{"message": "Transaction deleted"}

23:25:30.939 [main] DEBUG c.intuit.karate.core.ScenarioEngine - over-writing existing variable 'transaction' with new value: __arg.transaction
23:25:30.940 [main] DEBUG com.intuit.karate - request:
1 > DELETE https://vx5846dgdj.execute-api.us-east-1.amazonaws.com/dev/transactions/txn202
1 > Host: vx5846dgdj.execute-api.us-east-1.amazonaws.com
1 > Connection: Keep-Alive
1 > User-Agent: Apache-HttpClient/4.5.14 (Java/23.0.1)
1 > Accept-Encoding: gzip,deflate


23:25:31.114 [main] DEBUG com.intuit.karate - response time in milliseconds: 174
1 < 200
1 < Date: Wed, 21 May 2025 03:25:31 GMT
1 < Content-Type: application/json
1 < Content-Length: 34
1 < Connection: keep-alive
1 < Apigw-Requestid: K5gizisXoAMEZPQ=
{"message": "Transaction deleted"}

23:25:31.118 [main] DEBUG c.intuit.karate.core.ScenarioEngine - over-writing existing variable 'transaction' with new value: __arg.transaction
23:25:31.119 [main] DEBUG com.intuit.karate - request:
1 > DELETE https://vx5846dgdj.execute-api.us-east-1.amazonaws.com/dev/transactions/txn203
1 > Host: vx5846dgdj.execute-api.us-east-1.amazonaws.com
1 > Connection: Keep-Alive
1 > User-Agent: Apache-HttpClient/4.5.14 (Java/23.0.1)
1 > Accept-Encoding: gzip,deflate


23:25:31.294 [main] DEBUG com.intuit.karate - response time in milliseconds: 174
1 < 200
1 < Date: Wed, 21 May 2025 03:25:31 GMT
1 < Content-Type: application/json
1 < Content-Length: 34
1 < Connection: keep-alive
1 < Apigw-Requestid: K5gi1gZ6IAMEPRQ=
{"message": "Transaction deleted"}

23:25:31.296 [main] DEBUG c.intuit.karate.core.ScenarioEngine - over-writing existing variable 'transaction' with new value: __arg.transaction
23:25:31.297 [main] DEBUG com.intuit.karate - request:
1 > DELETE https://vx5846dgdj.execute-api.us-east-1.amazonaws.com/dev/transactions/txn204
1 > Host: vx5846dgdj.execute-api.us-east-1.amazonaws.com
1 > Connection: Keep-Alive
1 > User-Agent: Apache-HttpClient/4.5.14 (Java/23.0.1)
1 > Accept-Encoding: gzip,deflate


23:25:31.473 [main] DEBUG com.intuit.karate - response time in milliseconds: 176
1 < 200
1 < Date: Wed, 21 May 2025 03:25:31 GMT
1 < Content-Type: application/json
1 < Content-Length: 34
1 < Connection: keep-alive
1 < Apigw-Requestid: K5gi2gwOoAMEP_Q=
{"message": "Transaction deleted"}

23:25:31.476 [main] DEBUG c.intuit.karate.core.ScenarioEngine - over-writing existing variable 'transaction' with new value: __arg.transaction
23:25:31.477 [main] DEBUG com.intuit.karate - request:
1 > DELETE https://vx5846dgdj.execute-api.us-east-1.amazonaws.com/dev/transactions/txn205
1 > Host: vx5846dgdj.execute-api.us-east-1.amazonaws.com
1 > Connection: Keep-Alive
1 > User-Agent: Apache-HttpClient/4.5.14 (Java/23.0.1)
1 > Accept-Encoding: gzip,deflate


23:25:31.674 [main] DEBUG com.intuit.karate - response time in milliseconds: 196
1 < 200
1 < Date: Wed, 21 May 2025 03:25:31 GMT
1 < Content-Type: application/json
1 < Content-Length: 34
1 < Connection: keep-alive
1 < Apigw-Requestid: K5gi4ghaIAMEZig=
{"message": "Transaction deleted"}

23:25:31.677 [main] DEBUG c.intuit.karate.core.ScenarioEngine - over-writing existing variable 'transaction' with new value: __arg.transaction
23:25:31.678 [main] DEBUG com.intuit.karate - request:
1 > DELETE https://vx5846dgdj.execute-api.us-east-1.amazonaws.com/dev/transactions/txn206
1 > Host: vx5846dgdj.execute-api.us-east-1.amazonaws.com
1 > Connection: Keep-Alive
1 > User-Agent: Apache-HttpClient/4.5.14 (Java/23.0.1)
1 > Accept-Encoding: gzip,deflate


23:25:31.875 [main] DEBUG com.intuit.karate - response time in milliseconds: 196
1 < 200
1 < Date: Wed, 21 May 2025 03:25:31 GMT
1 < Content-Type: application/json
1 < Content-Length: 34
1 < Connection: keep-alive
1 < Apigw-Requestid: K5gi6gXgIAMEZ0Q=
{"message": "Transaction deleted"}

23:25:31.878 [main] DEBUG c.intuit.karate.core.ScenarioEngine - over-writing existing variable 'transaction' with new value: __arg.transaction
23:25:31.878 [main] DEBUG com.intuit.karate - request:
1 > DELETE https://vx5846dgdj.execute-api.us-east-1.amazonaws.com/dev/transactions/txn207
1 > Host: vx5846dgdj.execute-api.us-east-1.amazonaws.com
1 > Connection: Keep-Alive
1 > User-Agent: Apache-HttpClient/4.5.14 (Java/23.0.1)
1 > Accept-Encoding: gzip,deflate


23:25:32.075 [main] DEBUG com.intuit.karate - response time in milliseconds: 197
1 < 200
1 < Date: Wed, 21 May 2025 03:25:32 GMT
1 < Content-Type: application/json
1 < Content-Length: 34
1 < Connection: keep-alive
1 < Apigw-Requestid: K5gi8gjUIAMEZHQ=
{"message": "Transaction deleted"}

23:25:32.078 [main] DEBUG c.intuit.karate.core.ScenarioEngine - over-writing existing variable 'transaction' with new value: __arg.transaction
23:25:32.079 [main] DEBUG com.intuit.karate - request:
1 > DELETE https://vx5846dgdj.execute-api.us-east-1.amazonaws.com/dev/transactions/txn208
1 > Host: vx5846dgdj.execute-api.us-east-1.amazonaws.com
1 > Connection: Keep-Alive
1 > User-Agent: Apache-HttpClient/4.5.14 (Java/23.0.1)
1 > Accept-Encoding: gzip,deflate


23:25:32.275 [main] DEBUG com.intuit.karate - response time in milliseconds: 195
1 < 200
1 < Date: Wed, 21 May 2025 03:25:32 GMT
1 < Content-Type: application/json
1 < Content-Length: 34
1 < Connection: keep-alive
1 < Apigw-Requestid: K5gi-hY2oAMEZTg=
{"message": "Transaction deleted"}

23:25:32.278 [main] DEBUG c.intuit.karate.core.ScenarioEngine - over-writing existing variable 'transaction' with new value: __arg.transaction
23:25:32.278 [main] DEBUG com.intuit.karate - request:
1 > DELETE https://vx5846dgdj.execute-api.us-east-1.amazonaws.com/dev/transactions/txn209
1 > Host: vx5846dgdj.execute-api.us-east-1.amazonaws.com
1 > Connection: Keep-Alive
1 > User-Agent: Apache-HttpClient/4.5.14 (Java/23.0.1)
1 > Accept-Encoding: gzip,deflate


23:25:32.455 [main] DEBUG com.intuit.karate - response time in milliseconds: 177
1 < 200
1 < Date: Wed, 21 May 2025 03:25:32 GMT
1 < Content-Type: application/json
1 < Content-Length: 34
1 < Connection: keep-alive
1 < Apigw-Requestid: K5gjAiJZoAMEPsg=
{"message": "Transaction deleted"}

23:25:32.458 [main] DEBUG c.intuit.karate.core.ScenarioEngine - over-writing existing variable 'transaction' with new value: __arg.transaction
23:25:32.459 [main] DEBUG com.intuit.karate - request:
1 > DELETE https://vx5846dgdj.execute-api.us-east-1.amazonaws.com/dev/transactions/txn210
1 > Host: vx5846dgdj.execute-api.us-east-1.amazonaws.com
1 > Connection: Keep-Alive
1 > User-Agent: Apache-HttpClient/4.5.14 (Java/23.0.1)
1 > Accept-Encoding: gzip,deflate


23:25:32.654 [main] DEBUG com.intuit.karate - response time in milliseconds: 195
1 < 200
1 < Date: Wed, 21 May 2025 03:25:32 GMT
1 < Content-Type: application/json
1 < Content-Length: 34
1 < Connection: keep-alive
1 < Apigw-Requestid: K5gjChZ8oAMEZTg=
{"message": "Transaction deleted"}

23:25:32.657 [main] DEBUG c.intuit.karate.core.ScenarioEngine - over-writing existing variable 'transaction' with new value: __arg.transaction
23:25:32.658 [main] DEBUG com.intuit.karate - request:
1 > DELETE https://vx5846dgdj.execute-api.us-east-1.amazonaws.com/dev/transactions/txn211
1 > Host: vx5846dgdj.execute-api.us-east-1.amazonaws.com
1 > Connection: Keep-Alive
1 > User-Agent: Apache-HttpClient/4.5.14 (Java/23.0.1)
1 > Accept-Encoding: gzip,deflate


23:25:32.834 [main] DEBUG com.intuit.karate - response time in milliseconds: 176
1 < 200
1 < Date: Wed, 21 May 2025 03:25:32 GMT
1 < Content-Type: application/json
1 < Content-Length: 34
1 < Connection: keep-alive
1 < Apigw-Requestid: K5gjEhQKIAMEPTA=
{"message": "Transaction deleted"}

23:25:32.837 [main] DEBUG c.intuit.karate.core.ScenarioEngine - over-writing existing variable 'transaction' with new value: __arg.transaction
23:25:32.838 [main] DEBUG com.intuit.karate - request:
1 > DELETE https://vx5846dgdj.execute-api.us-east-1.amazonaws.com/dev/transactions/txn212
1 > Host: vx5846dgdj.execute-api.us-east-1.amazonaws.com
1 > Connection: Keep-Alive
1 > User-Agent: Apache-HttpClient/4.5.14 (Java/23.0.1)
1 > Accept-Encoding: gzip,deflate


23:25:33.032 [main] DEBUG com.intuit.karate - response time in milliseconds: 194
1 < 200
1 < Date: Wed, 21 May 2025 03:25:33 GMT
1 < Content-Type: application/json
1 < Content-Length: 34
1 < Connection: keep-alive
1 < Apigw-Requestid: K5gjGgAdIAMEPMQ=
{"message": "Transaction deleted"}

23:25:33.035 [main] DEBUG c.intuit.karate.core.ScenarioEngine - over-writing existing variable 'transaction' with new value: __arg.transaction
23:25:33.036 [main] DEBUG com.intuit.karate - request:
1 > DELETE https://vx5846dgdj.execute-api.us-east-1.amazonaws.com/dev/transactions/txn213
1 > Host: vx5846dgdj.execute-api.us-east-1.amazonaws.com
1 > Connection: Keep-Alive
1 > User-Agent: Apache-HttpClient/4.5.14 (Java/23.0.1)
1 > Accept-Encoding: gzip,deflate


23:25:33.216 [main] DEBUG com.intuit.karate - response time in milliseconds: 180
1 < 200
1 < Date: Wed, 21 May 2025 03:25:33 GMT
1 < Content-Type: application/json
1 < Content-Length: 34
1 < Connection: keep-alive
1 < Apigw-Requestid: K5gjIibfoAMEZMA=
{"message": "Transaction deleted"}

23:25:33.219 [main] DEBUG c.intuit.karate.core.ScenarioEngine - over-writing existing variable 'transaction' with new value: __arg.transaction
23:25:33.220 [main] DEBUG com.intuit.karate - request:
1 > DELETE https://vx5846dgdj.execute-api.us-east-1.amazonaws.com/dev/transactions/txn214
1 > Host: vx5846dgdj.execute-api.us-east-1.amazonaws.com
1 > Connection: Keep-Alive
1 > User-Agent: Apache-HttpClient/4.5.14 (Java/23.0.1)
1 > Accept-Encoding: gzip,deflate


23:25:33.398 [main] DEBUG com.intuit.karate - response time in milliseconds: 177
1 < 200
1 < Date: Wed, 21 May 2025 03:25:33 GMT
1 < Content-Type: application/json
1 < Content-Length: 34
1 < Connection: keep-alive
1 < Apigw-Requestid: K5gjKhuroAMEZEg=
{"message": "Transaction deleted"}

23:25:33.401 [main] DEBUG c.intuit.karate.core.ScenarioEngine - over-writing existing variable 'transaction' with new value: __arg.transaction
23:25:33.402 [main] DEBUG com.intuit.karate - request:
1 > DELETE https://vx5846dgdj.execute-api.us-east-1.amazonaws.com/dev/transactions/txn215
1 > Host: vx5846dgdj.execute-api.us-east-1.amazonaws.com
1 > Connection: Keep-Alive
1 > User-Agent: Apache-HttpClient/4.5.14 (Java/23.0.1)
1 > Accept-Encoding: gzip,deflate


23:25:33.613 [main] DEBUG com.intuit.karate - response time in milliseconds: 210
1 < 200
1 < Date: Wed, 21 May 2025 03:25:33 GMT
1 < Content-Type: application/json
1 < Content-Length: 34
1 < Connection: keep-alive
1 < Apigw-Requestid: K5gjLgwKIAMEPLA=
{"message": "Transaction deleted"}

23:25:33.616 [main] DEBUG c.intuit.karate.core.ScenarioEngine - over-writing existing variable 'transaction' with new value: __arg.transaction
23:25:33.617 [main] DEBUG com.intuit.karate - request:
1 > DELETE https://vx5846dgdj.execute-api.us-east-1.amazonaws.com/dev/transactions/txn216
1 > Host: vx5846dgdj.execute-api.us-east-1.amazonaws.com
1 > Connection: Keep-Alive
1 > User-Agent: Apache-HttpClient/4.5.14 (Java/23.0.1)
1 > Accept-Encoding: gzip,deflate


23:25:33.837 [main] DEBUG com.intuit.karate - response time in milliseconds: 220
1 < 200
1 < Date: Wed, 21 May 2025 03:25:33 GMT
1 < Content-Type: application/json
1 < Content-Length: 34
1 < Connection: keep-alive
1 < Apigw-Requestid: K5gjOh04oAMEP0g=
{"message": "Transaction deleted"}

23:25:33.840 [main] DEBUG c.intuit.karate.core.ScenarioEngine - over-writing existing variable 'transaction' with new value: __arg.transaction
23:25:33.841 [main] DEBUG com.intuit.karate - request:
1 > DELETE https://vx5846dgdj.execute-api.us-east-1.amazonaws.com/dev/transactions/txn217
1 > Host: vx5846dgdj.execute-api.us-east-1.amazonaws.com
1 > Connection: Keep-Alive
1 > User-Agent: Apache-HttpClient/4.5.14 (Java/23.0.1)
1 > Accept-Encoding: gzip,deflate


23:25:34.015 [main] DEBUG com.intuit.karate - response time in milliseconds: 174
1 < 200
1 < Date: Wed, 21 May 2025 03:25:34 GMT
1 < Content-Type: application/json
1 < Content-Length: 34
1 < Connection: keep-alive
1 < Apigw-Requestid: K5gjQifgoAMEPvg=
{"message": "Transaction deleted"}

23:25:34.018 [main] DEBUG c.intuit.karate.core.ScenarioEngine - over-writing existing variable 'transaction' with new value: __arg.transaction
23:25:34.019 [main] DEBUG com.intuit.karate - request:
1 > DELETE https://vx5846dgdj.execute-api.us-east-1.amazonaws.com/dev/transactions/txn218
1 > Host: vx5846dgdj.execute-api.us-east-1.amazonaws.com
1 > Connection: Keep-Alive
1 > User-Agent: Apache-HttpClient/4.5.14 (Java/23.0.1)
1 > Accept-Encoding: gzip,deflate


23:25:34.194 [main] DEBUG com.intuit.karate - response time in milliseconds: 174
1 < 200
1 < Date: Wed, 21 May 2025 03:25:34 GMT
1 < Content-Type: application/json
1 < Content-Length: 34
1 < Connection: keep-alive
1 < Apigw-Requestid: K5gjRh2NIAMEZJw=
{"message": "Transaction deleted"}

23:25:34.196 [main] DEBUG c.intuit.karate.core.ScenarioEngine - over-writing existing variable 'transaction' with new value: __arg.transaction
23:25:34.197 [main] DEBUG com.intuit.karate - request:
1 > DELETE https://vx5846dgdj.execute-api.us-east-1.amazonaws.com/dev/transactions/txn219
1 > Host: vx5846dgdj.execute-api.us-east-1.amazonaws.com
1 > Connection: Keep-Alive
1 > User-Agent: Apache-HttpClient/4.5.14 (Java/23.0.1)
1 > Accept-Encoding: gzip,deflate


23:25:34.373 [main] DEBUG com.intuit.karate - response time in milliseconds: 176
1 < 200
1 < Date: Wed, 21 May 2025 03:25:34 GMT
1 < Content-Type: application/json
1 < Content-Length: 34
1 < Connection: keep-alive
1 < Apigw-Requestid: K5gjTg0DoAMEPng=
{"message": "Transaction deleted"}

23:25:34.376 [main] DEBUG c.intuit.karate.core.ScenarioEngine - over-writing existing variable 'transaction' with new value: __arg.transaction
23:25:34.377 [main] DEBUG com.intuit.karate - request:
1 > DELETE https://vx5846dgdj.execute-api.us-east-1.amazonaws.com/dev/transactions/txn220
1 > Host: vx5846dgdj.execute-api.us-east-1.amazonaws.com
1 > Connection: Keep-Alive
1 > User-Agent: Apache-HttpClient/4.5.14 (Java/23.0.1)
1 > Accept-Encoding: gzip,deflate


23:25:34.574 [main] DEBUG com.intuit.karate - response time in milliseconds: 196
1 < 200
1 < Date: Wed, 21 May 2025 03:25:34 GMT
1 < Content-Type: application/json
1 < Content-Length: 34
1 < Connection: keep-alive
1 < Apigw-Requestid: K5gjVhsgoAMEZCQ=
{"message": "Transaction deleted"}

23:25:34.577 [main] DEBUG c.intuit.karate.core.ScenarioEngine - over-writing existing variable 'transaction' with new value: __arg.transaction
23:25:34.578 [main] DEBUG com.intuit.karate - request:
1 > DELETE https://vx5846dgdj.execute-api.us-east-1.amazonaws.com/dev/transactions/txn221
1 > Host: vx5846dgdj.execute-api.us-east-1.amazonaws.com
1 > Connection: Keep-Alive
1 > User-Agent: Apache-HttpClient/4.5.14 (Java/23.0.1)
1 > Accept-Encoding: gzip,deflate


23:25:34.754 [main] DEBUG com.intuit.karate - response time in milliseconds: 175
1 < 200
1 < Date: Wed, 21 May 2025 03:25:34 GMT
1 < Content-Type: application/json
1 < Content-Length: 34
1 < Connection: keep-alive
1 < Apigw-Requestid: K5gjXgnvoAMEZig=
{"message": "Transaction deleted"}

23:25:34.756 [main] DEBUG c.intuit.karate.core.ScenarioEngine - over-writing existing variable 'transaction' with new value: __arg.transaction
23:25:34.757 [main] DEBUG com.intuit.karate - request:
1 > DELETE https://vx5846dgdj.execute-api.us-east-1.amazonaws.com/dev/transactions/txn222
1 > Host: vx5846dgdj.execute-api.us-east-1.amazonaws.com
1 > Connection: Keep-Alive
1 > User-Agent: Apache-HttpClient/4.5.14 (Java/23.0.1)
1 > Accept-Encoding: gzip,deflate


23:25:34.916 [main] DEBUG com.intuit.karate - response time in milliseconds: 159
1 < 200
1 < Date: Wed, 21 May 2025 03:25:35 GMT
1 < Content-Type: application/json
1 < Content-Length: 34
1 < Connection: keep-alive
1 < Apigw-Requestid: K5gjZiu5oAMEPRg=
{"message": "Transaction deleted"}

23:25:34.919 [main] DEBUG c.intuit.karate.core.ScenarioEngine - over-writing existing variable 'transaction' with new value: __arg.transaction
23:25:34.920 [main] DEBUG com.intuit.karate - request:
1 > DELETE https://vx5846dgdj.execute-api.us-east-1.amazonaws.com/dev/transactions/txn223
1 > Host: vx5846dgdj.execute-api.us-east-1.amazonaws.com
1 > Connection: Keep-Alive
1 > User-Agent: Apache-HttpClient/4.5.14 (Java/23.0.1)
1 > Accept-Encoding: gzip,deflate


23:25:35.133 [main] DEBUG com.intuit.karate - response time in milliseconds: 213
1 < 200
1 < Date: Wed, 21 May 2025 03:25:35 GMT
1 < Content-Type: application/json
1 < Content-Length: 34
1 < Connection: keep-alive
1 < Apigw-Requestid: K5gjbhoxoAMEPUA=
{"message": "Transaction deleted"}

23:25:35.136 [main] DEBUG c.intuit.karate.core.ScenarioEngine - over-writing existing variable 'transaction' with new value: __arg.transaction
23:25:35.137 [main] DEBUG com.intuit.karate - request:
1 > DELETE https://vx5846dgdj.execute-api.us-east-1.amazonaws.com/dev/transactions/txn224
1 > Host: vx5846dgdj.execute-api.us-east-1.amazonaws.com
1 > Connection: Keep-Alive
1 > User-Agent: Apache-HttpClient/4.5.14 (Java/23.0.1)
1 > Accept-Encoding: gzip,deflate


23:25:35.293 [main] DEBUG com.intuit.karate - response time in milliseconds: 156
1 < 200
1 < Date: Wed, 21 May 2025 03:25:35 GMT
1 < Content-Type: application/json
1 < Content-Length: 34
1 < Connection: keep-alive
1 < Apigw-Requestid: K5gjdhhvoAMEPGQ=
{"message": "Transaction deleted"}

23:25:35.296 [main] DEBUG c.intuit.karate.core.ScenarioEngine - over-writing existing variable 'transaction' with new value: __arg.transaction
23:25:35.296 [main] DEBUG com.intuit.karate - request:
1 > DELETE https://vx5846dgdj.execute-api.us-east-1.amazonaws.com/dev/transactions/txn225
1 > Host: vx5846dgdj.execute-api.us-east-1.amazonaws.com
1 > Connection: Keep-Alive
1 > User-Agent: Apache-HttpClient/4.5.14 (Java/23.0.1)
1 > Accept-Encoding: gzip,deflate


23:25:35.492 [main] DEBUG com.intuit.karate - response time in milliseconds: 196
1 < 200
1 < Date: Wed, 21 May 2025 03:25:35 GMT
1 < Content-Type: application/json
1 < Content-Length: 34
1 < Connection: keep-alive
1 < Apigw-Requestid: K5gjeguToAMEZaw=
{"message": "Transaction deleted"}

---------------------------------------------------------
feature: classpath:tests/transactions/09-delete-transactions.feature
scenarios:  1 | passed:  1 | failed:  0 | time: 4.7376
---------------------------------------------------------

23:25:35.642 [main] INFO  com.intuit.karate.Suite - <<pass>> feature 1 of 1 (0 remaining) classpath:tests/transactions/09-delete-transactions.feature
Karate version: 1.5.1
======================================================
elapsed:   4.89 | threads:    1 | thread time: 4.74 
features:     1 | skipped:    0 | efficiency: 0.97
scenarios:    1 | passed:     1 | failed: 0
======================================================

HTML report: (paste into browser to view) | Karate version: 1.5.1
file:///Users/edls/NetBeansProjects/transaction-api/target/karate-reports/karate-summary.html
===================================================================

]]></system-out>
  </testcase>
</testsuite>