<?xml version="1.0" encoding="UTF-8"?>
<testsuite xmlns:xsi="http://www.w3.org/2001/XMLSchema-instance" xsi:noNamespaceSchemaLocation="https://maven.apache.org/surefire/maven-surefire-plugin/xsd/surefire-test-report-3.0.xsd" version="3.0" name="tests.ParallelRunnerTest" time="25.107" tests="9" errors="0" skipped="0" failures="0">
  <properties>
    <property name="java.specification.version" value="23"/>
    <property name="sun.jnu.encoding" value="UTF-8"/>
    <property name="java.class.path" value="/Users/edls/NetBeansProjects/transaction-api/target/test-classes:/Users/edls/NetBeansProjects/transaction-api/target/classes:/Users/edls/.m2/repository/io/karatelabs/karate-junit5/1.5.1/karate-junit5-1.5.1.jar:/Users/edls/.m2/repository/io/karatelabs/karate-core/1.5.1/karate-core-1.5.1.jar:/Users/edls/.m2/repository/org/graalvm/js/js-scriptengine/24.0.0/js-scriptengine-24.0.0.jar:/Users/edls/.m2/repository/org/graalvm/polyglot/polyglot/24.0.0/polyglot-24.0.0.jar:/Users/edls/.m2/repository/org/graalvm/sdk/collections/24.0.0/collections-24.0.0.jar:/Users/edls/.m2/repository/org/graalvm/sdk/nativeimage/24.0.0/nativeimage-24.0.0.jar:/Users/edls/.m2/repository/org/graalvm/sdk/word/24.0.0/word-24.0.0.jar:/Users/edls/.m2/repository/org/graalvm/js/js-language/24.0.0/js-language-24.0.0.jar:/Users/edls/.m2/repository/org/graalvm/regex/regex/24.0.0/regex-24.0.0.jar:/Users/edls/.m2/repository/org/graalvm/truffle/truffle-api/24.0.0/truffle-api-24.0.0.jar:/Users/edls/.m2/repository/org/graalvm/shadowed/icu4j/24.0.0/icu4j-24.0.0.jar:/Users/edls/.m2/repository/org/thymeleaf/thymeleaf/3.1.2.RELEASE/thymeleaf-3.1.2.RELEASE.jar:/Users/edls/.m2/repository/ognl/ognl/3.3.4/ognl-3.3.4.jar:/Users/edls/.m2/repository/org/javassist/javassist/3.29.0-GA/javassist-3.29.0-GA.jar:/Users/edls/.m2/repository/org/attoparser/attoparser/2.0.7.RELEASE/attoparser-2.0.7.RELEASE.jar:/Users/edls/.m2/repository/org/unbescape/unbescape/1.1.6.RELEASE/unbescape-1.1.6.RELEASE.jar:/Users/edls/.m2/repository/com/linecorp/armeria/armeria/1.31.3/armeria-1.31.3.jar:/Users/edls/.m2/repository/com/fasterxml/jackson/datatype/jackson-datatype-jdk8/2.18.1/jackson-datatype-jdk8-2.18.1.jar:/Users/edls/.m2/repository/io/micrometer/micrometer-core/1.13.6/micrometer-core-1.13.6.jar:/Users/edls/.m2/repository/io/micrometer/micrometer-commons/1.13.6/micrometer-commons-1.13.6.jar:/Users/edls/.m2/repository/io/micrometer/micrometer-observation/1.13.6/micrometer-observation-1.13.6.jar:/Users/edls/.m2/repository/org/hdrhistogram/HdrHistogram/2.2.2/HdrHistogram-2.2.2.jar:/Users/edls/.m2/repository/org/latencyutils/LatencyUtils/2.0.3/LatencyUtils-2.0.3.jar:/Users/edls/.m2/repository/io/netty/netty-transport/4.1.115.Final/netty-transport-4.1.115.Final.jar:/Users/edls/.m2/repository/io/netty/netty-common/4.1.115.Final/netty-common-4.1.115.Final.jar:/Users/edls/.m2/repository/io/netty/netty-buffer/4.1.115.Final/netty-buffer-4.1.115.Final.jar:/Users/edls/.m2/repository/io/netty/netty-resolver/4.1.115.Final/netty-resolver-4.1.115.Final.jar:/Users/edls/.m2/repository/io/netty/netty-codec-haproxy/4.1.115.Final/netty-codec-haproxy-4.1.115.Final.jar:/Users/edls/.m2/repository/io/netty/netty-codec/4.1.115.Final/netty-codec-4.1.115.Final.jar:/Users/edls/.m2/repository/io/netty/netty-codec-http2/4.1.115.Final/netty-codec-http2-4.1.115.Final.jar:/Users/edls/.m2/repository/io/netty/netty-handler/4.1.115.Final/netty-handler-4.1.115.Final.jar:/Users/edls/.m2/repository/io/netty/netty-codec-http/4.1.115.Final/netty-codec-http-4.1.115.Final.jar:/Users/edls/.m2/repository/io/netty/netty-resolver-dns/4.1.115.Final/netty-resolver-dns-4.1.115.Final.jar:/Users/edls/.m2/repository/io/netty/netty-codec-dns/4.1.115.Final/netty-codec-dns-4.1.115.Final.jar:/Users/edls/.m2/repository/io/netty/netty-transport-native-unix-common/4.1.115.Final/netty-transport-native-unix-common-4.1.115.Final-linux-x86_64.jar:/Users/edls/.m2/repository/io/netty/netty-transport-native-unix-common/4.1.115.Final/netty-transport-native-unix-common-4.1.115.Final-linux-aarch_64.jar:/Users/edls/.m2/repository/io/netty/netty-transport-native-unix-common/4.1.115.Final/netty-transport-native-unix-common-4.1.115.Final-osx-x86_64.jar:/Users/edls/.m2/repository/io/netty/netty-transport-native-unix-common/4.1.115.Final/netty-transport-native-unix-common-4.1.115.Final-osx-aarch_64.jar:/Users/edls/.m2/repository/org/reactivestreams/reactive-streams/1.0.4/reactive-streams-1.0.4.jar:/Users/edls/.m2/repository/io/netty/netty-handler-proxy/4.1.115.Final/netty-handler-proxy-4.1.115.Final.jar:/Users/edls/.m2/repository/io/netty/netty-codec-socks/4.1.115.Final/netty-codec-socks-4.1.115.Final.jar:/Users/edls/.m2/repository/io/netty/netty-transport-native-epoll/4.1.115.Final/netty-transport-native-epoll-4.1.115.Final-linux-x86_64.jar:/Users/edls/.m2/repository/io/netty/netty-transport-native-unix-common/4.1.115.Final/netty-transport-native-unix-common-4.1.115.Final.jar:/Users/edls/.m2/repository/io/netty/netty-transport-classes-epoll/4.1.115.Final/netty-transport-classes-epoll-4.1.115.Final.jar:/Users/edls/.m2/repository/io/netty/netty-transport-native-epoll/4.1.115.Final/netty-transport-native-epoll-4.1.115.Final-linux-aarch_64.jar:/Users/edls/.m2/repository/io/netty/netty-transport-native-kqueue/4.1.115.Final/netty-transport-native-kqueue-4.1.115.Final-osx-x86_64.jar:/Users/edls/.m2/repository/io/netty/netty-transport-classes-kqueue/4.1.115.Final/netty-transport-classes-kqueue-4.1.115.Final.jar:/Users/edls/.m2/repository/io/netty/netty-resolver-dns-native-macos/4.1.115.Final/netty-resolver-dns-native-macos-4.1.115.Final-osx-x86_64.jar:/Users/edls/.m2/repository/io/netty/netty-resolver-dns-classes-macos/4.1.115.Final/netty-resolver-dns-classes-macos-4.1.115.Final.jar:/Users/edls/.m2/repository/io/netty/netty-transport-native-kqueue/4.1.115.Final/netty-transport-native-kqueue-4.1.115.Final-osx-aarch_64.jar:/Users/edls/.m2/repository/io/netty/netty-resolver-dns-native-macos/4.1.115.Final/netty-resolver-dns-native-macos-4.1.115.Final-osx-aarch_64.jar:/Users/edls/.m2/repository/io/netty/netty-tcnative-boringssl-static/2.0.69.Final/netty-tcnative-boringssl-static-2.0.69.Final-linux-x86_64.jar:/Users/edls/.m2/repository/io/netty/netty-tcnative-classes/2.0.69.Final/netty-tcnative-classes-2.0.69.Final.jar:/Users/edls/.m2/repository/io/netty/netty-tcnative-boringssl-static/2.0.69.Final/netty-tcnative-boringssl-static-2.0.69.Final-linux-aarch_64.jar:/Users/edls/.m2/repository/io/netty/netty-tcnative-boringssl-static/2.0.69.Final/netty-tcnative-boringssl-static-2.0.69.Final-osx-x86_64.jar:/Users/edls/.m2/repository/io/netty/netty-tcnative-boringssl-static/2.0.69.Final/netty-tcnative-boringssl-static-2.0.69.Final-osx-aarch_64.jar:/Users/edls/.m2/repository/io/netty/netty-tcnative-boringssl-static/2.0.69.Final/netty-tcnative-boringssl-static-2.0.69.Final-windows-x86_64.jar:/Users/edls/.m2/repository/com/aayushatharva/brotli4j/brotli4j/1.17.0/brotli4j-1.17.0.jar:/Users/edls/.m2/repository/com/aayushatharva/brotli4j/service/1.17.0/service-1.17.0.jar:/Users/edls/.m2/repository/com/aayushatharva/brotli4j/native-osx-x86_64/1.17.0/native-osx-x86_64-1.17.0.jar:/Users/edls/.m2/repository/org/apache/httpcomponents/httpclient/4.5.14/httpclient-4.5.14.jar:/Users/edls/.m2/repository/org/apache/httpcomponents/httpcore/4.4.16/httpcore-4.4.16.jar:/Users/edls/.m2/repository/commons-codec/commons-codec/1.16.1/commons-codec-1.16.1.jar:/Users/edls/.m2/repository/ch/qos/logback/logback-classic/1.5.4/logback-classic-1.5.4.jar:/Users/edls/.m2/repository/ch/qos/logback/logback-core/1.5.4/logback-core-1.5.4.jar:/Users/edls/.m2/repository/org/slf4j/jcl-over-slf4j/2.0.12/jcl-over-slf4j-2.0.12.jar:/Users/edls/.m2/repository/org/slf4j/slf4j-api/2.0.12/slf4j-api-2.0.12.jar:/Users/edls/.m2/repository/org/antlr/antlr4-runtime/4.13.1/antlr4-runtime-4.13.1.jar:/Users/edls/.m2/repository/com/jayway/jsonpath/json-path/2.9.0/json-path-2.9.0.jar:/Users/edls/.m2/repository/net/minidev/json-smart/2.5.1/json-smart-2.5.1.jar:/Users/edls/.m2/repository/net/minidev/accessors-smart/2.5.1/accessors-smart-2.5.1.jar:/Users/edls/.m2/repository/org/ow2/asm/asm/9.6/asm-9.6.jar:/Users/edls/.m2/repository/org/yaml/snakeyaml/2.3/snakeyaml-2.3.jar:/Users/edls/.m2/repository/de/siegmar/fastcsv/3.4.0/fastcsv-3.4.0.jar:/Users/edls/.m2/repository/info/picocli/picocli/4.7.6/picocli-4.7.6.jar:/Users/edls/.m2/repository/io/github/classgraph/classgraph/4.8.179/classgraph-4.8.179.jar:/Users/edls/.m2/repository/io/github/t12y/resemble/1.1.0/resemble-1.1.0.jar:/Users/edls/.m2/repository/io/github/t12y/ssim/1.0.0/ssim-1.0.0.jar:/Users/edls/.m2/repository/org/junit/jupiter/junit-jupiter-api/5.10.2/junit-jupiter-api-5.10.2.jar:/Users/edls/.m2/repository/org/opentest4j/opentest4j/1.3.0/opentest4j-1.3.0.jar:/Users/edls/.m2/repository/org/junit/platform/junit-platform-commons/1.10.2/junit-platform-commons-1.10.2.jar:/Users/edls/.m2/repository/org/apiguardian/apiguardian-api/1.1.2/apiguardian-api-1.1.2.jar:/Users/edls/.m2/repository/org/junit/jupiter/junit-jupiter-engine/5.10.2/junit-jupiter-engine-5.10.2.jar:/Users/edls/.m2/repository/org/junit/platform/junit-platform-engine/1.10.2/junit-platform-engine-1.10.2.jar:/Users/edls/.m2/repository/net/masterthought/cucumber-reporting/5.7.0/cucumber-reporting-5.7.0.jar:/Users/edls/.m2/repository/com/fasterxml/jackson/core/jackson-databind/2.13.0/jackson-databind-2.13.0.jar:/Users/edls/.m2/repository/com/fasterxml/jackson/core/jackson-annotations/2.13.0/jackson-annotations-2.13.0.jar:/Users/edls/.m2/repository/com/fasterxml/jackson/core/jackson-core/2.13.0/jackson-core-2.13.0.jar:/Users/edls/.m2/repository/com/fasterxml/jackson/datatype/jackson-datatype-jsr310/2.13.0/jackson-datatype-jsr310-2.13.0.jar:/Users/edls/.m2/repository/org/apache/velocity/velocity-engine-core/2.3/velocity-engine-core-2.3.jar:/Users/edls/.m2/repository/commons-collections/commons-collections/3.2.2/commons-collections-3.2.2.jar:/Users/edls/.m2/repository/joda-time/joda-time/2.10.10/joda-time-2.10.10.jar:/Users/edls/.m2/repository/org/apache/commons/commons-lang3/3.12.0/commons-lang3-3.12.0.jar:/Users/edls/.m2/repository/commons-io/commons-io/2.7/commons-io-2.7.jar:/Users/edls/.m2/repository/org/codehaus/plexus/plexus-utils/3.3.0/plexus-utils-3.3.0.jar:/Users/edls/.m2/repository/org/jsoup/jsoup/1.14.2/jsoup-1.14.2.jar:/Users/edls/.m2/repository/com/google/guava/guava/30.1.1-jre/guava-30.1.1-jre.jar:/Users/edls/.m2/repository/com/google/guava/failureaccess/1.0.1/failureaccess-1.0.1.jar:/Users/edls/.m2/repository/com/google/guava/listenablefuture/9999.0-empty-to-avoid-conflict-with-guava/listenablefuture-9999.0-empty-to-avoid-conflict-with-guava.jar:/Users/edls/.m2/repository/com/google/code/findbugs/jsr305/3.0.2/jsr305-3.0.2.jar:/Users/edls/.m2/repository/org/checkerframework/checker-qual/3.8.0/checker-qual-3.8.0.jar:/Users/edls/.m2/repository/com/google/errorprone/error_prone_annotations/2.5.1/error_prone_annotations-2.5.1.jar:/Users/edls/.m2/repository/com/google/j2objc/j2objc-annotations/1.3/j2objc-annotations-1.3.jar:/Users/edls/.m2/repository/com/googlecode/owasp-java-html-sanitizer/owasp-java-html-sanitizer/20211018.2/owasp-java-html-sanitizer-20211018.2.jar:/Users/edls/.m2/repository/commons-configuration/commons-configuration/1.10/commons-configuration-1.10.jar:/Users/edls/.m2/repository/commons-lang/commons-lang/2.6/commons-lang-2.6.jar:/Users/edls/.m2/repository/commons-logging/commons-logging/1.1.1/commons-logging-1.1.1.jar:"/>
    <property name="java.vm.vendor" value="Oracle Corporation"/>
    <property name="sun.arch.data.model" value="64"/>
    <property name="java.vendor.url" value="https://java.oracle.com/"/>
    <property name="user.timezone" value="America/New_York"/>
    <property name="os.name" value="Mac OS X"/>
    <property name="java.vm.specification.version" value="23"/>
    <property name="user.country" value="US"/>
    <property name="sun.java.launcher" value="SUN_STANDARD"/>
    <property name="sun.boot.library.path" value="/Library/Java/JavaVirtualMachines/jdk-23.jdk/Contents/Home/lib"/>
    <property name="sun.java.command" value="/Users/edls/NetBeansProjects/transaction-api/target/surefire/surefirebooter-20250521095647312_3.jar /Users/edls/NetBeansProjects/transaction-api/target/surefire 2025-05-21T09-56-47_241-jvmRun1 surefire-20250521095647312_1tmp surefire_0-20250521095647312_2tmp"/>
    <property name="http.nonProxyHosts" value="local|*.local|169.254/16|*.169.254/16"/>
    <property name="jdk.debug" value="release"/>
    <property name="surefire.test.class.path" value="/Users/edls/NetBeansProjects/transaction-api/target/test-classes:/Users/edls/NetBeansProjects/transaction-api/target/classes:/Users/edls/.m2/repository/io/karatelabs/karate-junit5/1.5.1/karate-junit5-1.5.1.jar:/Users/edls/.m2/repository/io/karatelabs/karate-core/1.5.1/karate-core-1.5.1.jar:/Users/edls/.m2/repository/org/graalvm/js/js-scriptengine/24.0.0/js-scriptengine-24.0.0.jar:/Users/edls/.m2/repository/org/graalvm/polyglot/polyglot/24.0.0/polyglot-24.0.0.jar:/Users/edls/.m2/repository/org/graalvm/sdk/collections/24.0.0/collections-24.0.0.jar:/Users/edls/.m2/repository/org/graalvm/sdk/nativeimage/24.0.0/nativeimage-24.0.0.jar:/Users/edls/.m2/repository/org/graalvm/sdk/word/24.0.0/word-24.0.0.jar:/Users/edls/.m2/repository/org/graalvm/js/js-language/24.0.0/js-language-24.0.0.jar:/Users/edls/.m2/repository/org/graalvm/regex/regex/24.0.0/regex-24.0.0.jar:/Users/edls/.m2/repository/org/graalvm/truffle/truffle-api/24.0.0/truffle-api-24.0.0.jar:/Users/edls/.m2/repository/org/graalvm/shadowed/icu4j/24.0.0/icu4j-24.0.0.jar:/Users/edls/.m2/repository/org/thymeleaf/thymeleaf/3.1.2.RELEASE/thymeleaf-3.1.2.RELEASE.jar:/Users/edls/.m2/repository/ognl/ognl/3.3.4/ognl-3.3.4.jar:/Users/edls/.m2/repository/org/javassist/javassist/3.29.0-GA/javassist-3.29.0-GA.jar:/Users/edls/.m2/repository/org/attoparser/attoparser/2.0.7.RELEASE/attoparser-2.0.7.RELEASE.jar:/Users/edls/.m2/repository/org/unbescape/unbescape/1.1.6.RELEASE/unbescape-1.1.6.RELEASE.jar:/Users/edls/.m2/repository/com/linecorp/armeria/armeria/1.31.3/armeria-1.31.3.jar:/Users/edls/.m2/repository/com/fasterxml/jackson/datatype/jackson-datatype-jdk8/2.18.1/jackson-datatype-jdk8-2.18.1.jar:/Users/edls/.m2/repository/io/micrometer/micrometer-core/1.13.6/micrometer-core-1.13.6.jar:/Users/edls/.m2/repository/io/micrometer/micrometer-commons/1.13.6/micrometer-commons-1.13.6.jar:/Users/edls/.m2/repository/io/micrometer/micrometer-observation/1.13.6/micrometer-observation-1.13.6.jar:/Users/edls/.m2/repository/org/hdrhistogram/HdrHistogram/2.2.2/HdrHistogram-2.2.2.jar:/Users/edls/.m2/repository/org/latencyutils/LatencyUtils/2.0.3/LatencyUtils-2.0.3.jar:/Users/edls/.m2/repository/io/netty/netty-transport/4.1.115.Final/netty-transport-4.1.115.Final.jar:/Users/edls/.m2/repository/io/netty/netty-common/4.1.115.Final/netty-common-4.1.115.Final.jar:/Users/edls/.m2/repository/io/netty/netty-buffer/4.1.115.Final/netty-buffer-4.1.115.Final.jar:/Users/edls/.m2/repository/io/netty/netty-resolver/4.1.115.Final/netty-resolver-4.1.115.Final.jar:/Users/edls/.m2/repository/io/netty/netty-codec-haproxy/4.1.115.Final/netty-codec-haproxy-4.1.115.Final.jar:/Users/edls/.m2/repository/io/netty/netty-codec/4.1.115.Final/netty-codec-4.1.115.Final.jar:/Users/edls/.m2/repository/io/netty/netty-codec-http2/4.1.115.Final/netty-codec-http2-4.1.115.Final.jar:/Users/edls/.m2/repository/io/netty/netty-handler/4.1.115.Final/netty-handler-4.1.115.Final.jar:/Users/edls/.m2/repository/io/netty/netty-codec-http/4.1.115.Final/netty-codec-http-4.1.115.Final.jar:/Users/edls/.m2/repository/io/netty/netty-resolver-dns/4.1.115.Final/netty-resolver-dns-4.1.115.Final.jar:/Users/edls/.m2/repository/io/netty/netty-codec-dns/4.1.115.Final/netty-codec-dns-4.1.115.Final.jar:/Users/edls/.m2/repository/io/netty/netty-transport-native-unix-common/4.1.115.Final/netty-transport-native-unix-common-4.1.115.Final-linux-x86_64.jar:/Users/edls/.m2/repository/io/netty/netty-transport-native-unix-common/4.1.115.Final/netty-transport-native-unix-common-4.1.115.Final-linux-aarch_64.jar:/Users/edls/.m2/repository/io/netty/netty-transport-native-unix-common/4.1.115.Final/netty-transport-native-unix-common-4.1.115.Final-osx-x86_64.jar:/Users/edls/.m2/repository/io/netty/netty-transport-native-unix-common/4.1.115.Final/netty-transport-native-unix-common-4.1.115.Final-osx-aarch_64.jar:/Users/edls/.m2/repository/org/reactivestreams/reactive-streams/1.0.4/reactive-streams-1.0.4.jar:/Users/edls/.m2/repository/io/netty/netty-handler-proxy/4.1.115.Final/netty-handler-proxy-4.1.115.Final.jar:/Users/edls/.m2/repository/io/netty/netty-codec-socks/4.1.115.Final/netty-codec-socks-4.1.115.Final.jar:/Users/edls/.m2/repository/io/netty/netty-transport-native-epoll/4.1.115.Final/netty-transport-native-epoll-4.1.115.Final-linux-x86_64.jar:/Users/edls/.m2/repository/io/netty/netty-transport-native-unix-common/4.1.115.Final/netty-transport-native-unix-common-4.1.115.Final.jar:/Users/edls/.m2/repository/io/netty/netty-transport-classes-epoll/4.1.115.Final/netty-transport-classes-epoll-4.1.115.Final.jar:/Users/edls/.m2/repository/io/netty/netty-transport-native-epoll/4.1.115.Final/netty-transport-native-epoll-4.1.115.Final-linux-aarch_64.jar:/Users/edls/.m2/repository/io/netty/netty-transport-native-kqueue/4.1.115.Final/netty-transport-native-kqueue-4.1.115.Final-osx-x86_64.jar:/Users/edls/.m2/repository/io/netty/netty-transport-classes-kqueue/4.1.115.Final/netty-transport-classes-kqueue-4.1.115.Final.jar:/Users/edls/.m2/repository/io/netty/netty-resolver-dns-native-macos/4.1.115.Final/netty-resolver-dns-native-macos-4.1.115.Final-osx-x86_64.jar:/Users/edls/.m2/repository/io/netty/netty-resolver-dns-classes-macos/4.1.115.Final/netty-resolver-dns-classes-macos-4.1.115.Final.jar:/Users/edls/.m2/repository/io/netty/netty-transport-native-kqueue/4.1.115.Final/netty-transport-native-kqueue-4.1.115.Final-osx-aarch_64.jar:/Users/edls/.m2/repository/io/netty/netty-resolver-dns-native-macos/4.1.115.Final/netty-resolver-dns-native-macos-4.1.115.Final-osx-aarch_64.jar:/Users/edls/.m2/repository/io/netty/netty-tcnative-boringssl-static/2.0.69.Final/netty-tcnative-boringssl-static-2.0.69.Final-linux-x86_64.jar:/Users/edls/.m2/repository/io/netty/netty-tcnative-classes/2.0.69.Final/netty-tcnative-classes-2.0.69.Final.jar:/Users/edls/.m2/repository/io/netty/netty-tcnative-boringssl-static/2.0.69.Final/netty-tcnative-boringssl-static-2.0.69.Final-linux-aarch_64.jar:/Users/edls/.m2/repository/io/netty/netty-tcnative-boringssl-static/2.0.69.Final/netty-tcnative-boringssl-static-2.0.69.Final-osx-x86_64.jar:/Users/edls/.m2/repository/io/netty/netty-tcnative-boringssl-static/2.0.69.Final/netty-tcnative-boringssl-static-2.0.69.Final-osx-aarch_64.jar:/Users/edls/.m2/repository/io/netty/netty-tcnative-boringssl-static/2.0.69.Final/netty-tcnative-boringssl-static-2.0.69.Final-windows-x86_64.jar:/Users/edls/.m2/repository/com/aayushatharva/brotli4j/brotli4j/1.17.0/brotli4j-1.17.0.jar:/Users/edls/.m2/repository/com/aayushatharva/brotli4j/service/1.17.0/service-1.17.0.jar:/Users/edls/.m2/repository/com/aayushatharva/brotli4j/native-osx-x86_64/1.17.0/native-osx-x86_64-1.17.0.jar:/Users/edls/.m2/repository/org/apache/httpcomponents/httpclient/4.5.14/httpclient-4.5.14.jar:/Users/edls/.m2/repository/org/apache/httpcomponents/httpcore/4.4.16/httpcore-4.4.16.jar:/Users/edls/.m2/repository/commons-codec/commons-codec/1.16.1/commons-codec-1.16.1.jar:/Users/edls/.m2/repository/ch/qos/logback/logback-classic/1.5.4/logback-classic-1.5.4.jar:/Users/edls/.m2/repository/ch/qos/logback/logback-core/1.5.4/logback-core-1.5.4.jar:/Users/edls/.m2/repository/org/slf4j/jcl-over-slf4j/2.0.12/jcl-over-slf4j-2.0.12.jar:/Users/edls/.m2/repository/org/slf4j/slf4j-api/2.0.12/slf4j-api-2.0.12.jar:/Users/edls/.m2/repository/org/antlr/antlr4-runtime/4.13.1/antlr4-runtime-4.13.1.jar:/Users/edls/.m2/repository/com/jayway/jsonpath/json-path/2.9.0/json-path-2.9.0.jar:/Users/edls/.m2/repository/net/minidev/json-smart/2.5.1/json-smart-2.5.1.jar:/Users/edls/.m2/repository/net/minidev/accessors-smart/2.5.1/accessors-smart-2.5.1.jar:/Users/edls/.m2/repository/org/ow2/asm/asm/9.6/asm-9.6.jar:/Users/edls/.m2/repository/org/yaml/snakeyaml/2.3/snakeyaml-2.3.jar:/Users/edls/.m2/repository/de/siegmar/fastcsv/3.4.0/fastcsv-3.4.0.jar:/Users/edls/.m2/repository/info/picocli/picocli/4.7.6/picocli-4.7.6.jar:/Users/edls/.m2/repository/io/github/classgraph/classgraph/4.8.179/classgraph-4.8.179.jar:/Users/edls/.m2/repository/io/github/t12y/resemble/1.1.0/resemble-1.1.0.jar:/Users/edls/.m2/repository/io/github/t12y/ssim/1.0.0/ssim-1.0.0.jar:/Users/edls/.m2/repository/org/junit/jupiter/junit-jupiter-api/5.10.2/junit-jupiter-api-5.10.2.jar:/Users/edls/.m2/repository/org/opentest4j/opentest4j/1.3.0/opentest4j-1.3.0.jar:/Users/edls/.m2/repository/org/junit/platform/junit-platform-commons/1.10.2/junit-platform-commons-1.10.2.jar:/Users/edls/.m2/repository/org/apiguardian/apiguardian-api/1.1.2/apiguardian-api-1.1.2.jar:/Users/edls/.m2/repository/org/junit/jupiter/junit-jupiter-engine/5.10.2/junit-jupiter-engine-5.10.2.jar:/Users/edls/.m2/repository/org/junit/platform/junit-platform-engine/1.10.2/junit-platform-engine-1.10.2.jar:/Users/edls/.m2/repository/net/masterthought/cucumber-reporting/5.7.0/cucumber-reporting-5.7.0.jar:/Users/edls/.m2/repository/com/fasterxml/jackson/core/jackson-databind/2.13.0/jackson-databind-2.13.0.jar:/Users/edls/.m2/repository/com/fasterxml/jackson/core/jackson-annotations/2.13.0/jackson-annotations-2.13.0.jar:/Users/edls/.m2/repository/com/fasterxml/jackson/core/jackson-core/2.13.0/jackson-core-2.13.0.jar:/Users/edls/.m2/repository/com/fasterxml/jackson/datatype/jackson-datatype-jsr310/2.13.0/jackson-datatype-jsr310-2.13.0.jar:/Users/edls/.m2/repository/org/apache/velocity/velocity-engine-core/2.3/velocity-engine-core-2.3.jar:/Users/edls/.m2/repository/commons-collections/commons-collections/3.2.2/commons-collections-3.2.2.jar:/Users/edls/.m2/repository/joda-time/joda-time/2.10.10/joda-time-2.10.10.jar:/Users/edls/.m2/repository/org/apache/commons/commons-lang3/3.12.0/commons-lang3-3.12.0.jar:/Users/edls/.m2/repository/commons-io/commons-io/2.7/commons-io-2.7.jar:/Users/edls/.m2/repository/org/codehaus/plexus/plexus-utils/3.3.0/plexus-utils-3.3.0.jar:/Users/edls/.m2/repository/org/jsoup/jsoup/1.14.2/jsoup-1.14.2.jar:/Users/edls/.m2/repository/com/google/guava/guava/30.1.1-jre/guava-30.1.1-jre.jar:/Users/edls/.m2/repository/com/google/guava/failureaccess/1.0.1/failureaccess-1.0.1.jar:/Users/edls/.m2/repository/com/google/guava/listenablefuture/9999.0-empty-to-avoid-conflict-with-guava/listenablefuture-9999.0-empty-to-avoid-conflict-with-guava.jar:/Users/edls/.m2/repository/com/google/code/findbugs/jsr305/3.0.2/jsr305-3.0.2.jar:/Users/edls/.m2/repository/org/checkerframework/checker-qual/3.8.0/checker-qual-3.8.0.jar:/Users/edls/.m2/repository/com/google/errorprone/error_prone_annotations/2.5.1/error_prone_annotations-2.5.1.jar:/Users/edls/.m2/repository/com/google/j2objc/j2objc-annotations/1.3/j2objc-annotations-1.3.jar:/Users/edls/.m2/repository/com/googlecode/owasp-java-html-sanitizer/owasp-java-html-sanitizer/20211018.2/owasp-java-html-sanitizer-20211018.2.jar:/Users/edls/.m2/repository/commons-configuration/commons-configuration/1.10/commons-configuration-1.10.jar:/Users/edls/.m2/repository/commons-lang/commons-lang/2.6/commons-lang-2.6.jar:/Users/edls/.m2/repository/commons-logging/commons-logging/1.1.1/commons-logging-1.1.1.jar:"/>
    <property name="sun.cpu.endian" value="little"/>
    <property name="user.home" value="/Users/edls"/>
    <property name="user.language" value="en"/>
    <property name="java.specification.vendor" value="Oracle Corporation"/>
    <property name="java.version.date" value="2024-10-15"/>
    <property name="java.home" value="/Library/Java/JavaVirtualMachines/jdk-23.jdk/Contents/Home"/>
    <property name="file.separator" value="/"/>
    <property name="basedir" value="/Users/edls/NetBeansProjects/transaction-api"/>
    <property name="java.vm.compressedOopsMode" value="Zero based"/>
    <property name="line.separator" value="&#10;"/>
    <property name="java.vm.specification.vendor" value="Oracle Corporation"/>
    <property name="java.specification.name" value="Java Platform API Specification"/>
    <property name="apple.awt.application.name" value="ForkedBooter"/>
    <property name="surefire.real.class.path" value="/Users/edls/NetBeansProjects/transaction-api/target/surefire/surefirebooter-20250521095647312_3.jar"/>
    <property name="sun.management.compiler" value="HotSpot 64-Bit Tiered Compilers"/>
    <property name="ftp.nonProxyHosts" value="local|*.local|169.254/16|*.169.254/16"/>
    <property name="java.runtime.version" value="23.0.1+11-39"/>
    <property name="user.name" value="edls"/>
    <property name="stdout.encoding" value="UTF-8"/>
    <property name="path.separator" value=":"/>
    <property name="os.version" value="15.4.1"/>
    <property name="java.runtime.name" value="Java(TM) SE Runtime Environment"/>
    <property name="file.encoding" value="UTF-8"/>
    <property name="java.vm.name" value="Java HotSpot(TM) 64-Bit Server VM"/>
    <property name="maven.ext.class.path" value="/Applications/Apache NetBeans.app/Contents/Resources/netbeans/java/maven-nblib/netbeans-eventspy.jar"/>
    <property name="localRepository" value="/Users/edls/.m2/repository"/>
    <property name="java.vendor.url.bug" value="https://bugreport.java.com/bugreport/"/>
    <property name="java.io.tmpdir" value="/var/folders/rr/_prb47r13t51kb9g1yb_jvm40000gn/T/"/>
    <property name="java.version" value="23.0.1"/>
    <property name="user.dir" value="/Users/edls/NetBeansProjects/transaction-api"/>
    <property name="os.arch" value="x86_64"/>
    <property name="java.vm.specification.name" value="Java Virtual Machine Specification"/>
    <property name="native.encoding" value="UTF-8"/>
    <property name="java.library.path" value="/Users/edls/Library/Java/Extensions:/Library/Java/Extensions:/Network/Library/Java/Extensions:/System/Library/Java/Extensions:/usr/lib/java:."/>
    <property name="java.vm.info" value="mixed mode, sharing"/>
    <property name="stderr.encoding" value="UTF-8"/>
    <property name="java.vendor" value="Oracle Corporation"/>
    <property name="java.vm.version" value="23.0.1+11-39"/>
    <property name="sun.io.unicode.encoding" value="UnicodeBig"/>
    <property name="socksNonProxyHosts" value="local|*.local|169.254/16|*.169.254/16"/>
    <property name="java.class.version" value="67.0"/>
  </properties>
  <testcase name="createTransactions" classname="tests.ParallelRunnerTest" time="8.012">
    <system-out><![CDATA[09:56:48.398 [main] DEBUG com.intuit.karate.Suite - [config] classpath:karate-config.js
09:56:49.145 [main] INFO  com.intuit.karate - karate.env system property was: null 
09:56:49.428 [main] DEBUG com.intuit.karate - request:
1 > POST https://vx5846dgdj.execute-api.us-east-1.amazonaws.com/dev/transactions
1 > Content-Type: application/json; charset=UTF-8
1 > Accept: application/json
1 > Content-Length: 124
1 > Host: vx5846dgdj.execute-api.us-east-1.amazonaws.com
1 > Connection: Keep-Alive
1 > User-Agent: Apache-HttpClient/4.5.14 (Java/23.0.1)
1 > Accept-Encoding: gzip,deflate
{"transactionId":"txn201","name":"Alice","title":"Payment","amount":100,"currency":"USD","timestamp":"2024-05-01T10:00:00Z"}

09:56:49.788 [main] DEBUG com.intuit.karate - response time in milliseconds: 357
1 < 201
1 < Date: Wed, 21 May 2025 13:56:49 GMT
1 < Content-Type: application/json
1 < Content-Length: 148
1 < Connection: keep-alive
1 < Apigw-Requestid: K69BViknoAMEZqg=
{"name": "Alice", "title": "Payment", "amount": 100.0, "currency": "USD", "timestamp": "2024-05-01T10:00:00Z", "id": "txn201", "message": "SUCCESS"}

09:56:49.882 [main] DEBUG com.intuit.karate - request:
1 > POST https://vx5846dgdj.execute-api.us-east-1.amazonaws.com/dev/transactions
1 > Content-Type: application/json; charset=UTF-8
1 > Accept: application/json
1 > Content-Length: 122
1 > Host: vx5846dgdj.execute-api.us-east-1.amazonaws.com
1 > Connection: Keep-Alive
1 > User-Agent: Apache-HttpClient/4.5.14 (Java/23.0.1)
1 > Accept-Encoding: gzip,deflate
{"transactionId":"txn202","name":"Bob","title":"Invoice","amount":200,"currency":"USD","timestamp":"2024-05-02T15:30:00Z"}

09:56:50.057 [main] DEBUG com.intuit.karate - response time in milliseconds: 174
1 < 201
1 < Date: Wed, 21 May 2025 13:56:50 GMT
1 < Content-Type: application/json
1 < Content-Length: 146
1 < Connection: keep-alive
1 < Apigw-Requestid: K69BYjWioAMEZHw=
{"name": "Bob", "title": "Invoice", "amount": 200.0, "currency": "USD", "timestamp": "2024-05-02T15:30:00Z", "id": "txn202", "message": "SUCCESS"}

09:56:50.073 [main] DEBUG com.intuit.karate - request:
1 > POST https://vx5846dgdj.execute-api.us-east-1.amazonaws.com/dev/transactions
1 > Content-Type: application/json; charset=UTF-8
1 > Accept: application/json
1 > Content-Length: 125
1 > Host: vx5846dgdj.execute-api.us-east-1.amazonaws.com
1 > Connection: Keep-Alive
1 > User-Agent: Apache-HttpClient/4.5.14 (Java/23.0.1)
1 > Accept-Encoding: gzip,deflate
{"transactionId":"txn203","name":"Charlie","title":"Refund","amount":150,"currency":"USD","timestamp":"2024-05-03T09:45:00Z"}

09:56:50.258 [main] DEBUG com.intuit.karate - response time in milliseconds: 185
1 < 201
1 < Date: Wed, 21 May 2025 13:56:50 GMT
1 < Content-Type: application/json
1 < Content-Length: 149
1 < Connection: keep-alive
1 < Apigw-Requestid: K69BajTEIAMEZVg=
{"name": "Charlie", "title": "Refund", "amount": 150.0, "currency": "USD", "timestamp": "2024-05-03T09:45:00Z", "id": "txn203", "message": "SUCCESS"}

09:56:50.269 [main] DEBUG com.intuit.karate - request:
1 > POST https://vx5846dgdj.execute-api.us-east-1.amazonaws.com/dev/transactions
1 > Content-Type: application/json; charset=UTF-8
1 > Accept: application/json
1 > Content-Length: 124
1 > Host: vx5846dgdj.execute-api.us-east-1.amazonaws.com
1 > Connection: Keep-Alive
1 > User-Agent: Apache-HttpClient/4.5.14 (Java/23.0.1)
1 > Accept-Encoding: gzip,deflate
{"transactionId":"txn204","name":"Diana","title":"Payment","amount":250,"currency":"USD","timestamp":"2024-05-04T11:20:00Z"}

09:56:50.437 [main] DEBUG com.intuit.karate - response time in milliseconds: 168
1 < 201
1 < Date: Wed, 21 May 2025 13:56:50 GMT
1 < Content-Type: application/json
1 < Content-Length: 148
1 < Connection: keep-alive
1 < Apigw-Requestid: K69BchteIAMEPvA=
{"name": "Diana", "title": "Payment", "amount": 250.0, "currency": "USD", "timestamp": "2024-05-04T11:20:00Z", "id": "txn204", "message": "SUCCESS"}

09:56:50.448 [main] DEBUG com.intuit.karate - request:
1 > POST https://vx5846dgdj.execute-api.us-east-1.amazonaws.com/dev/transactions
1 > Content-Type: application/json; charset=UTF-8
1 > Accept: application/json
1 > Content-Length: 124
1 > Host: vx5846dgdj.execute-api.us-east-1.amazonaws.com
1 > Connection: Keep-Alive
1 > User-Agent: Apache-HttpClient/4.5.14 (Java/23.0.1)
1 > Accept-Encoding: gzip,deflate
{"transactionId":"txn205","name":"Ethan","title":"Invoice","amount":300,"currency":"USD","timestamp":"2024-05-05T13:10:00Z"}

09:56:50.638 [main] DEBUG com.intuit.karate - response time in milliseconds: 189
1 < 201
1 < Date: Wed, 21 May 2025 13:56:50 GMT
1 < Content-Type: application/json
1 < Content-Length: 148
1 < Connection: keep-alive
1 < Apigw-Requestid: K69BehwboAMEPNg=
{"name": "Ethan", "title": "Invoice", "amount": 300.0, "currency": "USD", "timestamp": "2024-05-05T13:10:00Z", "id": "txn205", "message": "SUCCESS"}

09:56:50.647 [main] DEBUG com.intuit.karate - request:
1 > POST https://vx5846dgdj.execute-api.us-east-1.amazonaws.com/dev/transactions
1 > Content-Type: application/json; charset=UTF-8
1 > Accept: application/json
1 > Content-Length: 124
1 > Host: vx5846dgdj.execute-api.us-east-1.amazonaws.com
1 > Connection: Keep-Alive
1 > User-Agent: Apache-HttpClient/4.5.14 (Java/23.0.1)
1 > Accept-Encoding: gzip,deflate
{"transactionId":"txn206","name":"Fiona","title":"Payment","amount":120,"currency":"USD","timestamp":"2024-05-06T14:00:00Z"}

09:56:50.837 [main] DEBUG com.intuit.karate - response time in milliseconds: 189
1 < 201
1 < Date: Wed, 21 May 2025 13:56:50 GMT
1 < Content-Type: application/json
1 < Content-Length: 148
1 < Connection: keep-alive
1 < Apigw-Requestid: K69BghtkIAMEPJw=
{"name": "Fiona", "title": "Payment", "amount": 120.0, "currency": "USD", "timestamp": "2024-05-06T14:00:00Z", "id": "txn206", "message": "SUCCESS"}

09:56:50.846 [main] DEBUG com.intuit.karate - request:
1 > POST https://vx5846dgdj.execute-api.us-east-1.amazonaws.com/dev/transactions
1 > Content-Type: application/json; charset=UTF-8
1 > Accept: application/json
1 > Content-Length: 124
1 > Host: vx5846dgdj.execute-api.us-east-1.amazonaws.com
1 > Connection: Keep-Alive
1 > User-Agent: Apache-HttpClient/4.5.14 (Java/23.0.1)
1 > Accept-Encoding: gzip,deflate
{"transactionId":"txn207","name":"George","title":"Refund","amount":180,"currency":"USD","timestamp":"2024-05-07T16:00:00Z"}

09:56:51.018 [main] DEBUG com.intuit.karate - response time in milliseconds: 172
1 < 201
1 < Date: Wed, 21 May 2025 13:56:51 GMT
1 < Content-Type: application/json
1 < Content-Length: 148
1 < Connection: keep-alive
1 < Apigw-Requestid: K69BihggoAMEZ0Q=
{"name": "George", "title": "Refund", "amount": 180.0, "currency": "USD", "timestamp": "2024-05-07T16:00:00Z", "id": "txn207", "message": "SUCCESS"}

09:56:51.027 [main] DEBUG com.intuit.karate - request:
1 > POST https://vx5846dgdj.execute-api.us-east-1.amazonaws.com/dev/transactions
1 > Content-Type: application/json; charset=UTF-8
1 > Accept: application/json
1 > Content-Length: 125
1 > Host: vx5846dgdj.execute-api.us-east-1.amazonaws.com
1 > Connection: Keep-Alive
1 > User-Agent: Apache-HttpClient/4.5.14 (Java/23.0.1)
1 > Accept-Encoding: gzip,deflate
{"transactionId":"txn208","name":"Hannah","title":"Invoice","amount":220,"currency":"USD","timestamp":"2024-05-08T10:15:00Z"}

09:56:51.225 [main] DEBUG com.intuit.karate - response time in milliseconds: 196
1 < 201
1 < Date: Wed, 21 May 2025 13:56:51 GMT
1 < Content-Type: application/json
1 < Content-Length: 149
1 < Connection: keep-alive
1 < Apigw-Requestid: K69BkiAsoAMEPkA=
{"name": "Hannah", "title": "Invoice", "amount": 220.0, "currency": "USD", "timestamp": "2024-05-08T10:15:00Z", "id": "txn208", "message": "SUCCESS"}

09:56:51.233 [main] DEBUG com.intuit.karate - request:
1 > POST https://vx5846dgdj.execute-api.us-east-1.amazonaws.com/dev/transactions
1 > Content-Type: application/json; charset=UTF-8
1 > Accept: application/json
1 > Content-Length: 122
1 > Host: vx5846dgdj.execute-api.us-east-1.amazonaws.com
1 > Connection: Keep-Alive
1 > User-Agent: Apache-HttpClient/4.5.14 (Java/23.0.1)
1 > Accept-Encoding: gzip,deflate
{"transactionId":"txn209","name":"Ian","title":"Payment","amount":140,"currency":"USD","timestamp":"2024-05-09T09:00:00Z"}

09:56:51.398 [main] DEBUG com.intuit.karate - response time in milliseconds: 164
1 < 201
1 < Date: Wed, 21 May 2025 13:56:51 GMT
1 < Content-Type: application/json
1 < Content-Length: 146
1 < Connection: keep-alive
1 < Apigw-Requestid: K69BmjnLIAMEZKg=
{"name": "Ian", "title": "Payment", "amount": 140.0, "currency": "USD", "timestamp": "2024-05-09T09:00:00Z", "id": "txn209", "message": "SUCCESS"}

09:56:51.406 [main] DEBUG com.intuit.karate - request:
1 > POST https://vx5846dgdj.execute-api.us-east-1.amazonaws.com/dev/transactions
1 > Content-Type: application/json; charset=UTF-8
1 > Accept: application/json
1 > Content-Length: 122
1 > Host: vx5846dgdj.execute-api.us-east-1.amazonaws.com
1 > Connection: Keep-Alive
1 > User-Agent: Apache-HttpClient/4.5.14 (Java/23.0.1)
1 > Accept-Encoding: gzip,deflate
{"transactionId":"txn210","name":"Jill","title":"Refund","amount":160,"currency":"USD","timestamp":"2024-05-10T12:00:00Z"}

09:56:51.601 [main] DEBUG com.intuit.karate - response time in milliseconds: 195
1 < 201
1 < Date: Wed, 21 May 2025 13:56:51 GMT
1 < Content-Type: application/json
1 < Content-Length: 146
1 < Connection: keep-alive
1 < Apigw-Requestid: K69Bng2EIAMEPEg=
{"name": "Jill", "title": "Refund", "amount": 160.0, "currency": "USD", "timestamp": "2024-05-10T12:00:00Z", "id": "txn210", "message": "SUCCESS"}

09:56:51.609 [main] DEBUG com.intuit.karate - request:
1 > POST https://vx5846dgdj.execute-api.us-east-1.amazonaws.com/dev/transactions
1 > Content-Type: application/json; charset=UTF-8
1 > Accept: application/json
1 > Content-Length: 124
1 > Host: vx5846dgdj.execute-api.us-east-1.amazonaws.com
1 > Connection: Keep-Alive
1 > User-Agent: Apache-HttpClient/4.5.14 (Java/23.0.1)
1 > Accept-Encoding: gzip,deflate
{"transactionId":"txn211","name":"Kevin","title":"Invoice","amount":240,"currency":"USD","timestamp":"2024-05-11T11:30:00Z"}

09:56:51.799 [main] DEBUG com.intuit.karate - response time in milliseconds: 188
1 < 201
1 < Date: Wed, 21 May 2025 13:56:51 GMT
1 < Content-Type: application/json
1 < Content-Length: 148
1 < Connection: keep-alive
1 < Apigw-Requestid: K69Bqgb5oAMEPRA=
{"name": "Kevin", "title": "Invoice", "amount": 240.0, "currency": "USD", "timestamp": "2024-05-11T11:30:00Z", "id": "txn211", "message": "SUCCESS"}

09:56:51.820 [main] DEBUG com.intuit.karate - request:
1 > POST https://vx5846dgdj.execute-api.us-east-1.amazonaws.com/dev/transactions
1 > Content-Type: application/json; charset=UTF-8
1 > Accept: application/json
1 > Content-Length: 123
1 > Host: vx5846dgdj.execute-api.us-east-1.amazonaws.com
1 > Connection: Keep-Alive
1 > User-Agent: Apache-HttpClient/4.5.14 (Java/23.0.1)
1 > Accept-Encoding: gzip,deflate
{"transactionId":"txn212","name":"Lena","title":"Payment","amount":260,"currency":"USD","timestamp":"2024-05-12T08:00:00Z"}

09:56:51.979 [main] DEBUG com.intuit.karate - response time in milliseconds: 158
1 < 201
1 < Date: Wed, 21 May 2025 13:56:52 GMT
1 < Content-Type: application/json
1 < Content-Length: 147
1 < Connection: keep-alive
1 < Apigw-Requestid: K69Bsg2ToAMEP7g=
{"name": "Lena", "title": "Payment", "amount": 260.0, "currency": "USD", "timestamp": "2024-05-12T08:00:00Z", "id": "txn212", "message": "SUCCESS"}

09:56:51.985 [main] DEBUG com.intuit.karate - request:
1 > POST https://vx5846dgdj.execute-api.us-east-1.amazonaws.com/dev/transactions
1 > Content-Type: application/json; charset=UTF-8
1 > Accept: application/json
1 > Content-Length: 123
1 > Host: vx5846dgdj.execute-api.us-east-1.amazonaws.com
1 > Connection: Keep-Alive
1 > User-Agent: Apache-HttpClient/4.5.14 (Java/23.0.1)
1 > Accept-Encoding: gzip,deflate
{"transactionId":"txn213","name":"Mike","title":"Invoice","amount":300,"currency":"USD","timestamp":"2024-05-13T17:00:00Z"}

09:56:52.178 [main] DEBUG com.intuit.karate - response time in milliseconds: 191
1 < 201
1 < Date: Wed, 21 May 2025 13:56:52 GMT
1 < Content-Type: application/json
1 < Content-Length: 147
1 < Connection: keep-alive
1 < Apigw-Requestid: K69BtirgIAMEPxA=
{"name": "Mike", "title": "Invoice", "amount": 300.0, "currency": "USD", "timestamp": "2024-05-13T17:00:00Z", "id": "txn213", "message": "SUCCESS"}

09:56:52.184 [main] DEBUG com.intuit.karate - request:
1 > POST https://vx5846dgdj.execute-api.us-east-1.amazonaws.com/dev/transactions
1 > Content-Type: application/json; charset=UTF-8
1 > Accept: application/json
1 > Content-Length: 122
1 > Host: vx5846dgdj.execute-api.us-east-1.amazonaws.com
1 > Connection: Keep-Alive
1 > User-Agent: Apache-HttpClient/4.5.14 (Java/23.0.1)
1 > Accept-Encoding: gzip,deflate
{"transactionId":"txn214","name":"Nina","title":"Refund","amount":130,"currency":"USD","timestamp":"2024-05-14T14:30:00Z"}

09:56:52.357 [main] DEBUG com.intuit.karate - response time in milliseconds: 172
1 < 201
1 < Date: Wed, 21 May 2025 13:56:52 GMT
1 < Content-Type: application/json
1 < Content-Length: 146
1 < Connection: keep-alive
1 < Apigw-Requestid: K69Bvg4VoAMEPLA=
{"name": "Nina", "title": "Refund", "amount": 130.0, "currency": "USD", "timestamp": "2024-05-14T14:30:00Z", "id": "txn214", "message": "SUCCESS"}

09:56:52.363 [main] DEBUG com.intuit.karate - request:
1 > POST https://vx5846dgdj.execute-api.us-east-1.amazonaws.com/dev/transactions
1 > Content-Type: application/json; charset=UTF-8
1 > Accept: application/json
1 > Content-Length: 123
1 > Host: vx5846dgdj.execute-api.us-east-1.amazonaws.com
1 > Connection: Keep-Alive
1 > User-Agent: Apache-HttpClient/4.5.14 (Java/23.0.1)
1 > Accept-Encoding: gzip,deflate
{"transactionId":"txn215","name":"Owen","title":"Payment","amount":280,"currency":"USD","timestamp":"2024-05-15T10:20:00Z"}

09:56:52.539 [main] DEBUG com.intuit.karate - response time in milliseconds: 175
1 < 201
1 < Date: Wed, 21 May 2025 13:56:52 GMT
1 < Content-Type: application/json
1 < Content-Length: 147
1 < Connection: keep-alive
1 < Apigw-Requestid: K69Bxio2oAMEZOg=
{"name": "Owen", "title": "Payment", "amount": 280.0, "currency": "USD", "timestamp": "2024-05-15T10:20:00Z", "id": "txn215", "message": "SUCCESS"}

09:56:52.545 [main] DEBUG com.intuit.karate - request:
1 > POST https://vx5846dgdj.execute-api.us-east-1.amazonaws.com/dev/transactions
1 > Content-Type: application/json; charset=UTF-8
1 > Accept: application/json
1 > Content-Length: 124
1 > Host: vx5846dgdj.execute-api.us-east-1.amazonaws.com
1 > Connection: Keep-Alive
1 > User-Agent: Apache-HttpClient/4.5.14 (Java/23.0.1)
1 > Accept-Encoding: gzip,deflate
{"transactionId":"txn216","name":"Paula","title":"Invoice","amount":190,"currency":"USD","timestamp":"2024-05-16T09:50:00Z"}

09:56:52.737 [main] DEBUG com.intuit.karate - response time in milliseconds: 191
1 < 201
1 < Date: Wed, 21 May 2025 13:56:52 GMT
1 < Content-Type: application/json
1 < Content-Length: 148
1 < Connection: keep-alive
1 < Apigw-Requestid: K69Bzh0uoAMEPvA=
{"name": "Paula", "title": "Invoice", "amount": 190.0, "currency": "USD", "timestamp": "2024-05-16T09:50:00Z", "id": "txn216", "message": "SUCCESS"}

09:56:52.743 [main] DEBUG com.intuit.karate - request:
1 > POST https://vx5846dgdj.execute-api.us-east-1.amazonaws.com/dev/transactions
1 > Content-Type: application/json; charset=UTF-8
1 > Accept: application/json
1 > Content-Length: 123
1 > Host: vx5846dgdj.execute-api.us-east-1.amazonaws.com
1 > Connection: Keep-Alive
1 > User-Agent: Apache-HttpClient/4.5.14 (Java/23.0.1)
1 > Accept-Encoding: gzip,deflate
{"transactionId":"txn217","name":"Quinn","title":"Refund","amount":110,"currency":"USD","timestamp":"2024-05-17T13:40:00Z"}

09:56:52.919 [main] DEBUG com.intuit.karate - response time in milliseconds: 174
1 < 201
1 < Date: Wed, 21 May 2025 13:56:53 GMT
1 < Content-Type: application/json
1 < Content-Length: 147
1 < Connection: keep-alive
1 < Apigw-Requestid: K69B1ivgoAMEZqg=
{"name": "Quinn", "title": "Refund", "amount": 110.0, "currency": "USD", "timestamp": "2024-05-17T13:40:00Z", "id": "txn217", "message": "SUCCESS"}

09:56:52.925 [main] DEBUG com.intuit.karate - request:
1 > POST https://vx5846dgdj.execute-api.us-east-1.amazonaws.com/dev/transactions
1 > Content-Type: application/json; charset=UTF-8
1 > Accept: application/json
1 > Content-Length: 125
1 > Host: vx5846dgdj.execute-api.us-east-1.amazonaws.com
1 > Connection: Keep-Alive
1 > User-Agent: Apache-HttpClient/4.5.14 (Java/23.0.1)
1 > Accept-Encoding: gzip,deflate
{"transactionId":"txn218","name":"Rachel","title":"Payment","amount":210,"currency":"USD","timestamp":"2024-05-18T15:15:00Z"}

09:56:53.119 [main] DEBUG com.intuit.karate - response time in milliseconds: 192
1 < 201
1 < Date: Wed, 21 May 2025 13:56:53 GMT
1 < Content-Type: application/json
1 < Content-Length: 149
1 < Connection: keep-alive
1 < Apigw-Requestid: K69B3hceIAMEP_Q=
{"name": "Rachel", "title": "Payment", "amount": 210.0, "currency": "USD", "timestamp": "2024-05-18T15:15:00Z", "id": "txn218", "message": "SUCCESS"}

09:56:53.126 [main] DEBUG com.intuit.karate - request:
1 > POST https://vx5846dgdj.execute-api.us-east-1.amazonaws.com/dev/transactions
1 > Content-Type: application/json; charset=UTF-8
1 > Accept: application/json
1 > Content-Length: 124
1 > Host: vx5846dgdj.execute-api.us-east-1.amazonaws.com
1 > Connection: Keep-Alive
1 > User-Agent: Apache-HttpClient/4.5.14 (Java/23.0.1)
1 > Accept-Encoding: gzip,deflate
{"transactionId":"txn219","name":"Steve","title":"Invoice","amount":270,"currency":"USD","timestamp":"2024-05-19T16:25:00Z"}

09:56:53.298 [main] DEBUG com.intuit.karate - response time in milliseconds: 172
1 < 201
1 < Date: Wed, 21 May 2025 13:56:53 GMT
1 < Content-Type: application/json
1 < Content-Length: 148
1 < Connection: keep-alive
1 < Apigw-Requestid: K69B5jk2oAMEZDQ=
{"name": "Steve", "title": "Invoice", "amount": 270.0, "currency": "USD", "timestamp": "2024-05-19T16:25:00Z", "id": "txn219", "message": "SUCCESS"}

09:56:53.304 [main] DEBUG com.intuit.karate - request:
1 > POST https://vx5846dgdj.execute-api.us-east-1.amazonaws.com/dev/transactions
1 > Content-Type: application/json; charset=UTF-8
1 > Accept: application/json
1 > Content-Length: 122
1 > Host: vx5846dgdj.execute-api.us-east-1.amazonaws.com
1 > Connection: Keep-Alive
1 > User-Agent: Apache-HttpClient/4.5.14 (Java/23.0.1)
1 > Accept-Encoding: gzip,deflate
{"transactionId":"txn220","name":"Tina","title":"Refund","amount":170,"currency":"USD","timestamp":"2024-05-20T12:05:00Z"}

09:56:53.477 [main] DEBUG com.intuit.karate - response time in milliseconds: 172
1 < 201
1 < Date: Wed, 21 May 2025 13:56:53 GMT
1 < Content-Type: application/json
1 < Content-Length: 146
1 < Connection: keep-alive
1 < Apigw-Requestid: K69B6i0yoAMEZEA=
{"name": "Tina", "title": "Refund", "amount": 170.0, "currency": "USD", "timestamp": "2024-05-20T12:05:00Z", "id": "txn220", "message": "SUCCESS"}

09:56:53.483 [main] DEBUG com.intuit.karate - request:
1 > POST https://vx5846dgdj.execute-api.us-east-1.amazonaws.com/dev/transactions
1 > Content-Type: application/json; charset=UTF-8
1 > Accept: application/json
1 > Content-Length: 122
1 > Host: vx5846dgdj.execute-api.us-east-1.amazonaws.com
1 > Connection: Keep-Alive
1 > User-Agent: Apache-HttpClient/4.5.14 (Java/23.0.1)
1 > Accept-Encoding: gzip,deflate
{"transactionId":"txn221","name":"Uma","title":"Payment","amount":310,"currency":"USD","timestamp":"2024-05-21T08:10:00Z"}

09:56:53.657 [main] DEBUG com.intuit.karate - response time in milliseconds: 173
1 < 201
1 < Date: Wed, 21 May 2025 13:56:53 GMT
1 < Content-Type: application/json
1 < Content-Length: 146
1 < Connection: keep-alive
1 < Apigw-Requestid: K69B8iN-oAMEPTA=
{"name": "Uma", "title": "Payment", "amount": 310.0, "currency": "USD", "timestamp": "2024-05-21T08:10:00Z", "id": "txn221", "message": "SUCCESS"}

09:56:53.663 [main] DEBUG com.intuit.karate - request:
1 > POST https://vx5846dgdj.execute-api.us-east-1.amazonaws.com/dev/transactions
1 > Content-Type: application/json; charset=UTF-8
1 > Accept: application/json
1 > Content-Length: 125
1 > Host: vx5846dgdj.execute-api.us-east-1.amazonaws.com
1 > Connection: Keep-Alive
1 > User-Agent: Apache-HttpClient/4.5.14 (Java/23.0.1)
1 > Accept-Encoding: gzip,deflate
{"transactionId":"txn222","name":"Victor","title":"Invoice","amount":135,"currency":"USD","timestamp":"2024-05-22T11:45:00Z"}

09:56:53.836 [main] DEBUG com.intuit.karate - response time in milliseconds: 173
1 < 201
1 < Date: Wed, 21 May 2025 13:56:53 GMT
1 < Content-Type: application/json
1 < Content-Length: 149
1 < Connection: keep-alive
1 < Apigw-Requestid: K69B-hqxoAMEP2g=
{"name": "Victor", "title": "Invoice", "amount": 135.0, "currency": "USD", "timestamp": "2024-05-22T11:45:00Z", "id": "txn222", "message": "SUCCESS"}

09:56:53.843 [main] DEBUG com.intuit.karate - request:
1 > POST https://vx5846dgdj.execute-api.us-east-1.amazonaws.com/dev/transactions
1 > Content-Type: application/json; charset=UTF-8
1 > Accept: application/json
1 > Content-Length: 123
1 > Host: vx5846dgdj.execute-api.us-east-1.amazonaws.com
1 > Connection: Keep-Alive
1 > User-Agent: Apache-HttpClient/4.5.14 (Java/23.0.1)
1 > Accept-Encoding: gzip,deflate
{"transactionId":"txn223","name":"Wendy","title":"Refund","amount":145,"currency":"USD","timestamp":"2024-05-23T13:30:00Z"}

09:56:54.018 [main] DEBUG com.intuit.karate - response time in milliseconds: 174
1 < 201
1 < Date: Wed, 21 May 2025 13:56:54 GMT
1 < Content-Type: application/json
1 < Content-Length: 147
1 < Connection: keep-alive
1 < Apigw-Requestid: K69CAiyyoAMEZqg=
{"name": "Wendy", "title": "Refund", "amount": 145.0, "currency": "USD", "timestamp": "2024-05-23T13:30:00Z", "id": "txn223", "message": "SUCCESS"}

09:56:54.024 [main] DEBUG com.intuit.karate - request:
1 > POST https://vx5846dgdj.execute-api.us-east-1.amazonaws.com/dev/transactions
1 > Content-Type: application/json; charset=UTF-8
1 > Accept: application/json
1 > Content-Length: 125
1 > Host: vx5846dgdj.execute-api.us-east-1.amazonaws.com
1 > Connection: Keep-Alive
1 > User-Agent: Apache-HttpClient/4.5.14 (Java/23.0.1)
1 > Accept-Encoding: gzip,deflate
{"transactionId":"txn224","name":"Xander","title":"Payment","amount":295,"currency":"USD","timestamp":"2024-05-24T10:50:00Z"}

09:56:54.198 [main] DEBUG com.intuit.karate - response time in milliseconds: 174
1 < 201
1 < Date: Wed, 21 May 2025 13:56:54 GMT
1 < Content-Type: application/json
1 < Content-Length: 149
1 < Connection: keep-alive
1 < Apigw-Requestid: K69CCh2qIAMEP9w=
{"name": "Xander", "title": "Payment", "amount": 295.0, "currency": "USD", "timestamp": "2024-05-24T10:50:00Z", "id": "txn224", "message": "SUCCESS"}

09:56:54.205 [main] DEBUG com.intuit.karate - request:
1 > POST https://vx5846dgdj.execute-api.us-east-1.amazonaws.com/dev/transactions
1 > Content-Type: application/json; charset=UTF-8
1 > Accept: application/json
1 > Content-Length: 123
1 > Host: vx5846dgdj.execute-api.us-east-1.amazonaws.com
1 > Connection: Keep-Alive
1 > User-Agent: Apache-HttpClient/4.5.14 (Java/23.0.1)
1 > Accept-Encoding: gzip,deflate
{"transactionId":"txn225","name":"Yara","title":"Invoice","amount":275,"currency":"USD","timestamp":"2024-05-25T09:15:00Z"}

09:56:54.376 [main] DEBUG com.intuit.karate - response time in milliseconds: 171
1 < 201
1 < Date: Wed, 21 May 2025 13:56:54 GMT
1 < Content-Type: application/json
1 < Content-Length: 147
1 < Connection: keep-alive
1 < Apigw-Requestid: K69CDijjIAMEZZw=
{"name": "Yara", "title": "Invoice", "amount": 275.0, "currency": "USD", "timestamp": "2024-05-25T09:15:00Z", "id": "txn225", "message": "SUCCESS"}

---------------------------------------------------------
feature: classpath:tests/transactions/01-create-transactions.feature
scenarios:  1 | passed:  1 | failed:  0 | time: 5.2105
---------------------------------------------------------

09:56:55.285 [main] INFO  com.intuit.karate.Suite - <<pass>> feature 1 of 1 (0 remaining) classpath:tests/transactions/01-create-transactions.feature
Karate version: 1.5.1
======================================================
elapsed:   7.21 | threads:    1 | thread time: 5.21 
features:     1 | skipped:    0 | efficiency: 0.72
scenarios:    1 | passed:     1 | failed: 0
======================================================

HTML report: (paste into browser to view) | Karate version: 1.5.1
file:///Users/edls/NetBeansProjects/transaction-api/target/cucumber-report-json/karate-summary.html
===================================================================


********** Files used to generate report **********
Using JSON file: /Users/edls/NetBeansProjects/transaction-api/target/cucumber-report-json/tests.transactions.01-create-transactions.json
****************************************************







****************************************************
Report Dir: target/cucumber-report-json
]]></system-out>
    <system-err><![CDATA[May 21, 2025 9:56:55 AM net.masterthought.cucumber.ReportParser parseJsonFiles
INFO: File '/Users/edls/NetBeansProjects/transaction-api/target/cucumber-report-json/tests.transactions.01-create-transactions.json' contains 1 features
]]></system-err>
  </testcase>
  <testcase name="createTransactionsBad" classname="tests.ParallelRunnerTest" time="0.484">
    <system-out><![CDATA[09:56:55.836 [main] DEBUG com.intuit.karate.Suite - [config] classpath:karate-config.js
09:56:55.840 [main] INFO  com.intuit.karate - karate.env system property was: null 
09:56:55.848 [main] DEBUG com.intuit.karate - request:
1 > POST https://vx5846dgdj.execute-api.us-east-1.amazonaws.com/dev/transactions
1 > Content-Type: application/json; charset=UTF-8
1 > Accept: application/json
1 > Content-Length: 112
1 > Host: vx5846dgdj.execute-api.us-east-1.amazonaws.com
1 > Connection: Keep-Alive
1 > User-Agent: Apache-HttpClient/4.5.14 (Java/23.0.1)
1 > Accept-Encoding: gzip,deflate
{"transactionId":"txn2001","name":"Alice","title":"Payment","currency":"USD","timestamp":"2024-05-01T10:00:00Z"}

09:56:55.955 [main] DEBUG com.intuit.karate - response time in milliseconds: 106
1 < 400
1 < Date: Wed, 21 May 2025 13:56:56 GMT
1 < Content-Type: application/json
1 < Content-Length: 38
1 < Connection: keep-alive
1 < Apigw-Requestid: K69CUhxyIAMEP2g=
{"message": "Missing required fields"}

09:56:55.962 [main] DEBUG com.intuit.karate - request:
1 > POST https://vx5846dgdj.execute-api.us-east-1.amazonaws.com/dev/transactions
1 > Content-Type: application/json; charset=UTF-8
1 > Accept: application/json
1 > Content-Length: 110
1 > Host: vx5846dgdj.execute-api.us-east-1.amazonaws.com
1 > Connection: Keep-Alive
1 > User-Agent: Apache-HttpClient/4.5.14 (Java/23.0.1)
1 > Accept-Encoding: gzip,deflate
{"transactionId":"txn2002","name":"Bob","title":"Invoice","currency":"USD","timestamp":"2024-05-02T15:30:00Z"}

09:56:56.063 [main] DEBUG com.intuit.karate - response time in milliseconds: 101
1 < 400
1 < Date: Wed, 21 May 2025 13:56:56 GMT
1 < Content-Type: application/json
1 < Content-Length: 38
1 < Connection: keep-alive
1 < Apigw-Requestid: K69CVjt-oAMEZDQ=
{"message": "Missing required fields"}

---------------------------------------------------------
feature: classpath:tests/transactions/02-create-transactions-bad.feature
scenarios:  1 | passed:  1 | failed:  0 | time: 0.2238
---------------------------------------------------------

09:56:56.160 [main] INFO  com.intuit.karate.Suite - <<pass>> feature 1 of 1 (0 remaining) classpath:tests/transactions/02-create-transactions-bad.feature
Karate version: 1.5.1
======================================================
elapsed:   0.33 | threads:    1 | thread time: 0.22 
features:     1 | skipped:    0 | efficiency: 0.69
scenarios:    1 | passed:     1 | failed: 0
======================================================

HTML report: (paste into browser to view) | Karate version: 1.5.1
file:///Users/edls/NetBeansProjects/transaction-api/target/karate-reports/karate-summary.html
===================================================================


********** Files used to generate report **********
Using JSON file: /Users/edls/NetBeansProjects/transaction-api/target/karate-reports/tests.transactions.02-create-transactions-bad.json
****************************************************
]]></system-out>
    <system-err><![CDATA[May 21, 2025 9:56:56 AM net.masterthought.cucumber.ReportParser parseJsonFiles
INFO: File '/Users/edls/NetBeansProjects/transaction-api/target/karate-reports/tests.transactions.02-create-transactions-bad.json' contains 1 features
]]></system-err>
  </testcase>
  <testcase name="getAllTransactions" classname="tests.ParallelRunnerTest" time="0.369">
    <system-out><![CDATA[09:56:56.321 [main] DEBUG com.intuit.karate.Suite - [config] classpath:karate-config.js
09:56:56.323 [main] INFO  com.intuit.karate.Suite - backed up existing 'target/karate-reports' dir to: target/karate-reports_1747835816321
09:56:56.326 [main] INFO  com.intuit.karate - karate.env system property was: null 
09:56:56.329 [main] DEBUG com.intuit.karate - request:
1 > GET https://vx5846dgdj.execute-api.us-east-1.amazonaws.com/dev/transactions
1 > Content-Type: application/json
1 > Accept: application/json
1 > Host: vx5846dgdj.execute-api.us-east-1.amazonaws.com
1 > Connection: Keep-Alive
1 > User-Agent: Apache-HttpClient/4.5.14 (Java/23.0.1)
1 > Accept-Encoding: gzip,deflate


09:56:56.459 [main] DEBUG com.intuit.karate - response time in milliseconds: 129
1 < 200
1 < Date: Wed, 21 May 2025 13:56:56 GMT
1 < Content-Type: application/json
1 < Content-Length: 3187
1 < Connection: keep-alive
1 < Apigw-Requestid: K69CZjycIAMEZKw=
[{"amount": 100.0, "currency": "USD", "id": "txn201", "name": "Alice", "title": "Payment", "timestamp": "2024-05-01T10:00:00Z"}, {"amount": 190.0, "currency": "USD", "id": "txn216", "name": "Paula", "title": "Invoice", "timestamp": "2024-05-16T09:50:00Z"}, {"amount": 170.0, "currency": "USD", "id": "txn220", "name": "Tina", "title": "Refund", "timestamp": "2024-05-20T12:05:00Z"}, {"amount": 250.0, "currency": "USD", "id": "txn204", "name": "Diana", "title": "Payment", "timestamp": "2024-05-04T11:20:00Z"}, {"amount": 260.0, "currency": "USD", "id": "txn212", "name": "Lena", "title": "Payment", "timestamp": "2024-05-12T08:00:00Z"}, {"amount": 120.0, "currency": "USD", "id": "txn206", "name": "Fiona", "title": "Payment", "timestamp": "2024-05-06T14:00:00Z"}, {"amount": 160.0, "currency": "USD", "id": "txn210", "name": "Jill", "title": "Refund", "timestamp": "2024-05-10T12:00:00Z"}, {"amount": 300.0, "currency": "USD", "id": "txn213", "name": "Mike", "title": "Invoice", "timestamp": "2024-05-13T17:00:00Z"}, {"amount": 280.0, "currency": "USD", "id": "txn215", "name": "Owen", "title": "Payment", "timestamp": "2024-05-15T10:20:00Z"}, {"amount": 310.0, "currency": "USD", "id": "txn221", "name": "Uma", "title": "Payment", "timestamp": "2024-05-21T08:10:00Z"}, {"amount": 270.0, "currency": "USD", "id": "txn219", "name": "Steve", "title": "Invoice", "timestamp": "2024-05-19T16:25:00Z"}, {"amount": 110.0, "currency": "USD", "id": "txn217", "name": "Quinn", "title": "Refund", "timestamp": "2024-05-17T13:40:00Z"}, {"amount": 220.0, "currency": "USD", "id": "txn208", "name": "Hannah", "title": "Invoice", "timestamp": "2024-05-08T10:15:00Z"}, {"amount": 300.0, "currency": "USD", "id": "txn205", "name": "Ethan", "title": "Invoice", "timestamp": "2024-05-05T13:10:00Z"}, {"amount": 135.0, "currency": "USD", "id": "txn222", "name": "Victor", "title": "Invoice", "timestamp": "2024-05-22T11:45:00Z"}, {"amount": 295.0, "currency": "USD", "id": "txn224", "name": "Xander", "title": "Payment", "timestamp": "2024-05-24T10:50:00Z"}, {"amount": 145.0, "currency": "USD", "id": "txn223", "name": "Wendy", "title": "Refund", "timestamp": "2024-05-23T13:30:00Z"}, {"amount": 275.0, "currency": "USD", "id": "txn225", "name": "Yara", "title": "Invoice", "timestamp": "2024-05-25T09:15:00Z"}, {"amount": 240.0, "currency": "USD", "id": "txn211", "name": "Kevin", "title": "Invoice", "timestamp": "2024-05-11T11:30:00Z"}, {"amount": 210.0, "currency": "USD", "id": "txn218", "name": "Rachel", "title": "Payment", "timestamp": "2024-05-18T15:15:00Z"}, {"amount": 140.0, "currency": "USD", "id": "txn209", "name": "Ian", "title": "Payment", "timestamp": "2024-05-09T09:00:00Z"}, {"amount": 150.0, "currency": "USD", "id": "txn203", "name": "Charlie", "title": "Refund", "timestamp": "2024-05-03T09:45:00Z"}, {"amount": 130.0, "currency": "USD", "id": "txn214", "name": "Nina", "title": "Refund", "timestamp": "2024-05-14T14:30:00Z"}, {"amount": 200.0, "currency": "USD", "id": "txn202", "name": "Bob", "title": "Invoice", "timestamp": "2024-05-02T15:30:00Z"}, {"amount": 180.0, "currency": "USD", "id": "txn207", "name": "George", "title": "Refund", "timestamp": "2024-05-07T16:00:00Z"}]

09:56:56.460 [main] DEBUG c.intuit.karate.core.ScenarioEngine - over-writing existing variable 'response' with new value: response
---------------------------------------------------------
feature: classpath:tests/transactions/03-get-all-transactions.feature
scenarios:  1 | passed:  1 | failed:  0 | time: 0.1680
---------------------------------------------------------

09:56:56.535 [main] INFO  com.intuit.karate.Suite - <<pass>> feature 1 of 1 (0 remaining) classpath:tests/transactions/03-get-all-transactions.feature
Karate version: 1.5.1
======================================================
elapsed:   0.22 | threads:    1 | thread time: 0.17 
features:     1 | skipped:    0 | efficiency: 0.77
scenarios:    1 | passed:     1 | failed: 0
======================================================

HTML report: (paste into browser to view) | Karate version: 1.5.1
file:///Users/edls/NetBeansProjects/transaction-api/target/karate-reports/karate-summary.html
===================================================================


********** Files used to generate report **********
Using JSON file: /Users/edls/NetBeansProjects/transaction-api/target/karate-reports/tests.transactions.03-get-all-transactions.json
****************************************************
]]></system-out>
    <system-err><![CDATA[May 21, 2025 9:56:56 AM net.masterthought.cucumber.ReportParser parseJsonFiles
INFO: File '/Users/edls/NetBeansProjects/transaction-api/target/karate-reports/tests.transactions.03-get-all-transactions.json' contains 1 features
]]></system-err>
  </testcase>
  <testcase name="getTransactionsById" classname="tests.ParallelRunnerTest" time="3.983">
    <system-out><![CDATA[09:56:56.690 [main] DEBUG com.intuit.karate.Suite - [config] classpath:karate-config.js
09:56:56.690 [main] INFO  com.intuit.karate.Suite - backed up existing 'target/karate-reports' dir to: target/karate-reports_1747835816690
09:56:56.692 [main] INFO  com.intuit.karate - karate.env system property was: null 
09:56:56.698 [main] DEBUG c.intuit.karate.core.ScenarioEngine - over-writing existing variable 'transaction' with new value: __arg.transaction
09:56:56.699 [main] DEBUG com.intuit.karate - request:
1 > GET https://vx5846dgdj.execute-api.us-east-1.amazonaws.com/dev/transactions/txn201
1 > Host: vx5846dgdj.execute-api.us-east-1.amazonaws.com
1 > Connection: Keep-Alive
1 > User-Agent: Apache-HttpClient/4.5.14 (Java/23.0.1)
1 > Accept-Encoding: gzip,deflate


09:56:56.836 [main] DEBUG com.intuit.karate - response time in milliseconds: 136
1 < 200
1 < Date: Wed, 21 May 2025 13:56:56 GMT
1 < Content-Type: application/json
1 < Content-Length: 126
1 < Connection: keep-alive
1 < Apigw-Requestid: K69Ccih8oAMEZTg=
{"amount": 100.0, "currency": "USD", "id": "txn201", "name": "Alice", "title": "Payment", "timestamp": "2024-05-01T10:00:00Z"}

09:56:56.837 [main] DEBUG c.intuit.karate.core.ScenarioEngine - over-writing existing variable 'response' with new value: response
09:56:56.838 [main] INFO  com.intuit.karate - [print] 

 {
  "amount": 100.0,
  "currency": "USD",
  "id": "txn201",
  "name": "Alice",
  "title": "Payment",
  "timestamp": "2024-05-01T10:00:00Z"
}
 

 
09:56:56.838 [main] INFO  com.intuit.karate - [print] transaction.transactionId =  txn201 
09:56:56.843 [main] DEBUG c.intuit.karate.core.ScenarioEngine - over-writing existing variable 'transaction' with new value: __arg.transaction
09:56:56.844 [main] DEBUG com.intuit.karate - request:
1 > GET https://vx5846dgdj.execute-api.us-east-1.amazonaws.com/dev/transactions/txn202
1 > Host: vx5846dgdj.execute-api.us-east-1.amazonaws.com
1 > Connection: Keep-Alive
1 > User-Agent: Apache-HttpClient/4.5.14 (Java/23.0.1)
1 > Accept-Encoding: gzip,deflate


09:56:56.977 [main] DEBUG com.intuit.karate - response time in milliseconds: 132
1 < 200
1 < Date: Wed, 21 May 2025 13:56:57 GMT
1 < Content-Type: application/json
1 < Content-Length: 124
1 < Connection: keep-alive
1 < Apigw-Requestid: K69CehbWoAMEZlA=
{"amount": 200.0, "currency": "USD", "id": "txn202", "name": "Bob", "title": "Invoice", "timestamp": "2024-05-02T15:30:00Z"}

09:56:56.977 [main] DEBUG c.intuit.karate.core.ScenarioEngine - over-writing existing variable 'response' with new value: response
09:56:56.978 [main] INFO  com.intuit.karate - [print] 

 {
  "amount": 200.0,
  "currency": "USD",
  "id": "txn202",
  "name": "Bob",
  "title": "Invoice",
  "timestamp": "2024-05-02T15:30:00Z"
}
 

 
09:56:56.978 [main] INFO  com.intuit.karate - [print] transaction.transactionId =  txn202 
09:56:56.981 [main] DEBUG c.intuit.karate.core.ScenarioEngine - over-writing existing variable 'transaction' with new value: __arg.transaction
09:56:56.983 [main] DEBUG com.intuit.karate - request:
1 > GET https://vx5846dgdj.execute-api.us-east-1.amazonaws.com/dev/transactions/txn203
1 > Host: vx5846dgdj.execute-api.us-east-1.amazonaws.com
1 > Connection: Keep-Alive
1 > User-Agent: Apache-HttpClient/4.5.14 (Java/23.0.1)
1 > Accept-Encoding: gzip,deflate


09:56:57.117 [main] DEBUG com.intuit.karate - response time in milliseconds: 133
1 < 200
1 < Date: Wed, 21 May 2025 13:56:57 GMT
1 < Content-Type: application/json
1 < Content-Length: 127
1 < Connection: keep-alive
1 < Apigw-Requestid: K69CfiyhIAMEPSA=
{"amount": 150.0, "currency": "USD", "id": "txn203", "name": "Charlie", "title": "Refund", "timestamp": "2024-05-03T09:45:00Z"}

09:56:57.118 [main] DEBUG c.intuit.karate.core.ScenarioEngine - over-writing existing variable 'response' with new value: response
09:56:57.119 [main] INFO  com.intuit.karate - [print] 

 {
  "amount": 150.0,
  "currency": "USD",
  "id": "txn203",
  "name": "Charlie",
  "title": "Refund",
  "timestamp": "2024-05-03T09:45:00Z"
}
 

 
09:56:57.119 [main] INFO  com.intuit.karate - [print] transaction.transactionId =  txn203 
09:56:57.125 [main] DEBUG c.intuit.karate.core.ScenarioEngine - over-writing existing variable 'transaction' with new value: __arg.transaction
09:56:57.126 [main] DEBUG com.intuit.karate - request:
1 > GET https://vx5846dgdj.execute-api.us-east-1.amazonaws.com/dev/transactions/txn204
1 > Host: vx5846dgdj.execute-api.us-east-1.amazonaws.com
1 > Connection: Keep-Alive
1 > User-Agent: Apache-HttpClient/4.5.14 (Java/23.0.1)
1 > Accept-Encoding: gzip,deflate


09:56:57.236 [main] DEBUG com.intuit.karate - response time in milliseconds: 109
1 < 200
1 < Date: Wed, 21 May 2025 13:56:57 GMT
1 < Content-Type: application/json
1 < Content-Length: 126
1 < Connection: keep-alive
1 < Apigw-Requestid: K69Chh0coAMEZ0Q=
{"amount": 250.0, "currency": "USD", "id": "txn204", "name": "Diana", "title": "Payment", "timestamp": "2024-05-04T11:20:00Z"}

09:56:57.237 [main] DEBUG c.intuit.karate.core.ScenarioEngine - over-writing existing variable 'response' with new value: response
09:56:57.237 [main] INFO  com.intuit.karate - [print] 

 {
  "amount": 250.0,
  "currency": "USD",
  "id": "txn204",
  "name": "Diana",
  "title": "Payment",
  "timestamp": "2024-05-04T11:20:00Z"
}
 

 
09:56:57.238 [main] INFO  com.intuit.karate - [print] transaction.transactionId =  txn204 
09:56:57.242 [main] DEBUG c.intuit.karate.core.ScenarioEngine - over-writing existing variable 'transaction' with new value: __arg.transaction
09:56:57.243 [main] DEBUG com.intuit.karate - request:
1 > GET https://vx5846dgdj.execute-api.us-east-1.amazonaws.com/dev/transactions/txn205
1 > Host: vx5846dgdj.execute-api.us-east-1.amazonaws.com
1 > Connection: Keep-Alive
1 > User-Agent: Apache-HttpClient/4.5.14 (Java/23.0.1)
1 > Accept-Encoding: gzip,deflate


09:56:57.355 [main] DEBUG com.intuit.karate - response time in milliseconds: 112
1 < 200
1 < Date: Wed, 21 May 2025 13:56:57 GMT
1 < Content-Type: application/json
1 < Content-Length: 126
1 < Connection: keep-alive
1 < Apigw-Requestid: K69CijusoAMEZHw=
{"amount": 300.0, "currency": "USD", "id": "txn205", "name": "Ethan", "title": "Invoice", "timestamp": "2024-05-05T13:10:00Z"}

09:56:57.356 [main] DEBUG c.intuit.karate.core.ScenarioEngine - over-writing existing variable 'response' with new value: response
09:56:57.356 [main] INFO  com.intuit.karate - [print] 

 {
  "amount": 300.0,
  "currency": "USD",
  "id": "txn205",
  "name": "Ethan",
  "title": "Invoice",
  "timestamp": "2024-05-05T13:10:00Z"
}
 

 
09:56:57.356 [main] INFO  com.intuit.karate - [print] transaction.transactionId =  txn205 
09:56:57.360 [main] DEBUG c.intuit.karate.core.ScenarioEngine - over-writing existing variable 'transaction' with new value: __arg.transaction
09:56:57.361 [main] DEBUG com.intuit.karate - request:
1 > GET https://vx5846dgdj.execute-api.us-east-1.amazonaws.com/dev/transactions/txn206
1 > Host: vx5846dgdj.execute-api.us-east-1.amazonaws.com
1 > Connection: Keep-Alive
1 > User-Agent: Apache-HttpClient/4.5.14 (Java/23.0.1)
1 > Accept-Encoding: gzip,deflate


09:56:57.517 [main] DEBUG com.intuit.karate - response time in milliseconds: 156
1 < 200
1 < Date: Wed, 21 May 2025 13:56:57 GMT
1 < Content-Type: application/json
1 < Content-Length: 126
1 < Connection: keep-alive
1 < Apigw-Requestid: K69CjgxcoAMEZQg=
{"amount": 120.0, "currency": "USD", "id": "txn206", "name": "Fiona", "title": "Payment", "timestamp": "2024-05-06T14:00:00Z"}

09:56:57.518 [main] DEBUG c.intuit.karate.core.ScenarioEngine - over-writing existing variable 'response' with new value: response
09:56:57.519 [main] INFO  com.intuit.karate - [print] 

 {
  "amount": 120.0,
  "currency": "USD",
  "id": "txn206",
  "name": "Fiona",
  "title": "Payment",
  "timestamp": "2024-05-06T14:00:00Z"
}
 

 
09:56:57.519 [main] INFO  com.intuit.karate - [print] transaction.transactionId =  txn206 
09:56:57.523 [main] DEBUG c.intuit.karate.core.ScenarioEngine - over-writing existing variable 'transaction' with new value: __arg.transaction
09:56:57.524 [main] DEBUG com.intuit.karate - request:
1 > GET https://vx5846dgdj.execute-api.us-east-1.amazonaws.com/dev/transactions/txn207
1 > Host: vx5846dgdj.execute-api.us-east-1.amazonaws.com
1 > Connection: Keep-Alive
1 > User-Agent: Apache-HttpClient/4.5.14 (Java/23.0.1)
1 > Accept-Encoding: gzip,deflate


09:56:57.656 [main] DEBUG com.intuit.karate - response time in milliseconds: 132
1 < 200
1 < Date: Wed, 21 May 2025 13:56:57 GMT
1 < Content-Type: application/json
1 < Content-Length: 126
1 < Connection: keep-alive
1 < Apigw-Requestid: K69CliV2oAMEPkA=
{"amount": 180.0, "currency": "USD", "id": "txn207", "name": "George", "title": "Refund", "timestamp": "2024-05-07T16:00:00Z"}

09:56:57.657 [main] DEBUG c.intuit.karate.core.ScenarioEngine - over-writing existing variable 'response' with new value: response
09:56:57.658 [main] INFO  com.intuit.karate - [print] 

 {
  "amount": 180.0,
  "currency": "USD",
  "id": "txn207",
  "name": "George",
  "title": "Refund",
  "timestamp": "2024-05-07T16:00:00Z"
}
 

 
09:56:57.658 [main] INFO  com.intuit.karate - [print] transaction.transactionId =  txn207 
09:56:57.664 [main] DEBUG c.intuit.karate.core.ScenarioEngine - over-writing existing variable 'transaction' with new value: __arg.transaction
09:56:57.666 [main] DEBUG com.intuit.karate - request:
1 > GET https://vx5846dgdj.execute-api.us-east-1.amazonaws.com/dev/transactions/txn208
1 > Host: vx5846dgdj.execute-api.us-east-1.amazonaws.com
1 > Connection: Keep-Alive
1 > User-Agent: Apache-HttpClient/4.5.14 (Java/23.0.1)
1 > Accept-Encoding: gzip,deflate


09:56:57.776 [main] DEBUG com.intuit.karate - response time in milliseconds: 109
1 < 200
1 < Date: Wed, 21 May 2025 13:56:57 GMT
1 < Content-Type: application/json
1 < Content-Length: 127
1 < Connection: keep-alive
1 < Apigw-Requestid: K69CmiaXIAMEP0g=
{"amount": 220.0, "currency": "USD", "id": "txn208", "name": "Hannah", "title": "Invoice", "timestamp": "2024-05-08T10:15:00Z"}

09:56:57.777 [main] DEBUG c.intuit.karate.core.ScenarioEngine - over-writing existing variable 'response' with new value: response
09:56:57.778 [main] INFO  com.intuit.karate - [print] 

 {
  "amount": 220.0,
  "currency": "USD",
  "id": "txn208",
  "name": "Hannah",
  "title": "Invoice",
  "timestamp": "2024-05-08T10:15:00Z"
}
 

 
09:56:57.779 [main] INFO  com.intuit.karate - [print] transaction.transactionId =  txn208 
09:56:57.784 [main] DEBUG c.intuit.karate.core.ScenarioEngine - over-writing existing variable 'transaction' with new value: __arg.transaction
09:56:57.786 [main] DEBUG com.intuit.karate - request:
1 > GET https://vx5846dgdj.execute-api.us-east-1.amazonaws.com/dev/transactions/txn209
1 > Host: vx5846dgdj.execute-api.us-east-1.amazonaws.com
1 > Connection: Keep-Alive
1 > User-Agent: Apache-HttpClient/4.5.14 (Java/23.0.1)
1 > Accept-Encoding: gzip,deflate


09:56:57.895 [main] DEBUG com.intuit.karate - response time in milliseconds: 109
1 < 200
1 < Date: Wed, 21 May 2025 13:56:58 GMT
1 < Content-Type: application/json
1 < Content-Length: 124
1 < Connection: keep-alive
1 < Apigw-Requestid: K69CnhxuIAMEZig=
{"amount": 140.0, "currency": "USD", "id": "txn209", "name": "Ian", "title": "Payment", "timestamp": "2024-05-09T09:00:00Z"}

09:56:57.896 [main] DEBUG c.intuit.karate.core.ScenarioEngine - over-writing existing variable 'response' with new value: response
09:56:57.896 [main] INFO  com.intuit.karate - [print] 

 {
  "amount": 140.0,
  "currency": "USD",
  "id": "txn209",
  "name": "Ian",
  "title": "Payment",
  "timestamp": "2024-05-09T09:00:00Z"
}
 

 
09:56:57.897 [main] INFO  com.intuit.karate - [print] transaction.transactionId =  txn209 
09:56:57.900 [main] DEBUG c.intuit.karate.core.ScenarioEngine - over-writing existing variable 'transaction' with new value: __arg.transaction
09:56:57.901 [main] DEBUG com.intuit.karate - request:
1 > GET https://vx5846dgdj.execute-api.us-east-1.amazonaws.com/dev/transactions/txn210
1 > Host: vx5846dgdj.execute-api.us-east-1.amazonaws.com
1 > Connection: Keep-Alive
1 > User-Agent: Apache-HttpClient/4.5.14 (Java/23.0.1)
1 > Accept-Encoding: gzip,deflate


09:56:58.041 [main] DEBUG com.intuit.karate - response time in milliseconds: 138
1 < 200
1 < Date: Wed, 21 May 2025 13:56:58 GMT
1 < Content-Type: application/json
1 < Content-Length: 124
1 < Connection: keep-alive
1 < Apigw-Requestid: K69CohmBoAMEPng=
{"amount": 160.0, "currency": "USD", "id": "txn210", "name": "Jill", "title": "Refund", "timestamp": "2024-05-10T12:00:00Z"}

09:56:58.042 [main] DEBUG c.intuit.karate.core.ScenarioEngine - over-writing existing variable 'response' with new value: response
09:56:58.042 [main] INFO  com.intuit.karate - [print] 

 {
  "amount": 160.0,
  "currency": "USD",
  "id": "txn210",
  "name": "Jill",
  "title": "Refund",
  "timestamp": "2024-05-10T12:00:00Z"
}
 

 
09:56:58.043 [main] INFO  com.intuit.karate - [print] transaction.transactionId =  txn210 
09:56:58.046 [main] DEBUG c.intuit.karate.core.ScenarioEngine - over-writing existing variable 'transaction' with new value: __arg.transaction
09:56:58.047 [main] DEBUG com.intuit.karate - request:
1 > GET https://vx5846dgdj.execute-api.us-east-1.amazonaws.com/dev/transactions/txn211
1 > Host: vx5846dgdj.execute-api.us-east-1.amazonaws.com
1 > Connection: Keep-Alive
1 > User-Agent: Apache-HttpClient/4.5.14 (Java/23.0.1)
1 > Accept-Encoding: gzip,deflate


09:56:58.196 [main] DEBUG com.intuit.karate - response time in milliseconds: 149
1 < 200
1 < Date: Wed, 21 May 2025 13:56:58 GMT
1 < Content-Type: application/json
1 < Content-Length: 126
1 < Connection: keep-alive
1 < Apigw-Requestid: K69CqiGqIAMEZgQ=
{"amount": 240.0, "currency": "USD", "id": "txn211", "name": "Kevin", "title": "Invoice", "timestamp": "2024-05-11T11:30:00Z"}

09:56:58.197 [main] DEBUG c.intuit.karate.core.ScenarioEngine - over-writing existing variable 'response' with new value: response
09:56:58.198 [main] INFO  com.intuit.karate - [print] 

 {
  "amount": 240.0,
  "currency": "USD",
  "id": "txn211",
  "name": "Kevin",
  "title": "Invoice",
  "timestamp": "2024-05-11T11:30:00Z"
}
 

 
09:56:58.198 [main] INFO  com.intuit.karate - [print] transaction.transactionId =  txn211 
09:56:58.201 [main] DEBUG c.intuit.karate.core.ScenarioEngine - over-writing existing variable 'transaction' with new value: __arg.transaction
09:56:58.203 [main] DEBUG com.intuit.karate - request:
1 > GET https://vx5846dgdj.execute-api.us-east-1.amazonaws.com/dev/transactions/txn212
1 > Host: vx5846dgdj.execute-api.us-east-1.amazonaws.com
1 > Connection: Keep-Alive
1 > User-Agent: Apache-HttpClient/4.5.14 (Java/23.0.1)
1 > Accept-Encoding: gzip,deflate


09:56:58.335 [main] DEBUG com.intuit.karate - response time in milliseconds: 132
1 < 200
1 < Date: Wed, 21 May 2025 13:56:58 GMT
1 < Content-Type: application/json
1 < Content-Length: 125
1 < Connection: keep-alive
1 < Apigw-Requestid: K69Crj0IIAMEPhw=
{"amount": 260.0, "currency": "USD", "id": "txn212", "name": "Lena", "title": "Payment", "timestamp": "2024-05-12T08:00:00Z"}

09:56:58.336 [main] DEBUG c.intuit.karate.core.ScenarioEngine - over-writing existing variable 'response' with new value: response
09:56:58.336 [main] INFO  com.intuit.karate - [print] 

 {
  "amount": 260.0,
  "currency": "USD",
  "id": "txn212",
  "name": "Lena",
  "title": "Payment",
  "timestamp": "2024-05-12T08:00:00Z"
}
 

 
09:56:58.337 [main] INFO  com.intuit.karate - [print] transaction.transactionId =  txn212 
09:56:58.343 [main] DEBUG c.intuit.karate.core.ScenarioEngine - over-writing existing variable 'transaction' with new value: __arg.transaction
09:56:58.344 [main] DEBUG com.intuit.karate - request:
1 > GET https://vx5846dgdj.execute-api.us-east-1.amazonaws.com/dev/transactions/txn213
1 > Host: vx5846dgdj.execute-api.us-east-1.amazonaws.com
1 > Connection: Keep-Alive
1 > User-Agent: Apache-HttpClient/4.5.14 (Java/23.0.1)
1 > Accept-Encoding: gzip,deflate


09:56:58.495 [main] DEBUG com.intuit.karate - response time in milliseconds: 151
1 < 200
1 < Date: Wed, 21 May 2025 13:56:58 GMT
1 < Content-Type: application/json
1 < Content-Length: 125
1 < Connection: keep-alive
1 < Apigw-Requestid: K69Ctj0moAMEPhw=
{"amount": 300.0, "currency": "USD", "id": "txn213", "name": "Mike", "title": "Invoice", "timestamp": "2024-05-13T17:00:00Z"}

09:56:58.496 [main] DEBUG c.intuit.karate.core.ScenarioEngine - over-writing existing variable 'response' with new value: response
09:56:58.496 [main] INFO  com.intuit.karate - [print] 

 {
  "amount": 300.0,
  "currency": "USD",
  "id": "txn213",
  "name": "Mike",
  "title": "Invoice",
  "timestamp": "2024-05-13T17:00:00Z"
}
 

 
09:56:58.497 [main] INFO  com.intuit.karate - [print] transaction.transactionId =  txn213 
09:56:58.500 [main] DEBUG c.intuit.karate.core.ScenarioEngine - over-writing existing variable 'transaction' with new value: __arg.transaction
09:56:58.501 [main] DEBUG com.intuit.karate - request:
1 > GET https://vx5846dgdj.execute-api.us-east-1.amazonaws.com/dev/transactions/txn214
1 > Host: vx5846dgdj.execute-api.us-east-1.amazonaws.com
1 > Connection: Keep-Alive
1 > User-Agent: Apache-HttpClient/4.5.14 (Java/23.0.1)
1 > Accept-Encoding: gzip,deflate


09:56:58.638 [main] DEBUG com.intuit.karate - response time in milliseconds: 137
1 < 200
1 < Date: Wed, 21 May 2025 13:56:58 GMT
1 < Content-Type: application/json
1 < Content-Length: 124
1 < Connection: keep-alive
1 < Apigw-Requestid: K69CuggbIAMEZhA=
{"amount": 130.0, "currency": "USD", "id": "txn214", "name": "Nina", "title": "Refund", "timestamp": "2024-05-14T14:30:00Z"}

09:56:58.639 [main] DEBUG c.intuit.karate.core.ScenarioEngine - over-writing existing variable 'response' with new value: response
09:56:58.640 [main] INFO  com.intuit.karate - [print] 

 {
  "amount": 130.0,
  "currency": "USD",
  "id": "txn214",
  "name": "Nina",
  "title": "Refund",
  "timestamp": "2024-05-14T14:30:00Z"
}
 

 
09:56:58.640 [main] INFO  com.intuit.karate - [print] transaction.transactionId =  txn214 
09:56:58.644 [main] DEBUG c.intuit.karate.core.ScenarioEngine - over-writing existing variable 'transaction' with new value: __arg.transaction
09:56:58.645 [main] DEBUG com.intuit.karate - request:
1 > GET https://vx5846dgdj.execute-api.us-east-1.amazonaws.com/dev/transactions/txn215
1 > Host: vx5846dgdj.execute-api.us-east-1.amazonaws.com
1 > Connection: Keep-Alive
1 > User-Agent: Apache-HttpClient/4.5.14 (Java/23.0.1)
1 > Accept-Encoding: gzip,deflate


09:56:58.776 [main] DEBUG com.intuit.karate - response time in milliseconds: 131
1 < 200
1 < Date: Wed, 21 May 2025 13:56:58 GMT
1 < Content-Type: application/json
1 < Content-Length: 125
1 < Connection: keep-alive
1 < Apigw-Requestid: K69CwiiloAMEPTQ=
{"amount": 280.0, "currency": "USD", "id": "txn215", "name": "Owen", "title": "Payment", "timestamp": "2024-05-15T10:20:00Z"}

09:56:58.777 [main] DEBUG c.intuit.karate.core.ScenarioEngine - over-writing existing variable 'response' with new value: response
09:56:58.777 [main] INFO  com.intuit.karate - [print] 

 {
  "amount": 280.0,
  "currency": "USD",
  "id": "txn215",
  "name": "Owen",
  "title": "Payment",
  "timestamp": "2024-05-15T10:20:00Z"
}
 

 
09:56:58.777 [main] INFO  com.intuit.karate - [print] transaction.transactionId =  txn215 
09:56:58.781 [main] DEBUG c.intuit.karate.core.ScenarioEngine - over-writing existing variable 'transaction' with new value: __arg.transaction
09:56:58.781 [main] DEBUG com.intuit.karate - request:
1 > GET https://vx5846dgdj.execute-api.us-east-1.amazonaws.com/dev/transactions/txn216
1 > Host: vx5846dgdj.execute-api.us-east-1.amazonaws.com
1 > Connection: Keep-Alive
1 > User-Agent: Apache-HttpClient/4.5.14 (Java/23.0.1)
1 > Accept-Encoding: gzip,deflate


09:56:58.916 [main] DEBUG com.intuit.karate - response time in milliseconds: 134
1 < 200
1 < Date: Wed, 21 May 2025 13:56:59 GMT
1 < Content-Type: application/json
1 < Content-Length: 126
1 < Connection: keep-alive
1 < Apigw-Requestid: K69CxjtkoAMEZnQ=
{"amount": 190.0, "currency": "USD", "id": "txn216", "name": "Paula", "title": "Invoice", "timestamp": "2024-05-16T09:50:00Z"}

09:56:58.917 [main] DEBUG c.intuit.karate.core.ScenarioEngine - over-writing existing variable 'response' with new value: response
09:56:58.917 [main] INFO  com.intuit.karate - [print] 

 {
  "amount": 190.0,
  "currency": "USD",
  "id": "txn216",
  "name": "Paula",
  "title": "Invoice",
  "timestamp": "2024-05-16T09:50:00Z"
}
 

 
09:56:58.918 [main] INFO  com.intuit.karate - [print] transaction.transactionId =  txn216 
09:56:58.921 [main] DEBUG c.intuit.karate.core.ScenarioEngine - over-writing existing variable 'transaction' with new value: __arg.transaction
09:56:58.922 [main] DEBUG com.intuit.karate - request:
1 > GET https://vx5846dgdj.execute-api.us-east-1.amazonaws.com/dev/transactions/txn217
1 > Host: vx5846dgdj.execute-api.us-east-1.amazonaws.com
1 > Connection: Keep-Alive
1 > User-Agent: Apache-HttpClient/4.5.14 (Java/23.0.1)
1 > Accept-Encoding: gzip,deflate


09:56:59.055 [main] DEBUG com.intuit.karate - response time in milliseconds: 133
1 < 200
1 < Date: Wed, 21 May 2025 13:56:59 GMT
1 < Content-Type: application/json
1 < Content-Length: 125
1 < Connection: keep-alive
1 < Apigw-Requestid: K69Czi8zoAMEZPw=
{"amount": 110.0, "currency": "USD", "id": "txn217", "name": "Quinn", "title": "Refund", "timestamp": "2024-05-17T13:40:00Z"}

09:56:59.056 [main] DEBUG c.intuit.karate.core.ScenarioEngine - over-writing existing variable 'response' with new value: response
09:56:59.056 [main] INFO  com.intuit.karate - [print] 

 {
  "amount": 110.0,
  "currency": "USD",
  "id": "txn217",
  "name": "Quinn",
  "title": "Refund",
  "timestamp": "2024-05-17T13:40:00Z"
}
 

 
09:56:59.057 [main] INFO  com.intuit.karate - [print] transaction.transactionId =  txn217 
09:56:59.060 [main] DEBUG c.intuit.karate.core.ScenarioEngine - over-writing existing variable 'transaction' with new value: __arg.transaction
09:56:59.061 [main] DEBUG com.intuit.karate - request:
1 > GET https://vx5846dgdj.execute-api.us-east-1.amazonaws.com/dev/transactions/txn218
1 > Host: vx5846dgdj.execute-api.us-east-1.amazonaws.com
1 > Connection: Keep-Alive
1 > User-Agent: Apache-HttpClient/4.5.14 (Java/23.0.1)
1 > Accept-Encoding: gzip,deflate


09:56:59.196 [main] DEBUG com.intuit.karate - response time in milliseconds: 135
1 < 200
1 < Date: Wed, 21 May 2025 13:56:59 GMT
1 < Content-Type: application/json
1 < Content-Length: 127
1 < Connection: keep-alive
1 < Apigw-Requestid: K69C0gtQIAMEPtA=
{"amount": 210.0, "currency": "USD", "id": "txn218", "name": "Rachel", "title": "Payment", "timestamp": "2024-05-18T15:15:00Z"}

09:56:59.197 [main] DEBUG c.intuit.karate.core.ScenarioEngine - over-writing existing variable 'response' with new value: response
09:56:59.197 [main] INFO  com.intuit.karate - [print] 

 {
  "amount": 210.0,
  "currency": "USD",
  "id": "txn218",
  "name": "Rachel",
  "title": "Payment",
  "timestamp": "2024-05-18T15:15:00Z"
}
 

 
09:56:59.198 [main] INFO  com.intuit.karate - [print] transaction.transactionId =  txn218 
09:56:59.201 [main] DEBUG c.intuit.karate.core.ScenarioEngine - over-writing existing variable 'transaction' with new value: __arg.transaction
09:56:59.201 [main] DEBUG com.intuit.karate - request:
1 > GET https://vx5846dgdj.execute-api.us-east-1.amazonaws.com/dev/transactions/txn219
1 > Host: vx5846dgdj.execute-api.us-east-1.amazonaws.com
1 > Connection: Keep-Alive
1 > User-Agent: Apache-HttpClient/4.5.14 (Java/23.0.1)
1 > Accept-Encoding: gzip,deflate


09:56:59.336 [main] DEBUG com.intuit.karate - response time in milliseconds: 135
1 < 200
1 < Date: Wed, 21 May 2025 13:56:59 GMT
1 < Content-Type: application/json
1 < Content-Length: 126
1 < Connection: keep-alive
1 < Apigw-Requestid: K69C1hi0oAMEZlA=
{"amount": 270.0, "currency": "USD", "id": "txn219", "name": "Steve", "title": "Invoice", "timestamp": "2024-05-19T16:25:00Z"}

09:56:59.337 [main] DEBUG c.intuit.karate.core.ScenarioEngine - over-writing existing variable 'response' with new value: response
09:56:59.337 [main] INFO  com.intuit.karate - [print] 

 {
  "amount": 270.0,
  "currency": "USD",
  "id": "txn219",
  "name": "Steve",
  "title": "Invoice",
  "timestamp": "2024-05-19T16:25:00Z"
}
 

 
09:56:59.338 [main] INFO  com.intuit.karate - [print] transaction.transactionId =  txn219 
09:56:59.341 [main] DEBUG c.intuit.karate.core.ScenarioEngine - over-writing existing variable 'transaction' with new value: __arg.transaction
09:56:59.343 [main] DEBUG com.intuit.karate - request:
1 > GET https://vx5846dgdj.execute-api.us-east-1.amazonaws.com/dev/transactions/txn220
1 > Host: vx5846dgdj.execute-api.us-east-1.amazonaws.com
1 > Connection: Keep-Alive
1 > User-Agent: Apache-HttpClient/4.5.14 (Java/23.0.1)
1 > Accept-Encoding: gzip,deflate


09:56:59.494 [main] DEBUG com.intuit.karate - response time in milliseconds: 151
1 < 200
1 < Date: Wed, 21 May 2025 13:56:59 GMT
1 < Content-Type: application/json
1 < Content-Length: 124
1 < Connection: keep-alive
1 < Apigw-Requestid: K69C3go7oAMEZtg=
{"amount": 170.0, "currency": "USD", "id": "txn220", "name": "Tina", "title": "Refund", "timestamp": "2024-05-20T12:05:00Z"}

09:56:59.495 [main] DEBUG c.intuit.karate.core.ScenarioEngine - over-writing existing variable 'response' with new value: response
09:56:59.495 [main] INFO  com.intuit.karate - [print] 

 {
  "amount": 170.0,
  "currency": "USD",
  "id": "txn220",
  "name": "Tina",
  "title": "Refund",
  "timestamp": "2024-05-20T12:05:00Z"
}
 

 
09:56:59.495 [main] INFO  com.intuit.karate - [print] transaction.transactionId =  txn220 
09:56:59.498 [main] DEBUG c.intuit.karate.core.ScenarioEngine - over-writing existing variable 'transaction' with new value: __arg.transaction
09:56:59.499 [main] DEBUG com.intuit.karate - request:
1 > GET https://vx5846dgdj.execute-api.us-east-1.amazonaws.com/dev/transactions/txn221
1 > Host: vx5846dgdj.execute-api.us-east-1.amazonaws.com
1 > Connection: Keep-Alive
1 > User-Agent: Apache-HttpClient/4.5.14 (Java/23.0.1)
1 > Accept-Encoding: gzip,deflate


09:56:59.636 [main] DEBUG com.intuit.karate - response time in milliseconds: 136
1 < 200
1 < Date: Wed, 21 May 2025 13:56:59 GMT
1 < Content-Type: application/json
1 < Content-Length: 124
1 < Connection: keep-alive
1 < Apigw-Requestid: K69C4j5QoAMEZDQ=
{"amount": 310.0, "currency": "USD", "id": "txn221", "name": "Uma", "title": "Payment", "timestamp": "2024-05-21T08:10:00Z"}

09:56:59.636 [main] DEBUG c.intuit.karate.core.ScenarioEngine - over-writing existing variable 'response' with new value: response
09:56:59.637 [main] INFO  com.intuit.karate - [print] 

 {
  "amount": 310.0,
  "currency": "USD",
  "id": "txn221",
  "name": "Uma",
  "title": "Payment",
  "timestamp": "2024-05-21T08:10:00Z"
}
 

 
09:56:59.637 [main] INFO  com.intuit.karate - [print] transaction.transactionId =  txn221 
09:56:59.641 [main] DEBUG c.intuit.karate.core.ScenarioEngine - over-writing existing variable 'transaction' with new value: __arg.transaction
09:56:59.641 [main] DEBUG com.intuit.karate - request:
1 > GET https://vx5846dgdj.execute-api.us-east-1.amazonaws.com/dev/transactions/txn222
1 > Host: vx5846dgdj.execute-api.us-east-1.amazonaws.com
1 > Connection: Keep-Alive
1 > User-Agent: Apache-HttpClient/4.5.14 (Java/23.0.1)
1 > Accept-Encoding: gzip,deflate


09:56:59.775 [main] DEBUG com.intuit.karate - response time in milliseconds: 132
1 < 200
1 < Date: Wed, 21 May 2025 13:56:59 GMT
1 < Content-Type: application/json
1 < Content-Length: 127
1 < Connection: keep-alive
1 < Apigw-Requestid: K69C6iiyIAMEPTA=
{"amount": 135.0, "currency": "USD", "id": "txn222", "name": "Victor", "title": "Invoice", "timestamp": "2024-05-22T11:45:00Z"}

09:56:59.776 [main] DEBUG c.intuit.karate.core.ScenarioEngine - over-writing existing variable 'response' with new value: response
09:56:59.776 [main] INFO  com.intuit.karate - [print] 

 {
  "amount": 135.0,
  "currency": "USD",
  "id": "txn222",
  "name": "Victor",
  "title": "Invoice",
  "timestamp": "2024-05-22T11:45:00Z"
}
 

 
09:56:59.777 [main] INFO  com.intuit.karate - [print] transaction.transactionId =  txn222 
09:56:59.780 [main] DEBUG c.intuit.karate.core.ScenarioEngine - over-writing existing variable 'transaction' with new value: __arg.transaction
09:56:59.780 [main] DEBUG com.intuit.karate - request:
1 > GET https://vx5846dgdj.execute-api.us-east-1.amazonaws.com/dev/transactions/txn223
1 > Host: vx5846dgdj.execute-api.us-east-1.amazonaws.com
1 > Connection: Keep-Alive
1 > User-Agent: Apache-HttpClient/4.5.14 (Java/23.0.1)
1 > Accept-Encoding: gzip,deflate


09:56:59.920 [main] DEBUG com.intuit.karate - response time in milliseconds: 139
1 < 200
1 < Date: Wed, 21 May 2025 13:57:00 GMT
1 < Content-Type: application/json
1 < Content-Length: 125
1 < Connection: keep-alive
1 < Apigw-Requestid: K69C7jScoAMEP5w=
{"amount": 145.0, "currency": "USD", "id": "txn223", "name": "Wendy", "title": "Refund", "timestamp": "2024-05-23T13:30:00Z"}

09:56:59.921 [main] DEBUG c.intuit.karate.core.ScenarioEngine - over-writing existing variable 'response' with new value: response
09:56:59.921 [main] INFO  com.intuit.karate - [print] 

 {
  "amount": 145.0,
  "currency": "USD",
  "id": "txn223",
  "name": "Wendy",
  "title": "Refund",
  "timestamp": "2024-05-23T13:30:00Z"
}
 

 
09:56:59.922 [main] INFO  com.intuit.karate - [print] transaction.transactionId =  txn223 
09:56:59.925 [main] DEBUG c.intuit.karate.core.ScenarioEngine - over-writing existing variable 'transaction' with new value: __arg.transaction
09:56:59.926 [main] DEBUG com.intuit.karate - request:
1 > GET https://vx5846dgdj.execute-api.us-east-1.amazonaws.com/dev/transactions/txn224
1 > Host: vx5846dgdj.execute-api.us-east-1.amazonaws.com
1 > Connection: Keep-Alive
1 > User-Agent: Apache-HttpClient/4.5.14 (Java/23.0.1)
1 > Accept-Encoding: gzip,deflate


09:57:00.056 [main] DEBUG com.intuit.karate - response time in milliseconds: 130
1 < 200
1 < Date: Wed, 21 May 2025 13:57:00 GMT
1 < Content-Type: application/json
1 < Content-Length: 127
1 < Connection: keep-alive
1 < Apigw-Requestid: K69C9g0voAMEPVg=
{"amount": 295.0, "currency": "USD", "id": "txn224", "name": "Xander", "title": "Payment", "timestamp": "2024-05-24T10:50:00Z"}

09:57:00.057 [main] DEBUG c.intuit.karate.core.ScenarioEngine - over-writing existing variable 'response' with new value: response
09:57:00.057 [main] INFO  com.intuit.karate - [print] 

 {
  "amount": 295.0,
  "currency": "USD",
  "id": "txn224",
  "name": "Xander",
  "title": "Payment",
  "timestamp": "2024-05-24T10:50:00Z"
}
 

 
09:57:00.057 [main] INFO  com.intuit.karate - [print] transaction.transactionId =  txn224 
09:57:00.060 [main] DEBUG c.intuit.karate.core.ScenarioEngine - over-writing existing variable 'transaction' with new value: __arg.transaction
09:57:00.061 [main] DEBUG com.intuit.karate - request:
1 > GET https://vx5846dgdj.execute-api.us-east-1.amazonaws.com/dev/transactions/txn225
1 > Host: vx5846dgdj.execute-api.us-east-1.amazonaws.com
1 > Connection: Keep-Alive
1 > User-Agent: Apache-HttpClient/4.5.14 (Java/23.0.1)
1 > Accept-Encoding: gzip,deflate


09:57:00.176 [main] DEBUG com.intuit.karate - response time in milliseconds: 114
1 < 200
1 < Date: Wed, 21 May 2025 13:57:00 GMT
1 < Content-Type: application/json
1 < Content-Length: 125
1 < Connection: keep-alive
1 < Apigw-Requestid: K69C-hwhoAMEZCw=
{"amount": 275.0, "currency": "USD", "id": "txn225", "name": "Yara", "title": "Invoice", "timestamp": "2024-05-25T09:15:00Z"}

09:57:00.176 [main] DEBUG c.intuit.karate.core.ScenarioEngine - over-writing existing variable 'response' with new value: response
09:57:00.176 [main] INFO  com.intuit.karate - [print] 

 {
  "amount": 275.0,
  "currency": "USD",
  "id": "txn225",
  "name": "Yara",
  "title": "Invoice",
  "timestamp": "2024-05-25T09:15:00Z"
}
 

 
09:57:00.177 [main] INFO  com.intuit.karate - [print] transaction.transactionId =  txn225 
---------------------------------------------------------
feature: classpath:tests/transactions/04-get-transactions-by-id.feature
scenarios:  1 | passed:  1 | failed:  0 | time: 3.4849
---------------------------------------------------------

09:57:00.512 [main] INFO  com.intuit.karate.Suite - <<pass>> feature 1 of 1 (0 remaining) classpath:tests/transactions/04-get-transactions-by-id.feature
Karate version: 1.5.1
======================================================
elapsed:   3.82 | threads:    1 | thread time: 3.49 
features:     1 | skipped:    0 | efficiency: 0.91
scenarios:    1 | passed:     1 | failed: 0
======================================================

HTML report: (paste into browser to view) | Karate version: 1.5.1
file:///Users/edls/NetBeansProjects/transaction-api/target/karate-reports/karate-summary.html
===================================================================


********** Files used to generate report **********
Using JSON file: /Users/edls/NetBeansProjects/transaction-api/target/karate-reports/tests.transactions.04-get-transactions-by-id.json
****************************************************
]]></system-out>
    <system-err><![CDATA[May 21, 2025 9:57:00 AM net.masterthought.cucumber.ReportParser parseJsonFiles
INFO: File '/Users/edls/NetBeansProjects/transaction-api/target/karate-reports/tests.transactions.04-get-transactions-by-id.json' contains 1 features
]]></system-err>
  </testcase>
  <testcase name="getTransactionsByIdBad" classname="tests.ParallelRunnerTest" time="0.465">
    <system-out><![CDATA[09:57:00.674 [main] DEBUG com.intuit.karate.Suite - [config] classpath:karate-config.js
09:57:00.674 [main] INFO  com.intuit.karate.Suite - backed up existing 'target/karate-reports' dir to: target/karate-reports_1747835820674
09:57:00.677 [main] INFO  com.intuit.karate - karate.env system property was: null 
09:57:00.681 [main] DEBUG c.intuit.karate.core.ScenarioEngine - over-writing existing variable 'transaction' with new value: __arg.transaction
09:57:00.683 [main] DEBUG com.intuit.karate - request:
1 > GET https://vx5846dgdj.execute-api.us-east-1.amazonaws.com/dev/transactions/txn2001xxx
1 > Content-Type: application/json; charset=UTF-8
1 > Content-Length: 128
1 > Host: vx5846dgdj.execute-api.us-east-1.amazonaws.com
1 > Connection: Keep-Alive
1 > User-Agent: Apache-HttpClient/4.5.14 (Java/23.0.1)
1 > Accept-Encoding: gzip,deflate
{"transactionId":"txn2001xxx","name":"Alice","title":"Payment","amount":555,"currency":"USD","timestamp":"2024-05-01T10:00:00Z"}

09:57:00.836 [main] DEBUG com.intuit.karate - response time in milliseconds: 153
1 < 404
1 < Date: Wed, 21 May 2025 13:57:00 GMT
1 < Content-Type: application/json
1 < Content-Length: 56
1 < Connection: close
1 < Apigw-Requestid: K69DEj1VoAMEZVg=
{"message": "Transaction not found", "id": "txn2001xxx"}

09:57:00.840 [main] DEBUG c.intuit.karate.core.ScenarioEngine - over-writing existing variable 'transaction' with new value: __arg.transaction
09:57:00.842 [main] DEBUG com.intuit.karate - request:
1 > GET https://vx5846dgdj.execute-api.us-east-1.amazonaws.com/dev/transactions/txn2002xxx
1 > Content-Type: application/json; charset=UTF-8
1 > Content-Length: 126
1 > Host: vx5846dgdj.execute-api.us-east-1.amazonaws.com
1 > Connection: Keep-Alive
1 > User-Agent: Apache-HttpClient/4.5.14 (Java/23.0.1)
1 > Accept-Encoding: gzip,deflate
{"transactionId":"txn2002xxx","name":"Bob","title":"Invoice","amount":666,"currency":"USD","timestamp":"2024-05-02T15:30:00Z"}

09:57:00.977 [main] DEBUG com.intuit.karate - response time in milliseconds: 135
1 < 404
1 < Date: Wed, 21 May 2025 13:57:01 GMT
1 < Content-Type: application/json
1 < Content-Length: 56
1 < Connection: close
1 < Apigw-Requestid: K69DGh2SoAMEP_Q=
{"message": "Transaction not found", "id": "txn2002xxx"}

---------------------------------------------------------
feature: classpath:tests/transactions/05-get-transactions-by-id-bad.feature
scenarios:  1 | passed:  1 | failed:  0 | time: 0.2999
---------------------------------------------------------

09:57:01.022 [main] INFO  com.intuit.karate.Suite - <<pass>> feature 1 of 1 (0 remaining) classpath:tests/transactions/05-get-transactions-by-id-bad.feature
Karate version: 1.5.1
======================================================
elapsed:   0.35 | threads:    1 | thread time: 0.30 
features:     1 | skipped:    0 | efficiency: 0.86
scenarios:    1 | passed:     1 | failed: 0
======================================================

HTML report: (paste into browser to view) | Karate version: 1.5.1
file:///Users/edls/NetBeansProjects/transaction-api/target/karate-reports/karate-summary.html
===================================================================


********** Files used to generate report **********
Using JSON file: /Users/edls/NetBeansProjects/transaction-api/target/karate-reports/tests.transactions.05-get-transactions-by-id-bad.json
****************************************************
]]></system-out>
    <system-err><![CDATA[May 21, 2025 9:57:01 AM net.masterthought.cucumber.ReportParser parseJsonFiles
INFO: File '/Users/edls/NetBeansProjects/transaction-api/target/karate-reports/tests.transactions.05-get-transactions-by-id-bad.json' contains 1 features
]]></system-err>
  </testcase>
  <testcase name="updateTransactions" classname="tests.ParallelRunnerTest" time="6.341">
    <system-out><![CDATA[09:57:01.140 [main] DEBUG com.intuit.karate.Suite - [config] classpath:karate-config.js
09:57:01.141 [main] INFO  com.intuit.karate.Suite - backed up existing 'target/karate-reports' dir to: target/karate-reports_1747835821141
09:57:01.144 [main] INFO  com.intuit.karate - karate.env system property was: null 
09:57:01.149 [main] DEBUG c.intuit.karate.core.ScenarioEngine - over-writing existing variable 'transaction' with new value: __arg.transaction
09:57:01.153 [main] DEBUG c.intuit.karate.core.ScenarioEngine - over-writing existing variable 'transactionId' with new value: transaction.transactionId
09:57:01.157 [main] DEBUG com.intuit.karate - request:
1 > PUT https://vx5846dgdj.execute-api.us-east-1.amazonaws.com/dev/transactions/txn201
1 > Content-Type: application/json; charset=UTF-8
1 > Content-Length: 100
1 > Host: vx5846dgdj.execute-api.us-east-1.amazonaws.com
1 > Connection: Keep-Alive
1 > User-Agent: Apache-HttpClient/4.5.14 (Java/23.0.1)
1 > Accept-Encoding: gzip,deflate
{"name":"Alice","title":"Payment","amount":1100,"currency":"USD","timestamp":"2024-05-01T10:00:00Z"}

09:57:01.380 [main] DEBUG com.intuit.karate - response time in milliseconds: 223
1 < 200
1 < Date: Wed, 21 May 2025 13:57:01 GMT
1 < Content-Type: application/json
1 < Content-Length: 127
1 < Connection: keep-alive
1 < Apigw-Requestid: K69DJjOTIAMEZjA=
{"amount": 1100.0, "currency": "USD", "id": "txn201", "name": "Alice", "timestamp": "2024-05-01T10:00:00Z", "title": "Payment"}

09:57:01.381 [main] DEBUG c.intuit.karate.core.ScenarioEngine - over-writing existing variable 'response' with new value: response
09:57:01.382 [main] INFO  com.intuit.karate - [print] 

 {
  "amount": 1100.0,
  "currency": "USD",
  "id": "txn201",
  "name": "Alice",
  "timestamp": "2024-05-01T10:00:00Z",
  "title": "Payment"
}
 

 
09:57:01.382 [main] INFO  com.intuit.karate - [print] transaction.transactionId =  txn201 
09:57:01.387 [main] DEBUG c.intuit.karate.core.ScenarioEngine - over-writing existing variable 'transaction' with new value: __arg.transaction
09:57:01.388 [main] DEBUG c.intuit.karate.core.ScenarioEngine - over-writing existing variable 'transactionId' with new value: transaction.transactionId
09:57:01.389 [main] DEBUG com.intuit.karate - request:
1 > PUT https://vx5846dgdj.execute-api.us-east-1.amazonaws.com/dev/transactions/txn202
1 > Content-Type: application/json; charset=UTF-8
1 > Content-Length: 98
1 > Host: vx5846dgdj.execute-api.us-east-1.amazonaws.com
1 > Connection: Keep-Alive
1 > User-Agent: Apache-HttpClient/4.5.14 (Java/23.0.1)
1 > Accept-Encoding: gzip,deflate
{"name":"Bob","title":"Invoice","amount":1200,"currency":"USD","timestamp":"2024-05-02T15:30:00Z"}

09:57:01.618 [main] DEBUG com.intuit.karate - response time in milliseconds: 228
1 < 200
1 < Date: Wed, 21 May 2025 13:57:01 GMT
1 < Content-Type: application/json
1 < Content-Length: 125
1 < Connection: keep-alive
1 < Apigw-Requestid: K69DLiBgIAMEZ0Q=
{"amount": 1200.0, "currency": "USD", "id": "txn202", "name": "Bob", "timestamp": "2024-05-02T15:30:00Z", "title": "Invoice"}

09:57:01.618 [main] DEBUG c.intuit.karate.core.ScenarioEngine - over-writing existing variable 'response' with new value: response
09:57:01.619 [main] INFO  com.intuit.karate - [print] 

 {
  "amount": 1200.0,
  "currency": "USD",
  "id": "txn202",
  "name": "Bob",
  "timestamp": "2024-05-02T15:30:00Z",
  "title": "Invoice"
}
 

 
09:57:01.619 [main] INFO  com.intuit.karate - [print] transaction.transactionId =  txn202 
09:57:01.623 [main] DEBUG c.intuit.karate.core.ScenarioEngine - over-writing existing variable 'transaction' with new value: __arg.transaction
09:57:01.624 [main] DEBUG c.intuit.karate.core.ScenarioEngine - over-writing existing variable 'transactionId' with new value: transaction.transactionId
09:57:01.625 [main] DEBUG com.intuit.karate - request:
1 > PUT https://vx5846dgdj.execute-api.us-east-1.amazonaws.com/dev/transactions/txn203
1 > Content-Type: application/json; charset=UTF-8
1 > Content-Length: 101
1 > Host: vx5846dgdj.execute-api.us-east-1.amazonaws.com
1 > Connection: Keep-Alive
1 > User-Agent: Apache-HttpClient/4.5.14 (Java/23.0.1)
1 > Accept-Encoding: gzip,deflate
{"name":"Charlie","title":"Refund","amount":1150,"currency":"USD","timestamp":"2024-05-03T09:45:00Z"}

09:57:01.863 [main] DEBUG com.intuit.karate - response time in milliseconds: 238
1 < 200
1 < Date: Wed, 21 May 2025 13:57:01 GMT
1 < Content-Type: application/json
1 < Content-Length: 128
1 < Connection: keep-alive
1 < Apigw-Requestid: K69DOjGZoAMEZOg=
{"amount": 1150.0, "currency": "USD", "id": "txn203", "name": "Charlie", "timestamp": "2024-05-03T09:45:00Z", "title": "Refund"}

09:57:01.864 [main] DEBUG c.intuit.karate.core.ScenarioEngine - over-writing existing variable 'response' with new value: response
09:57:01.864 [main] INFO  com.intuit.karate - [print] 

 {
  "amount": 1150.0,
  "currency": "USD",
  "id": "txn203",
  "name": "Charlie",
  "timestamp": "2024-05-03T09:45:00Z",
  "title": "Refund"
}
 

 
09:57:01.864 [main] INFO  com.intuit.karate - [print] transaction.transactionId =  txn203 
09:57:01.868 [main] DEBUG c.intuit.karate.core.ScenarioEngine - over-writing existing variable 'transaction' with new value: __arg.transaction
09:57:01.868 [main] DEBUG c.intuit.karate.core.ScenarioEngine - over-writing existing variable 'transactionId' with new value: transaction.transactionId
09:57:01.869 [main] DEBUG com.intuit.karate - request:
1 > PUT https://vx5846dgdj.execute-api.us-east-1.amazonaws.com/dev/transactions/txn204
1 > Content-Type: application/json; charset=UTF-8
1 > Content-Length: 100
1 > Host: vx5846dgdj.execute-api.us-east-1.amazonaws.com
1 > Connection: Keep-Alive
1 > User-Agent: Apache-HttpClient/4.5.14 (Java/23.0.1)
1 > Accept-Encoding: gzip,deflate
{"name":"Diana","title":"Payment","amount":1250,"currency":"USD","timestamp":"2024-05-04T11:20:00Z"}

09:57:02.076 [main] DEBUG com.intuit.karate - response time in milliseconds: 207
1 < 200
1 < Date: Wed, 21 May 2025 13:57:02 GMT
1 < Content-Type: application/json
1 < Content-Length: 127
1 < Connection: keep-alive
1 < Apigw-Requestid: K69DQhTuIAMEZ3g=
{"amount": 1250.0, "currency": "USD", "id": "txn204", "name": "Diana", "timestamp": "2024-05-04T11:20:00Z", "title": "Payment"}

09:57:02.076 [main] DEBUG c.intuit.karate.core.ScenarioEngine - over-writing existing variable 'response' with new value: response
09:57:02.077 [main] INFO  com.intuit.karate - [print] 

 {
  "amount": 1250.0,
  "currency": "USD",
  "id": "txn204",
  "name": "Diana",
  "timestamp": "2024-05-04T11:20:00Z",
  "title": "Payment"
}
 

 
09:57:02.077 [main] INFO  com.intuit.karate - [print] transaction.transactionId =  txn204 
09:57:02.080 [main] DEBUG c.intuit.karate.core.ScenarioEngine - over-writing existing variable 'transaction' with new value: __arg.transaction
09:57:02.080 [main] DEBUG c.intuit.karate.core.ScenarioEngine - over-writing existing variable 'transactionId' with new value: transaction.transactionId
09:57:02.081 [main] DEBUG com.intuit.karate - request:
1 > PUT https://vx5846dgdj.execute-api.us-east-1.amazonaws.com/dev/transactions/txn205
1 > Content-Type: application/json; charset=UTF-8
1 > Content-Length: 100
1 > Host: vx5846dgdj.execute-api.us-east-1.amazonaws.com
1 > Connection: Keep-Alive
1 > User-Agent: Apache-HttpClient/4.5.14 (Java/23.0.1)
1 > Accept-Encoding: gzip,deflate
{"name":"Ethan","title":"Invoice","amount":1300,"currency":"USD","timestamp":"2024-05-05T13:10:00Z"}

09:57:02.297 [main] DEBUG com.intuit.karate - response time in milliseconds: 215
1 < 200
1 < Date: Wed, 21 May 2025 13:57:02 GMT
1 < Content-Type: application/json
1 < Content-Length: 127
1 < Connection: keep-alive
1 < Apigw-Requestid: K69DSgAZIAMEPhw=
{"amount": 1300.0, "currency": "USD", "id": "txn205", "name": "Ethan", "timestamp": "2024-05-05T13:10:00Z", "title": "Invoice"}

09:57:02.297 [main] DEBUG c.intuit.karate.core.ScenarioEngine - over-writing existing variable 'response' with new value: response
09:57:02.298 [main] INFO  com.intuit.karate - [print] 

 {
  "amount": 1300.0,
  "currency": "USD",
  "id": "txn205",
  "name": "Ethan",
  "timestamp": "2024-05-05T13:10:00Z",
  "title": "Invoice"
}
 

 
09:57:02.298 [main] INFO  com.intuit.karate - [print] transaction.transactionId =  txn205 
09:57:02.302 [main] DEBUG c.intuit.karate.core.ScenarioEngine - over-writing existing variable 'transaction' with new value: __arg.transaction
09:57:02.302 [main] DEBUG c.intuit.karate.core.ScenarioEngine - over-writing existing variable 'transactionId' with new value: transaction.transactionId
09:57:02.303 [main] DEBUG com.intuit.karate - request:
1 > PUT https://vx5846dgdj.execute-api.us-east-1.amazonaws.com/dev/transactions/txn206
1 > Content-Type: application/json; charset=UTF-8
1 > Content-Length: 100
1 > Host: vx5846dgdj.execute-api.us-east-1.amazonaws.com
1 > Connection: Keep-Alive
1 > User-Agent: Apache-HttpClient/4.5.14 (Java/23.0.1)
1 > Accept-Encoding: gzip,deflate
{"name":"Fiona","title":"Payment","amount":1120,"currency":"USD","timestamp":"2024-05-06T14:00:00Z"}

09:57:02.517 [main] DEBUG com.intuit.karate - response time in milliseconds: 213
1 < 200
1 < Date: Wed, 21 May 2025 13:57:02 GMT
1 < Content-Type: application/json
1 < Content-Length: 127
1 < Connection: keep-alive
1 < Apigw-Requestid: K69DUi-HIAMEZdg=
{"amount": 1120.0, "currency": "USD", "id": "txn206", "name": "Fiona", "timestamp": "2024-05-06T14:00:00Z", "title": "Payment"}

09:57:02.517 [main] DEBUG c.intuit.karate.core.ScenarioEngine - over-writing existing variable 'response' with new value: response
09:57:02.518 [main] INFO  com.intuit.karate - [print] 

 {
  "amount": 1120.0,
  "currency": "USD",
  "id": "txn206",
  "name": "Fiona",
  "timestamp": "2024-05-06T14:00:00Z",
  "title": "Payment"
}
 

 
09:57:02.518 [main] INFO  com.intuit.karate - [print] transaction.transactionId =  txn206 
09:57:02.521 [main] DEBUG c.intuit.karate.core.ScenarioEngine - over-writing existing variable 'transaction' with new value: __arg.transaction
09:57:02.522 [main] DEBUG c.intuit.karate.core.ScenarioEngine - over-writing existing variable 'transactionId' with new value: transaction.transactionId
09:57:02.522 [main] DEBUG com.intuit.karate - request:
1 > PUT https://vx5846dgdj.execute-api.us-east-1.amazonaws.com/dev/transactions/txn207
1 > Content-Type: application/json; charset=UTF-8
1 > Content-Length: 100
1 > Host: vx5846dgdj.execute-api.us-east-1.amazonaws.com
1 > Connection: Keep-Alive
1 > User-Agent: Apache-HttpClient/4.5.14 (Java/23.0.1)
1 > Accept-Encoding: gzip,deflate
{"name":"George","title":"Refund","amount":1180,"currency":"USD","timestamp":"2024-05-07T16:00:00Z"}

09:57:02.755 [main] DEBUG com.intuit.karate - response time in milliseconds: 232
1 < 200
1 < Date: Wed, 21 May 2025 13:57:02 GMT
1 < Content-Type: application/json
1 < Content-Length: 127
1 < Connection: keep-alive
1 < Apigw-Requestid: K69DXhA2oAMEZsw=
{"amount": 1180.0, "currency": "USD", "id": "txn207", "name": "George", "timestamp": "2024-05-07T16:00:00Z", "title": "Refund"}

09:57:02.756 [main] DEBUG c.intuit.karate.core.ScenarioEngine - over-writing existing variable 'response' with new value: response
09:57:02.756 [main] INFO  com.intuit.karate - [print] 

 {
  "amount": 1180.0,
  "currency": "USD",
  "id": "txn207",
  "name": "George",
  "timestamp": "2024-05-07T16:00:00Z",
  "title": "Refund"
}
 

 
09:57:02.756 [main] INFO  com.intuit.karate - [print] transaction.transactionId =  txn207 
09:57:02.760 [main] DEBUG c.intuit.karate.core.ScenarioEngine - over-writing existing variable 'transaction' with new value: __arg.transaction
09:57:02.760 [main] DEBUG c.intuit.karate.core.ScenarioEngine - over-writing existing variable 'transactionId' with new value: transaction.transactionId
09:57:02.761 [main] DEBUG com.intuit.karate - request:
1 > PUT https://vx5846dgdj.execute-api.us-east-1.amazonaws.com/dev/transactions/txn208
1 > Content-Type: application/json; charset=UTF-8
1 > Content-Length: 101
1 > Host: vx5846dgdj.execute-api.us-east-1.amazonaws.com
1 > Connection: Keep-Alive
1 > User-Agent: Apache-HttpClient/4.5.14 (Java/23.0.1)
1 > Accept-Encoding: gzip,deflate
{"name":"Hannah","title":"Invoice","amount":1220,"currency":"USD","timestamp":"2024-05-08T10:15:00Z"}

09:57:02.978 [main] DEBUG com.intuit.karate - response time in milliseconds: 216
1 < 200
1 < Date: Wed, 21 May 2025 13:57:03 GMT
1 < Content-Type: application/json
1 < Content-Length: 128
1 < Connection: keep-alive
1 < Apigw-Requestid: K69DZhIFoAMEPMQ=
{"amount": 1220.0, "currency": "USD", "id": "txn208", "name": "Hannah", "timestamp": "2024-05-08T10:15:00Z", "title": "Invoice"}

09:57:02.978 [main] DEBUG c.intuit.karate.core.ScenarioEngine - over-writing existing variable 'response' with new value: response
09:57:02.978 [main] INFO  com.intuit.karate - [print] 

 {
  "amount": 1220.0,
  "currency": "USD",
  "id": "txn208",
  "name": "Hannah",
  "timestamp": "2024-05-08T10:15:00Z",
  "title": "Invoice"
}
 

 
09:57:02.979 [main] INFO  com.intuit.karate - [print] transaction.transactionId =  txn208 
09:57:02.982 [main] DEBUG c.intuit.karate.core.ScenarioEngine - over-writing existing variable 'transaction' with new value: __arg.transaction
09:57:02.982 [main] DEBUG c.intuit.karate.core.ScenarioEngine - over-writing existing variable 'transactionId' with new value: transaction.transactionId
09:57:02.983 [main] DEBUG com.intuit.karate - request:
1 > PUT https://vx5846dgdj.execute-api.us-east-1.amazonaws.com/dev/transactions/txn209
1 > Content-Type: application/json; charset=UTF-8
1 > Content-Length: 98
1 > Host: vx5846dgdj.execute-api.us-east-1.amazonaws.com
1 > Connection: Keep-Alive
1 > User-Agent: Apache-HttpClient/4.5.14 (Java/23.0.1)
1 > Accept-Encoding: gzip,deflate
{"name":"Ian","title":"Payment","amount":1140,"currency":"USD","timestamp":"2024-05-09T09:00:00Z"}

09:57:03.196 [main] DEBUG com.intuit.karate - response time in milliseconds: 212
1 < 200
1 < Date: Wed, 21 May 2025 13:57:03 GMT
1 < Content-Type: application/json
1 < Content-Length: 125
1 < Connection: keep-alive
1 < Apigw-Requestid: K69DbjrAoAMEPrA=
{"amount": 1140.0, "currency": "USD", "id": "txn209", "name": "Ian", "timestamp": "2024-05-09T09:00:00Z", "title": "Payment"}

09:57:03.197 [main] DEBUG c.intuit.karate.core.ScenarioEngine - over-writing existing variable 'response' with new value: response
09:57:03.197 [main] INFO  com.intuit.karate - [print] 

 {
  "amount": 1140.0,
  "currency": "USD",
  "id": "txn209",
  "name": "Ian",
  "timestamp": "2024-05-09T09:00:00Z",
  "title": "Payment"
}
 

 
09:57:03.197 [main] INFO  com.intuit.karate - [print] transaction.transactionId =  txn209 
09:57:03.200 [main] DEBUG c.intuit.karate.core.ScenarioEngine - over-writing existing variable 'transaction' with new value: __arg.transaction
09:57:03.201 [main] DEBUG c.intuit.karate.core.ScenarioEngine - over-writing existing variable 'transactionId' with new value: transaction.transactionId
09:57:03.201 [main] DEBUG com.intuit.karate - request:
1 > PUT https://vx5846dgdj.execute-api.us-east-1.amazonaws.com/dev/transactions/txn210
1 > Content-Type: application/json; charset=UTF-8
1 > Content-Length: 98
1 > Host: vx5846dgdj.execute-api.us-east-1.amazonaws.com
1 > Connection: Keep-Alive
1 > User-Agent: Apache-HttpClient/4.5.14 (Java/23.0.1)
1 > Accept-Encoding: gzip,deflate
{"name":"Jill","title":"Refund","amount":1160,"currency":"USD","timestamp":"2024-05-10T12:00:00Z"}

09:57:03.437 [main] DEBUG com.intuit.karate - response time in milliseconds: 235
1 < 200
1 < Date: Wed, 21 May 2025 13:57:03 GMT
1 < Content-Type: application/json
1 < Content-Length: 125
1 < Connection: keep-alive
1 < Apigw-Requestid: K69DdgGfoAMEPDA=
{"amount": 1160.0, "currency": "USD", "id": "txn210", "name": "Jill", "timestamp": "2024-05-10T12:00:00Z", "title": "Refund"}

09:57:03.437 [main] DEBUG c.intuit.karate.core.ScenarioEngine - over-writing existing variable 'response' with new value: response
09:57:03.438 [main] INFO  com.intuit.karate - [print] 

 {
  "amount": 1160.0,
  "currency": "USD",
  "id": "txn210",
  "name": "Jill",
  "timestamp": "2024-05-10T12:00:00Z",
  "title": "Refund"
}
 

 
09:57:03.438 [main] INFO  com.intuit.karate - [print] transaction.transactionId =  txn210 
09:57:03.442 [main] DEBUG c.intuit.karate.core.ScenarioEngine - over-writing existing variable 'transaction' with new value: __arg.transaction
09:57:03.442 [main] DEBUG c.intuit.karate.core.ScenarioEngine - over-writing existing variable 'transactionId' with new value: transaction.transactionId
09:57:03.443 [main] DEBUG com.intuit.karate - request:
1 > PUT https://vx5846dgdj.execute-api.us-east-1.amazonaws.com/dev/transactions/txn211
1 > Content-Type: application/json; charset=UTF-8
1 > Content-Length: 100
1 > Host: vx5846dgdj.execute-api.us-east-1.amazonaws.com
1 > Connection: Keep-Alive
1 > User-Agent: Apache-HttpClient/4.5.14 (Java/23.0.1)
1 > Accept-Encoding: gzip,deflate
{"name":"Kevin","title":"Invoice","amount":1240,"currency":"USD","timestamp":"2024-05-11T11:30:00Z"}

09:57:03.716 [main] DEBUG com.intuit.karate - response time in milliseconds: 273
1 < 200
1 < Date: Wed, 21 May 2025 13:57:03 GMT
1 < Content-Type: application/json
1 < Content-Length: 127
1 < Connection: keep-alive
1 < Apigw-Requestid: K69DghnSIAMEZxQ=
{"amount": 1240.0, "currency": "USD", "id": "txn211", "name": "Kevin", "timestamp": "2024-05-11T11:30:00Z", "title": "Invoice"}

09:57:03.717 [main] DEBUG c.intuit.karate.core.ScenarioEngine - over-writing existing variable 'response' with new value: response
09:57:03.717 [main] INFO  com.intuit.karate - [print] 

 {
  "amount": 1240.0,
  "currency": "USD",
  "id": "txn211",
  "name": "Kevin",
  "timestamp": "2024-05-11T11:30:00Z",
  "title": "Invoice"
}
 

 
09:57:03.717 [main] INFO  com.intuit.karate - [print] transaction.transactionId =  txn211 
09:57:03.720 [main] DEBUG c.intuit.karate.core.ScenarioEngine - over-writing existing variable 'transaction' with new value: __arg.transaction
09:57:03.721 [main] DEBUG c.intuit.karate.core.ScenarioEngine - over-writing existing variable 'transactionId' with new value: transaction.transactionId
09:57:03.721 [main] DEBUG com.intuit.karate - request:
1 > PUT https://vx5846dgdj.execute-api.us-east-1.amazonaws.com/dev/transactions/txn212
1 > Content-Type: application/json; charset=UTF-8
1 > Content-Length: 99
1 > Host: vx5846dgdj.execute-api.us-east-1.amazonaws.com
1 > Connection: Keep-Alive
1 > User-Agent: Apache-HttpClient/4.5.14 (Java/23.0.1)
1 > Accept-Encoding: gzip,deflate
{"name":"Lena","title":"Payment","amount":1260,"currency":"USD","timestamp":"2024-05-12T08:00:00Z"}

09:57:03.955 [main] DEBUG com.intuit.karate - response time in milliseconds: 233
1 < 200
1 < Date: Wed, 21 May 2025 13:57:04 GMT
1 < Content-Type: application/json
1 < Content-Length: 126
1 < Connection: keep-alive
1 < Apigw-Requestid: K69DjhKkoAMEPFg=
{"amount": 1260.0, "currency": "USD", "id": "txn212", "name": "Lena", "timestamp": "2024-05-12T08:00:00Z", "title": "Payment"}

09:57:03.956 [main] DEBUG c.intuit.karate.core.ScenarioEngine - over-writing existing variable 'response' with new value: response
09:57:03.956 [main] INFO  com.intuit.karate - [print] 

 {
  "amount": 1260.0,
  "currency": "USD",
  "id": "txn212",
  "name": "Lena",
  "timestamp": "2024-05-12T08:00:00Z",
  "title": "Payment"
}
 

 
09:57:03.957 [main] INFO  com.intuit.karate - [print] transaction.transactionId =  txn212 
09:57:03.960 [main] DEBUG c.intuit.karate.core.ScenarioEngine - over-writing existing variable 'transaction' with new value: __arg.transaction
09:57:03.960 [main] DEBUG c.intuit.karate.core.ScenarioEngine - over-writing existing variable 'transactionId' with new value: transaction.transactionId
09:57:03.961 [main] DEBUG com.intuit.karate - request:
1 > PUT https://vx5846dgdj.execute-api.us-east-1.amazonaws.com/dev/transactions/txn213
1 > Content-Type: application/json; charset=UTF-8
1 > Content-Length: 99
1 > Host: vx5846dgdj.execute-api.us-east-1.amazonaws.com
1 > Connection: Keep-Alive
1 > User-Agent: Apache-HttpClient/4.5.14 (Java/23.0.1)
1 > Accept-Encoding: gzip,deflate
{"name":"Mike","title":"Invoice","amount":1300,"currency":"USD","timestamp":"2024-05-13T17:00:00Z"}

09:57:04.196 [main] DEBUG com.intuit.karate - response time in milliseconds: 235
1 < 200
1 < Date: Wed, 21 May 2025 13:57:04 GMT
1 < Content-Type: application/json
1 < Content-Length: 126
1 < Connection: keep-alive
1 < Apigw-Requestid: K69DljG3IAMEZJw=
{"amount": 1300.0, "currency": "USD", "id": "txn213", "name": "Mike", "timestamp": "2024-05-13T17:00:00Z", "title": "Invoice"}

09:57:04.197 [main] DEBUG c.intuit.karate.core.ScenarioEngine - over-writing existing variable 'response' with new value: response
09:57:04.197 [main] INFO  com.intuit.karate - [print] 

 {
  "amount": 1300.0,
  "currency": "USD",
  "id": "txn213",
  "name": "Mike",
  "timestamp": "2024-05-13T17:00:00Z",
  "title": "Invoice"
}
 

 
09:57:04.197 [main] INFO  com.intuit.karate - [print] transaction.transactionId =  txn213 
09:57:04.201 [main] DEBUG c.intuit.karate.core.ScenarioEngine - over-writing existing variable 'transaction' with new value: __arg.transaction
09:57:04.201 [main] DEBUG c.intuit.karate.core.ScenarioEngine - over-writing existing variable 'transactionId' with new value: transaction.transactionId
09:57:04.202 [main] DEBUG com.intuit.karate - request:
1 > PUT https://vx5846dgdj.execute-api.us-east-1.amazonaws.com/dev/transactions/txn214
1 > Content-Type: application/json; charset=UTF-8
1 > Content-Length: 98
1 > Host: vx5846dgdj.execute-api.us-east-1.amazonaws.com
1 > Connection: Keep-Alive
1 > User-Agent: Apache-HttpClient/4.5.14 (Java/23.0.1)
1 > Accept-Encoding: gzip,deflate
{"name":"Nina","title":"Refund","amount":1130,"currency":"USD","timestamp":"2024-05-14T14:30:00Z"}

09:57:04.415 [main] DEBUG com.intuit.karate - response time in milliseconds: 212
1 < 200
1 < Date: Wed, 21 May 2025 13:57:04 GMT
1 < Content-Type: application/json
1 < Content-Length: 125
1 < Connection: keep-alive
1 < Apigw-Requestid: K69DnirOIAMEPkA=
{"amount": 1130.0, "currency": "USD", "id": "txn214", "name": "Nina", "timestamp": "2024-05-14T14:30:00Z", "title": "Refund"}

09:57:04.415 [main] DEBUG c.intuit.karate.core.ScenarioEngine - over-writing existing variable 'response' with new value: response
09:57:04.415 [main] INFO  com.intuit.karate - [print] 

 {
  "amount": 1130.0,
  "currency": "USD",
  "id": "txn214",
  "name": "Nina",
  "timestamp": "2024-05-14T14:30:00Z",
  "title": "Refund"
}
 

 
09:57:04.416 [main] INFO  com.intuit.karate - [print] transaction.transactionId =  txn214 
09:57:04.419 [main] DEBUG c.intuit.karate.core.ScenarioEngine - over-writing existing variable 'transaction' with new value: __arg.transaction
09:57:04.420 [main] DEBUG c.intuit.karate.core.ScenarioEngine - over-writing existing variable 'transactionId' with new value: transaction.transactionId
09:57:04.420 [main] DEBUG com.intuit.karate - request:
1 > PUT https://vx5846dgdj.execute-api.us-east-1.amazonaws.com/dev/transactions/txn215
1 > Content-Type: application/json; charset=UTF-8
1 > Content-Length: 99
1 > Host: vx5846dgdj.execute-api.us-east-1.amazonaws.com
1 > Connection: Keep-Alive
1 > User-Agent: Apache-HttpClient/4.5.14 (Java/23.0.1)
1 > Accept-Encoding: gzip,deflate
{"name":"Owen","title":"Payment","amount":1280,"currency":"USD","timestamp":"2024-05-15T10:20:00Z"}

09:57:04.656 [main] DEBUG com.intuit.karate - response time in milliseconds: 235
1 < 200
1 < Date: Wed, 21 May 2025 13:57:04 GMT
1 < Content-Type: application/json
1 < Content-Length: 126
1 < Connection: keep-alive
1 < Apigw-Requestid: K69DqhM1oAMEPFg=
{"amount": 1280.0, "currency": "USD", "id": "txn215", "name": "Owen", "timestamp": "2024-05-15T10:20:00Z", "title": "Payment"}

09:57:04.657 [main] DEBUG c.intuit.karate.core.ScenarioEngine - over-writing existing variable 'response' with new value: response
09:57:04.657 [main] INFO  com.intuit.karate - [print] 

 {
  "amount": 1280.0,
  "currency": "USD",
  "id": "txn215",
  "name": "Owen",
  "timestamp": "2024-05-15T10:20:00Z",
  "title": "Payment"
}
 

 
09:57:04.658 [main] INFO  com.intuit.karate - [print] transaction.transactionId =  txn215 
09:57:04.661 [main] DEBUG c.intuit.karate.core.ScenarioEngine - over-writing existing variable 'transaction' with new value: __arg.transaction
09:57:04.661 [main] DEBUG c.intuit.karate.core.ScenarioEngine - over-writing existing variable 'transactionId' with new value: transaction.transactionId
09:57:04.662 [main] DEBUG com.intuit.karate - request:
1 > PUT https://vx5846dgdj.execute-api.us-east-1.amazonaws.com/dev/transactions/txn216
1 > Content-Type: application/json; charset=UTF-8
1 > Content-Length: 100
1 > Host: vx5846dgdj.execute-api.us-east-1.amazonaws.com
1 > Connection: Keep-Alive
1 > User-Agent: Apache-HttpClient/4.5.14 (Java/23.0.1)
1 > Accept-Encoding: gzip,deflate
{"name":"Paula","title":"Invoice","amount":1190,"currency":"USD","timestamp":"2024-05-16T09:50:00Z"}

09:57:04.877 [main] DEBUG com.intuit.karate - response time in milliseconds: 214
1 < 200
1 < Date: Wed, 21 May 2025 13:57:04 GMT
1 < Content-Type: application/json
1 < Content-Length: 127
1 < Connection: keep-alive
1 < Apigw-Requestid: K69Dsj9soAMEZqA=
{"amount": 1190.0, "currency": "USD", "id": "txn216", "name": "Paula", "timestamp": "2024-05-16T09:50:00Z", "title": "Invoice"}

09:57:04.877 [main] DEBUG c.intuit.karate.core.ScenarioEngine - over-writing existing variable 'response' with new value: response
09:57:04.877 [main] INFO  com.intuit.karate - [print] 

 {
  "amount": 1190.0,
  "currency": "USD",
  "id": "txn216",
  "name": "Paula",
  "timestamp": "2024-05-16T09:50:00Z",
  "title": "Invoice"
}
 

 
09:57:04.878 [main] INFO  com.intuit.karate - [print] transaction.transactionId =  txn216 
09:57:04.881 [main] DEBUG c.intuit.karate.core.ScenarioEngine - over-writing existing variable 'transaction' with new value: __arg.transaction
09:57:04.881 [main] DEBUG c.intuit.karate.core.ScenarioEngine - over-writing existing variable 'transactionId' with new value: transaction.transactionId
09:57:04.882 [main] DEBUG com.intuit.karate - request:
1 > PUT https://vx5846dgdj.execute-api.us-east-1.amazonaws.com/dev/transactions/txn217
1 > Content-Type: application/json; charset=UTF-8
1 > Content-Length: 99
1 > Host: vx5846dgdj.execute-api.us-east-1.amazonaws.com
1 > Connection: Keep-Alive
1 > User-Agent: Apache-HttpClient/4.5.14 (Java/23.0.1)
1 > Accept-Encoding: gzip,deflate
{"name":"Quinn","title":"Refund","amount":1110,"currency":"USD","timestamp":"2024-05-17T13:40:00Z"}

09:57:05.096 [main] DEBUG com.intuit.karate - response time in milliseconds: 213
1 < 200
1 < Date: Wed, 21 May 2025 13:57:05 GMT
1 < Content-Type: application/json
1 < Content-Length: 126
1 < Connection: keep-alive
1 < Apigw-Requestid: K69DugLgIAMEZDQ=
{"amount": 1110.0, "currency": "USD", "id": "txn217", "name": "Quinn", "timestamp": "2024-05-17T13:40:00Z", "title": "Refund"}

09:57:05.096 [main] DEBUG c.intuit.karate.core.ScenarioEngine - over-writing existing variable 'response' with new value: response
09:57:05.096 [main] INFO  com.intuit.karate - [print] 

 {
  "amount": 1110.0,
  "currency": "USD",
  "id": "txn217",
  "name": "Quinn",
  "timestamp": "2024-05-17T13:40:00Z",
  "title": "Refund"
}
 

 
09:57:05.097 [main] INFO  com.intuit.karate - [print] transaction.transactionId =  txn217 
09:57:05.100 [main] DEBUG c.intuit.karate.core.ScenarioEngine - over-writing existing variable 'transaction' with new value: __arg.transaction
09:57:05.100 [main] DEBUG c.intuit.karate.core.ScenarioEngine - over-writing existing variable 'transactionId' with new value: transaction.transactionId
09:57:05.101 [main] DEBUG com.intuit.karate - request:
1 > PUT https://vx5846dgdj.execute-api.us-east-1.amazonaws.com/dev/transactions/txn218
1 > Content-Type: application/json; charset=UTF-8
1 > Content-Length: 101
1 > Host: vx5846dgdj.execute-api.us-east-1.amazonaws.com
1 > Connection: Keep-Alive
1 > User-Agent: Apache-HttpClient/4.5.14 (Java/23.0.1)
1 > Accept-Encoding: gzip,deflate
{"name":"Rachel","title":"Payment","amount":1210,"currency":"USD","timestamp":"2024-05-18T15:15:00Z"}

09:57:05.335 [main] DEBUG com.intuit.karate - response time in milliseconds: 234
1 < 200
1 < Date: Wed, 21 May 2025 13:57:05 GMT
1 < Content-Type: application/json
1 < Content-Length: 128
1 < Connection: keep-alive
1 < Apigw-Requestid: K69Dwh7bIAMEPDQ=
{"amount": 1210.0, "currency": "USD", "id": "txn218", "name": "Rachel", "timestamp": "2024-05-18T15:15:00Z", "title": "Payment"}

09:57:05.336 [main] DEBUG c.intuit.karate.core.ScenarioEngine - over-writing existing variable 'response' with new value: response
09:57:05.336 [main] INFO  com.intuit.karate - [print] 

 {
  "amount": 1210.0,
  "currency": "USD",
  "id": "txn218",
  "name": "Rachel",
  "timestamp": "2024-05-18T15:15:00Z",
  "title": "Payment"
}
 

 
09:57:05.336 [main] INFO  com.intuit.karate - [print] transaction.transactionId =  txn218 
09:57:05.340 [main] DEBUG c.intuit.karate.core.ScenarioEngine - over-writing existing variable 'transaction' with new value: __arg.transaction
09:57:05.340 [main] DEBUG c.intuit.karate.core.ScenarioEngine - over-writing existing variable 'transactionId' with new value: transaction.transactionId
09:57:05.341 [main] DEBUG com.intuit.karate - request:
1 > PUT https://vx5846dgdj.execute-api.us-east-1.amazonaws.com/dev/transactions/txn219
1 > Content-Type: application/json; charset=UTF-8
1 > Content-Length: 100
1 > Host: vx5846dgdj.execute-api.us-east-1.amazonaws.com
1 > Connection: Keep-Alive
1 > User-Agent: Apache-HttpClient/4.5.14 (Java/23.0.1)
1 > Accept-Encoding: gzip,deflate
{"name":"Steve","title":"Invoice","amount":1270,"currency":"USD","timestamp":"2024-05-19T16:25:00Z"}

09:57:05.556 [main] DEBUG com.intuit.karate - response time in milliseconds: 215
1 < 200
1 < Date: Wed, 21 May 2025 13:57:05 GMT
1 < Content-Type: application/json
1 < Content-Length: 127
1 < Connection: keep-alive
1 < Apigw-Requestid: K69DzjIUIAMEZZw=
{"amount": 1270.0, "currency": "USD", "id": "txn219", "name": "Steve", "timestamp": "2024-05-19T16:25:00Z", "title": "Invoice"}

09:57:05.557 [main] DEBUG c.intuit.karate.core.ScenarioEngine - over-writing existing variable 'response' with new value: response
09:57:05.557 [main] INFO  com.intuit.karate - [print] 

 {
  "amount": 1270.0,
  "currency": "USD",
  "id": "txn219",
  "name": "Steve",
  "timestamp": "2024-05-19T16:25:00Z",
  "title": "Invoice"
}
 

 
09:57:05.557 [main] INFO  com.intuit.karate - [print] transaction.transactionId =  txn219 
09:57:05.560 [main] DEBUG c.intuit.karate.core.ScenarioEngine - over-writing existing variable 'transaction' with new value: __arg.transaction
09:57:05.560 [main] DEBUG c.intuit.karate.core.ScenarioEngine - over-writing existing variable 'transactionId' with new value: transaction.transactionId
09:57:05.561 [main] DEBUG com.intuit.karate - request:
1 > PUT https://vx5846dgdj.execute-api.us-east-1.amazonaws.com/dev/transactions/txn220
1 > Content-Type: application/json; charset=UTF-8
1 > Content-Length: 98
1 > Host: vx5846dgdj.execute-api.us-east-1.amazonaws.com
1 > Connection: Keep-Alive
1 > User-Agent: Apache-HttpClient/4.5.14 (Java/23.0.1)
1 > Accept-Encoding: gzip,deflate
{"name":"Tina","title":"Refund","amount":1170,"currency":"USD","timestamp":"2024-05-20T12:05:00Z"}

09:57:05.774 [main] DEBUG com.intuit.karate - response time in milliseconds: 213
1 < 200
1 < Date: Wed, 21 May 2025 13:57:05 GMT
1 < Content-Type: application/json
1 < Content-Length: 125
1 < Connection: keep-alive
1 < Apigw-Requestid: K69D1iDdIAMEZHQ=
{"amount": 1170.0, "currency": "USD", "id": "txn220", "name": "Tina", "timestamp": "2024-05-20T12:05:00Z", "title": "Refund"}

09:57:05.775 [main] DEBUG c.intuit.karate.core.ScenarioEngine - over-writing existing variable 'response' with new value: response
09:57:05.775 [main] INFO  com.intuit.karate - [print] 

 {
  "amount": 1170.0,
  "currency": "USD",
  "id": "txn220",
  "name": "Tina",
  "timestamp": "2024-05-20T12:05:00Z",
  "title": "Refund"
}
 

 
09:57:05.775 [main] INFO  com.intuit.karate - [print] transaction.transactionId =  txn220 
09:57:05.778 [main] DEBUG c.intuit.karate.core.ScenarioEngine - over-writing existing variable 'transaction' with new value: __arg.transaction
09:57:05.779 [main] DEBUG c.intuit.karate.core.ScenarioEngine - over-writing existing variable 'transactionId' with new value: transaction.transactionId
09:57:05.779 [main] DEBUG com.intuit.karate - request:
1 > PUT https://vx5846dgdj.execute-api.us-east-1.amazonaws.com/dev/transactions/txn221
1 > Content-Type: application/json; charset=UTF-8
1 > Content-Length: 98
1 > Host: vx5846dgdj.execute-api.us-east-1.amazonaws.com
1 > Connection: Keep-Alive
1 > User-Agent: Apache-HttpClient/4.5.14 (Java/23.0.1)
1 > Accept-Encoding: gzip,deflate
{"name":"Uma","title":"Payment","amount":1310,"currency":"USD","timestamp":"2024-05-21T08:10:00Z"}

09:57:05.995 [main] DEBUG com.intuit.karate - response time in milliseconds: 216
1 < 200
1 < Date: Wed, 21 May 2025 13:57:06 GMT
1 < Content-Type: application/json
1 < Content-Length: 125
1 < Connection: keep-alive
1 < Apigw-Requestid: K69D3j1AoAMEZJQ=
{"amount": 1310.0, "currency": "USD", "id": "txn221", "name": "Uma", "timestamp": "2024-05-21T08:10:00Z", "title": "Payment"}

09:57:05.996 [main] DEBUG c.intuit.karate.core.ScenarioEngine - over-writing existing variable 'response' with new value: response
09:57:05.996 [main] INFO  com.intuit.karate - [print] 

 {
  "amount": 1310.0,
  "currency": "USD",
  "id": "txn221",
  "name": "Uma",
  "timestamp": "2024-05-21T08:10:00Z",
  "title": "Payment"
}
 

 
09:57:05.996 [main] INFO  com.intuit.karate - [print] transaction.transactionId =  txn221 
09:57:05.999 [main] DEBUG c.intuit.karate.core.ScenarioEngine - over-writing existing variable 'transaction' with new value: __arg.transaction
09:57:06.000 [main] DEBUG c.intuit.karate.core.ScenarioEngine - over-writing existing variable 'transactionId' with new value: transaction.transactionId
09:57:06.000 [main] DEBUG com.intuit.karate - request:
1 > PUT https://vx5846dgdj.execute-api.us-east-1.amazonaws.com/dev/transactions/txn222
1 > Content-Type: application/json; charset=UTF-8
1 > Content-Length: 101
1 > Host: vx5846dgdj.execute-api.us-east-1.amazonaws.com
1 > Connection: Keep-Alive
1 > User-Agent: Apache-HttpClient/4.5.14 (Java/23.0.1)
1 > Accept-Encoding: gzip,deflate
{"name":"Victor","title":"Invoice","amount":1135,"currency":"USD","timestamp":"2024-05-22T11:45:00Z"}

09:57:06.234 [main] DEBUG com.intuit.karate - response time in milliseconds: 233
1 < 200
1 < Date: Wed, 21 May 2025 13:57:06 GMT
1 < Content-Type: application/json
1 < Content-Length: 128
1 < Connection: keep-alive
1 < Apigw-Requestid: K69D5il_IAMEZEg=
{"amount": 1135.0, "currency": "USD", "id": "txn222", "name": "Victor", "timestamp": "2024-05-22T11:45:00Z", "title": "Invoice"}

09:57:06.234 [main] DEBUG c.intuit.karate.core.ScenarioEngine - over-writing existing variable 'response' with new value: response
09:57:06.235 [main] INFO  com.intuit.karate - [print] 

 {
  "amount": 1135.0,
  "currency": "USD",
  "id": "txn222",
  "name": "Victor",
  "timestamp": "2024-05-22T11:45:00Z",
  "title": "Invoice"
}
 

 
09:57:06.235 [main] INFO  com.intuit.karate - [print] transaction.transactionId =  txn222 
09:57:06.238 [main] DEBUG c.intuit.karate.core.ScenarioEngine - over-writing existing variable 'transaction' with new value: __arg.transaction
09:57:06.239 [main] DEBUG c.intuit.karate.core.ScenarioEngine - over-writing existing variable 'transactionId' with new value: transaction.transactionId
09:57:06.239 [main] DEBUG com.intuit.karate - request:
1 > PUT https://vx5846dgdj.execute-api.us-east-1.amazonaws.com/dev/transactions/txn223
1 > Content-Type: application/json; charset=UTF-8
1 > Content-Length: 99
1 > Host: vx5846dgdj.execute-api.us-east-1.amazonaws.com
1 > Connection: Keep-Alive
1 > User-Agent: Apache-HttpClient/4.5.14 (Java/23.0.1)
1 > Accept-Encoding: gzip,deflate
{"name":"Wendy","title":"Refund","amount":1145,"currency":"USD","timestamp":"2024-05-23T13:30:00Z"}

09:57:06.455 [main] DEBUG com.intuit.karate - response time in milliseconds: 216
1 < 200
1 < Date: Wed, 21 May 2025 13:57:06 GMT
1 < Content-Type: application/json
1 < Content-Length: 126
1 < Connection: keep-alive
1 < Apigw-Requestid: K69D8jQToAMEPSA=
{"amount": 1145.0, "currency": "USD", "id": "txn223", "name": "Wendy", "timestamp": "2024-05-23T13:30:00Z", "title": "Refund"}

09:57:06.456 [main] DEBUG c.intuit.karate.core.ScenarioEngine - over-writing existing variable 'response' with new value: response
09:57:06.456 [main] INFO  com.intuit.karate - [print] 

 {
  "amount": 1145.0,
  "currency": "USD",
  "id": "txn223",
  "name": "Wendy",
  "timestamp": "2024-05-23T13:30:00Z",
  "title": "Refund"
}
 

 
09:57:06.456 [main] INFO  com.intuit.karate - [print] transaction.transactionId =  txn223 
09:57:06.459 [main] DEBUG c.intuit.karate.core.ScenarioEngine - over-writing existing variable 'transaction' with new value: __arg.transaction
09:57:06.460 [main] DEBUG c.intuit.karate.core.ScenarioEngine - over-writing existing variable 'transactionId' with new value: transaction.transactionId
09:57:06.460 [main] DEBUG com.intuit.karate - request:
1 > PUT https://vx5846dgdj.execute-api.us-east-1.amazonaws.com/dev/transactions/txn224
1 > Content-Type: application/json; charset=UTF-8
1 > Content-Length: 101
1 > Host: vx5846dgdj.execute-api.us-east-1.amazonaws.com
1 > Connection: Keep-Alive
1 > User-Agent: Apache-HttpClient/4.5.14 (Java/23.0.1)
1 > Accept-Encoding: gzip,deflate
{"name":"Xander","title":"Payment","amount":1295,"currency":"USD","timestamp":"2024-05-24T10:50:00Z"}

09:57:06.692 [main] DEBUG com.intuit.karate - response time in milliseconds: 232
1 < 200
1 < Date: Wed, 21 May 2025 13:57:06 GMT
1 < Content-Type: application/json
1 < Content-Length: 128
1 < Connection: keep-alive
1 < Apigw-Requestid: K69D-gawIAMEZhw=
{"amount": 1295.0, "currency": "USD", "id": "txn224", "name": "Xander", "timestamp": "2024-05-24T10:50:00Z", "title": "Payment"}

09:57:06.693 [main] DEBUG c.intuit.karate.core.ScenarioEngine - over-writing existing variable 'response' with new value: response
09:57:06.693 [main] INFO  com.intuit.karate - [print] 

 {
  "amount": 1295.0,
  "currency": "USD",
  "id": "txn224",
  "name": "Xander",
  "timestamp": "2024-05-24T10:50:00Z",
  "title": "Payment"
}
 

 
09:57:06.693 [main] INFO  com.intuit.karate - [print] transaction.transactionId =  txn224 
09:57:06.696 [main] DEBUG c.intuit.karate.core.ScenarioEngine - over-writing existing variable 'transaction' with new value: __arg.transaction
09:57:06.696 [main] DEBUG c.intuit.karate.core.ScenarioEngine - over-writing existing variable 'transactionId' with new value: transaction.transactionId
09:57:06.696 [main] DEBUG com.intuit.karate - request:
1 > PUT https://vx5846dgdj.execute-api.us-east-1.amazonaws.com/dev/transactions/txn225
1 > Content-Type: application/json; charset=UTF-8
1 > Content-Length: 99
1 > Host: vx5846dgdj.execute-api.us-east-1.amazonaws.com
1 > Connection: Keep-Alive
1 > User-Agent: Apache-HttpClient/4.5.14 (Java/23.0.1)
1 > Accept-Encoding: gzip,deflate
{"name":"Yara","title":"Invoice","amount":1275,"currency":"USD","timestamp":"2024-05-25T09:15:00Z"}

09:57:06.937 [main] DEBUG com.intuit.karate - response time in milliseconds: 240
1 < 200
1 < Date: Wed, 21 May 2025 13:57:07 GMT
1 < Content-Type: application/json
1 < Content-Length: 126
1 < Connection: keep-alive
1 < Apigw-Requestid: K69EAjR6oAMEPSA=
{"amount": 1275.0, "currency": "USD", "id": "txn225", "name": "Yara", "timestamp": "2024-05-25T09:15:00Z", "title": "Invoice"}

09:57:06.938 [main] DEBUG c.intuit.karate.core.ScenarioEngine - over-writing existing variable 'response' with new value: response
09:57:06.938 [main] INFO  com.intuit.karate - [print] 

 {
  "amount": 1275.0,
  "currency": "USD",
  "id": "txn225",
  "name": "Yara",
  "timestamp": "2024-05-25T09:15:00Z",
  "title": "Invoice"
}
 

 
09:57:06.938 [main] INFO  com.intuit.karate - [print] transaction.transactionId =  txn225 
---------------------------------------------------------
feature: classpath:tests/transactions/06-update-transactions.feature
scenarios:  1 | passed:  1 | failed:  0 | time: 5.7953
---------------------------------------------------------

09:57:07.338 [main] INFO  com.intuit.karate.Suite - <<pass>> feature 1 of 1 (0 remaining) classpath:tests/transactions/06-update-transactions.feature
Karate version: 1.5.1
======================================================
elapsed:   6.20 | threads:    1 | thread time: 5.80 
features:     1 | skipped:    0 | efficiency: 0.93
scenarios:    1 | passed:     1 | failed: 0
======================================================

HTML report: (paste into browser to view) | Karate version: 1.5.1
file:///Users/edls/NetBeansProjects/transaction-api/target/karate-reports/karate-summary.html
===================================================================


********** Files used to generate report **********
Using JSON file: /Users/edls/NetBeansProjects/transaction-api/target/karate-reports/tests.transactions.06-update-transactions.json
****************************************************
]]></system-out>
    <system-err><![CDATA[May 21, 2025 9:57:07 AM net.masterthought.cucumber.ReportParser parseJsonFiles
INFO: File '/Users/edls/NetBeansProjects/transaction-api/target/karate-reports/tests.transactions.06-update-transactions.json' contains 1 features
]]></system-err>
  </testcase>
  <testcase name="updateTransactionsBad" classname="tests.ParallelRunnerTest" time="0.404">
    <system-out><![CDATA[09:57:07.482 [main] DEBUG com.intuit.karate.Suite - [config] classpath:karate-config.js
09:57:07.482 [main] INFO  com.intuit.karate.Suite - backed up existing 'target/karate-reports' dir to: target/karate-reports_1747835827482
09:57:07.484 [main] INFO  com.intuit.karate - karate.env system property was: null 
09:57:07.489 [main] DEBUG c.intuit.karate.core.ScenarioEngine - over-writing existing variable 'transaction' with new value: __arg.transaction
09:57:07.490 [main] DEBUG c.intuit.karate.core.ScenarioEngine - over-writing existing variable 'transactionId' with new value: transaction.transactionId
09:57:07.491 [main] DEBUG com.intuit.karate - request:
1 > PUT https://vx5846dgdj.execute-api.us-east-1.amazonaws.com/dev/transactions/txn2001xxx
1 > Content-Type: application/json; charset=UTF-8
1 > Content-Length: 100
1 > Host: vx5846dgdj.execute-api.us-east-1.amazonaws.com
1 > Connection: Keep-Alive
1 > User-Agent: Apache-HttpClient/4.5.14 (Java/23.0.1)
1 > Accept-Encoding: gzip,deflate
{"name":"Alice","title":"Payment","amount":1555,"currency":"USD","timestamp":"2024-05-01T10:00:00Z"}

09:57:07.615 [main] DEBUG com.intuit.karate - response time in milliseconds: 123
1 < 404
1 < Date: Wed, 21 May 2025 13:57:07 GMT
1 < Content-Type: application/json
1 < Content-Length: 36
1 < Connection: keep-alive
1 < Apigw-Requestid: K69EIiwgIAMEZbg=
{"message": "Transaction not found"}

09:57:07.618 [main] DEBUG c.intuit.karate.core.ScenarioEngine - over-writing existing variable 'transaction' with new value: __arg.transaction
09:57:07.618 [main] DEBUG c.intuit.karate.core.ScenarioEngine - over-writing existing variable 'transactionId' with new value: transaction.transactionId
09:57:07.619 [main] DEBUG com.intuit.karate - request:
1 > PUT https://vx5846dgdj.execute-api.us-east-1.amazonaws.com/dev/transactions/txn2002xxx
1 > Content-Type: application/json; charset=UTF-8
1 > Content-Length: 98
1 > Host: vx5846dgdj.execute-api.us-east-1.amazonaws.com
1 > Connection: Keep-Alive
1 > User-Agent: Apache-HttpClient/4.5.14 (Java/23.0.1)
1 > Accept-Encoding: gzip,deflate
{"name":"Bob","title":"Invoice","amount":1666,"currency":"USD","timestamp":"2024-05-02T15:30:00Z"}

09:57:07.737 [main] DEBUG com.intuit.karate - response time in milliseconds: 117
1 < 404
1 < Date: Wed, 21 May 2025 13:57:07 GMT
1 < Content-Type: application/json
1 < Content-Length: 36
1 < Connection: keep-alive
1 < Apigw-Requestid: K69EKi43IAMEQGQ=
{"message": "Transaction not found"}

---------------------------------------------------------
feature: classpath:tests/transactions/07-update-transactions-bad.feature
scenarios:  1 | passed:  1 | failed:  0 | time: 0.2527
---------------------------------------------------------

09:57:07.794 [main] INFO  com.intuit.karate.Suite - <<pass>> feature 1 of 1 (0 remaining) classpath:tests/transactions/07-update-transactions-bad.feature
Karate version: 1.5.1
======================================================
elapsed:   0.31 | threads:    1 | thread time: 0.25 
features:     1 | skipped:    0 | efficiency: 0.81
scenarios:    1 | passed:     1 | failed: 0
======================================================

HTML report: (paste into browser to view) | Karate version: 1.5.1
file:///Users/edls/NetBeansProjects/transaction-api/target/karate-reports/karate-summary.html
===================================================================


********** Files used to generate report **********
Using JSON file: /Users/edls/NetBeansProjects/transaction-api/target/karate-reports/tests.transactions.07-update-transactions-bad.json
****************************************************
]]></system-out>
    <system-err><![CDATA[May 21, 2025 9:57:07 AM net.masterthought.cucumber.ReportParser parseJsonFiles
INFO: File '/Users/edls/NetBeansProjects/transaction-api/target/karate-reports/tests.transactions.07-update-transactions-bad.json' contains 1 features
]]></system-err>
  </testcase>
  <testcase name="deleteTransactionsFail" classname="tests.ParallelRunnerTest" time="0.371">
    <system-out><![CDATA[09:57:07.887 [main] DEBUG com.intuit.karate.Suite - [config] classpath:karate-config.js
09:57:07.887 [main] INFO  com.intuit.karate.Suite - backed up existing 'target/karate-reports' dir to: target/karate-reports_1747835827887
09:57:07.889 [main] INFO  com.intuit.karate - karate.env system property was: null 
09:57:07.893 [main] DEBUG c.intuit.karate.core.ScenarioEngine - over-writing existing variable 'transaction' with new value: __arg.transaction
09:57:07.894 [main] DEBUG com.intuit.karate - request:
1 > DELETE https://vx5846dgdj.execute-api.us-east-1.amazonaws.com/dev/transactions/txn2001xxx
1 > Host: vx5846dgdj.execute-api.us-east-1.amazonaws.com
1 > Connection: Keep-Alive
1 > User-Agent: Apache-HttpClient/4.5.14 (Java/23.0.1)
1 > Accept-Encoding: gzip,deflate


09:57:08.016 [main] DEBUG com.intuit.karate - response time in milliseconds: 122
1 < 404
1 < Date: Wed, 21 May 2025 13:57:08 GMT
1 < Content-Type: application/json
1 < Content-Length: 36
1 < Connection: keep-alive
1 < Apigw-Requestid: K69EMhq2IAMEPLA=
{"message": "Transaction not found"}

09:57:08.019 [main] DEBUG c.intuit.karate.core.ScenarioEngine - over-writing existing variable 'transaction' with new value: __arg.transaction
09:57:08.019 [main] DEBUG com.intuit.karate - request:
1 > DELETE https://vx5846dgdj.execute-api.us-east-1.amazonaws.com/dev/transactions/txn2002xxx
1 > Host: vx5846dgdj.execute-api.us-east-1.amazonaws.com
1 > Connection: Keep-Alive
1 > User-Agent: Apache-HttpClient/4.5.14 (Java/23.0.1)
1 > Accept-Encoding: gzip,deflate


09:57:08.134 [main] DEBUG com.intuit.karate - response time in milliseconds: 113
1 < 404
1 < Date: Wed, 21 May 2025 13:57:08 GMT
1 < Content-Type: application/json
1 < Content-Length: 36
1 < Connection: keep-alive
1 < Apigw-Requestid: K69EOhY5IAMEPFg=
{"message": "Transaction not found"}

---------------------------------------------------------
feature: classpath:tests/transactions/08-delete-transactions-bad.feature
scenarios:  1 | passed:  1 | failed:  0 | time: 0.2450
---------------------------------------------------------

09:57:08.166 [main] INFO  com.intuit.karate.Suite - <<pass>> feature 1 of 1 (0 remaining) classpath:tests/transactions/08-delete-transactions-bad.feature
Karate version: 1.5.1
======================================================
elapsed:   0.28 | threads:    1 | thread time: 0.25 
features:     1 | skipped:    0 | efficiency: 0.88
scenarios:    1 | passed:     1 | failed: 0
======================================================

HTML report: (paste into browser to view) | Karate version: 1.5.1
file:///Users/edls/NetBeansProjects/transaction-api/target/karate-reports/karate-summary.html
===================================================================


********** Files used to generate report **********
Using JSON file: /Users/edls/NetBeansProjects/transaction-api/target/karate-reports/tests.transactions.08-delete-transactions-bad.json
****************************************************
]]></system-out>
    <system-err><![CDATA[May 21, 2025 9:57:08 AM net.masterthought.cucumber.ReportParser parseJsonFiles
INFO: File '/Users/edls/NetBeansProjects/transaction-api/target/karate-reports/tests.transactions.08-delete-transactions-bad.json' contains 1 features
]]></system-err>
  </testcase>
  <testcase name="deleteTransactions" classname="tests.ParallelRunnerTest" time="4.651">
    <system-out><![CDATA[09:57:08.258 [main] DEBUG com.intuit.karate.Suite - [config] classpath:karate-config.js
09:57:08.258 [main] INFO  com.intuit.karate.Suite - backed up existing 'target/karate-reports' dir to: target/karate-reports_1747835828258
09:57:08.260 [main] INFO  com.intuit.karate - karate.env system property was: null 
09:57:08.264 [main] DEBUG c.intuit.karate.core.ScenarioEngine - over-writing existing variable 'transaction' with new value: __arg.transaction
09:57:08.265 [main] DEBUG com.intuit.karate - request:
1 > DELETE https://vx5846dgdj.execute-api.us-east-1.amazonaws.com/dev/transactions/txn201
1 > Host: vx5846dgdj.execute-api.us-east-1.amazonaws.com
1 > Connection: Keep-Alive
1 > User-Agent: Apache-HttpClient/4.5.14 (Java/23.0.1)
1 > Accept-Encoding: gzip,deflate


09:57:08.436 [main] DEBUG com.intuit.karate - response time in milliseconds: 170
1 < 200
1 < Date: Wed, 21 May 2025 13:57:08 GMT
1 < Content-Type: application/json
1 < Content-Length: 34
1 < Connection: keep-alive
1 < Apigw-Requestid: K69EQjgVIAMEPxA=
{"message": "Transaction deleted"}

09:57:08.440 [main] DEBUG c.intuit.karate.core.ScenarioEngine - over-writing existing variable 'transaction' with new value: __arg.transaction
09:57:08.440 [main] DEBUG com.intuit.karate - request:
1 > DELETE https://vx5846dgdj.execute-api.us-east-1.amazonaws.com/dev/transactions/txn202
1 > Host: vx5846dgdj.execute-api.us-east-1.amazonaws.com
1 > Connection: Keep-Alive
1 > User-Agent: Apache-HttpClient/4.5.14 (Java/23.0.1)
1 > Accept-Encoding: gzip,deflate


09:57:08.615 [main] DEBUG com.intuit.karate - response time in milliseconds: 173
1 < 200
1 < Date: Wed, 21 May 2025 13:57:08 GMT
1 < Content-Type: application/json
1 < Content-Length: 34
1 < Connection: keep-alive
1 < Apigw-Requestid: K69EShpyIAMEPSw=
{"message": "Transaction deleted"}

09:57:08.619 [main] DEBUG c.intuit.karate.core.ScenarioEngine - over-writing existing variable 'transaction' with new value: __arg.transaction
09:57:08.619 [main] DEBUG com.intuit.karate - request:
1 > DELETE https://vx5846dgdj.execute-api.us-east-1.amazonaws.com/dev/transactions/txn203
1 > Host: vx5846dgdj.execute-api.us-east-1.amazonaws.com
1 > Connection: Keep-Alive
1 > User-Agent: Apache-HttpClient/4.5.14 (Java/23.0.1)
1 > Accept-Encoding: gzip,deflate


09:57:08.796 [main] DEBUG com.intuit.karate - response time in milliseconds: 177
1 < 200
1 < Date: Wed, 21 May 2025 13:57:08 GMT
1 < Content-Type: application/json
1 < Content-Length: 34
1 < Connection: keep-alive
1 < Apigw-Requestid: K69EUgOLoAMEZVg=
{"message": "Transaction deleted"}

09:57:08.799 [main] DEBUG c.intuit.karate.core.ScenarioEngine - over-writing existing variable 'transaction' with new value: __arg.transaction
09:57:08.800 [main] DEBUG com.intuit.karate - request:
1 > DELETE https://vx5846dgdj.execute-api.us-east-1.amazonaws.com/dev/transactions/txn204
1 > Host: vx5846dgdj.execute-api.us-east-1.amazonaws.com
1 > Connection: Keep-Alive
1 > User-Agent: Apache-HttpClient/4.5.14 (Java/23.0.1)
1 > Accept-Encoding: gzip,deflate


09:57:08.994 [main] DEBUG com.intuit.karate - response time in milliseconds: 194
1 < 200
1 < Date: Wed, 21 May 2025 13:57:09 GMT
1 < Content-Type: application/json
1 < Content-Length: 34
1 < Connection: keep-alive
1 < Apigw-Requestid: K69EVhU5IAMEZsw=
{"message": "Transaction deleted"}

09:57:08.997 [main] DEBUG c.intuit.karate.core.ScenarioEngine - over-writing existing variable 'transaction' with new value: __arg.transaction
09:57:08.997 [main] DEBUG com.intuit.karate - request:
1 > DELETE https://vx5846dgdj.execute-api.us-east-1.amazonaws.com/dev/transactions/txn205
1 > Host: vx5846dgdj.execute-api.us-east-1.amazonaws.com
1 > Connection: Keep-Alive
1 > User-Agent: Apache-HttpClient/4.5.14 (Java/23.0.1)
1 > Accept-Encoding: gzip,deflate


09:57:09.155 [main] DEBUG com.intuit.karate - response time in milliseconds: 157
1 < 200
1 < Date: Wed, 21 May 2025 13:57:09 GMT
1 < Content-Type: application/json
1 < Content-Length: 34
1 < Connection: keep-alive
1 < Apigw-Requestid: K69EXj9nIAMEZ4g=
{"message": "Transaction deleted"}

09:57:09.158 [main] DEBUG c.intuit.karate.core.ScenarioEngine - over-writing existing variable 'transaction' with new value: __arg.transaction
09:57:09.158 [main] DEBUG com.intuit.karate - request:
1 > DELETE https://vx5846dgdj.execute-api.us-east-1.amazonaws.com/dev/transactions/txn206
1 > Host: vx5846dgdj.execute-api.us-east-1.amazonaws.com
1 > Connection: Keep-Alive
1 > User-Agent: Apache-HttpClient/4.5.14 (Java/23.0.1)
1 > Accept-Encoding: gzip,deflate


09:57:09.334 [main] DEBUG com.intuit.karate - response time in milliseconds: 176
1 < 200
1 < Date: Wed, 21 May 2025 13:57:09 GMT
1 < Content-Type: application/json
1 < Content-Length: 34
1 < Connection: keep-alive
1 < Apigw-Requestid: K69EZgfboAMEZFQ=
{"message": "Transaction deleted"}

09:57:09.337 [main] DEBUG c.intuit.karate.core.ScenarioEngine - over-writing existing variable 'transaction' with new value: __arg.transaction
09:57:09.338 [main] DEBUG com.intuit.karate - request:
1 > DELETE https://vx5846dgdj.execute-api.us-east-1.amazonaws.com/dev/transactions/txn207
1 > Host: vx5846dgdj.execute-api.us-east-1.amazonaws.com
1 > Connection: Keep-Alive
1 > User-Agent: Apache-HttpClient/4.5.14 (Java/23.0.1)
1 > Accept-Encoding: gzip,deflate


09:57:09.515 [main] DEBUG com.intuit.karate - response time in milliseconds: 177
1 < 200
1 < Date: Wed, 21 May 2025 13:57:09 GMT
1 < Content-Type: application/json
1 < Content-Length: 34
1 < Connection: keep-alive
1 < Apigw-Requestid: K69EbgbGIAMEPvg=
{"message": "Transaction deleted"}

09:57:09.518 [main] DEBUG c.intuit.karate.core.ScenarioEngine - over-writing existing variable 'transaction' with new value: __arg.transaction
09:57:09.518 [main] DEBUG com.intuit.karate - request:
1 > DELETE https://vx5846dgdj.execute-api.us-east-1.amazonaws.com/dev/transactions/txn208
1 > Host: vx5846dgdj.execute-api.us-east-1.amazonaws.com
1 > Connection: Keep-Alive
1 > User-Agent: Apache-HttpClient/4.5.14 (Java/23.0.1)
1 > Accept-Encoding: gzip,deflate


09:57:09.723 [main] DEBUG com.intuit.karate - response time in milliseconds: 204
1 < 200
1 < Date: Wed, 21 May 2025 13:57:09 GMT
1 < Content-Type: application/json
1 < Content-Length: 34
1 < Connection: keep-alive
1 < Apigw-Requestid: K69EdgQ7oAMEZmg=
{"message": "Transaction deleted"}

09:57:09.725 [main] DEBUG c.intuit.karate.core.ScenarioEngine - over-writing existing variable 'transaction' with new value: __arg.transaction
09:57:09.726 [main] DEBUG com.intuit.karate - request:
1 > DELETE https://vx5846dgdj.execute-api.us-east-1.amazonaws.com/dev/transactions/txn209
1 > Host: vx5846dgdj.execute-api.us-east-1.amazonaws.com
1 > Connection: Keep-Alive
1 > User-Agent: Apache-HttpClient/4.5.14 (Java/23.0.1)
1 > Accept-Encoding: gzip,deflate


09:57:09.895 [main] DEBUG com.intuit.karate - response time in milliseconds: 169
1 < 200
1 < Date: Wed, 21 May 2025 13:57:10 GMT
1 < Content-Type: application/json
1 < Content-Length: 34
1 < Connection: keep-alive
1 < Apigw-Requestid: K69EfixXoAMEZEg=
{"message": "Transaction deleted"}

09:57:09.898 [main] DEBUG c.intuit.karate.core.ScenarioEngine - over-writing existing variable 'transaction' with new value: __arg.transaction
09:57:09.898 [main] DEBUG com.intuit.karate - request:
1 > DELETE https://vx5846dgdj.execute-api.us-east-1.amazonaws.com/dev/transactions/txn210
1 > Host: vx5846dgdj.execute-api.us-east-1.amazonaws.com
1 > Connection: Keep-Alive
1 > User-Agent: Apache-HttpClient/4.5.14 (Java/23.0.1)
1 > Accept-Encoding: gzip,deflate


09:57:10.075 [main] DEBUG com.intuit.karate - response time in milliseconds: 177
1 < 200
1 < Date: Wed, 21 May 2025 13:57:10 GMT
1 < Content-Type: application/json
1 < Content-Length: 34
1 < Connection: keep-alive
1 < Apigw-Requestid: K69Egif3oAMEP2g=
{"message": "Transaction deleted"}

09:57:10.079 [main] DEBUG c.intuit.karate.core.ScenarioEngine - over-writing existing variable 'transaction' with new value: __arg.transaction
09:57:10.080 [main] DEBUG com.intuit.karate - request:
1 > DELETE https://vx5846dgdj.execute-api.us-east-1.amazonaws.com/dev/transactions/txn211
1 > Host: vx5846dgdj.execute-api.us-east-1.amazonaws.com
1 > Connection: Keep-Alive
1 > User-Agent: Apache-HttpClient/4.5.14 (Java/23.0.1)
1 > Accept-Encoding: gzip,deflate


09:57:10.255 [main] DEBUG com.intuit.karate - response time in milliseconds: 173
1 < 200
1 < Date: Wed, 21 May 2025 13:57:10 GMT
1 < Content-Type: application/json
1 < Content-Length: 34
1 < Connection: keep-alive
1 < Apigw-Requestid: K69EiiQDoAMEZCw=
{"message": "Transaction deleted"}

09:57:10.258 [main] DEBUG c.intuit.karate.core.ScenarioEngine - over-writing existing variable 'transaction' with new value: __arg.transaction
09:57:10.258 [main] DEBUG com.intuit.karate - request:
1 > DELETE https://vx5846dgdj.execute-api.us-east-1.amazonaws.com/dev/transactions/txn212
1 > Host: vx5846dgdj.execute-api.us-east-1.amazonaws.com
1 > Connection: Keep-Alive
1 > User-Agent: Apache-HttpClient/4.5.14 (Java/23.0.1)
1 > Accept-Encoding: gzip,deflate


09:57:10.440 [main] DEBUG com.intuit.karate - response time in milliseconds: 182
1 < 200
1 < Date: Wed, 21 May 2025 13:57:10 GMT
1 < Content-Type: application/json
1 < Content-Length: 34
1 < Connection: keep-alive
1 < Apigw-Requestid: K69EkiOIoAMEPng=
{"message": "Transaction deleted"}

09:57:10.443 [main] DEBUG c.intuit.karate.core.ScenarioEngine - over-writing existing variable 'transaction' with new value: __arg.transaction
09:57:10.444 [main] DEBUG com.intuit.karate - request:
1 > DELETE https://vx5846dgdj.execute-api.us-east-1.amazonaws.com/dev/transactions/txn213
1 > Host: vx5846dgdj.execute-api.us-east-1.amazonaws.com
1 > Connection: Keep-Alive
1 > User-Agent: Apache-HttpClient/4.5.14 (Java/23.0.1)
1 > Accept-Encoding: gzip,deflate


09:57:10.616 [main] DEBUG com.intuit.karate - response time in milliseconds: 171
1 < 200
1 < Date: Wed, 21 May 2025 13:57:10 GMT
1 < Content-Type: application/json
1 < Content-Length: 34
1 < Connection: keep-alive
1 < Apigw-Requestid: K69EmhNKoAMEZtg=
{"message": "Transaction deleted"}

09:57:10.618 [main] DEBUG c.intuit.karate.core.ScenarioEngine - over-writing existing variable 'transaction' with new value: __arg.transaction
09:57:10.619 [main] DEBUG com.intuit.karate - request:
1 > DELETE https://vx5846dgdj.execute-api.us-east-1.amazonaws.com/dev/transactions/txn214
1 > Host: vx5846dgdj.execute-api.us-east-1.amazonaws.com
1 > Connection: Keep-Alive
1 > User-Agent: Apache-HttpClient/4.5.14 (Java/23.0.1)
1 > Accept-Encoding: gzip,deflate


09:57:10.795 [main] DEBUG com.intuit.karate - response time in milliseconds: 175
1 < 200
1 < Date: Wed, 21 May 2025 13:57:10 GMT
1 < Content-Type: application/json
1 < Content-Length: 34
1 < Connection: keep-alive
1 < Apigw-Requestid: K69EohXBIAMEPVg=
{"message": "Transaction deleted"}

09:57:10.797 [main] DEBUG c.intuit.karate.core.ScenarioEngine - over-writing existing variable 'transaction' with new value: __arg.transaction
09:57:10.798 [main] DEBUG com.intuit.karate - request:
1 > DELETE https://vx5846dgdj.execute-api.us-east-1.amazonaws.com/dev/transactions/txn215
1 > Host: vx5846dgdj.execute-api.us-east-1.amazonaws.com
1 > Connection: Keep-Alive
1 > User-Agent: Apache-HttpClient/4.5.14 (Java/23.0.1)
1 > Accept-Encoding: gzip,deflate


09:57:10.974 [main] DEBUG com.intuit.karate - response time in milliseconds: 176
1 < 200
1 < Date: Wed, 21 May 2025 13:57:11 GMT
1 < Content-Type: application/json
1 < Content-Length: 34
1 < Connection: keep-alive
1 < Apigw-Requestid: K69Epgr7oAMEPdA=
{"message": "Transaction deleted"}

09:57:10.977 [main] DEBUG c.intuit.karate.core.ScenarioEngine - over-writing existing variable 'transaction' with new value: __arg.transaction
09:57:10.978 [main] DEBUG com.intuit.karate - request:
1 > DELETE https://vx5846dgdj.execute-api.us-east-1.amazonaws.com/dev/transactions/txn216
1 > Host: vx5846dgdj.execute-api.us-east-1.amazonaws.com
1 > Connection: Keep-Alive
1 > User-Agent: Apache-HttpClient/4.5.14 (Java/23.0.1)
1 > Accept-Encoding: gzip,deflate


09:57:11.155 [main] DEBUG com.intuit.karate - response time in milliseconds: 177
1 < 200
1 < Date: Wed, 21 May 2025 13:57:11 GMT
1 < Content-Type: application/json
1 < Content-Length: 34
1 < Connection: keep-alive
1 < Apigw-Requestid: K69ErhtsIAMEZoA=
{"message": "Transaction deleted"}

09:57:11.158 [main] DEBUG c.intuit.karate.core.ScenarioEngine - over-writing existing variable 'transaction' with new value: __arg.transaction
09:57:11.158 [main] DEBUG com.intuit.karate - request:
1 > DELETE https://vx5846dgdj.execute-api.us-east-1.amazonaws.com/dev/transactions/txn217
1 > Host: vx5846dgdj.execute-api.us-east-1.amazonaws.com
1 > Connection: Keep-Alive
1 > User-Agent: Apache-HttpClient/4.5.14 (Java/23.0.1)
1 > Accept-Encoding: gzip,deflate


09:57:11.315 [main] DEBUG com.intuit.karate - response time in milliseconds: 157
1 < 200
1 < Date: Wed, 21 May 2025 13:57:11 GMT
1 < Content-Type: application/json
1 < Content-Length: 34
1 < Connection: keep-alive
1 < Apigw-Requestid: K69EtgxBoAMEPLw=
{"message": "Transaction deleted"}

09:57:11.317 [main] DEBUG c.intuit.karate.core.ScenarioEngine - over-writing existing variable 'transaction' with new value: __arg.transaction
09:57:11.318 [main] DEBUG com.intuit.karate - request:
1 > DELETE https://vx5846dgdj.execute-api.us-east-1.amazonaws.com/dev/transactions/txn218
1 > Host: vx5846dgdj.execute-api.us-east-1.amazonaws.com
1 > Connection: Keep-Alive
1 > User-Agent: Apache-HttpClient/4.5.14 (Java/23.0.1)
1 > Accept-Encoding: gzip,deflate


09:57:11.482 [main] DEBUG com.intuit.karate - response time in milliseconds: 164
1 < 200
1 < Date: Wed, 21 May 2025 13:57:11 GMT
1 < Content-Type: application/json
1 < Content-Length: 34
1 < Connection: keep-alive
1 < Apigw-Requestid: K69Evgz-IAMEZYw=
{"message": "Transaction deleted"}

09:57:11.485 [main] DEBUG c.intuit.karate.core.ScenarioEngine - over-writing existing variable 'transaction' with new value: __arg.transaction
09:57:11.486 [main] DEBUG com.intuit.karate - request:
1 > DELETE https://vx5846dgdj.execute-api.us-east-1.amazonaws.com/dev/transactions/txn219
1 > Host: vx5846dgdj.execute-api.us-east-1.amazonaws.com
1 > Connection: Keep-Alive
1 > User-Agent: Apache-HttpClient/4.5.14 (Java/23.0.1)
1 > Accept-Encoding: gzip,deflate


09:57:11.653 [main] DEBUG com.intuit.karate - response time in milliseconds: 167
1 < 200
1 < Date: Wed, 21 May 2025 13:57:11 GMT
1 < Content-Type: application/json
1 < Content-Length: 34
1 < Connection: keep-alive
1 < Apigw-Requestid: K69EwihroAMEZ0Q=
{"message": "Transaction deleted"}

09:57:11.656 [main] DEBUG c.intuit.karate.core.ScenarioEngine - over-writing existing variable 'transaction' with new value: __arg.transaction
09:57:11.657 [main] DEBUG com.intuit.karate - request:
1 > DELETE https://vx5846dgdj.execute-api.us-east-1.amazonaws.com/dev/transactions/txn220
1 > Host: vx5846dgdj.execute-api.us-east-1.amazonaws.com
1 > Connection: Keep-Alive
1 > User-Agent: Apache-HttpClient/4.5.14 (Java/23.0.1)
1 > Accept-Encoding: gzip,deflate


09:57:11.815 [main] DEBUG com.intuit.karate - response time in milliseconds: 158
1 < 200
1 < Date: Wed, 21 May 2025 13:57:11 GMT
1 < Content-Type: application/json
1 < Content-Length: 34
1 < Connection: keep-alive
1 < Apigw-Requestid: K69EyjIwoAMEZCQ=
{"message": "Transaction deleted"}

09:57:11.818 [main] DEBUG c.intuit.karate.core.ScenarioEngine - over-writing existing variable 'transaction' with new value: __arg.transaction
09:57:11.819 [main] DEBUG com.intuit.karate - request:
1 > DELETE https://vx5846dgdj.execute-api.us-east-1.amazonaws.com/dev/transactions/txn221
1 > Host: vx5846dgdj.execute-api.us-east-1.amazonaws.com
1 > Connection: Keep-Alive
1 > User-Agent: Apache-HttpClient/4.5.14 (Java/23.0.1)
1 > Accept-Encoding: gzip,deflate


09:57:11.995 [main] DEBUG com.intuit.karate - response time in milliseconds: 175
1 < 200
1 < Date: Wed, 21 May 2025 13:57:12 GMT
1 < Content-Type: application/json
1 < Content-Length: 34
1 < Connection: keep-alive
1 < Apigw-Requestid: K69E0gVFIAMEZqA=
{"message": "Transaction deleted"}

09:57:11.997 [main] DEBUG c.intuit.karate.core.ScenarioEngine - over-writing existing variable 'transaction' with new value: __arg.transaction
09:57:12.001 [main] DEBUG com.intuit.karate - request:
1 > DELETE https://vx5846dgdj.execute-api.us-east-1.amazonaws.com/dev/transactions/txn222
1 > Host: vx5846dgdj.execute-api.us-east-1.amazonaws.com
1 > Connection: Keep-Alive
1 > User-Agent: Apache-HttpClient/4.5.14 (Java/23.0.1)
1 > Accept-Encoding: gzip,deflate


09:57:12.176 [main] DEBUG com.intuit.karate - response time in milliseconds: 175
1 < 200
1 < Date: Wed, 21 May 2025 13:57:12 GMT
1 < Content-Type: application/json
1 < Content-Length: 34
1 < Connection: keep-alive
1 < Apigw-Requestid: K69E1gHlIAMEPrA=
{"message": "Transaction deleted"}

09:57:12.179 [main] DEBUG c.intuit.karate.core.ScenarioEngine - over-writing existing variable 'transaction' with new value: __arg.transaction
09:57:12.180 [main] DEBUG com.intuit.karate - request:
1 > DELETE https://vx5846dgdj.execute-api.us-east-1.amazonaws.com/dev/transactions/txn223
1 > Host: vx5846dgdj.execute-api.us-east-1.amazonaws.com
1 > Connection: Keep-Alive
1 > User-Agent: Apache-HttpClient/4.5.14 (Java/23.0.1)
1 > Accept-Encoding: gzip,deflate


09:57:12.335 [main] DEBUG com.intuit.karate - response time in milliseconds: 154
1 < 200
1 < Date: Wed, 21 May 2025 13:57:12 GMT
1 < Content-Type: application/json
1 < Content-Length: 34
1 < Connection: keep-alive
1 < Apigw-Requestid: K69E3iECIAMEZxQ=
{"message": "Transaction deleted"}

09:57:12.338 [main] DEBUG c.intuit.karate.core.ScenarioEngine - over-writing existing variable 'transaction' with new value: __arg.transaction
09:57:12.338 [main] DEBUG com.intuit.karate - request:
1 > DELETE https://vx5846dgdj.execute-api.us-east-1.amazonaws.com/dev/transactions/txn224
1 > Host: vx5846dgdj.execute-api.us-east-1.amazonaws.com
1 > Connection: Keep-Alive
1 > User-Agent: Apache-HttpClient/4.5.14 (Java/23.0.1)
1 > Accept-Encoding: gzip,deflate


09:57:12.516 [main] DEBUG com.intuit.karate - response time in milliseconds: 177
1 < 200
1 < Date: Wed, 21 May 2025 13:57:12 GMT
1 < Content-Type: application/json
1 < Content-Length: 34
1 < Connection: keep-alive
1 < Apigw-Requestid: K69E5gZqoAMEZVg=
{"message": "Transaction deleted"}

09:57:12.519 [main] DEBUG c.intuit.karate.core.ScenarioEngine - over-writing existing variable 'transaction' with new value: __arg.transaction
09:57:12.519 [main] DEBUG com.intuit.karate - request:
1 > DELETE https://vx5846dgdj.execute-api.us-east-1.amazonaws.com/dev/transactions/txn225
1 > Host: vx5846dgdj.execute-api.us-east-1.amazonaws.com
1 > Connection: Keep-Alive
1 > User-Agent: Apache-HttpClient/4.5.14 (Java/23.0.1)
1 > Accept-Encoding: gzip,deflate


09:57:12.695 [main] DEBUG com.intuit.karate - response time in milliseconds: 176
1 < 200
1 < Date: Wed, 21 May 2025 13:57:12 GMT
1 < Content-Type: application/json
1 < Content-Length: 34
1 < Connection: keep-alive
1 < Apigw-Requestid: K69E7gaNIAMEZVg=
{"message": "Transaction deleted"}

---------------------------------------------------------
feature: classpath:tests/transactions/09-delete-transactions.feature
scenarios:  1 | passed:  1 | failed:  0 | time: 4.4355
---------------------------------------------------------

09:57:12.817 [main] INFO  com.intuit.karate.Suite - <<pass>> feature 1 of 1 (0 remaining) classpath:tests/transactions/09-delete-transactions.feature
Karate version: 1.5.1
======================================================
elapsed:   4.56 | threads:    1 | thread time: 4.44 
features:     1 | skipped:    0 | efficiency: 0.97
scenarios:    1 | passed:     1 | failed: 0
======================================================

HTML report: (paste into browser to view) | Karate version: 1.5.1
file:///Users/edls/NetBeansProjects/transaction-api/target/karate-reports/karate-summary.html
===================================================================


********** Files used to generate report **********
Using JSON file: /Users/edls/NetBeansProjects/transaction-api/target/karate-reports/tests.transactions.09-delete-transactions.json
****************************************************
]]></system-out>
    <system-err><![CDATA[May 21, 2025 9:57:12 AM net.masterthought.cucumber.ReportParser parseJsonFiles
INFO: File '/Users/edls/NetBeansProjects/transaction-api/target/karate-reports/tests.transactions.09-delete-transactions.json' contains 1 features
]]></system-err>
  </testcase>
</testsuite>