<?xml version="1.0" encoding="UTF-8"?>
<testsuite xmlns:xsi="http://www.w3.org/2001/XMLSchema-instance" xsi:noNamespaceSchemaLocation="https://maven.apache.org/surefire/maven-surefire-plugin/xsd/surefire-test-report-3.0.xsd" version="3.0" name="tests.ParallelRunnerTest" time="2.978" tests="1" errors="0" skipped="0" failures="1">
  <properties>
    <property name="java.specification.version" value="23"/>
    <property name="sun.jnu.encoding" value="UTF-8"/>
    <property name="java.class.path" value="/Users/edls/NetBeansProjects/transaction-api/target/test-classes:/Users/edls/NetBeansProjects/transaction-api/target/classes:/Users/edls/.m2/repository/io/karatelabs/karate-junit5/1.5.1/karate-junit5-1.5.1.jar:/Users/edls/.m2/repository/io/karatelabs/karate-core/1.5.1/karate-core-1.5.1.jar:/Users/edls/.m2/repository/org/graalvm/js/js-scriptengine/24.0.0/js-scriptengine-24.0.0.jar:/Users/edls/.m2/repository/org/graalvm/polyglot/polyglot/24.0.0/polyglot-24.0.0.jar:/Users/edls/.m2/repository/org/graalvm/sdk/collections/24.0.0/collections-24.0.0.jar:/Users/edls/.m2/repository/org/graalvm/sdk/nativeimage/24.0.0/nativeimage-24.0.0.jar:/Users/edls/.m2/repository/org/graalvm/sdk/word/24.0.0/word-24.0.0.jar:/Users/edls/.m2/repository/org/graalvm/js/js-language/24.0.0/js-language-24.0.0.jar:/Users/edls/.m2/repository/org/graalvm/regex/regex/24.0.0/regex-24.0.0.jar:/Users/edls/.m2/repository/org/graalvm/truffle/truffle-api/24.0.0/truffle-api-24.0.0.jar:/Users/edls/.m2/repository/org/graalvm/shadowed/icu4j/24.0.0/icu4j-24.0.0.jar:/Users/edls/.m2/repository/org/thymeleaf/thymeleaf/3.1.2.RELEASE/thymeleaf-3.1.2.RELEASE.jar:/Users/edls/.m2/repository/ognl/ognl/3.3.4/ognl-3.3.4.jar:/Users/edls/.m2/repository/org/javassist/javassist/3.29.0-GA/javassist-3.29.0-GA.jar:/Users/edls/.m2/repository/org/attoparser/attoparser/2.0.7.RELEASE/attoparser-2.0.7.RELEASE.jar:/Users/edls/.m2/repository/org/unbescape/unbescape/1.1.6.RELEASE/unbescape-1.1.6.RELEASE.jar:/Users/edls/.m2/repository/com/linecorp/armeria/armeria/1.31.3/armeria-1.31.3.jar:/Users/edls/.m2/repository/com/fasterxml/jackson/core/jackson-core/2.18.1/jackson-core-2.18.1.jar:/Users/edls/.m2/repository/com/fasterxml/jackson/core/jackson-annotations/2.18.1/jackson-annotations-2.18.1.jar:/Users/edls/.m2/repository/com/fasterxml/jackson/core/jackson-databind/2.18.1/jackson-databind-2.18.1.jar:/Users/edls/.m2/repository/com/fasterxml/jackson/datatype/jackson-datatype-jdk8/2.18.1/jackson-datatype-jdk8-2.18.1.jar:/Users/edls/.m2/repository/com/fasterxml/jackson/datatype/jackson-datatype-jsr310/2.18.1/jackson-datatype-jsr310-2.18.1.jar:/Users/edls/.m2/repository/io/micrometer/micrometer-core/1.13.6/micrometer-core-1.13.6.jar:/Users/edls/.m2/repository/io/micrometer/micrometer-commons/1.13.6/micrometer-commons-1.13.6.jar:/Users/edls/.m2/repository/io/micrometer/micrometer-observation/1.13.6/micrometer-observation-1.13.6.jar:/Users/edls/.m2/repository/org/hdrhistogram/HdrHistogram/2.2.2/HdrHistogram-2.2.2.jar:/Users/edls/.m2/repository/org/latencyutils/LatencyUtils/2.0.3/LatencyUtils-2.0.3.jar:/Users/edls/.m2/repository/io/netty/netty-transport/4.1.115.Final/netty-transport-4.1.115.Final.jar:/Users/edls/.m2/repository/io/netty/netty-common/4.1.115.Final/netty-common-4.1.115.Final.jar:/Users/edls/.m2/repository/io/netty/netty-buffer/4.1.115.Final/netty-buffer-4.1.115.Final.jar:/Users/edls/.m2/repository/io/netty/netty-resolver/4.1.115.Final/netty-resolver-4.1.115.Final.jar:/Users/edls/.m2/repository/io/netty/netty-codec-haproxy/4.1.115.Final/netty-codec-haproxy-4.1.115.Final.jar:/Users/edls/.m2/repository/io/netty/netty-codec/4.1.115.Final/netty-codec-4.1.115.Final.jar:/Users/edls/.m2/repository/io/netty/netty-codec-http2/4.1.115.Final/netty-codec-http2-4.1.115.Final.jar:/Users/edls/.m2/repository/io/netty/netty-handler/4.1.115.Final/netty-handler-4.1.115.Final.jar:/Users/edls/.m2/repository/io/netty/netty-codec-http/4.1.115.Final/netty-codec-http-4.1.115.Final.jar:/Users/edls/.m2/repository/io/netty/netty-resolver-dns/4.1.115.Final/netty-resolver-dns-4.1.115.Final.jar:/Users/edls/.m2/repository/io/netty/netty-codec-dns/4.1.115.Final/netty-codec-dns-4.1.115.Final.jar:/Users/edls/.m2/repository/io/netty/netty-transport-native-unix-common/4.1.115.Final/netty-transport-native-unix-common-4.1.115.Final-linux-x86_64.jar:/Users/edls/.m2/repository/io/netty/netty-transport-native-unix-common/4.1.115.Final/netty-transport-native-unix-common-4.1.115.Final-linux-aarch_64.jar:/Users/edls/.m2/repository/io/netty/netty-transport-native-unix-common/4.1.115.Final/netty-transport-native-unix-common-4.1.115.Final-osx-x86_64.jar:/Users/edls/.m2/repository/io/netty/netty-transport-native-unix-common/4.1.115.Final/netty-transport-native-unix-common-4.1.115.Final-osx-aarch_64.jar:/Users/edls/.m2/repository/org/reactivestreams/reactive-streams/1.0.4/reactive-streams-1.0.4.jar:/Users/edls/.m2/repository/com/google/code/findbugs/jsr305/3.0.2/jsr305-3.0.2.jar:/Users/edls/.m2/repository/io/netty/netty-handler-proxy/4.1.115.Final/netty-handler-proxy-4.1.115.Final.jar:/Users/edls/.m2/repository/io/netty/netty-codec-socks/4.1.115.Final/netty-codec-socks-4.1.115.Final.jar:/Users/edls/.m2/repository/io/netty/netty-transport-native-epoll/4.1.115.Final/netty-transport-native-epoll-4.1.115.Final-linux-x86_64.jar:/Users/edls/.m2/repository/io/netty/netty-transport-native-unix-common/4.1.115.Final/netty-transport-native-unix-common-4.1.115.Final.jar:/Users/edls/.m2/repository/io/netty/netty-transport-classes-epoll/4.1.115.Final/netty-transport-classes-epoll-4.1.115.Final.jar:/Users/edls/.m2/repository/io/netty/netty-transport-native-epoll/4.1.115.Final/netty-transport-native-epoll-4.1.115.Final-linux-aarch_64.jar:/Users/edls/.m2/repository/io/netty/netty-transport-native-kqueue/4.1.115.Final/netty-transport-native-kqueue-4.1.115.Final-osx-x86_64.jar:/Users/edls/.m2/repository/io/netty/netty-transport-classes-kqueue/4.1.115.Final/netty-transport-classes-kqueue-4.1.115.Final.jar:/Users/edls/.m2/repository/io/netty/netty-resolver-dns-native-macos/4.1.115.Final/netty-resolver-dns-native-macos-4.1.115.Final-osx-x86_64.jar:/Users/edls/.m2/repository/io/netty/netty-resolver-dns-classes-macos/4.1.115.Final/netty-resolver-dns-classes-macos-4.1.115.Final.jar:/Users/edls/.m2/repository/io/netty/netty-transport-native-kqueue/4.1.115.Final/netty-transport-native-kqueue-4.1.115.Final-osx-aarch_64.jar:/Users/edls/.m2/repository/io/netty/netty-resolver-dns-native-macos/4.1.115.Final/netty-resolver-dns-native-macos-4.1.115.Final-osx-aarch_64.jar:/Users/edls/.m2/repository/io/netty/netty-tcnative-boringssl-static/2.0.69.Final/netty-tcnative-boringssl-static-2.0.69.Final-linux-x86_64.jar:/Users/edls/.m2/repository/io/netty/netty-tcnative-classes/2.0.69.Final/netty-tcnative-classes-2.0.69.Final.jar:/Users/edls/.m2/repository/io/netty/netty-tcnative-boringssl-static/2.0.69.Final/netty-tcnative-boringssl-static-2.0.69.Final-linux-aarch_64.jar:/Users/edls/.m2/repository/io/netty/netty-tcnative-boringssl-static/2.0.69.Final/netty-tcnative-boringssl-static-2.0.69.Final-osx-x86_64.jar:/Users/edls/.m2/repository/io/netty/netty-tcnative-boringssl-static/2.0.69.Final/netty-tcnative-boringssl-static-2.0.69.Final-osx-aarch_64.jar:/Users/edls/.m2/repository/io/netty/netty-tcnative-boringssl-static/2.0.69.Final/netty-tcnative-boringssl-static-2.0.69.Final-windows-x86_64.jar:/Users/edls/.m2/repository/com/aayushatharva/brotli4j/brotli4j/1.17.0/brotli4j-1.17.0.jar:/Users/edls/.m2/repository/com/aayushatharva/brotli4j/service/1.17.0/service-1.17.0.jar:/Users/edls/.m2/repository/com/aayushatharva/brotli4j/native-osx-x86_64/1.17.0/native-osx-x86_64-1.17.0.jar:/Users/edls/.m2/repository/org/apache/httpcomponents/httpclient/4.5.14/httpclient-4.5.14.jar:/Users/edls/.m2/repository/org/apache/httpcomponents/httpcore/4.4.16/httpcore-4.4.16.jar:/Users/edls/.m2/repository/commons-codec/commons-codec/1.16.1/commons-codec-1.16.1.jar:/Users/edls/.m2/repository/ch/qos/logback/logback-classic/1.5.4/logback-classic-1.5.4.jar:/Users/edls/.m2/repository/ch/qos/logback/logback-core/1.5.4/logback-core-1.5.4.jar:/Users/edls/.m2/repository/org/slf4j/jcl-over-slf4j/2.0.12/jcl-over-slf4j-2.0.12.jar:/Users/edls/.m2/repository/org/slf4j/slf4j-api/2.0.12/slf4j-api-2.0.12.jar:/Users/edls/.m2/repository/org/antlr/antlr4-runtime/4.13.1/antlr4-runtime-4.13.1.jar:/Users/edls/.m2/repository/com/jayway/jsonpath/json-path/2.9.0/json-path-2.9.0.jar:/Users/edls/.m2/repository/net/minidev/json-smart/2.5.1/json-smart-2.5.1.jar:/Users/edls/.m2/repository/net/minidev/accessors-smart/2.5.1/accessors-smart-2.5.1.jar:/Users/edls/.m2/repository/org/ow2/asm/asm/9.6/asm-9.6.jar:/Users/edls/.m2/repository/org/yaml/snakeyaml/2.3/snakeyaml-2.3.jar:/Users/edls/.m2/repository/de/siegmar/fastcsv/3.4.0/fastcsv-3.4.0.jar:/Users/edls/.m2/repository/info/picocli/picocli/4.7.6/picocli-4.7.6.jar:/Users/edls/.m2/repository/io/github/classgraph/classgraph/4.8.179/classgraph-4.8.179.jar:/Users/edls/.m2/repository/io/github/t12y/resemble/1.1.0/resemble-1.1.0.jar:/Users/edls/.m2/repository/io/github/t12y/ssim/1.0.0/ssim-1.0.0.jar:/Users/edls/.m2/repository/org/junit/jupiter/junit-jupiter-api/5.10.2/junit-jupiter-api-5.10.2.jar:/Users/edls/.m2/repository/org/opentest4j/opentest4j/1.3.0/opentest4j-1.3.0.jar:/Users/edls/.m2/repository/org/junit/platform/junit-platform-commons/1.10.2/junit-platform-commons-1.10.2.jar:/Users/edls/.m2/repository/org/apiguardian/apiguardian-api/1.1.2/apiguardian-api-1.1.2.jar:/Users/edls/.m2/repository/org/junit/jupiter/junit-jupiter-engine/5.10.2/junit-jupiter-engine-5.10.2.jar:/Users/edls/.m2/repository/org/junit/platform/junit-platform-engine/1.10.2/junit-platform-engine-1.10.2.jar:"/>
    <property name="java.vm.vendor" value="Oracle Corporation"/>
    <property name="sun.arch.data.model" value="64"/>
    <property name="java.vendor.url" value="https://java.oracle.com/"/>
    <property name="user.timezone" value="America/New_York"/>
    <property name="os.name" value="Mac OS X"/>
    <property name="java.vm.specification.version" value="23"/>
    <property name="user.country" value="US"/>
    <property name="sun.java.launcher" value="SUN_STANDARD"/>
    <property name="sun.boot.library.path" value="/Library/Java/JavaVirtualMachines/jdk-23.jdk/Contents/Home/lib"/>
    <property name="sun.java.command" value="/Users/edls/NetBeansProjects/transaction-api/target/surefire/surefirebooter-20250519214443859_3.jar /Users/edls/NetBeansProjects/transaction-api/target/surefire 2025-05-19T21-44-43_786-jvmRun1 surefire-20250519214443859_1tmp surefire_0-20250519214443859_2tmp"/>
    <property name="http.nonProxyHosts" value="local|*.local|169.254/16|*.169.254/16"/>
    <property name="jdk.debug" value="release"/>
    <property name="surefire.test.class.path" value="/Users/edls/NetBeansProjects/transaction-api/target/test-classes:/Users/edls/NetBeansProjects/transaction-api/target/classes:/Users/edls/.m2/repository/io/karatelabs/karate-junit5/1.5.1/karate-junit5-1.5.1.jar:/Users/edls/.m2/repository/io/karatelabs/karate-core/1.5.1/karate-core-1.5.1.jar:/Users/edls/.m2/repository/org/graalvm/js/js-scriptengine/24.0.0/js-scriptengine-24.0.0.jar:/Users/edls/.m2/repository/org/graalvm/polyglot/polyglot/24.0.0/polyglot-24.0.0.jar:/Users/edls/.m2/repository/org/graalvm/sdk/collections/24.0.0/collections-24.0.0.jar:/Users/edls/.m2/repository/org/graalvm/sdk/nativeimage/24.0.0/nativeimage-24.0.0.jar:/Users/edls/.m2/repository/org/graalvm/sdk/word/24.0.0/word-24.0.0.jar:/Users/edls/.m2/repository/org/graalvm/js/js-language/24.0.0/js-language-24.0.0.jar:/Users/edls/.m2/repository/org/graalvm/regex/regex/24.0.0/regex-24.0.0.jar:/Users/edls/.m2/repository/org/graalvm/truffle/truffle-api/24.0.0/truffle-api-24.0.0.jar:/Users/edls/.m2/repository/org/graalvm/shadowed/icu4j/24.0.0/icu4j-24.0.0.jar:/Users/edls/.m2/repository/org/thymeleaf/thymeleaf/3.1.2.RELEASE/thymeleaf-3.1.2.RELEASE.jar:/Users/edls/.m2/repository/ognl/ognl/3.3.4/ognl-3.3.4.jar:/Users/edls/.m2/repository/org/javassist/javassist/3.29.0-GA/javassist-3.29.0-GA.jar:/Users/edls/.m2/repository/org/attoparser/attoparser/2.0.7.RELEASE/attoparser-2.0.7.RELEASE.jar:/Users/edls/.m2/repository/org/unbescape/unbescape/1.1.6.RELEASE/unbescape-1.1.6.RELEASE.jar:/Users/edls/.m2/repository/com/linecorp/armeria/armeria/1.31.3/armeria-1.31.3.jar:/Users/edls/.m2/repository/com/fasterxml/jackson/core/jackson-core/2.18.1/jackson-core-2.18.1.jar:/Users/edls/.m2/repository/com/fasterxml/jackson/core/jackson-annotations/2.18.1/jackson-annotations-2.18.1.jar:/Users/edls/.m2/repository/com/fasterxml/jackson/core/jackson-databind/2.18.1/jackson-databind-2.18.1.jar:/Users/edls/.m2/repository/com/fasterxml/jackson/datatype/jackson-datatype-jdk8/2.18.1/jackson-datatype-jdk8-2.18.1.jar:/Users/edls/.m2/repository/com/fasterxml/jackson/datatype/jackson-datatype-jsr310/2.18.1/jackson-datatype-jsr310-2.18.1.jar:/Users/edls/.m2/repository/io/micrometer/micrometer-core/1.13.6/micrometer-core-1.13.6.jar:/Users/edls/.m2/repository/io/micrometer/micrometer-commons/1.13.6/micrometer-commons-1.13.6.jar:/Users/edls/.m2/repository/io/micrometer/micrometer-observation/1.13.6/micrometer-observation-1.13.6.jar:/Users/edls/.m2/repository/org/hdrhistogram/HdrHistogram/2.2.2/HdrHistogram-2.2.2.jar:/Users/edls/.m2/repository/org/latencyutils/LatencyUtils/2.0.3/LatencyUtils-2.0.3.jar:/Users/edls/.m2/repository/io/netty/netty-transport/4.1.115.Final/netty-transport-4.1.115.Final.jar:/Users/edls/.m2/repository/io/netty/netty-common/4.1.115.Final/netty-common-4.1.115.Final.jar:/Users/edls/.m2/repository/io/netty/netty-buffer/4.1.115.Final/netty-buffer-4.1.115.Final.jar:/Users/edls/.m2/repository/io/netty/netty-resolver/4.1.115.Final/netty-resolver-4.1.115.Final.jar:/Users/edls/.m2/repository/io/netty/netty-codec-haproxy/4.1.115.Final/netty-codec-haproxy-4.1.115.Final.jar:/Users/edls/.m2/repository/io/netty/netty-codec/4.1.115.Final/netty-codec-4.1.115.Final.jar:/Users/edls/.m2/repository/io/netty/netty-codec-http2/4.1.115.Final/netty-codec-http2-4.1.115.Final.jar:/Users/edls/.m2/repository/io/netty/netty-handler/4.1.115.Final/netty-handler-4.1.115.Final.jar:/Users/edls/.m2/repository/io/netty/netty-codec-http/4.1.115.Final/netty-codec-http-4.1.115.Final.jar:/Users/edls/.m2/repository/io/netty/netty-resolver-dns/4.1.115.Final/netty-resolver-dns-4.1.115.Final.jar:/Users/edls/.m2/repository/io/netty/netty-codec-dns/4.1.115.Final/netty-codec-dns-4.1.115.Final.jar:/Users/edls/.m2/repository/io/netty/netty-transport-native-unix-common/4.1.115.Final/netty-transport-native-unix-common-4.1.115.Final-linux-x86_64.jar:/Users/edls/.m2/repository/io/netty/netty-transport-native-unix-common/4.1.115.Final/netty-transport-native-unix-common-4.1.115.Final-linux-aarch_64.jar:/Users/edls/.m2/repository/io/netty/netty-transport-native-unix-common/4.1.115.Final/netty-transport-native-unix-common-4.1.115.Final-osx-x86_64.jar:/Users/edls/.m2/repository/io/netty/netty-transport-native-unix-common/4.1.115.Final/netty-transport-native-unix-common-4.1.115.Final-osx-aarch_64.jar:/Users/edls/.m2/repository/org/reactivestreams/reactive-streams/1.0.4/reactive-streams-1.0.4.jar:/Users/edls/.m2/repository/com/google/code/findbugs/jsr305/3.0.2/jsr305-3.0.2.jar:/Users/edls/.m2/repository/io/netty/netty-handler-proxy/4.1.115.Final/netty-handler-proxy-4.1.115.Final.jar:/Users/edls/.m2/repository/io/netty/netty-codec-socks/4.1.115.Final/netty-codec-socks-4.1.115.Final.jar:/Users/edls/.m2/repository/io/netty/netty-transport-native-epoll/4.1.115.Final/netty-transport-native-epoll-4.1.115.Final-linux-x86_64.jar:/Users/edls/.m2/repository/io/netty/netty-transport-native-unix-common/4.1.115.Final/netty-transport-native-unix-common-4.1.115.Final.jar:/Users/edls/.m2/repository/io/netty/netty-transport-classes-epoll/4.1.115.Final/netty-transport-classes-epoll-4.1.115.Final.jar:/Users/edls/.m2/repository/io/netty/netty-transport-native-epoll/4.1.115.Final/netty-transport-native-epoll-4.1.115.Final-linux-aarch_64.jar:/Users/edls/.m2/repository/io/netty/netty-transport-native-kqueue/4.1.115.Final/netty-transport-native-kqueue-4.1.115.Final-osx-x86_64.jar:/Users/edls/.m2/repository/io/netty/netty-transport-classes-kqueue/4.1.115.Final/netty-transport-classes-kqueue-4.1.115.Final.jar:/Users/edls/.m2/repository/io/netty/netty-resolver-dns-native-macos/4.1.115.Final/netty-resolver-dns-native-macos-4.1.115.Final-osx-x86_64.jar:/Users/edls/.m2/repository/io/netty/netty-resolver-dns-classes-macos/4.1.115.Final/netty-resolver-dns-classes-macos-4.1.115.Final.jar:/Users/edls/.m2/repository/io/netty/netty-transport-native-kqueue/4.1.115.Final/netty-transport-native-kqueue-4.1.115.Final-osx-aarch_64.jar:/Users/edls/.m2/repository/io/netty/netty-resolver-dns-native-macos/4.1.115.Final/netty-resolver-dns-native-macos-4.1.115.Final-osx-aarch_64.jar:/Users/edls/.m2/repository/io/netty/netty-tcnative-boringssl-static/2.0.69.Final/netty-tcnative-boringssl-static-2.0.69.Final-linux-x86_64.jar:/Users/edls/.m2/repository/io/netty/netty-tcnative-classes/2.0.69.Final/netty-tcnative-classes-2.0.69.Final.jar:/Users/edls/.m2/repository/io/netty/netty-tcnative-boringssl-static/2.0.69.Final/netty-tcnative-boringssl-static-2.0.69.Final-linux-aarch_64.jar:/Users/edls/.m2/repository/io/netty/netty-tcnative-boringssl-static/2.0.69.Final/netty-tcnative-boringssl-static-2.0.69.Final-osx-x86_64.jar:/Users/edls/.m2/repository/io/netty/netty-tcnative-boringssl-static/2.0.69.Final/netty-tcnative-boringssl-static-2.0.69.Final-osx-aarch_64.jar:/Users/edls/.m2/repository/io/netty/netty-tcnative-boringssl-static/2.0.69.Final/netty-tcnative-boringssl-static-2.0.69.Final-windows-x86_64.jar:/Users/edls/.m2/repository/com/aayushatharva/brotli4j/brotli4j/1.17.0/brotli4j-1.17.0.jar:/Users/edls/.m2/repository/com/aayushatharva/brotli4j/service/1.17.0/service-1.17.0.jar:/Users/edls/.m2/repository/com/aayushatharva/brotli4j/native-osx-x86_64/1.17.0/native-osx-x86_64-1.17.0.jar:/Users/edls/.m2/repository/org/apache/httpcomponents/httpclient/4.5.14/httpclient-4.5.14.jar:/Users/edls/.m2/repository/org/apache/httpcomponents/httpcore/4.4.16/httpcore-4.4.16.jar:/Users/edls/.m2/repository/commons-codec/commons-codec/1.16.1/commons-codec-1.16.1.jar:/Users/edls/.m2/repository/ch/qos/logback/logback-classic/1.5.4/logback-classic-1.5.4.jar:/Users/edls/.m2/repository/ch/qos/logback/logback-core/1.5.4/logback-core-1.5.4.jar:/Users/edls/.m2/repository/org/slf4j/jcl-over-slf4j/2.0.12/jcl-over-slf4j-2.0.12.jar:/Users/edls/.m2/repository/org/slf4j/slf4j-api/2.0.12/slf4j-api-2.0.12.jar:/Users/edls/.m2/repository/org/antlr/antlr4-runtime/4.13.1/antlr4-runtime-4.13.1.jar:/Users/edls/.m2/repository/com/jayway/jsonpath/json-path/2.9.0/json-path-2.9.0.jar:/Users/edls/.m2/repository/net/minidev/json-smart/2.5.1/json-smart-2.5.1.jar:/Users/edls/.m2/repository/net/minidev/accessors-smart/2.5.1/accessors-smart-2.5.1.jar:/Users/edls/.m2/repository/org/ow2/asm/asm/9.6/asm-9.6.jar:/Users/edls/.m2/repository/org/yaml/snakeyaml/2.3/snakeyaml-2.3.jar:/Users/edls/.m2/repository/de/siegmar/fastcsv/3.4.0/fastcsv-3.4.0.jar:/Users/edls/.m2/repository/info/picocli/picocli/4.7.6/picocli-4.7.6.jar:/Users/edls/.m2/repository/io/github/classgraph/classgraph/4.8.179/classgraph-4.8.179.jar:/Users/edls/.m2/repository/io/github/t12y/resemble/1.1.0/resemble-1.1.0.jar:/Users/edls/.m2/repository/io/github/t12y/ssim/1.0.0/ssim-1.0.0.jar:/Users/edls/.m2/repository/org/junit/jupiter/junit-jupiter-api/5.10.2/junit-jupiter-api-5.10.2.jar:/Users/edls/.m2/repository/org/opentest4j/opentest4j/1.3.0/opentest4j-1.3.0.jar:/Users/edls/.m2/repository/org/junit/platform/junit-platform-commons/1.10.2/junit-platform-commons-1.10.2.jar:/Users/edls/.m2/repository/org/apiguardian/apiguardian-api/1.1.2/apiguardian-api-1.1.2.jar:/Users/edls/.m2/repository/org/junit/jupiter/junit-jupiter-engine/5.10.2/junit-jupiter-engine-5.10.2.jar:/Users/edls/.m2/repository/org/junit/platform/junit-platform-engine/1.10.2/junit-platform-engine-1.10.2.jar:"/>
    <property name="sun.cpu.endian" value="little"/>
    <property name="user.home" value="/Users/edls"/>
    <property name="user.language" value="en"/>
    <property name="java.specification.vendor" value="Oracle Corporation"/>
    <property name="java.version.date" value="2024-10-15"/>
    <property name="java.home" value="/Library/Java/JavaVirtualMachines/jdk-23.jdk/Contents/Home"/>
    <property name="file.separator" value="/"/>
    <property name="basedir" value="/Users/edls/NetBeansProjects/transaction-api"/>
    <property name="java.vm.compressedOopsMode" value="Zero based"/>
    <property name="line.separator" value="&#10;"/>
    <property name="java.vm.specification.vendor" value="Oracle Corporation"/>
    <property name="java.specification.name" value="Java Platform API Specification"/>
    <property name="apple.awt.application.name" value="ForkedBooter"/>
    <property name="surefire.real.class.path" value="/Users/edls/NetBeansProjects/transaction-api/target/surefire/surefirebooter-20250519214443859_3.jar"/>
    <property name="sun.management.compiler" value="HotSpot 64-Bit Tiered Compilers"/>
    <property name="ftp.nonProxyHosts" value="local|*.local|169.254/16|*.169.254/16"/>
    <property name="java.runtime.version" value="23.0.1+11-39"/>
    <property name="user.name" value="edls"/>
    <property name="stdout.encoding" value="UTF-8"/>
    <property name="path.separator" value=":"/>
    <property name="os.version" value="15.4.1"/>
    <property name="java.runtime.name" value="Java(TM) SE Runtime Environment"/>
    <property name="file.encoding" value="UTF-8"/>
    <property name="java.vm.name" value="Java HotSpot(TM) 64-Bit Server VM"/>
    <property name="maven.ext.class.path" value="/Applications/Apache NetBeans.app/Contents/Resources/netbeans/java/maven-nblib/netbeans-eventspy.jar"/>
    <property name="localRepository" value="/Users/edls/.m2/repository"/>
    <property name="java.vendor.url.bug" value="https://bugreport.java.com/bugreport/"/>
    <property name="java.io.tmpdir" value="/var/folders/rr/_prb47r13t51kb9g1yb_jvm40000gn/T/"/>
    <property name="java.version" value="23.0.1"/>
    <property name="user.dir" value="/Users/edls/NetBeansProjects/transaction-api"/>
    <property name="os.arch" value="x86_64"/>
    <property name="java.vm.specification.name" value="Java Virtual Machine Specification"/>
    <property name="native.encoding" value="UTF-8"/>
    <property name="java.library.path" value="/Users/edls/Library/Java/Extensions:/Library/Java/Extensions:/Network/Library/Java/Extensions:/System/Library/Java/Extensions:/usr/lib/java:."/>
    <property name="java.vm.info" value="mixed mode, sharing"/>
    <property name="stderr.encoding" value="UTF-8"/>
    <property name="java.vendor" value="Oracle Corporation"/>
    <property name="java.vm.version" value="23.0.1+11-39"/>
    <property name="sun.io.unicode.encoding" value="UnicodeBig"/>
    <property name="socksNonProxyHosts" value="local|*.local|169.254/16|*.169.254/16"/>
    <property name="java.class.version" value="67.0"/>
  </properties>
  <testcase name="testParallel" classname="tests.ParallelRunnerTest" time="2.953">
    <failure message="js failed:&#10;&gt;&gt;&gt;&gt;&#10;01: transaction&#10;&lt;&lt;&lt;&lt;&#10;org.graalvm.polyglot.PolyglotException: ReferenceError: &quot;transaction&quot; is not defined&#10;- &lt;js&gt;.:program(Unnamed:1)&#10;&#10;classpath:tests/transactions/create-transaction-bad.feature:11&#10;js failed:&#10;&gt;&gt;&gt;&gt;&#10;01: transaction&#10;&lt;&lt;&lt;&lt;&#10;org.graalvm.polyglot.PolyglotException: ReferenceError: &quot;transaction&quot; is not defined&#10;- &lt;js&gt;.:program(Unnamed:1)&#10;&#10;classpath:tests/transactions/create-transaction.feature:18&#10;js failed:&#10;&gt;&gt;&gt;&gt;&#10;01: __arg.transaction&#10;&lt;&lt;&lt;&lt;&#10;org.graalvm.polyglot.PolyglotException: ReferenceError: &quot;__arg&quot; is not defined&#10;- &lt;js&gt;.:program(Unnamed:1)&#10;&#10;classpath:tests/transactions/delete-transaction-bad.feature:4&#10;js failed:&#10;&gt;&gt;&gt;&gt;&#10;01: __arg.transaction&#10;&lt;&lt;&lt;&lt;&#10;org.graalvm.polyglot.PolyglotException: ReferenceError: &quot;__arg&quot; is not defined&#10;- &lt;js&gt;.:program(Unnamed:1)&#10;&#10;classpath:tests/transactions/delete-transaction.feature:4&#10;js failed:&#10;&gt;&gt;&gt;&gt;&#10;01: __arg.transaction&#10;&lt;&lt;&lt;&lt;&#10;org.graalvm.polyglot.PolyglotException: ReferenceError: &quot;__arg&quot; is not defined&#10;- &lt;js&gt;.:program(Unnamed:1)&#10;&#10;classpath:tests/transactions/get-transaction-by-id-bad.feature:4&#10;js failed:&#10;&gt;&gt;&gt;&gt;&#10;01: __arg.transaction&#10;&lt;&lt;&lt;&lt;&#10;org.graalvm.polyglot.PolyglotException: ReferenceError: &quot;__arg&quot; is not defined&#10;- &lt;js&gt;.:program(Unnamed:1)&#10;&#10;classpath:tests/transactions/get-transaction-by-id.feature:4&#10;js failed:&#10;&gt;&gt;&gt;&gt;&#10;01: read(&apos;../../resources/data/transactions.json&apos;)&#10;&lt;&lt;&lt;&lt;&#10;org.graalvm.polyglot.PolyglotException: java.io.FileNotFoundException: /Users/edls/NetBeansProjects/transaction-api/target/test-classes/tests/transactions/../../resources/data/transactions.json (No such file or directory)&#10;- com.intuit.karate.resource.FileResource.getStream(FileResource.java:98)&#10;- com.intuit.karate.core.ScenarioFileReader.readFileAsStream(ScenarioFileReader.java:99)&#10;- com.intuit.karate.core.ScenarioFileReader.readFileAsString(ScenarioFileReader.java:95)&#10;- com.intuit.karate.core.ScenarioFileReader.readFile(ScenarioFileReader.java:54)&#10;- com.intuit.karate.core.ScenarioEngine.lambda$new$0(ScenarioEngine.java:109)&#10;- &lt;js&gt;.:program(Unnamed:1)&#10;&#10;classpath:tests/transactions/run-all-transactions.feature:4&#10;js failed:&#10;&gt;&gt;&gt;&gt;&#10;01: read(&apos;../../resources/data/transactions.json&apos;)&#10;&lt;&lt;&lt;&lt;&#10;org.graalvm.polyglot.PolyglotException: java.io.FileNotFoundException: /Users/edls/NetBeansProjects/transaction-api/target/test-classes/tests/transactions/../../resources/data/transactions.json (No such file or directory)&#10;- com.intuit.karate.resource.FileResource.getStream(FileResource.java:98)&#10;- com.intuit.karate.core.ScenarioFileReader.readFileAsStream(ScenarioFileReader.java:99)&#10;- com.intuit.karate.core.ScenarioFileReader.readFileAsString(ScenarioFileReader.java:95)&#10;- com.intuit.karate.core.ScenarioFileReader.readFile(ScenarioFileReader.java:54)&#10;- com.intuit.karate.core.ScenarioEngine.lambda$new$0(ScenarioEngine.java:109)&#10;- &lt;js&gt;.:program(Unnamed:1)&#10;&#10;classpath:tests/transactions/run-all-transactions.feature:4&#10;js failed:&#10;&gt;&gt;&gt;&gt;&#10;01: read(&apos;../../resources/data/transactions.json&apos;)&#10;&lt;&lt;&lt;&lt;&#10;org.graalvm.polyglot.PolyglotException: java.io.FileNotFoundException: /Users/edls/NetBeansProjects/transaction-api/target/test-classes/tests/transactions/../../resources/data/transactions.json (No such file or directory)&#10;- com.intuit.karate.resource.FileResource.getStream(FileResource.java:98)&#10;- com.intuit.karate.core.ScenarioFileReader.readFileAsStream(ScenarioFileReader.java:99)&#10;- com.intuit.karate.core.ScenarioFileReader.readFileAsString(ScenarioFileReader.java:95)&#10;- com.intuit.karate.core.ScenarioFileReader.readFile(ScenarioFileReader.java:54)&#10;- com.intuit.karate.core.ScenarioEngine.lambda$new$0(ScenarioEngine.java:109)&#10;- &lt;js&gt;.:program(Unnamed:1)&#10;&#10;classpath:tests/transactions/run-all-transactions.feature:4&#10;js failed:&#10;&gt;&gt;&gt;&gt;&#10;01: read(&apos;../../resources/data/transactions.json&apos;)&#10;&lt;&lt;&lt;&lt;&#10;org.graalvm.polyglot.PolyglotException: java.io.FileNotFoundException: /Users/edls/NetBeansProjects/transaction-api/target/test-classes/tests/transactions/../../resources/data/transactions.json (No such file or directory)&#10;- com.intuit.karate.resource.FileResource.getStream(FileResource.java:98)&#10;- com.intuit.karate.core.ScenarioFileReader.readFileAsStream(ScenarioFileReader.java:99)&#10;- com.intuit.karate.core.ScenarioFileReader.readFileAsString(ScenarioFileReader.java:95)&#10;- com.intuit.karate.core.ScenarioFileReader.readFile(ScenarioFileReader.java:54)&#10;- com.intuit.karate.core.ScenarioEngine.lambda$new$0(ScenarioEngine.java:109)&#10;- &lt;js&gt;.:program(Unnamed:1)&#10;&#10;classpath:tests/transactions/run-all-transactions.feature:4&#10;js failed:&#10;&gt;&gt;&gt;&gt;&#10;01: read(&apos;../../resources/data/transactions.json&apos;)&#10;&lt;&lt;&lt;&lt;&#10;org.graalvm.polyglot.PolyglotException: java.io.FileNotFoundException: /Users/edls/NetBeansProjects/transaction-api/target/test-classes/tests/transactions/../../resources/data/transactions.json (No such file or directory)&#10;- com.intuit.karate.resource.FileResource.getStream(FileResource.java:98)&#10;- com.intuit.karate.core.ScenarioFileReader.readFileAsStream(ScenarioFileReader.java:99)&#10;- com.intuit.karate.core.ScenarioFileReader.readFileAsString(ScenarioFileReader.java:95)&#10;- com.intuit.karate.core.ScenarioFileReader.readFile(ScenarioFileReader.java:54)&#10;- com.intuit.karate.core.ScenarioEngine.lambda$new$0(ScenarioEngine.java:109)&#10;- &lt;js&gt;.:program(Unnamed:1)&#10;&#10;classpath:tests/transactions/run-all-transactions.feature:4&#10;js failed:&#10;&gt;&gt;&gt;&gt;&#10;01: read(&apos;../../resources/data/transactions.json&apos;)&#10;&lt;&lt;&lt;&lt;&#10;org.graalvm.polyglot.PolyglotException: java.io.FileNotFoundException: /Users/edls/NetBeansProjects/transaction-api/target/test-classes/tests/transactions/../../resources/data/transactions.json (No such file or directory)&#10;- com.intuit.karate.resource.FileResource.getStream(FileResource.java:98)&#10;- com.intuit.karate.core.ScenarioFileReader.readFileAsStream(ScenarioFileReader.java:99)&#10;- com.intuit.karate.core.ScenarioFileReader.readFileAsString(ScenarioFileReader.java:95)&#10;- com.intuit.karate.core.ScenarioFileReader.readFile(ScenarioFileReader.java:54)&#10;- com.intuit.karate.core.ScenarioEngine.lambda$new$0(ScenarioEngine.java:109)&#10;- &lt;js&gt;.:program(Unnamed:1)&#10;&#10;classpath:tests/transactions/run-all-transactions.feature:4&#10;js failed:&#10;&gt;&gt;&gt;&gt;&#10;01: read(&apos;../../resources/data/transactions.json&apos;)&#10;&lt;&lt;&lt;&lt;&#10;org.graalvm.polyglot.PolyglotException: java.io.FileNotFoundException: /Users/edls/NetBeansProjects/transaction-api/target/test-classes/tests/transactions/../../resources/data/transactions.json (No such file or directory)&#10;- com.intuit.karate.resource.FileResource.getStream(FileResource.java:98)&#10;- com.intuit.karate.core.ScenarioFileReader.readFileAsStream(ScenarioFileReader.java:99)&#10;- com.intuit.karate.core.ScenarioFileReader.readFileAsString(ScenarioFileReader.java:95)&#10;- com.intuit.karate.core.ScenarioFileReader.readFile(ScenarioFileReader.java:54)&#10;- com.intuit.karate.core.ScenarioEngine.lambda$new$0(ScenarioEngine.java:109)&#10;- &lt;js&gt;.:program(Unnamed:1)&#10;&#10;classpath:tests/transactions/run-all-transactions.feature:4&#10;js failed:&#10;&gt;&gt;&gt;&gt;&#10;01: read(&apos;../../resources/data/transactions.json&apos;)&#10;&lt;&lt;&lt;&lt;&#10;org.graalvm.polyglot.PolyglotException: java.io.FileNotFoundException: /Users/edls/NetBeansProjects/transaction-api/target/test-classes/tests/transactions/../../resources/data/transactions.json (No such file or directory)&#10;- com.intuit.karate.resource.FileResource.getStream(FileResource.java:98)&#10;- com.intuit.karate.core.ScenarioFileReader.readFileAsStream(ScenarioFileReader.java:99)&#10;- com.intuit.karate.core.ScenarioFileReader.readFileAsString(ScenarioFileReader.java:95)&#10;- com.intuit.karate.core.ScenarioFileReader.readFile(ScenarioFileReader.java:54)&#10;- com.intuit.karate.core.ScenarioEngine.lambda$new$0(ScenarioEngine.java:109)&#10;- &lt;js&gt;.:program(Unnamed:1)&#10;&#10;classpath:tests/transactions/run-all-transactions.feature:4&#10;js failed:&#10;&gt;&gt;&gt;&gt;&#10;01: read(&apos;../../resources/data/transactions.json&apos;)&#10;&lt;&lt;&lt;&lt;&#10;org.graalvm.polyglot.PolyglotException: java.io.FileNotFoundException: /Users/edls/NetBeansProjects/transaction-api/target/test-classes/tests/transactions/../../resources/data/transactions.json (No such file or directory)&#10;- com.intuit.karate.resource.FileResource.getStream(FileResource.java:98)&#10;- com.intuit.karate.core.ScenarioFileReader.readFileAsStream(ScenarioFileReader.java:99)&#10;- com.intuit.karate.core.ScenarioFileReader.readFileAsString(ScenarioFileReader.java:95)&#10;- com.intuit.karate.core.ScenarioFileReader.readFile(ScenarioFileReader.java:54)&#10;- com.intuit.karate.core.ScenarioEngine.lambda$new$0(ScenarioEngine.java:109)&#10;- &lt;js&gt;.:program(Unnamed:1)&#10;&#10;classpath:tests/transactions/run-all-transactions.feature:4&#10;js failed:&#10;&gt;&gt;&gt;&gt;&#10;01: __arg.transaction&#10;&lt;&lt;&lt;&lt;&#10;org.graalvm.polyglot.PolyglotException: ReferenceError: &quot;__arg&quot; is not defined&#10;- &lt;js&gt;.:program(Unnamed:1)&#10;&#10;classpath:tests/transactions/update-transactions-bad.feature:4&#10;js failed:&#10;&gt;&gt;&gt;&gt;&#10;01: __arg.transaction&#10;&lt;&lt;&lt;&lt;&#10;org.graalvm.polyglot.PolyglotException: ReferenceError: &quot;__arg&quot; is not defined&#10;- &lt;js&gt;.:program(Unnamed:1)&#10;&#10;classpath:tests/transactions/update-transactions.feature:4 ==&gt; expected: &lt;0&gt; but was: &lt;17&gt;" type="org.opentest4j.AssertionFailedError"><![CDATA[org.opentest4j.AssertionFailedError: 
js failed:
>>>>
01: transaction
<<<<
org.graalvm.polyglot.PolyglotException: ReferenceError: "transaction" is not defined
- <js>.:program(Unnamed:1)

classpath:tests/transactions/create-transaction-bad.feature:11
js failed:
>>>>
01: transaction
<<<<
org.graalvm.polyglot.PolyglotException: ReferenceError: "transaction" is not defined
- <js>.:program(Unnamed:1)

classpath:tests/transactions/create-transaction.feature:18
js failed:
>>>>
01: __arg.transaction
<<<<
org.graalvm.polyglot.PolyglotException: ReferenceError: "__arg" is not defined
- <js>.:program(Unnamed:1)

classpath:tests/transactions/delete-transaction-bad.feature:4
js failed:
>>>>
01: __arg.transaction
<<<<
org.graalvm.polyglot.PolyglotException: ReferenceError: "__arg" is not defined
- <js>.:program(Unnamed:1)

classpath:tests/transactions/delete-transaction.feature:4
js failed:
>>>>
01: __arg.transaction
<<<<
org.graalvm.polyglot.PolyglotException: ReferenceError: "__arg" is not defined
- <js>.:program(Unnamed:1)

classpath:tests/transactions/get-transaction-by-id-bad.feature:4
js failed:
>>>>
01: __arg.transaction
<<<<
org.graalvm.polyglot.PolyglotException: ReferenceError: "__arg" is not defined
- <js>.:program(Unnamed:1)

classpath:tests/transactions/get-transaction-by-id.feature:4
js failed:
>>>>
01: read('../../resources/data/transactions.json')
<<<<
org.graalvm.polyglot.PolyglotException: java.io.FileNotFoundException: /Users/edls/NetBeansProjects/transaction-api/target/test-classes/tests/transactions/../../resources/data/transactions.json (No such file or directory)
- com.intuit.karate.resource.FileResource.getStream(FileResource.java:98)
- com.intuit.karate.core.ScenarioFileReader.readFileAsStream(ScenarioFileReader.java:99)
- com.intuit.karate.core.ScenarioFileReader.readFileAsString(ScenarioFileReader.java:95)
- com.intuit.karate.core.ScenarioFileReader.readFile(ScenarioFileReader.java:54)
- com.intuit.karate.core.ScenarioEngine.lambda$new$0(ScenarioEngine.java:109)
- <js>.:program(Unnamed:1)

classpath:tests/transactions/run-all-transactions.feature:4
js failed:
>>>>
01: read('../../resources/data/transactions.json')
<<<<
org.graalvm.polyglot.PolyglotException: java.io.FileNotFoundException: /Users/edls/NetBeansProjects/transaction-api/target/test-classes/tests/transactions/../../resources/data/transactions.json (No such file or directory)
- com.intuit.karate.resource.FileResource.getStream(FileResource.java:98)
- com.intuit.karate.core.ScenarioFileReader.readFileAsStream(ScenarioFileReader.java:99)
- com.intuit.karate.core.ScenarioFileReader.readFileAsString(ScenarioFileReader.java:95)
- com.intuit.karate.core.ScenarioFileReader.readFile(ScenarioFileReader.java:54)
- com.intuit.karate.core.ScenarioEngine.lambda$new$0(ScenarioEngine.java:109)
- <js>.:program(Unnamed:1)

classpath:tests/transactions/run-all-transactions.feature:4
js failed:
>>>>
01: read('../../resources/data/transactions.json')
<<<<
org.graalvm.polyglot.PolyglotException: java.io.FileNotFoundException: /Users/edls/NetBeansProjects/transaction-api/target/test-classes/tests/transactions/../../resources/data/transactions.json (No such file or directory)
- com.intuit.karate.resource.FileResource.getStream(FileResource.java:98)
- com.intuit.karate.core.ScenarioFileReader.readFileAsStream(ScenarioFileReader.java:99)
- com.intuit.karate.core.ScenarioFileReader.readFileAsString(ScenarioFileReader.java:95)
- com.intuit.karate.core.ScenarioFileReader.readFile(ScenarioFileReader.java:54)
- com.intuit.karate.core.ScenarioEngine.lambda$new$0(ScenarioEngine.java:109)
- <js>.:program(Unnamed:1)

classpath:tests/transactions/run-all-transactions.feature:4
js failed:
>>>>
01: read('../../resources/data/transactions.json')
<<<<
org.graalvm.polyglot.PolyglotException: java.io.FileNotFoundException: /Users/edls/NetBeansProjects/transaction-api/target/test-classes/tests/transactions/../../resources/data/transactions.json (No such file or directory)
- com.intuit.karate.resource.FileResource.getStream(FileResource.java:98)
- com.intuit.karate.core.ScenarioFileReader.readFileAsStream(ScenarioFileReader.java:99)
- com.intuit.karate.core.ScenarioFileReader.readFileAsString(ScenarioFileReader.java:95)
- com.intuit.karate.core.ScenarioFileReader.readFile(ScenarioFileReader.java:54)
- com.intuit.karate.core.ScenarioEngine.lambda$new$0(ScenarioEngine.java:109)
- <js>.:program(Unnamed:1)

classpath:tests/transactions/run-all-transactions.feature:4
js failed:
>>>>
01: read('../../resources/data/transactions.json')
<<<<
org.graalvm.polyglot.PolyglotException: java.io.FileNotFoundException: /Users/edls/NetBeansProjects/transaction-api/target/test-classes/tests/transactions/../../resources/data/transactions.json (No such file or directory)
- com.intuit.karate.resource.FileResource.getStream(FileResource.java:98)
- com.intuit.karate.core.ScenarioFileReader.readFileAsStream(ScenarioFileReader.java:99)
- com.intuit.karate.core.ScenarioFileReader.readFileAsString(ScenarioFileReader.java:95)
- com.intuit.karate.core.ScenarioFileReader.readFile(ScenarioFileReader.java:54)
- com.intuit.karate.core.ScenarioEngine.lambda$new$0(ScenarioEngine.java:109)
- <js>.:program(Unnamed:1)

classpath:tests/transactions/run-all-transactions.feature:4
js failed:
>>>>
01: read('../../resources/data/transactions.json')
<<<<
org.graalvm.polyglot.PolyglotException: java.io.FileNotFoundException: /Users/edls/NetBeansProjects/transaction-api/target/test-classes/tests/transactions/../../resources/data/transactions.json (No such file or directory)
- com.intuit.karate.resource.FileResource.getStream(FileResource.java:98)
- com.intuit.karate.core.ScenarioFileReader.readFileAsStream(ScenarioFileReader.java:99)
- com.intuit.karate.core.ScenarioFileReader.readFileAsString(ScenarioFileReader.java:95)
- com.intuit.karate.core.ScenarioFileReader.readFile(ScenarioFileReader.java:54)
- com.intuit.karate.core.ScenarioEngine.lambda$new$0(ScenarioEngine.java:109)
- <js>.:program(Unnamed:1)

classpath:tests/transactions/run-all-transactions.feature:4
js failed:
>>>>
01: read('../../resources/data/transactions.json')
<<<<
org.graalvm.polyglot.PolyglotException: java.io.FileNotFoundException: /Users/edls/NetBeansProjects/transaction-api/target/test-classes/tests/transactions/../../resources/data/transactions.json (No such file or directory)
- com.intuit.karate.resource.FileResource.getStream(FileResource.java:98)
- com.intuit.karate.core.ScenarioFileReader.readFileAsStream(ScenarioFileReader.java:99)
- com.intuit.karate.core.ScenarioFileReader.readFileAsString(ScenarioFileReader.java:95)
- com.intuit.karate.core.ScenarioFileReader.readFile(ScenarioFileReader.java:54)
- com.intuit.karate.core.ScenarioEngine.lambda$new$0(ScenarioEngine.java:109)
- <js>.:program(Unnamed:1)

classpath:tests/transactions/run-all-transactions.feature:4
js failed:
>>>>
01: read('../../resources/data/transactions.json')
<<<<
org.graalvm.polyglot.PolyglotException: java.io.FileNotFoundException: /Users/edls/NetBeansProjects/transaction-api/target/test-classes/tests/transactions/../../resources/data/transactions.json (No such file or directory)
- com.intuit.karate.resource.FileResource.getStream(FileResource.java:98)
- com.intuit.karate.core.ScenarioFileReader.readFileAsStream(ScenarioFileReader.java:99)
- com.intuit.karate.core.ScenarioFileReader.readFileAsString(ScenarioFileReader.java:95)
- com.intuit.karate.core.ScenarioFileReader.readFile(ScenarioFileReader.java:54)
- com.intuit.karate.core.ScenarioEngine.lambda$new$0(ScenarioEngine.java:109)
- <js>.:program(Unnamed:1)

classpath:tests/transactions/run-all-transactions.feature:4
js failed:
>>>>
01: read('../../resources/data/transactions.json')
<<<<
org.graalvm.polyglot.PolyglotException: java.io.FileNotFoundException: /Users/edls/NetBeansProjects/transaction-api/target/test-classes/tests/transactions/../../resources/data/transactions.json (No such file or directory)
- com.intuit.karate.resource.FileResource.getStream(FileResource.java:98)
- com.intuit.karate.core.ScenarioFileReader.readFileAsStream(ScenarioFileReader.java:99)
- com.intuit.karate.core.ScenarioFileReader.readFileAsString(ScenarioFileReader.java:95)
- com.intuit.karate.core.ScenarioFileReader.readFile(ScenarioFileReader.java:54)
- com.intuit.karate.core.ScenarioEngine.lambda$new$0(ScenarioEngine.java:109)
- <js>.:program(Unnamed:1)

classpath:tests/transactions/run-all-transactions.feature:4
js failed:
>>>>
01: __arg.transaction
<<<<
org.graalvm.polyglot.PolyglotException: ReferenceError: "__arg" is not defined
- <js>.:program(Unnamed:1)

classpath:tests/transactions/update-transactions-bad.feature:4
js failed:
>>>>
01: __arg.transaction
<<<<
org.graalvm.polyglot.PolyglotException: ReferenceError: "__arg" is not defined
- <js>.:program(Unnamed:1)

classpath:tests/transactions/update-transactions.feature:4 ==> expected: <0> but was: <17>
	at org.junit.jupiter.api.AssertionFailureBuilder.build(AssertionFailureBuilder.java:151)
	at org.junit.jupiter.api.AssertionFailureBuilder.buildAndThrow(AssertionFailureBuilder.java:132)
	at org.junit.jupiter.api.AssertEquals.failNotEqual(AssertEquals.java:197)
	at org.junit.jupiter.api.AssertEquals.assertEquals(AssertEquals.java:150)
	at org.junit.jupiter.api.Assertions.assertEquals(Assertions.java:563)
	at tests.ParallelRunnerTest.testParallel(ParallelRunnerTest.java:15)
	at java.base/java.lang.reflect.Method.invoke(Method.java:580)
	at java.base/java.util.ArrayList.forEach(ArrayList.java:1597)
	at java.base/java.util.ArrayList.forEach(ArrayList.java:1597)
]]></failure>
    <system-out><![CDATA[21:44:45.063 [main] DEBUG com.intuit.karate.Suite - [config] classpath:karate-config.js
21:44:45.069 [main] DEBUG com.intuit.karate.Suite - waiting for 10 features to complete
21:44:45.912 [pool-2-thread-1] INFO  com.intuit.karate - karate.env system property was: null 
21:44:45.912 [pool-2-thread-3] INFO  com.intuit.karate - karate.env system property was: null 
21:44:45.912 [pool-2-thread-2] INFO  com.intuit.karate - karate.env system property was: null 
21:44:45.912 [pool-2-thread-4] INFO  com.intuit.karate - karate.env system property was: null 
21:44:45.912 [pool-2-thread-5] INFO  com.intuit.karate - karate.env system property was: null 
21:44:45.964 [pool-2-thread-3] ERROR com.intuit.karate - classpath:tests/transactions/delete-transaction-bad.feature:4
* def transaction = __arg.transaction
js failed:
>>>>
01: __arg.transaction
<<<<
org.graalvm.polyglot.PolyglotException: ReferenceError: "__arg" is not defined
- <js>.:program(Unnamed:1)

classpath:tests/transactions/delete-transaction-bad.feature:4
21:44:45.964 [pool-2-thread-1] ERROR com.intuit.karate - classpath:tests/transactions/create-transaction-bad.feature:11
And request transaction
js failed:
>>>>
01: transaction
<<<<
org.graalvm.polyglot.PolyglotException: ReferenceError: "transaction" is not defined
- <js>.:program(Unnamed:1)

classpath:tests/transactions/create-transaction-bad.feature:11
21:44:45.964 [pool-2-thread-4] ERROR com.intuit.karate - classpath:tests/transactions/delete-transaction.feature:4
* def transaction = __arg.transaction
js failed:
>>>>
01: __arg.transaction
<<<<
org.graalvm.polyglot.PolyglotException: ReferenceError: "__arg" is not defined
- <js>.:program(Unnamed:1)

classpath:tests/transactions/delete-transaction.feature:4
21:44:45.964 [pool-2-thread-2] ERROR com.intuit.karate - classpath:tests/transactions/create-transaction.feature:18
And request transaction
js failed:
>>>>
01: transaction
<<<<
org.graalvm.polyglot.PolyglotException: ReferenceError: "transaction" is not defined
- <js>.:program(Unnamed:1)

classpath:tests/transactions/create-transaction.feature:18
21:44:45.984 [pool-2-thread-3] INFO  com.intuit.karate - karate.env system property was: null 
21:44:45.984 [pool-2-thread-4] INFO  com.intuit.karate - karate.env system property was: null 
21:44:45.984 [pool-2-thread-1] INFO  com.intuit.karate - karate.env system property was: null 
21:44:45.984 [pool-2-thread-2] INFO  com.intuit.karate - karate.env system property was: null 
21:44:45.986 [pool-2-thread-2] ERROR com.intuit.karate - classpath:tests/transactions/get-transaction-by-id-bad.feature:4
* def transaction = __arg.transaction
js failed:
>>>>
01: __arg.transaction
<<<<
org.graalvm.polyglot.PolyglotException: ReferenceError: "__arg" is not defined
- <js>.:program(Unnamed:1)

classpath:tests/transactions/get-transaction-by-id-bad.feature:4
21:44:45.986 [pool-2-thread-3] ERROR com.intuit.karate - classpath:tests/transactions/get-transaction-by-id.feature:4
* def transaction = __arg.transaction
js failed:
>>>>
01: __arg.transaction
<<<<
org.graalvm.polyglot.PolyglotException: ReferenceError: "__arg" is not defined
- <js>.:program(Unnamed:1)

classpath:tests/transactions/get-transaction-by-id.feature:4
21:44:45.994 [pool-2-thread-3] INFO  com.intuit.karate - karate.env system property was: null 
21:44:45.994 [pool-2-thread-2] INFO  com.intuit.karate - karate.env system property was: null 
21:44:45.995 [pool-2-thread-1] ERROR com.intuit.karate - classpath:tests/transactions/run-all-transactions.feature:4
* def goodData = read('../../resources/data/transactions.json')
js failed:
>>>>
01: read('../../resources/data/transactions.json')
<<<<
org.graalvm.polyglot.PolyglotException: java.io.FileNotFoundException: /Users/edls/NetBeansProjects/transaction-api/target/test-classes/tests/transactions/../../resources/data/transactions.json (No such file or directory)
- com.intuit.karate.resource.FileResource.getStream(FileResource.java:98)
- com.intuit.karate.core.ScenarioFileReader.readFileAsStream(ScenarioFileReader.java:99)
- com.intuit.karate.core.ScenarioFileReader.readFileAsString(ScenarioFileReader.java:95)
- com.intuit.karate.core.ScenarioFileReader.readFile(ScenarioFileReader.java:54)
- com.intuit.karate.core.ScenarioEngine.lambda$new$0(ScenarioEngine.java:109)
- <js>.:program(Unnamed:1)

classpath:tests/transactions/run-all-transactions.feature:4
21:44:45.995 [pool-2-thread-4] ERROR com.intuit.karate - classpath:tests/transactions/run-all-transactions.feature:4
* def goodData = read('../../resources/data/transactions.json')
js failed:
>>>>
01: read('../../resources/data/transactions.json')
<<<<
org.graalvm.polyglot.PolyglotException: java.io.FileNotFoundException: /Users/edls/NetBeansProjects/transaction-api/target/test-classes/tests/transactions/../../resources/data/transactions.json (No such file or directory)
- com.intuit.karate.resource.FileResource.getStream(FileResource.java:98)
- com.intuit.karate.core.ScenarioFileReader.readFileAsStream(ScenarioFileReader.java:99)
- com.intuit.karate.core.ScenarioFileReader.readFileAsString(ScenarioFileReader.java:95)
- com.intuit.karate.core.ScenarioFileReader.readFile(ScenarioFileReader.java:54)
- com.intuit.karate.core.ScenarioEngine.lambda$new$0(ScenarioEngine.java:109)
- <js>.:program(Unnamed:1)

classpath:tests/transactions/run-all-transactions.feature:4
21:44:45.996 [pool-2-thread-2] ERROR com.intuit.karate - classpath:tests/transactions/run-all-transactions.feature:4
* def goodData = read('../../resources/data/transactions.json')
js failed:
>>>>
01: read('../../resources/data/transactions.json')
<<<<
org.graalvm.polyglot.PolyglotException: java.io.FileNotFoundException: /Users/edls/NetBeansProjects/transaction-api/target/test-classes/tests/transactions/../../resources/data/transactions.json (No such file or directory)
- com.intuit.karate.resource.FileResource.getStream(FileResource.java:98)
- com.intuit.karate.core.ScenarioFileReader.readFileAsStream(ScenarioFileReader.java:99)
- com.intuit.karate.core.ScenarioFileReader.readFileAsString(ScenarioFileReader.java:95)
- com.intuit.karate.core.ScenarioFileReader.readFile(ScenarioFileReader.java:54)
- com.intuit.karate.core.ScenarioEngine.lambda$new$0(ScenarioEngine.java:109)
- <js>.:program(Unnamed:1)

classpath:tests/transactions/run-all-transactions.feature:4
21:44:45.996 [pool-2-thread-3] ERROR com.intuit.karate - classpath:tests/transactions/run-all-transactions.feature:4
* def goodData = read('../../resources/data/transactions.json')
js failed:
>>>>
01: read('../../resources/data/transactions.json')
<<<<
org.graalvm.polyglot.PolyglotException: java.io.FileNotFoundException: /Users/edls/NetBeansProjects/transaction-api/target/test-classes/tests/transactions/../../resources/data/transactions.json (No such file or directory)
- com.intuit.karate.resource.FileResource.getStream(FileResource.java:98)
- com.intuit.karate.core.ScenarioFileReader.readFileAsStream(ScenarioFileReader.java:99)
- com.intuit.karate.core.ScenarioFileReader.readFileAsString(ScenarioFileReader.java:95)
- com.intuit.karate.core.ScenarioFileReader.readFile(ScenarioFileReader.java:54)
- com.intuit.karate.core.ScenarioEngine.lambda$new$0(ScenarioEngine.java:109)
- <js>.:program(Unnamed:1)

classpath:tests/transactions/run-all-transactions.feature:4
21:44:46.005 [pool-2-thread-1] INFO  com.intuit.karate - karate.env system property was: null 
21:44:46.005 [pool-2-thread-4] INFO  com.intuit.karate - karate.env system property was: null 
21:44:46.006 [pool-2-thread-3] INFO  com.intuit.karate - karate.env system property was: null 
21:44:46.006 [pool-2-thread-2] INFO  com.intuit.karate - karate.env system property was: null 
21:44:46.007 [pool-2-thread-1] ERROR com.intuit.karate - classpath:tests/transactions/run-all-transactions.feature:4
* def goodData = read('../../resources/data/transactions.json')
js failed:
>>>>
01: read('../../resources/data/transactions.json')
<<<<
org.graalvm.polyglot.PolyglotException: java.io.FileNotFoundException: /Users/edls/NetBeansProjects/transaction-api/target/test-classes/tests/transactions/../../resources/data/transactions.json (No such file or directory)
- com.intuit.karate.resource.FileResource.getStream(FileResource.java:98)
- com.intuit.karate.core.ScenarioFileReader.readFileAsStream(ScenarioFileReader.java:99)
- com.intuit.karate.core.ScenarioFileReader.readFileAsString(ScenarioFileReader.java:95)
- com.intuit.karate.core.ScenarioFileReader.readFile(ScenarioFileReader.java:54)
- com.intuit.karate.core.ScenarioEngine.lambda$new$0(ScenarioEngine.java:109)
- <js>.:program(Unnamed:1)

classpath:tests/transactions/run-all-transactions.feature:4
21:44:46.007 [pool-2-thread-4] ERROR com.intuit.karate - classpath:tests/transactions/run-all-transactions.feature:4
* def goodData = read('../../resources/data/transactions.json')
js failed:
>>>>
01: read('../../resources/data/transactions.json')
<<<<
org.graalvm.polyglot.PolyglotException: java.io.FileNotFoundException: /Users/edls/NetBeansProjects/transaction-api/target/test-classes/tests/transactions/../../resources/data/transactions.json (No such file or directory)
- com.intuit.karate.resource.FileResource.getStream(FileResource.java:98)
- com.intuit.karate.core.ScenarioFileReader.readFileAsStream(ScenarioFileReader.java:99)
- com.intuit.karate.core.ScenarioFileReader.readFileAsString(ScenarioFileReader.java:95)
- com.intuit.karate.core.ScenarioFileReader.readFile(ScenarioFileReader.java:54)
- com.intuit.karate.core.ScenarioEngine.lambda$new$0(ScenarioEngine.java:109)
- <js>.:program(Unnamed:1)

classpath:tests/transactions/run-all-transactions.feature:4
21:44:46.008 [pool-2-thread-3] ERROR com.intuit.karate - classpath:tests/transactions/run-all-transactions.feature:4
* def goodData = read('../../resources/data/transactions.json')
js failed:
>>>>
01: read('../../resources/data/transactions.json')
<<<<
org.graalvm.polyglot.PolyglotException: java.io.FileNotFoundException: /Users/edls/NetBeansProjects/transaction-api/target/test-classes/tests/transactions/../../resources/data/transactions.json (No such file or directory)
- com.intuit.karate.resource.FileResource.getStream(FileResource.java:98)
- com.intuit.karate.core.ScenarioFileReader.readFileAsStream(ScenarioFileReader.java:99)
- com.intuit.karate.core.ScenarioFileReader.readFileAsString(ScenarioFileReader.java:95)
- com.intuit.karate.core.ScenarioFileReader.readFile(ScenarioFileReader.java:54)
- com.intuit.karate.core.ScenarioEngine.lambda$new$0(ScenarioEngine.java:109)
- <js>.:program(Unnamed:1)

classpath:tests/transactions/run-all-transactions.feature:4
21:44:46.008 [pool-2-thread-2] ERROR com.intuit.karate - classpath:tests/transactions/run-all-transactions.feature:4
* def goodData = read('../../resources/data/transactions.json')
js failed:
>>>>
01: read('../../resources/data/transactions.json')
<<<<
org.graalvm.polyglot.PolyglotException: java.io.FileNotFoundException: /Users/edls/NetBeansProjects/transaction-api/target/test-classes/tests/transactions/../../resources/data/transactions.json (No such file or directory)
- com.intuit.karate.resource.FileResource.getStream(FileResource.java:98)
- com.intuit.karate.core.ScenarioFileReader.readFileAsStream(ScenarioFileReader.java:99)
- com.intuit.karate.core.ScenarioFileReader.readFileAsString(ScenarioFileReader.java:95)
- com.intuit.karate.core.ScenarioFileReader.readFile(ScenarioFileReader.java:54)
- com.intuit.karate.core.ScenarioEngine.lambda$new$0(ScenarioEngine.java:109)
- <js>.:program(Unnamed:1)

classpath:tests/transactions/run-all-transactions.feature:4
21:44:46.016 [pool-2-thread-1] INFO  com.intuit.karate - karate.env system property was: null 
21:44:46.016 [pool-2-thread-4] INFO  com.intuit.karate - karate.env system property was: null 
21:44:46.016 [pool-2-thread-3] INFO  com.intuit.karate - karate.env system property was: null 
21:44:46.018 [pool-2-thread-4] ERROR com.intuit.karate - classpath:tests/transactions/update-transactions-bad.feature:4
* def transaction = __arg.transaction
js failed:
>>>>
01: __arg.transaction
<<<<
org.graalvm.polyglot.PolyglotException: ReferenceError: "__arg" is not defined
- <js>.:program(Unnamed:1)

classpath:tests/transactions/update-transactions-bad.feature:4
21:44:46.018 [pool-2-thread-3] ERROR com.intuit.karate - classpath:tests/transactions/update-transactions.feature:4
* def transaction = __arg.transaction
js failed:
>>>>
01: __arg.transaction
<<<<
org.graalvm.polyglot.PolyglotException: ReferenceError: "__arg" is not defined
- <js>.:program(Unnamed:1)

classpath:tests/transactions/update-transactions.feature:4
21:44:46.018 [pool-2-thread-1] ERROR com.intuit.karate - classpath:tests/transactions/run-all-transactions.feature:4
* def goodData = read('../../resources/data/transactions.json')
js failed:
>>>>
01: read('../../resources/data/transactions.json')
<<<<
org.graalvm.polyglot.PolyglotException: java.io.FileNotFoundException: /Users/edls/NetBeansProjects/transaction-api/target/test-classes/tests/transactions/../../resources/data/transactions.json (No such file or directory)
- com.intuit.karate.resource.FileResource.getStream(FileResource.java:98)
- com.intuit.karate.core.ScenarioFileReader.readFileAsStream(ScenarioFileReader.java:99)
- com.intuit.karate.core.ScenarioFileReader.readFileAsString(ScenarioFileReader.java:95)
- com.intuit.karate.core.ScenarioFileReader.readFile(ScenarioFileReader.java:54)
- com.intuit.karate.core.ScenarioEngine.lambda$new$0(ScenarioEngine.java:109)
- <js>.:program(Unnamed:1)

classpath:tests/transactions/run-all-transactions.feature:4
21:44:46.135 [pool-2-thread-5] DEBUG com.intuit.karate - request:
1 > GET https://vx5846dgdj.execute-api.us-east-1.amazonaws.com/dev/transactions
1 > Content-Type: application/json
1 > Accept: application/json
1 > Host: vx5846dgdj.execute-api.us-east-1.amazonaws.com
1 > Connection: Keep-Alive
1 > User-Agent: Apache-HttpClient/4.5.14 (Java/23.0.1)
1 > Accept-Encoding: gzip,deflate


---------------------------------------------------------
feature: classpath:tests/transactions/create-transaction-bad.feature
scenarios:  1 | passed:  0 | failed:  1 | time: 0.0120
---------------------------------------------------------

21:44:46.467 [pool-3-thread-1] INFO  com.intuit.karate.Suite - <<fail>> feature 1 of 10 (9 remaining) classpath:tests/transactions/create-transaction-bad.feature
---------------------------------------------------------
feature: classpath:tests/transactions/create-transaction.feature
scenarios:  1 | passed:  0 | failed:  1 | time: 0.0138
---------------------------------------------------------

21:44:46.552 [pool-3-thread-1] INFO  com.intuit.karate.Suite - <<fail>> feature 2 of 10 (8 remaining) classpath:tests/transactions/create-transaction.feature
---------------------------------------------------------
feature: classpath:tests/transactions/delete-transaction-bad.feature
scenarios:  1 | passed:  0 | failed:  1 | time: 0.0142
---------------------------------------------------------

21:44:46.598 [pool-3-thread-1] INFO  com.intuit.karate.Suite - <<fail>> feature 3 of 10 (7 remaining) classpath:tests/transactions/delete-transaction-bad.feature
---------------------------------------------------------
feature: classpath:tests/transactions/delete-transaction.feature
scenarios:  1 | passed:  0 | failed:  1 | time: 0.0142
---------------------------------------------------------

21:44:46.636 [pool-3-thread-1] INFO  com.intuit.karate.Suite - <<fail>> feature 4 of 10 (6 remaining) classpath:tests/transactions/delete-transaction.feature
21:44:46.792 [pool-2-thread-5] DEBUG com.intuit.karate - response time in milliseconds: 652
1 < 200
1 < Date: Tue, 20 May 2025 01:44:46 GMT
1 < Content-Type: application/json
1 < Content-Length: 2
1 < Connection: keep-alive
1 < Apigw-Requestid: K1-2UhZToAMEMZg=
[]

21:44:46.796 [pool-2-thread-5] DEBUG c.intuit.karate.core.ScenarioEngine - over-writing existing variable 'response' with new value: response
---------------------------------------------------------
feature: classpath:tests/transactions/get-all-transactions.feature
scenarios:  1 | passed:  1 | failed:  0 | time: 0.8663
---------------------------------------------------------

21:44:46.874 [pool-3-thread-1] INFO  com.intuit.karate.Suite - <<pass>> feature 5 of 10 (5 remaining) classpath:tests/transactions/get-all-transactions.feature
---------------------------------------------------------
feature: classpath:tests/transactions/get-transaction-by-id-bad.feature
scenarios:  1 | passed:  0 | failed:  1 | time: 0.0009
---------------------------------------------------------

21:44:46.914 [pool-3-thread-1] INFO  com.intuit.karate.Suite - <<fail>> feature 6 of 10 (4 remaining) classpath:tests/transactions/get-transaction-by-id-bad.feature
---------------------------------------------------------
feature: classpath:tests/transactions/get-transaction-by-id.feature
scenarios:  1 | passed:  0 | failed:  1 | time: 0.0008
---------------------------------------------------------

21:44:46.966 [pool-3-thread-1] INFO  com.intuit.karate.Suite - <<fail>> feature 7 of 10 (3 remaining) classpath:tests/transactions/get-transaction-by-id.feature
---------------------------------------------------------
feature: classpath:tests/transactions/run-all-transactions.feature
scenarios:  9 | passed:  0 | failed:  9 | time: 0.0260
---------------------------------------------------------

21:44:47.081 [pool-3-thread-1] INFO  com.intuit.karate.Suite - <<fail>> feature 8 of 10 (2 remaining) classpath:tests/transactions/run-all-transactions.feature
---------------------------------------------------------
feature: classpath:tests/transactions/update-transactions-bad.feature
scenarios:  1 | passed:  0 | failed:  1 | time: 0.0008
---------------------------------------------------------

21:44:47.114 [pool-3-thread-1] INFO  com.intuit.karate.Suite - <<fail>> feature 9 of 10 (1 remaining) classpath:tests/transactions/update-transactions-bad.feature
---------------------------------------------------------
feature: classpath:tests/transactions/update-transactions.feature
scenarios:  1 | passed:  0 | failed:  1 | time: 0.0007
---------------------------------------------------------

21:44:47.160 [pool-3-thread-1] INFO  com.intuit.karate.Suite - <<fail>> feature 10 of 10 (0 remaining) classpath:tests/transactions/update-transactions.feature
Karate version: 1.5.1
======================================================
elapsed:   2.56 | threads:    5 | thread time: 0.95 
features:    10 | skipped:    0 | efficiency: 0.07
scenarios:   18 | passed:     1 | failed: 17
======================================================
>>> failed features:
js failed:
>>>>
01: transaction
<<<<
org.graalvm.polyglot.PolyglotException: ReferenceError: "transaction" is not defined
- <js>.:program(Unnamed:1)

classpath:tests/transactions/create-transaction-bad.feature:11
js failed:
>>>>
01: transaction
<<<<
org.graalvm.polyglot.PolyglotException: ReferenceError: "transaction" is not defined
- <js>.:program(Unnamed:1)

classpath:tests/transactions/create-transaction.feature:18
js failed:
>>>>
01: __arg.transaction
<<<<
org.graalvm.polyglot.PolyglotException: ReferenceError: "__arg" is not defined
- <js>.:program(Unnamed:1)

classpath:tests/transactions/delete-transaction-bad.feature:4
js failed:
>>>>
01: __arg.transaction
<<<<
org.graalvm.polyglot.PolyglotException: ReferenceError: "__arg" is not defined
- <js>.:program(Unnamed:1)

classpath:tests/transactions/delete-transaction.feature:4
js failed:
>>>>
01: __arg.transaction
<<<<
org.graalvm.polyglot.PolyglotException: ReferenceError: "__arg" is not defined
- <js>.:program(Unnamed:1)

classpath:tests/transactions/get-transaction-by-id-bad.feature:4
js failed:
>>>>
01: __arg.transaction
<<<<
org.graalvm.polyglot.PolyglotException: ReferenceError: "__arg" is not defined
- <js>.:program(Unnamed:1)

classpath:tests/transactions/get-transaction-by-id.feature:4
js failed:
>>>>
01: read('../../resources/data/transactions.json')
<<<<
org.graalvm.polyglot.PolyglotException: java.io.FileNotFoundException: /Users/edls/NetBeansProjects/transaction-api/target/test-classes/tests/transactions/../../resources/data/transactions.json (No such file or directory)
- com.intuit.karate.resource.FileResource.getStream(FileResource.java:98)
- com.intuit.karate.core.ScenarioFileReader.readFileAsStream(ScenarioFileReader.java:99)
- com.intuit.karate.core.ScenarioFileReader.readFileAsString(ScenarioFileReader.java:95)
- com.intuit.karate.core.ScenarioFileReader.readFile(ScenarioFileReader.java:54)
- com.intuit.karate.core.ScenarioEngine.lambda$new$0(ScenarioEngine.java:109)
- <js>.:program(Unnamed:1)

classpath:tests/transactions/run-all-transactions.feature:4
js failed:
>>>>
01: read('../../resources/data/transactions.json')
<<<<
org.graalvm.polyglot.PolyglotException: java.io.FileNotFoundException: /Users/edls/NetBeansProjects/transaction-api/target/test-classes/tests/transactions/../../resources/data/transactions.json (No such file or directory)
- com.intuit.karate.resource.FileResource.getStream(FileResource.java:98)
- com.intuit.karate.core.ScenarioFileReader.readFileAsStream(ScenarioFileReader.java:99)
- com.intuit.karate.core.ScenarioFileReader.readFileAsString(ScenarioFileReader.java:95)
- com.intuit.karate.core.ScenarioFileReader.readFile(ScenarioFileReader.java:54)
- com.intuit.karate.core.ScenarioEngine.lambda$new$0(ScenarioEngine.java:109)
- <js>.:program(Unnamed:1)

classpath:tests/transactions/run-all-transactions.feature:4
js failed:
>>>>
01: read('../../resources/data/transactions.json')
<<<<
org.graalvm.polyglot.PolyglotException: java.io.FileNotFoundException: /Users/edls/NetBeansProjects/transaction-api/target/test-classes/tests/transactions/../../resources/data/transactions.json (No such file or directory)
- com.intuit.karate.resource.FileResource.getStream(FileResource.java:98)
- com.intuit.karate.core.ScenarioFileReader.readFileAsStream(ScenarioFileReader.java:99)
- com.intuit.karate.core.ScenarioFileReader.readFileAsString(ScenarioFileReader.java:95)
- com.intuit.karate.core.ScenarioFileReader.readFile(ScenarioFileReader.java:54)
- com.intuit.karate.core.ScenarioEngine.lambda$new$0(ScenarioEngine.java:109)
- <js>.:program(Unnamed:1)

classpath:tests/transactions/run-all-transactions.feature:4
js failed:
>>>>
01: read('../../resources/data/transactions.json')
<<<<
org.graalvm.polyglot.PolyglotException: java.io.FileNotFoundException: /Users/edls/NetBeansProjects/transaction-api/target/test-classes/tests/transactions/../../resources/data/transactions.json (No such file or directory)
- com.intuit.karate.resource.FileResource.getStream(FileResource.java:98)
- com.intuit.karate.core.ScenarioFileReader.readFileAsStream(ScenarioFileReader.java:99)
- com.intuit.karate.core.ScenarioFileReader.readFileAsString(ScenarioFileReader.java:95)
- com.intuit.karate.core.ScenarioFileReader.readFile(ScenarioFileReader.java:54)
- com.intuit.karate.core.ScenarioEngine.lambda$new$0(ScenarioEngine.java:109)
- <js>.:program(Unnamed:1)

classpath:tests/transactions/run-all-transactions.feature:4
js failed:
>>>>
01: read('../../resources/data/transactions.json')
<<<<
org.graalvm.polyglot.PolyglotException: java.io.FileNotFoundException: /Users/edls/NetBeansProjects/transaction-api/target/test-classes/tests/transactions/../../resources/data/transactions.json (No such file or directory)
- com.intuit.karate.resource.FileResource.getStream(FileResource.java:98)
- com.intuit.karate.core.ScenarioFileReader.readFileAsStream(ScenarioFileReader.java:99)
- com.intuit.karate.core.ScenarioFileReader.readFileAsString(ScenarioFileReader.java:95)
- com.intuit.karate.core.ScenarioFileReader.readFile(ScenarioFileReader.java:54)
- com.intuit.karate.core.ScenarioEngine.lambda$new$0(ScenarioEngine.java:109)
- <js>.:program(Unnamed:1)

classpath:tests/transactions/run-all-transactions.feature:4
js failed:
>>>>
01: read('../../resources/data/transactions.json')
<<<<
org.graalvm.polyglot.PolyglotException: java.io.FileNotFoundException: /Users/edls/NetBeansProjects/transaction-api/target/test-classes/tests/transactions/../../resources/data/transactions.json (No such file or directory)
- com.intuit.karate.resource.FileResource.getStream(FileResource.java:98)
- com.intuit.karate.core.ScenarioFileReader.readFileAsStream(ScenarioFileReader.java:99)
- com.intuit.karate.core.ScenarioFileReader.readFileAsString(ScenarioFileReader.java:95)
- com.intuit.karate.core.ScenarioFileReader.readFile(ScenarioFileReader.java:54)
- com.intuit.karate.core.ScenarioEngine.lambda$new$0(ScenarioEngine.java:109)
- <js>.:program(Unnamed:1)

classpath:tests/transactions/run-all-transactions.feature:4
js failed:
>>>>
01: read('../../resources/data/transactions.json')
<<<<
org.graalvm.polyglot.PolyglotException: java.io.FileNotFoundException: /Users/edls/NetBeansProjects/transaction-api/target/test-classes/tests/transactions/../../resources/data/transactions.json (No such file or directory)
- com.intuit.karate.resource.FileResource.getStream(FileResource.java:98)
- com.intuit.karate.core.ScenarioFileReader.readFileAsStream(ScenarioFileReader.java:99)
- com.intuit.karate.core.ScenarioFileReader.readFileAsString(ScenarioFileReader.java:95)
- com.intuit.karate.core.ScenarioFileReader.readFile(ScenarioFileReader.java:54)
- com.intuit.karate.core.ScenarioEngine.lambda$new$0(ScenarioEngine.java:109)
- <js>.:program(Unnamed:1)

classpath:tests/transactions/run-all-transactions.feature:4
js failed:
>>>>
01: read('../../resources/data/transactions.json')
<<<<
org.graalvm.polyglot.PolyglotException: java.io.FileNotFoundException: /Users/edls/NetBeansProjects/transaction-api/target/test-classes/tests/transactions/../../resources/data/transactions.json (No such file or directory)
- com.intuit.karate.resource.FileResource.getStream(FileResource.java:98)
- com.intuit.karate.core.ScenarioFileReader.readFileAsStream(ScenarioFileReader.java:99)
- com.intuit.karate.core.ScenarioFileReader.readFileAsString(ScenarioFileReader.java:95)
- com.intuit.karate.core.ScenarioFileReader.readFile(ScenarioFileReader.java:54)
- com.intuit.karate.core.ScenarioEngine.lambda$new$0(ScenarioEngine.java:109)
- <js>.:program(Unnamed:1)

classpath:tests/transactions/run-all-transactions.feature:4
js failed:
>>>>
01: read('../../resources/data/transactions.json')
<<<<
org.graalvm.polyglot.PolyglotException: java.io.FileNotFoundException: /Users/edls/NetBeansProjects/transaction-api/target/test-classes/tests/transactions/../../resources/data/transactions.json (No such file or directory)
- com.intuit.karate.resource.FileResource.getStream(FileResource.java:98)
- com.intuit.karate.core.ScenarioFileReader.readFileAsStream(ScenarioFileReader.java:99)
- com.intuit.karate.core.ScenarioFileReader.readFileAsString(ScenarioFileReader.java:95)
- com.intuit.karate.core.ScenarioFileReader.readFile(ScenarioFileReader.java:54)
- com.intuit.karate.core.ScenarioEngine.lambda$new$0(ScenarioEngine.java:109)
- <js>.:program(Unnamed:1)

classpath:tests/transactions/run-all-transactions.feature:4
js failed:
>>>>
01: __arg.transaction
<<<<
org.graalvm.polyglot.PolyglotException: ReferenceError: "__arg" is not defined
- <js>.:program(Unnamed:1)

classpath:tests/transactions/update-transactions-bad.feature:4
js failed:
>>>>
01: __arg.transaction
<<<<
org.graalvm.polyglot.PolyglotException: ReferenceError: "__arg" is not defined
- <js>.:program(Unnamed:1)

classpath:tests/transactions/update-transactions.feature:4
<<<

HTML report: (paste into browser to view) | Karate version: 1.5.1
file:///Users/edls/NetBeansProjects/transaction-api/target/karate-reports/karate-summary.html
===================================================================

]]></system-out>
  </testcase>
</testsuite>